ERROR ((!)) IIS APPPOOL\hdtsdb.net ((!))  07/06/2020 09:43:09 ((!)) CounterPartyService => insertCounterParty
System.Data.SqlClient.SqlException (0x80131904): The parameterized query '(@counterPartyName nvarchar(max) ,@cifCounterParty nvarchar(max)' expects the parameter '@counterPartyName', which was not supplied.
   at System.Data.SqlClient.SqlConnection.OnError(SqlException exception, Boolean breakConnection, Action`1 wrapCloseInAction)
   at System.Data.SqlClient.SqlInternalConnection.OnError(SqlException exception, Boolean breakConnection, Action`1 wrapCloseInAction)
   at System.Data.SqlClient.TdsParser.ThrowExceptionAndWarning(TdsParserStateObject stateObj, Boolean callerHasConnectionLock, Boolean asyncClose)
   at System.Data.SqlClient.TdsParser.TryRun(RunBehavior runBehavior, SqlCommand cmdHandler, SqlDataReader dataStream, BulkCopySimpleResultSet bulkCopyHandler, TdsParserStateObject stateObj, Boolean& dataReady)
   at System.Data.SqlClient.SqlCommand.FinishExecuteReader(SqlDataReader ds, RunBehavior runBehavior, String resetOptionsString, Boolean isInternal, Boolean forDescribeParameterEncryption, Boolean shouldCacheForAlwaysEncrypted)
   at System.Data.SqlClient.SqlCommand.RunExecuteReaderTds(CommandBehavior cmdBehavior, RunBehavior runBehavior, Boolean returnStream, Boolean async, Int32 timeout, Task& task, Boolean asyncWrite, Boolean inRetry, SqlDataReader ds, Boolean describeParameterEncryptionRequest)
   at System.Data.SqlClient.SqlCommand.RunExecuteReader(CommandBehavior cmdBehavior, RunBehavior runBehavior, Boolean returnStream, String method, TaskCompletionSource`1 completion, Int32 timeout, Task& task, Boolean& usedCache, Boolean asyncWrite, Boolean inRetry)
   at System.Data.SqlClient.SqlCommand.InternalExecuteNonQuery(TaskCompletionSource`1 completion, String methodName, Boolean sendToPipe, Int32 timeout, Boolean& usedCache, Boolean asyncWrite, Boolean inRetry)
   at System.Data.SqlClient.SqlCommand.ExecuteNonQuery()
   at Microsoft.EntityFrameworkCore.Storage.Internal.RelationalCommand.Execute(IRelationalConnection connection, DbCommandMethod executeMethod, IReadOnlyDictionary`2 parameterValues)
   at Microsoft.EntityFrameworkCore.Storage.Internal.RelationalCommand.ExecuteNonQuery(IRelationalConnection connection, IReadOnlyDictionary`2 parameterValues)
   at Microsoft.EntityFrameworkCore.RelationalDatabaseFacadeExtensions.ExecuteSqlCommand(DatabaseFacade databaseFacade, RawSqlString sql, IEnumerable`1 parameters)
   at Microsoft.EntityFrameworkCore.RelationalDatabaseFacadeExtensions.ExecuteSqlCommand(DatabaseFacade databaseFacade, RawSqlString sql, Object[] parameters)
   at HDBH.SQLData.Infrastructure.GenericRepository.ExecWithStoreProcedureCommand(String query, SqlParameter[] parameters) in D:\WorkSpace\HDBH\HDBH\Trunk\SourceCode\dotNET\HDBH.SQLData\Infrastructure\GenericRepository.cs:line 35
   at HDBH.Services.CounterPartyService.insertCounterParty(CounterPartyDetailInsertModel model) in D:\WorkSpace\HDBH\HDBH\Trunk\SourceCode\dotNET\HDBH.Services\CounterPartyService.cs:line 89
ClientConnectionId:e85aa1d8-1467-4395-9df2-037db78af633
Error Number:8178,State:1,Class:16
ERROR ((!)) IIS APPPOOL\hdtsdb.net ((!))  07/06/2020 10:42:03 ((!)) isValid: True
ERROR ((!)) IIS APPPOOL\hdtsdb.net ((!))  07/06/2020 10:51:21 ((!)) isValid: True
ERROR ((!)) IIS APPPOOL\hdtsdb.net ((!))  07/06/2020 10:51:44 ((!)) CounterPartyService => getListCounterPartyGroup
Newtonsoft.Json.JsonSerializationException: Cannot deserialize the current JSON array (e.g. [1,2,3]) into type 'HDBH.Models.DatabaseModel.CounterPartyDetailModel' because the type requires a JSON object (e.g. {"name":"value"}) to deserialize correctly.
To fix this error either change the JSON to a JSON object (e.g. {"name":"value"}) or change the deserialized type to an array or a type that implements a collection interface (e.g. ICollection, IList) like List<T> that can be deserialized from a JSON array. JsonArrayAttribute can also be added to the type to force it to deserialize from a JSON array.
Path '', line 1, position 1.
   at Newtonsoft.Json.Serialization.JsonSerializerInternalReader.EnsureArrayContract(JsonReader reader, Type objectType, JsonContract contract)
   at Newtonsoft.Json.Serialization.JsonSerializerInternalReader.CreateList(JsonReader reader, Type objectType, JsonContract contract, JsonProperty member, Object existingValue, String id)
   at Newtonsoft.Json.Serialization.JsonSerializerInternalReader.CreateValueInternal(JsonReader reader, Type objectType, JsonContract contract, JsonProperty member, JsonContainerContract containerContract, JsonProperty containerMember, Object existingValue)
   at Newtonsoft.Json.Serialization.JsonSerializerInternalReader.Deserialize(JsonReader reader, Type objectType, Boolean checkAdditionalContent)
   at Newtonsoft.Json.JsonSerializer.DeserializeInternal(JsonReader reader, Type objectType)
   at Newtonsoft.Json.JsonConvert.DeserializeObject(String value, Type type, JsonSerializerSettings settings)
   at Newtonsoft.Json.JsonConvert.DeserializeObject[T](String value, JsonSerializerSettings settings)
   at Newtonsoft.Json.JsonConvert.DeserializeObject[T](String value)
   at HDBH.Services.CounterPartyService.getDetailCounterParty(CounterPartyGetDetailModel input) in D:\WorkSpace\HDBH\HDBH\Trunk\SourceCode\dotNET\HDBH.Services\CounterPartyService.cs:line 56
ERROR ((!)) IIS APPPOOL\hdtsdb.net ((!))  07/06/2020 10:56:30 ((!)) CounterPartyService => getListCounterPartyGroup
Newtonsoft.Json.JsonSerializationException: Cannot deserialize the current JSON array (e.g. [1,2,3]) into type 'HDBH.Models.DatabaseModel.CounterPartyDetailModel' because the type requires a JSON object (e.g. {"name":"value"}) to deserialize correctly.
To fix this error either change the JSON to a JSON object (e.g. {"name":"value"}) or change the deserialized type to an array or a type that implements a collection interface (e.g. ICollection, IList) like List<T> that can be deserialized from a JSON array. JsonArrayAttribute can also be added to the type to force it to deserialize from a JSON array.
Path '', line 1, position 1.
   at Newtonsoft.Json.Serialization.JsonSerializerInternalReader.EnsureArrayContract(JsonReader reader, Type objectType, JsonContract contract)
   at Newtonsoft.Json.Serialization.JsonSerializerInternalReader.CreateList(JsonReader reader, Type objectType, JsonContract contract, JsonProperty member, Object existingValue, String id)
   at Newtonsoft.Json.Serialization.JsonSerializerInternalReader.CreateValueInternal(JsonReader reader, Type objectType, JsonContract contract, JsonProperty member, JsonContainerContract containerContract, JsonProperty containerMember, Object existingValue)
   at Newtonsoft.Json.Serialization.JsonSerializerInternalReader.Deserialize(JsonReader reader, Type objectType, Boolean checkAdditionalContent)
   at Newtonsoft.Json.JsonSerializer.DeserializeInternal(JsonReader reader, Type objectType)
   at Newtonsoft.Json.JsonConvert.DeserializeObject(String value, Type type, JsonSerializerSettings settings)
   at Newtonsoft.Json.JsonConvert.DeserializeObject[T](String value, JsonSerializerSettings settings)
   at Newtonsoft.Json.JsonConvert.DeserializeObject[T](String value)
   at HDBH.Services.CounterPartyService.getDetailCounterParty(CounterPartyGetDetailModel input) in D:\WorkSpace\HDBH\HDBH\Trunk\SourceCode\dotNET\HDBH.Services\CounterPartyService.cs:line 56
ERROR ((!)) IIS APPPOOL\hdtsdb.net ((!))  07/06/2020 10:56:49 ((!)) isValid: True
ERROR ((!)) IIS APPPOOL\hdtsdb.net ((!))  07/06/2020 10:56:51 ((!)) CounterPartyService => getListCounterPartyGroup
Newtonsoft.Json.JsonSerializationException: Cannot deserialize the current JSON array (e.g. [1,2,3]) into type 'HDBH.Models.DatabaseModel.CounterPartyDetailModel' because the type requires a JSON object (e.g. {"name":"value"}) to deserialize correctly.
To fix this error either change the JSON to a JSON object (e.g. {"name":"value"}) or change the deserialized type to an array or a type that implements a collection interface (e.g. ICollection, IList) like List<T> that can be deserialized from a JSON array. JsonArrayAttribute can also be added to the type to force it to deserialize from a JSON array.
Path '', line 1, position 1.
   at Newtonsoft.Json.Serialization.JsonSerializerInternalReader.EnsureArrayContract(JsonReader reader, Type objectType, JsonContract contract)
   at Newtonsoft.Json.Serialization.JsonSerializerInternalReader.CreateList(JsonReader reader, Type objectType, JsonContract contract, JsonProperty member, Object existingValue, String id)
   at Newtonsoft.Json.Serialization.JsonSerializerInternalReader.CreateValueInternal(JsonReader reader, Type objectType, JsonContract contract, JsonProperty member, JsonContainerContract containerContract, JsonProperty containerMember, Object existingValue)
   at Newtonsoft.Json.Serialization.JsonSerializerInternalReader.Deserialize(JsonReader reader, Type objectType, Boolean checkAdditionalContent)
   at Newtonsoft.Json.JsonSerializer.DeserializeInternal(JsonReader reader, Type objectType)
   at Newtonsoft.Json.JsonConvert.DeserializeObject(String value, Type type, JsonSerializerSettings settings)
   at Newtonsoft.Json.JsonConvert.DeserializeObject[T](String value, JsonSerializerSettings settings)
   at Newtonsoft.Json.JsonConvert.DeserializeObject[T](String value)
   at HDBH.Services.CounterPartyService.getDetailCounterParty(CounterPartyGetDetailModel input) in D:\WorkSpace\HDBH\HDBH\Trunk\SourceCode\dotNET\HDBH.Services\CounterPartyService.cs:line 56
ERROR ((!)) IIS APPPOOL\hdtsdb.net ((!))  07/06/2020 10:57:03 ((!)) CounterPartyService => getListCounterPartyGroup
Newtonsoft.Json.JsonSerializationException: Cannot deserialize the current JSON array (e.g. [1,2,3]) into type 'HDBH.Models.DatabaseModel.CounterPartyDetailModel' because the type requires a JSON object (e.g. {"name":"value"}) to deserialize correctly.
To fix this error either change the JSON to a JSON object (e.g. {"name":"value"}) or change the deserialized type to an array or a type that implements a collection interface (e.g. ICollection, IList) like List<T> that can be deserialized from a JSON array. JsonArrayAttribute can also be added to the type to force it to deserialize from a JSON array.
Path '', line 1, position 1.
   at Newtonsoft.Json.Serialization.JsonSerializerInternalReader.EnsureArrayContract(JsonReader reader, Type objectType, JsonContract contract)
   at Newtonsoft.Json.Serialization.JsonSerializerInternalReader.CreateList(JsonReader reader, Type objectType, JsonContract contract, JsonProperty member, Object existingValue, String id)
   at Newtonsoft.Json.Serialization.JsonSerializerInternalReader.CreateValueInternal(JsonReader reader, Type objectType, JsonContract contract, JsonProperty member, JsonContainerContract containerContract, JsonProperty containerMember, Object existingValue)
   at Newtonsoft.Json.Serialization.JsonSerializerInternalReader.Deserialize(JsonReader reader, Type objectType, Boolean checkAdditionalContent)
   at Newtonsoft.Json.JsonSerializer.DeserializeInternal(JsonReader reader, Type objectType)
   at Newtonsoft.Json.JsonConvert.DeserializeObject(String value, Type type, JsonSerializerSettings settings)
   at Newtonsoft.Json.JsonConvert.DeserializeObject[T](String value, JsonSerializerSettings settings)
   at Newtonsoft.Json.JsonConvert.DeserializeObject[T](String value)
   at HDBH.Services.CounterPartyService.getDetailCounterParty(CounterPartyGetDetailModel input) in D:\WorkSpace\HDBH\HDBH\Trunk\SourceCode\dotNET\HDBH.Services\CounterPartyService.cs:line 56
ERROR ((!)) IIS APPPOOL\hdtsdb.net ((!))  07/06/2020 10:57:19 ((!)) CounterPartyService => getListCounterPartyGroup
Newtonsoft.Json.JsonSerializationException: Cannot deserialize the current JSON array (e.g. [1,2,3]) into type 'HDBH.Models.DatabaseModel.CounterPartyDetailModel' because the type requires a JSON object (e.g. {"name":"value"}) to deserialize correctly.
To fix this error either change the JSON to a JSON object (e.g. {"name":"value"}) or change the deserialized type to an array or a type that implements a collection interface (e.g. ICollection, IList) like List<T> that can be deserialized from a JSON array. JsonArrayAttribute can also be added to the type to force it to deserialize from a JSON array.
Path '', line 1, position 1.
   at Newtonsoft.Json.Serialization.JsonSerializerInternalReader.EnsureArrayContract(JsonReader reader, Type objectType, JsonContract contract)
   at Newtonsoft.Json.Serialization.JsonSerializerInternalReader.CreateList(JsonReader reader, Type objectType, JsonContract contract, JsonProperty member, Object existingValue, String id)
   at Newtonsoft.Json.Serialization.JsonSerializerInternalReader.CreateValueInternal(JsonReader reader, Type objectType, JsonContract contract, JsonProperty member, JsonContainerContract containerContract, JsonProperty containerMember, Object existingValue)
   at Newtonsoft.Json.Serialization.JsonSerializerInternalReader.Deserialize(JsonReader reader, Type objectType, Boolean checkAdditionalContent)
   at Newtonsoft.Json.JsonSerializer.DeserializeInternal(JsonReader reader, Type objectType)
   at Newtonsoft.Json.JsonConvert.DeserializeObject(String value, Type type, JsonSerializerSettings settings)
   at Newtonsoft.Json.JsonConvert.DeserializeObject[T](String value, JsonSerializerSettings settings)
   at Newtonsoft.Json.JsonConvert.DeserializeObject[T](String value)
   at HDBH.Services.CounterPartyService.getDetailCounterParty(CounterPartyGetDetailModel input) in D:\WorkSpace\HDBH\HDBH\Trunk\SourceCode\dotNET\HDBH.Services\CounterPartyService.cs:line 56
ERROR ((!)) IIS APPPOOL\hdtsdb.net ((!))  07/06/2020 10:57:41 ((!)) CounterPartyService => getListCounterPartyGroup
Newtonsoft.Json.JsonSerializationException: Cannot deserialize the current JSON array (e.g. [1,2,3]) into type 'HDBH.Models.DatabaseModel.CounterPartyDetailModel' because the type requires a JSON object (e.g. {"name":"value"}) to deserialize correctly.
To fix this error either change the JSON to a JSON object (e.g. {"name":"value"}) or change the deserialized type to an array or a type that implements a collection interface (e.g. ICollection, IList) like List<T> that can be deserialized from a JSON array. JsonArrayAttribute can also be added to the type to force it to deserialize from a JSON array.
Path '', line 1, position 1.
   at Newtonsoft.Json.Serialization.JsonSerializerInternalReader.EnsureArrayContract(JsonReader reader, Type objectType, JsonContract contract)
   at Newtonsoft.Json.Serialization.JsonSerializerInternalReader.CreateList(JsonReader reader, Type objectType, JsonContract contract, JsonProperty member, Object existingValue, String id)
   at Newtonsoft.Json.Serialization.JsonSerializerInternalReader.CreateValueInternal(JsonReader reader, Type objectType, JsonContract contract, JsonProperty member, JsonContainerContract containerContract, JsonProperty containerMember, Object existingValue)
   at Newtonsoft.Json.Serialization.JsonSerializerInternalReader.Deserialize(JsonReader reader, Type objectType, Boolean checkAdditionalContent)
   at Newtonsoft.Json.JsonSerializer.DeserializeInternal(JsonReader reader, Type objectType)
   at Newtonsoft.Json.JsonConvert.DeserializeObject(String value, Type type, JsonSerializerSettings settings)
   at Newtonsoft.Json.JsonConvert.DeserializeObject[T](String value, JsonSerializerSettings settings)
   at Newtonsoft.Json.JsonConvert.DeserializeObject[T](String value)
   at HDBH.Services.CounterPartyService.getDetailCounterParty(CounterPartyGetDetailModel input) in D:\WorkSpace\HDBH\HDBH\Trunk\SourceCode\dotNET\HDBH.Services\CounterPartyService.cs:line 56
ERROR ((!)) IIS APPPOOL\hdtsdb.net ((!))  07/06/2020 10:58:02 ((!)) CounterPartyService => getListCounterPartyGroup
Newtonsoft.Json.JsonSerializationException: Cannot deserialize the current JSON array (e.g. [1,2,3]) into type 'HDBH.Models.DatabaseModel.CounterPartyDetailModel' because the type requires a JSON object (e.g. {"name":"value"}) to deserialize correctly.
To fix this error either change the JSON to a JSON object (e.g. {"name":"value"}) or change the deserialized type to an array or a type that implements a collection interface (e.g. ICollection, IList) like List<T> that can be deserialized from a JSON array. JsonArrayAttribute can also be added to the type to force it to deserialize from a JSON array.
Path '', line 1, position 1.
   at Newtonsoft.Json.Serialization.JsonSerializerInternalReader.EnsureArrayContract(JsonReader reader, Type objectType, JsonContract contract)
   at Newtonsoft.Json.Serialization.JsonSerializerInternalReader.CreateList(JsonReader reader, Type objectType, JsonContract contract, JsonProperty member, Object existingValue, String id)
   at Newtonsoft.Json.Serialization.JsonSerializerInternalReader.CreateValueInternal(JsonReader reader, Type objectType, JsonContract contract, JsonProperty member, JsonContainerContract containerContract, JsonProperty containerMember, Object existingValue)
   at Newtonsoft.Json.Serialization.JsonSerializerInternalReader.Deserialize(JsonReader reader, Type objectType, Boolean checkAdditionalContent)
   at Newtonsoft.Json.JsonSerializer.DeserializeInternal(JsonReader reader, Type objectType)
   at Newtonsoft.Json.JsonConvert.DeserializeObject(String value, Type type, JsonSerializerSettings settings)
   at Newtonsoft.Json.JsonConvert.DeserializeObject[T](String value, JsonSerializerSettings settings)
   at Newtonsoft.Json.JsonConvert.DeserializeObject[T](String value)
   at HDBH.Services.CounterPartyService.getDetailCounterParty(CounterPartyGetDetailModel input) in D:\WorkSpace\HDBH\HDBH\Trunk\SourceCode\dotNET\HDBH.Services\CounterPartyService.cs:line 56
ERROR ((!)) IIS APPPOOL\hdtsdb.net ((!))  07/06/2020 10:58:25 ((!)) CounterPartyService => getListCounterPartyGroup
Newtonsoft.Json.JsonSerializationException: Cannot deserialize the current JSON array (e.g. [1,2,3]) into type 'HDBH.Models.DatabaseModel.CounterPartyDetailModel' because the type requires a JSON object (e.g. {"name":"value"}) to deserialize correctly.
To fix this error either change the JSON to a JSON object (e.g. {"name":"value"}) or change the deserialized type to an array or a type that implements a collection interface (e.g. ICollection, IList) like List<T> that can be deserialized from a JSON array. JsonArrayAttribute can also be added to the type to force it to deserialize from a JSON array.
Path '', line 1, position 1.
   at Newtonsoft.Json.Serialization.JsonSerializerInternalReader.EnsureArrayContract(JsonReader reader, Type objectType, JsonContract contract)
   at Newtonsoft.Json.Serialization.JsonSerializerInternalReader.CreateList(JsonReader reader, Type objectType, JsonContract contract, JsonProperty member, Object existingValue, String id)
   at Newtonsoft.Json.Serialization.JsonSerializerInternalReader.CreateValueInternal(JsonReader reader, Type objectType, JsonContract contract, JsonProperty member, JsonContainerContract containerContract, JsonProperty containerMember, Object existingValue)
   at Newtonsoft.Json.Serialization.JsonSerializerInternalReader.Deserialize(JsonReader reader, Type objectType, Boolean checkAdditionalContent)
   at Newtonsoft.Json.JsonSerializer.DeserializeInternal(JsonReader reader, Type objectType)
   at Newtonsoft.Json.JsonConvert.DeserializeObject(String value, Type type, JsonSerializerSettings settings)
   at Newtonsoft.Json.JsonConvert.DeserializeObject[T](String value, JsonSerializerSettings settings)
   at Newtonsoft.Json.JsonConvert.DeserializeObject[T](String value)
   at HDBH.Services.CounterPartyService.getDetailCounterParty(CounterPartyGetDetailModel input) in D:\WorkSpace\HDBH\HDBH\Trunk\SourceCode\dotNET\HDBH.Services\CounterPartyService.cs:line 56
ERROR ((!)) IIS APPPOOL\hdtsdb.net ((!))  07/06/2020 10:58:54 ((!)) CounterPartyService => getListCounterPartyGroup
Newtonsoft.Json.JsonSerializationException: Cannot deserialize the current JSON array (e.g. [1,2,3]) into type 'HDBH.Models.DatabaseModel.CounterPartyDetailModel' because the type requires a JSON object (e.g. {"name":"value"}) to deserialize correctly.
To fix this error either change the JSON to a JSON object (e.g. {"name":"value"}) or change the deserialized type to an array or a type that implements a collection interface (e.g. ICollection, IList) like List<T> that can be deserialized from a JSON array. JsonArrayAttribute can also be added to the type to force it to deserialize from a JSON array.
Path '', line 1, position 1.
   at Newtonsoft.Json.Serialization.JsonSerializerInternalReader.EnsureArrayContract(JsonReader reader, Type objectType, JsonContract contract)
   at Newtonsoft.Json.Serialization.JsonSerializerInternalReader.CreateList(JsonReader reader, Type objectType, JsonContract contract, JsonProperty member, Object existingValue, String id)
   at Newtonsoft.Json.Serialization.JsonSerializerInternalReader.CreateValueInternal(JsonReader reader, Type objectType, JsonContract contract, JsonProperty member, JsonContainerContract containerContract, JsonProperty containerMember, Object existingValue)
   at Newtonsoft.Json.Serialization.JsonSerializerInternalReader.Deserialize(JsonReader reader, Type objectType, Boolean checkAdditionalContent)
   at Newtonsoft.Json.JsonSerializer.DeserializeInternal(JsonReader reader, Type objectType)
   at Newtonsoft.Json.JsonConvert.DeserializeObject(String value, Type type, JsonSerializerSettings settings)
   at Newtonsoft.Json.JsonConvert.DeserializeObject[T](String value, JsonSerializerSettings settings)
   at Newtonsoft.Json.JsonConvert.DeserializeObject[T](String value)
   at HDBH.Services.CounterPartyService.getDetailCounterParty(CounterPartyGetDetailModel input) in D:\WorkSpace\HDBH\HDBH\Trunk\SourceCode\dotNET\HDBH.Services\CounterPartyService.cs:line 56
ERROR ((!)) IIS APPPOOL\hdtsdb.net ((!))  07/06/2020 11:00:12 ((!)) isValid: True
ERROR ((!)) IIS APPPOOL\hdtsdb.net ((!))  07/06/2020 11:00:55 ((!)) CounterPartyService => getListCounterPartyGroup
Newtonsoft.Json.JsonSerializationException: Cannot deserialize the current JSON array (e.g. [1,2,3]) into type 'HDBH.Models.DatabaseModel.CounterPartyDetailModel' because the type requires a JSON object (e.g. {"name":"value"}) to deserialize correctly.
To fix this error either change the JSON to a JSON object (e.g. {"name":"value"}) or change the deserialized type to an array or a type that implements a collection interface (e.g. ICollection, IList) like List<T> that can be deserialized from a JSON array. JsonArrayAttribute can also be added to the type to force it to deserialize from a JSON array.
Path '', line 1, position 1.
   at Newtonsoft.Json.Serialization.JsonSerializerInternalReader.EnsureArrayContract(JsonReader reader, Type objectType, JsonContract contract)
   at Newtonsoft.Json.Serialization.JsonSerializerInternalReader.CreateList(JsonReader reader, Type objectType, JsonContract contract, JsonProperty member, Object existingValue, String id)
   at Newtonsoft.Json.Serialization.JsonSerializerInternalReader.CreateValueInternal(JsonReader reader, Type objectType, JsonContract contract, JsonProperty member, JsonContainerContract containerContract, JsonProperty containerMember, Object existingValue)
   at Newtonsoft.Json.Serialization.JsonSerializerInternalReader.Deserialize(JsonReader reader, Type objectType, Boolean checkAdditionalContent)
   at Newtonsoft.Json.JsonSerializer.DeserializeInternal(JsonReader reader, Type objectType)
   at Newtonsoft.Json.JsonConvert.DeserializeObject(String value, Type type, JsonSerializerSettings settings)
   at Newtonsoft.Json.JsonConvert.DeserializeObject[T](String value, JsonSerializerSettings settings)
   at Newtonsoft.Json.JsonConvert.DeserializeObject[T](String value)
   at HDBH.Services.CounterPartyService.getDetailCounterParty(CounterPartyGetDetailModel input) in D:\WorkSpace\HDBH\HDBH\Trunk\SourceCode\dotNET\HDBH.Services\CounterPartyService.cs:line 56
ERROR ((!)) IIS APPPOOL\hdtsdb.net ((!))  07/06/2020 11:01:20 ((!)) CounterPartyService => getListCounterPartyGroup
Newtonsoft.Json.JsonSerializationException: Cannot deserialize the current JSON array (e.g. [1,2,3]) into type 'HDBH.Models.DatabaseModel.CounterPartyDetailModel' because the type requires a JSON object (e.g. {"name":"value"}) to deserialize correctly.
To fix this error either change the JSON to a JSON object (e.g. {"name":"value"}) or change the deserialized type to an array or a type that implements a collection interface (e.g. ICollection, IList) like List<T> that can be deserialized from a JSON array. JsonArrayAttribute can also be added to the type to force it to deserialize from a JSON array.
Path '', line 1, position 1.
   at Newtonsoft.Json.Serialization.JsonSerializerInternalReader.EnsureArrayContract(JsonReader reader, Type objectType, JsonContract contract)
   at Newtonsoft.Json.Serialization.JsonSerializerInternalReader.CreateList(JsonReader reader, Type objectType, JsonContract contract, JsonProperty member, Object existingValue, String id)
   at Newtonsoft.Json.Serialization.JsonSerializerInternalReader.CreateValueInternal(JsonReader reader, Type objectType, JsonContract contract, JsonProperty member, JsonContainerContract containerContract, JsonProperty containerMember, Object existingValue)
   at Newtonsoft.Json.Serialization.JsonSerializerInternalReader.Deserialize(JsonReader reader, Type objectType, Boolean checkAdditionalContent)
   at Newtonsoft.Json.JsonSerializer.DeserializeInternal(JsonReader reader, Type objectType)
   at Newtonsoft.Json.JsonConvert.DeserializeObject(String value, Type type, JsonSerializerSettings settings)
   at Newtonsoft.Json.JsonConvert.DeserializeObject[T](String value, JsonSerializerSettings settings)
   at Newtonsoft.Json.JsonConvert.DeserializeObject[T](String value)
   at HDBH.Services.CounterPartyService.getDetailCounterParty(CounterPartyGetDetailModel input) in D:\WorkSpace\HDBH\HDBH\Trunk\SourceCode\dotNET\HDBH.Services\CounterPartyService.cs:line 56
ERROR ((!)) IIS APPPOOL\hdtsdb.net ((!))  07/06/2020 11:01:26 ((!)) isValid: True
ERROR ((!)) IIS APPPOOL\hdtsdb.net ((!))  07/06/2020 11:02:31 ((!)) CounterPartyService => getListCounterPartyGroup
Newtonsoft.Json.JsonSerializationException: Cannot deserialize the current JSON array (e.g. [1,2,3]) into type 'HDBH.Models.DatabaseModel.CounterPartyDetailModel' because the type requires a JSON object (e.g. {"name":"value"}) to deserialize correctly.
To fix this error either change the JSON to a JSON object (e.g. {"name":"value"}) or change the deserialized type to an array or a type that implements a collection interface (e.g. ICollection, IList) like List<T> that can be deserialized from a JSON array. JsonArrayAttribute can also be added to the type to force it to deserialize from a JSON array.
Path '', line 1, position 1.
   at Newtonsoft.Json.Serialization.JsonSerializerInternalReader.EnsureArrayContract(JsonReader reader, Type objectType, JsonContract contract)
   at Newtonsoft.Json.Serialization.JsonSerializerInternalReader.CreateList(JsonReader reader, Type objectType, JsonContract contract, JsonProperty member, Object existingValue, String id)
   at Newtonsoft.Json.Serialization.JsonSerializerInternalReader.CreateValueInternal(JsonReader reader, Type objectType, JsonContract contract, JsonProperty member, JsonContainerContract containerContract, JsonProperty containerMember, Object existingValue)
   at Newtonsoft.Json.Serialization.JsonSerializerInternalReader.Deserialize(JsonReader reader, Type objectType, Boolean checkAdditionalContent)
   at Newtonsoft.Json.JsonSerializer.DeserializeInternal(JsonReader reader, Type objectType)
   at Newtonsoft.Json.JsonConvert.DeserializeObject(String value, Type type, JsonSerializerSettings settings)
   at Newtonsoft.Json.JsonConvert.DeserializeObject[T](String value, JsonSerializerSettings settings)
   at Newtonsoft.Json.JsonConvert.DeserializeObject[T](String value)
   at HDBH.Services.CounterPartyService.getDetailCounterParty(CounterPartyGetDetailModel input) in D:\WorkSpace\HDBH\HDBH\Trunk\SourceCode\dotNET\HDBH.Services\CounterPartyService.cs:line 56
ERROR ((!)) IIS APPPOOL\hdtsdb.net ((!))  07/06/2020 11:03:07 ((!)) isValid: True
ERROR ((!)) IIS APPPOOL\hdtsdb.net ((!))  07/06/2020 11:04:22 ((!)) isValid: True
ERROR ((!)) IIS APPPOOL\hdtsdb.net ((!))  07/06/2020 11:04:32 ((!)) CounterPartyService => getListCounterPartyGroup
Newtonsoft.Json.JsonSerializationException: Cannot deserialize the current JSON array (e.g. [1,2,3]) into type 'HDBH.Models.DatabaseModel.CounterPartyDetailModel' because the type requires a JSON object (e.g. {"name":"value"}) to deserialize correctly.
To fix this error either change the JSON to a JSON object (e.g. {"name":"value"}) or change the deserialized type to an array or a type that implements a collection interface (e.g. ICollection, IList) like List<T> that can be deserialized from a JSON array. JsonArrayAttribute can also be added to the type to force it to deserialize from a JSON array.
Path '', line 1, position 1.
   at Newtonsoft.Json.Serialization.JsonSerializerInternalReader.EnsureArrayContract(JsonReader reader, Type objectType, JsonContract contract)
   at Newtonsoft.Json.Serialization.JsonSerializerInternalReader.CreateList(JsonReader reader, Type objectType, JsonContract contract, JsonProperty member, Object existingValue, String id)
   at Newtonsoft.Json.Serialization.JsonSerializerInternalReader.CreateValueInternal(JsonReader reader, Type objectType, JsonContract contract, JsonProperty member, JsonContainerContract containerContract, JsonProperty containerMember, Object existingValue)
   at Newtonsoft.Json.Serialization.JsonSerializerInternalReader.Deserialize(JsonReader reader, Type objectType, Boolean checkAdditionalContent)
   at Newtonsoft.Json.JsonSerializer.DeserializeInternal(JsonReader reader, Type objectType)
   at Newtonsoft.Json.JsonConvert.DeserializeObject(String value, Type type, JsonSerializerSettings settings)
   at Newtonsoft.Json.JsonConvert.DeserializeObject[T](String value, JsonSerializerSettings settings)
   at Newtonsoft.Json.JsonConvert.DeserializeObject[T](String value)
   at HDBH.Services.CounterPartyService.getDetailCounterParty(CounterPartyGetDetailModel input) in D:\WorkSpace\HDBH\HDBH\Trunk\SourceCode\dotNET\HDBH.Services\CounterPartyService.cs:line 56
ERROR ((!)) IIS APPPOOL\hdtsdb.net ((!))  07/06/2020 11:05:21 ((!)) isValid: True
ERROR ((!)) IIS APPPOOL\hdtsdb.net ((!))  07/06/2020 11:05:38 ((!)) CounterPartyService => getListCounterPartyGroup
Newtonsoft.Json.JsonSerializationException: Cannot deserialize the current JSON array (e.g. [1,2,3]) into type 'HDBH.Models.DatabaseModel.CounterPartyDetailModel' because the type requires a JSON object (e.g. {"name":"value"}) to deserialize correctly.
To fix this error either change the JSON to a JSON object (e.g. {"name":"value"}) or change the deserialized type to an array or a type that implements a collection interface (e.g. ICollection, IList) like List<T> that can be deserialized from a JSON array. JsonArrayAttribute can also be added to the type to force it to deserialize from a JSON array.
Path '', line 1, position 1.
   at Newtonsoft.Json.Serialization.JsonSerializerInternalReader.EnsureArrayContract(JsonReader reader, Type objectType, JsonContract contract)
   at Newtonsoft.Json.Serialization.JsonSerializerInternalReader.CreateList(JsonReader reader, Type objectType, JsonContract contract, JsonProperty member, Object existingValue, String id)
   at Newtonsoft.Json.Serialization.JsonSerializerInternalReader.CreateValueInternal(JsonReader reader, Type objectType, JsonContract contract, JsonProperty member, JsonContainerContract containerContract, JsonProperty containerMember, Object existingValue)
   at Newtonsoft.Json.Serialization.JsonSerializerInternalReader.Deserialize(JsonReader reader, Type objectType, Boolean checkAdditionalContent)
   at Newtonsoft.Json.JsonSerializer.DeserializeInternal(JsonReader reader, Type objectType)
   at Newtonsoft.Json.JsonConvert.DeserializeObject(String value, Type type, JsonSerializerSettings settings)
   at Newtonsoft.Json.JsonConvert.DeserializeObject[T](String value, JsonSerializerSettings settings)
   at Newtonsoft.Json.JsonConvert.DeserializeObject[T](String value)
   at HDBH.Services.CounterPartyService.getDetailCounterParty(CounterPartyGetDetailModel input) in D:\WorkSpace\HDBH\HDBH\Trunk\SourceCode\dotNET\HDBH.Services\CounterPartyService.cs:line 56
ERROR ((!)) IIS APPPOOL\hdtsdb.net ((!))  07/06/2020 11:06:51 ((!)) CounterPartyService => getListCounterPartyGroup
Newtonsoft.Json.JsonSerializationException: Cannot deserialize the current JSON array (e.g. [1,2,3]) into type 'HDBH.Models.DatabaseModel.CounterPartyDetailModel' because the type requires a JSON object (e.g. {"name":"value"}) to deserialize correctly.
To fix this error either change the JSON to a JSON object (e.g. {"name":"value"}) or change the deserialized type to an array or a type that implements a collection interface (e.g. ICollection, IList) like List<T> that can be deserialized from a JSON array. JsonArrayAttribute can also be added to the type to force it to deserialize from a JSON array.
Path '', line 1, position 1.
   at Newtonsoft.Json.Serialization.JsonSerializerInternalReader.EnsureArrayContract(JsonReader reader, Type objectType, JsonContract contract)
   at Newtonsoft.Json.Serialization.JsonSerializerInternalReader.CreateList(JsonReader reader, Type objectType, JsonContract contract, JsonProperty member, Object existingValue, String id)
   at Newtonsoft.Json.Serialization.JsonSerializerInternalReader.CreateValueInternal(JsonReader reader, Type objectType, JsonContract contract, JsonProperty member, JsonContainerContract containerContract, JsonProperty containerMember, Object existingValue)
   at Newtonsoft.Json.Serialization.JsonSerializerInternalReader.Deserialize(JsonReader reader, Type objectType, Boolean checkAdditionalContent)
   at Newtonsoft.Json.JsonSerializer.DeserializeInternal(JsonReader reader, Type objectType)
   at Newtonsoft.Json.JsonConvert.DeserializeObject(String value, Type type, JsonSerializerSettings settings)
   at Newtonsoft.Json.JsonConvert.DeserializeObject[T](String value, JsonSerializerSettings settings)
   at Newtonsoft.Json.JsonConvert.DeserializeObject[T](String value)
   at HDBH.Services.CounterPartyService.getDetailCounterParty(CounterPartyGetDetailModel input) in D:\WorkSpace\HDBH\HDBH\Trunk\SourceCode\dotNET\HDBH.Services\CounterPartyService.cs:line 56
ERROR ((!)) IIS APPPOOL\hdtsdb.net ((!))  07/06/2020 11:17:57 ((!)) isValid: True
ERROR ((!)) IIS APPPOOL\hdtsdb.net ((!))  07/06/2020 11:30:29 ((!)) isValid: True
ERROR ((!)) IIS APPPOOL\hdtsdb.net ((!))  07/06/2020 11:47:43 ((!)) isValid: True
ERROR ((!)) IIS APPPOOL\hdtsdb.net ((!))  07/06/2020 11:52:33 ((!)) isValid: True
ERROR ((!)) IIS APPPOOL\hdtsdb.net ((!))  07/06/2020 13:23:59 ((!)) isValid: True
ERROR ((!)) IIS APPPOOL\hdtsdb.net ((!))  07/06/2020 14:11:07 ((!)) isValid: True
ERROR ((!)) IIS APPPOOL\hdtsdb.net ((!))  07/06/2020 14:41:59 ((!)) isValid: True
ERROR ((!)) IIS APPPOOL\hdtsdb.net ((!))  07/06/2020 14:49:57 ((!)) isValid: True
ERROR ((!)) IIS APPPOOL\hdtsdb.net ((!))  07/06/2020 15:19:31 ((!)) isValid: True
ERROR ((!)) IIS APPPOOL\hdtsdb.net ((!))  07/06/2020 15:30:33 ((!)) isValid: True
ERROR ((!)) IIS APPPOOL\hdtsdb.net ((!))  07/06/2020 16:17:55 ((!)) isValid: True
ERROR ((!)) IIS APPPOOL\hdtsdb.net ((!))  07/06/2020 16:42:44 ((!)) isValid: True
ERROR ((!)) IIS APPPOOL\hdtsdb.net ((!))  07/06/2020 17:12:26 ((!)) isValid: True
ERROR ((!)) IIS APPPOOL\hdtsdb.net ((!))  07/06/2020 17:18:19 ((!)) isValid: True
ERROR ((!)) IIS APPPOOL\hdtsdb.net ((!))  07/06/2020 17:18:40 ((!)) isValid: True
ERROR ((!)) IIS APPPOOL\hdtsdb.net ((!))  07/06/2020 17:18:42 ((!)) isValid: True
ERROR ((!)) IIS APPPOOL\hdtsdb.net ((!))  07/06/2020 17:19:15 ((!)) isValid: True
ERROR ((!)) IIS APPPOOL\hdtsdb.net ((!))  07/06/2020 17:21:37 ((!)) isValid: True
