ERROR ((!)) IIS APPPOOL\hdtsdb.net ((!))  11/08/2019 09:24:14 ((!)) step1
ERROR ((!)) IIS APPPOOL\hdtsdb.net ((!))  11/08/2019 09:24:14 ((!)) isValid: True
ERROR ((!)) IIS APPPOOL\hdtsdb.net ((!))  11/08/2019 09:24:14 ((!)) isValid: True isExist: True ActiveDomain: ocb.vnContextType.Domain: Domain
ERROR ((!)) IIS APPPOOL\hdtsdb.net ((!))  11/08/2019 09:36:59 ((!)) step1
ERROR ((!)) IIS APPPOOL\hdtsdb.net ((!))  11/08/2019 09:36:59 ((!)) isValid: True
ERROR ((!)) IIS APPPOOL\hdtsdb.net ((!))  11/08/2019 09:36:59 ((!)) isValid: True isExist: True ActiveDomain: ocb.vnContextType.Domain: Domain
ERROR ((!)) IIS APPPOOL\hdtsdb.net ((!))  11/08/2019 10:33:32 ((!)) step1
ERROR ((!)) IIS APPPOOL\hdtsdb.net ((!))  11/08/2019 10:33:32 ((!)) isValid: True
ERROR ((!)) IIS APPPOOL\hdtsdb.net ((!))  11/08/2019 10:33:32 ((!)) isValid: True isExist: True ActiveDomain: ocb.vnContextType.Domain: Domain
ERROR ((!)) IIS APPPOOL\hdtsdb.net ((!))  11/08/2019 14:44:26 ((!)) step1
ERROR ((!)) IIS APPPOOL\hdtsdb.net ((!))  11/08/2019 14:44:26 ((!)) isValid: True
ERROR ((!)) IIS APPPOOL\hdtsdb.net ((!))  11/08/2019 14:44:26 ((!)) isValid: True isExist: True ActiveDomain: ocb.vnContextType.Domain: Domain
ERROR ((!)) IIS APPPOOL\hdtsdb.net ((!))  11/08/2019 15:29:55 ((!)) step1
ERROR ((!)) IIS APPPOOL\hdtsdb.net ((!))  11/08/2019 15:29:55 ((!)) isValid: True
ERROR ((!)) IIS APPPOOL\hdtsdb.net ((!))  11/08/2019 15:29:55 ((!)) isValid: True isExist: True ActiveDomain: ocb.vnContextType.Domain: Domain
ERROR ((!)) IIS APPPOOL\hdtsdb.net ((!))  11/08/2019 15:35:31 ((!)) step1
ERROR ((!)) IIS APPPOOL\hdtsdb.net ((!))  11/08/2019 15:35:31 ((!)) isValid: True
ERROR ((!)) IIS APPPOOL\hdtsdb.net ((!))  11/08/2019 15:35:31 ((!)) isValid: True isExist: True ActiveDomain: ocb.vnContextType.Domain: Domain
ERROR ((!)) IIS APPPOOL\hdtsdb.net ((!))  11/08/2019 16:03:24 ((!)) step1
ERROR ((!)) IIS APPPOOL\hdtsdb.net ((!))  11/08/2019 16:03:24 ((!)) isValid: True
ERROR ((!)) IIS APPPOOL\hdtsdb.net ((!))  11/08/2019 16:03:24 ((!)) isValid: True isExist: True ActiveDomain: ocb.vnContextType.Domain: Domain
ERROR ((!)) IIS APPPOOL\hdtsdb.net ((!))  11/08/2019 16:03:59 ((!)) ResultInsuranceContractDetailService => GetInsuranceContractDetail
Newtonsoft.Json.JsonSerializationException: Unexpected end when reading JSON. Path '', line 1, position 2.
   at Newtonsoft.Json.JsonReader.ReadAndAssert()
   at Newtonsoft.Json.Serialization.JsonSerializerInternalReader.CreateObject(JsonReader reader, Type objectType, JsonContract contract, JsonProperty member, JsonContainerContract containerContract, JsonProperty containerMember, Object existingValue)
   at Newtonsoft.Json.Serialization.JsonSerializerInternalReader.CreateValueInternal(JsonReader reader, Type objectType, JsonContract contract, JsonProperty member, JsonContainerContract containerContract, JsonProperty containerMember, Object existingValue)
   at Newtonsoft.Json.Serialization.JsonSerializerInternalReader.Deserialize(JsonReader reader, Type objectType, Boolean checkAdditionalContent)
   at Newtonsoft.Json.JsonSerializer.DeserializeInternal(JsonReader reader, Type objectType)
   at Newtonsoft.Json.JsonConvert.DeserializeObject(String value, Type type, JsonSerializerSettings settings)
   at Newtonsoft.Json.JsonConvert.DeserializeObject[T](String value, JsonSerializerSettings settings)
   at HDBH.Services.Services.InsuranceContract.ResultInsuranceContractDetailService.GetInsuranceContractDetail(String p_insuranceContractNo) in D:\WorkSpace\HopDongBaoHiem\SourceCode\dotNET\HDBH_New\HDBH.Services\Services\InsuranceContract\ResultInsuranceContractDetailService.cs:line 32
ERROR ((!)) IIS APPPOOL\hdtsdb.net ((!))  11/08/2019 16:04:54 ((!)) ResultInsuranceContractDetailService => GetInsuranceContractDetail
Newtonsoft.Json.JsonSerializationException: Unexpected end when reading JSON. Path '', line 1, position 2.
   at Newtonsoft.Json.JsonReader.ReadAndAssert()
   at Newtonsoft.Json.Serialization.JsonSerializerInternalReader.CreateObject(JsonReader reader, Type objectType, JsonContract contract, JsonProperty member, JsonContainerContract containerContract, JsonProperty containerMember, Object existingValue)
   at Newtonsoft.Json.Serialization.JsonSerializerInternalReader.CreateValueInternal(JsonReader reader, Type objectType, JsonContract contract, JsonProperty member, JsonContainerContract containerContract, JsonProperty containerMember, Object existingValue)
   at Newtonsoft.Json.Serialization.JsonSerializerInternalReader.Deserialize(JsonReader reader, Type objectType, Boolean checkAdditionalContent)
   at Newtonsoft.Json.JsonSerializer.DeserializeInternal(JsonReader reader, Type objectType)
   at Newtonsoft.Json.JsonConvert.DeserializeObject(String value, Type type, JsonSerializerSettings settings)
   at Newtonsoft.Json.JsonConvert.DeserializeObject[T](String value, JsonSerializerSettings settings)
   at HDBH.Services.Services.InsuranceContract.ResultInsuranceContractDetailService.GetInsuranceContractDetail(String p_insuranceContractNo) in D:\WorkSpace\HopDongBaoHiem\SourceCode\dotNET\HDBH_New\HDBH.Services\Services\InsuranceContract\ResultInsuranceContractDetailService.cs:line 32
ERROR ((!)) IIS APPPOOL\hdtsdb.net ((!))  11/08/2019 16:05:37 ((!)) step1
ERROR ((!)) IIS APPPOOL\hdtsdb.net ((!))  11/08/2019 16:05:37 ((!)) isValid: True
ERROR ((!)) IIS APPPOOL\hdtsdb.net ((!))  11/08/2019 16:05:37 ((!)) isValid: True isExist: True ActiveDomain: ocb.vnContextType.Domain: Domain
ERROR ((!)) IIS APPPOOL\hdtsdb.net ((!))  11/08/2019 16:06:40 ((!)) ResultInsuranceContractDetailService => GetInsuranceContractDetail
Newtonsoft.Json.JsonSerializationException: Unexpected end when reading JSON. Path '', line 1, position 2.
   at Newtonsoft.Json.JsonReader.ReadAndAssert()
   at Newtonsoft.Json.Serialization.JsonSerializerInternalReader.CreateObject(JsonReader reader, Type objectType, JsonContract contract, JsonProperty member, JsonContainerContract containerContract, JsonProperty containerMember, Object existingValue)
   at Newtonsoft.Json.Serialization.JsonSerializerInternalReader.CreateValueInternal(JsonReader reader, Type objectType, JsonContract contract, JsonProperty member, JsonContainerContract containerContract, JsonProperty containerMember, Object existingValue)
   at Newtonsoft.Json.Serialization.JsonSerializerInternalReader.Deserialize(JsonReader reader, Type objectType, Boolean checkAdditionalContent)
   at Newtonsoft.Json.JsonSerializer.DeserializeInternal(JsonReader reader, Type objectType)
   at Newtonsoft.Json.JsonConvert.DeserializeObject(String value, Type type, JsonSerializerSettings settings)
   at Newtonsoft.Json.JsonConvert.DeserializeObject[T](String value, JsonSerializerSettings settings)
   at Newtonsoft.Json.JsonConvert.DeserializeObject[T](String value)
   at HDBH.Services.Services.InsuranceContract.ResultInsuranceContractDetailService.GetInsuranceContractDetail(String p_insuranceContractNo) in D:\WorkSpace\HopDongBaoHiem\SourceCode\dotNET\HDBH_New\HDBH.Services\Services\InsuranceContract\ResultInsuranceContractDetailService.cs:line 53
ERROR ((!)) IIS APPPOOL\hdtsdb.net ((!))  11/08/2019 16:06:40 ((!)) ResultInsuranceContractDetailService => GetInsuranceContractDetail
Newtonsoft.Json.JsonSerializationException: Unexpected end when reading JSON. Path '', line 1, position 2.
   at Newtonsoft.Json.JsonReader.ReadAndAssert()
   at Newtonsoft.Json.Serialization.JsonSerializerInternalReader.CreateObject(JsonReader reader, Type objectType, JsonContract contract, JsonProperty member, JsonContainerContract containerContract, JsonProperty containerMember, Object existingValue)
   at Newtonsoft.Json.Serialization.JsonSerializerInternalReader.CreateValueInternal(JsonReader reader, Type objectType, JsonContract contract, JsonProperty member, JsonContainerContract containerContract, JsonProperty containerMember, Object existingValue)
   at Newtonsoft.Json.Serialization.JsonSerializerInternalReader.Deserialize(JsonReader reader, Type objectType, Boolean checkAdditionalContent)
   at Newtonsoft.Json.JsonSerializer.DeserializeInternal(JsonReader reader, Type objectType)
   at Newtonsoft.Json.JsonConvert.DeserializeObject(String value, Type type, JsonSerializerSettings settings)
   at Newtonsoft.Json.JsonConvert.DeserializeObject[T](String value, JsonSerializerSettings settings)
   at Newtonsoft.Json.JsonConvert.DeserializeObject[T](String value)
   at HDBH.Services.Services.InsuranceContract.ResultInsuranceContractDetailService.GetInsuranceContractDetail(String p_insuranceContractNo) in D:\WorkSpace\HopDongBaoHiem\SourceCode\dotNET\HDBH_New\HDBH.Services\Services\InsuranceContract\ResultInsuranceContractDetailService.cs:line 53
ERROR ((!)) IIS APPPOOL\hdtsdb.net ((!))  11/08/2019 16:11:14 ((!)) ResultInsuranceContractDetailService => GetInsuranceContractDetail
Newtonsoft.Json.JsonSerializationException: Unexpected end when reading JSON. Path '', line 1, position 2.
   at Newtonsoft.Json.JsonReader.ReadAndAssert()
   at Newtonsoft.Json.Serialization.JsonSerializerInternalReader.CreateObject(JsonReader reader, Type objectType, JsonContract contract, JsonProperty member, JsonContainerContract containerContract, JsonProperty containerMember, Object existingValue)
   at Newtonsoft.Json.Serialization.JsonSerializerInternalReader.CreateValueInternal(JsonReader reader, Type objectType, JsonContract contract, JsonProperty member, JsonContainerContract containerContract, JsonProperty containerMember, Object existingValue)
   at Newtonsoft.Json.Serialization.JsonSerializerInternalReader.Deserialize(JsonReader reader, Type objectType, Boolean checkAdditionalContent)
   at Newtonsoft.Json.JsonSerializer.DeserializeInternal(JsonReader reader, Type objectType)
   at Newtonsoft.Json.JsonConvert.DeserializeObject(String value, Type type, JsonSerializerSettings settings)
   at Newtonsoft.Json.JsonConvert.DeserializeObject[T](String value, JsonSerializerSettings settings)
   at Newtonsoft.Json.JsonConvert.DeserializeObject[T](String value)
   at HDBH.Services.Services.InsuranceContract.ResultInsuranceContractDetailService.GetInsuranceContractDetail(String p_insuranceContractNo) in D:\WorkSpace\HopDongBaoHiem\SourceCode\dotNET\HDBH_New\HDBH.Services\Services\InsuranceContract\ResultInsuranceContractDetailService.cs:line 53
ERROR ((!)) IIS APPPOOL\hdtsdb.net ((!))  11/08/2019 16:12:02 ((!)) ResultInsuranceContractDetailService => GetInsuranceContractDetail
Newtonsoft.Json.JsonSerializationException: Unexpected end when reading JSON. Path '', line 1, position 2.
   at Newtonsoft.Json.JsonReader.ReadAndAssert()
   at Newtonsoft.Json.Serialization.JsonSerializerInternalReader.CreateObject(JsonReader reader, Type objectType, JsonContract contract, JsonProperty member, JsonContainerContract containerContract, JsonProperty containerMember, Object existingValue)
   at Newtonsoft.Json.Serialization.JsonSerializerInternalReader.CreateValueInternal(JsonReader reader, Type objectType, JsonContract contract, JsonProperty member, JsonContainerContract containerContract, JsonProperty containerMember, Object existingValue)
   at Newtonsoft.Json.Serialization.JsonSerializerInternalReader.Deserialize(JsonReader reader, Type objectType, Boolean checkAdditionalContent)
   at Newtonsoft.Json.JsonSerializer.DeserializeInternal(JsonReader reader, Type objectType)
   at Newtonsoft.Json.JsonConvert.DeserializeObject(String value, Type type, JsonSerializerSettings settings)
   at Newtonsoft.Json.JsonConvert.DeserializeObject[T](String value, JsonSerializerSettings settings)
   at Newtonsoft.Json.JsonConvert.DeserializeObject[T](String value)
   at HDBH.Services.Services.InsuranceContract.ResultInsuranceContractDetailService.GetInsuranceContractDetail(String p_insuranceContractNo) in D:\WorkSpace\HopDongBaoHiem\SourceCode\dotNET\HDBH_New\HDBH.Services\Services\InsuranceContract\ResultInsuranceContractDetailService.cs:line 53
ERROR ((!)) IIS APPPOOL\hdtsdb.net ((!))  11/08/2019 16:12:02 ((!)) ResultInsuranceContractDetailService => GetInsuranceContractDetail
Newtonsoft.Json.JsonSerializationException: Unexpected end when reading JSON. Path '', line 1, position 2.
   at Newtonsoft.Json.JsonReader.ReadAndAssert()
   at Newtonsoft.Json.Serialization.JsonSerializerInternalReader.CreateObject(JsonReader reader, Type objectType, JsonContract contract, JsonProperty member, JsonContainerContract containerContract, JsonProperty containerMember, Object existingValue)
   at Newtonsoft.Json.Serialization.JsonSerializerInternalReader.CreateValueInternal(JsonReader reader, Type objectType, JsonContract contract, JsonProperty member, JsonContainerContract containerContract, JsonProperty containerMember, Object existingValue)
   at Newtonsoft.Json.Serialization.JsonSerializerInternalReader.Deserialize(JsonReader reader, Type objectType, Boolean checkAdditionalContent)
   at Newtonsoft.Json.JsonSerializer.DeserializeInternal(JsonReader reader, Type objectType)
   at Newtonsoft.Json.JsonConvert.DeserializeObject(String value, Type type, JsonSerializerSettings settings)
   at Newtonsoft.Json.JsonConvert.DeserializeObject[T](String value, JsonSerializerSettings settings)
   at Newtonsoft.Json.JsonConvert.DeserializeObject[T](String value)
   at HDBH.Services.Services.InsuranceContract.ResultInsuranceContractDetailService.GetInsuranceContractDetail(String p_insuranceContractNo) in D:\WorkSpace\HopDongBaoHiem\SourceCode\dotNET\HDBH_New\HDBH.Services\Services\InsuranceContract\ResultInsuranceContractDetailService.cs:line 53
ERROR ((!)) IIS APPPOOL\hdtsdb.net ((!))  11/08/2019 16:14:51 ((!)) CounterPartyCifService => getCounterPartyByCif
System.FormatException: Input string was not in a correct format.
   at System.Number.StringToNumber(String str, NumberStyles options, NumberBuffer& number, NumberFormatInfo info, Boolean parseDecimal)
   at System.Number.ParseInt64(String value, NumberStyles options, NumberFormatInfo numfmt)
   at System.String.System.IConvertible.ToInt64(IFormatProvider provider)
   at System.Convert.ToInt64(Object value)
   at OracleInternal.ServiceObjects.OracleParameterImpl.SetInt32DataInBytes(Object paramValue, Byte[]& int32ByteArray)
   at OracleInternal.ServiceObjects.OracleParameterImpl.SetInt32DataInBytes(Object paramValue)
   at Oracle.ManagedDataAccess.Client.OracleParameter.PreBind_Int32()
   at Oracle.ManagedDataAccess.Client.OracleParameter.PreBind(OracleConnectionImpl connImpl, ColumnDescribeInfo cachedParamMetadata, Boolean& bMetadataModified, Int32 arrayBindCount, ColumnDescribeInfo& paramMetaData, Object& paramValue, Boolean isEFSelectStatement, SqlStatementType stmtType)
   at OracleInternal.ServiceObjects.OracleCommandImpl.InitializeParamInfo(ICollection paramColl, OracleConnectionImpl connectionImpl, ColumnDescribeInfo[] cachedParamMetadata, Boolean& bMetadataModified, Boolean isEFSelectStatement, MarshalBindParameterValueHelper& marshalBindValuesHelper)
   at OracleInternal.ServiceObjects.OracleCommandImpl.ProcessParameters(OracleParameterCollection paramColl, OracleConnectionImpl connectionImpl, ColumnDescribeInfo[] cachedParamMetadata, Boolean& bBindMetadataModified, Boolean isEFSelectStatement, MarshalBindParameterValueHelper& marshalBindValuesHelper)
   at OracleInternal.ServiceObjects.OracleCommandImpl.ExecuteReader(String commandText, OracleParameterCollection paramColl, CommandType commandType, OracleConnectionImpl connectionImpl, OracleDataReaderImpl& rdrImpl, Int32 longFetchSize, Int64 clientInitialLOBFS, OracleDependencyImpl orclDependencyImpl, Int64[] scnForExecution, Int64[]& scnFromExecution, OracleParameterCollection& bindByPositionParamColl, Boolean& bBindParamPresent, Int64& internalInitialLOBFS, OracleException& exceptionForArrayBindDML, OracleConnection connection, OracleLogicalTransaction& oracleLogicalTransaction, IEnumerable`1 adrianParsedStmt, Boolean isDescribeOnly, Boolean isFromEF)
   at Oracle.ManagedDataAccess.Client.OracleCommand.ExecuteReader(Boolean requery, Boolean fillRequest, CommandBehavior behavior)
   at Oracle.ManagedDataAccess.Client.OracleCommand.ExecuteDbDataReader(CommandBehavior behavior)
   at System.Data.Common.DbCommand.ExecuteReader()
   at Oracle.EntityFrameworkCore.Storage.Internal.OracleRelationalCommandBuilderFactory.OracleRelationalCommandBuilder.OracleRelationalCommand.Execute(IRelationalConnection connection, DbCommandMethod executeMethod, IReadOnlyDictionary`2 parameterValues)
   at Microsoft.EntityFrameworkCore.Storage.Internal.RelationalCommand.ExecuteReader(IRelationalConnection connection, IReadOnlyDictionary`2 parameterValues)
   at Microsoft.EntityFrameworkCore.Query.Internal.QueryingEnumerable`1.Enumerator.BufferlessMoveNext(DbContext _, Boolean buffer)
   at Oracle.EntityFrameworkCore.Storage.Internal.OracleExecutionStrategy.Execute[TState,TResult](TState state, Func`3 operation, Func`3 verifySucceeded)
   at Microsoft.EntityFrameworkCore.Query.Internal.QueryingEnumerable`1.Enumerator.MoveNext()
   at Microsoft.EntityFrameworkCore.Query.Internal.LinqOperatorProvider.<_TrackEntities>d__17`2.MoveNext()
   at Microsoft.EntityFrameworkCore.Query.Internal.LinqOperatorProvider.ExceptionInterceptor`1.EnumeratorExceptionInterceptor.MoveNext()
   at System.Collections.Generic.List`1..ctor(IEnumerable`1 collection)
   at System.Linq.Enumerable.ToList[TSource](IEnumerable`1 source)
   at HDBH.Data.Infrastructure.BaseRepository`1.ExecWithStoreProcedure(String query, OracleParameter[] param) in D:\WorkSpace\HopDongBaoHiem\SourceCode\dotNET\HDBH_New\HDBH.Data\Infrastructure\BaseRepository.cs:line 136
   at HDBH.Services.CounterPartyCifService.getCounterPartyByCif(String cif) in D:\WorkSpace\HopDongBaoHiem\SourceCode\dotNET\HDBH_New\HDBH.Services\Services\CounterParty\CounterPartyCifService.cs:line 34
ERROR ((!)) IIS APPPOOL\hdtsdb.net ((!))  11/08/2019 16:15:20 ((!)) CounterPartyCifService => getCounterPartyByCif
System.FormatException: Input string was not in a correct format.
   at System.Number.StringToNumber(String str, NumberStyles options, NumberBuffer& number, NumberFormatInfo info, Boolean parseDecimal)
   at System.Number.ParseInt64(String value, NumberStyles options, NumberFormatInfo numfmt)
   at System.String.System.IConvertible.ToInt64(IFormatProvider provider)
   at System.Convert.ToInt64(Object value)
   at OracleInternal.ServiceObjects.OracleParameterImpl.SetInt32DataInBytes(Object paramValue, Byte[]& int32ByteArray)
   at OracleInternal.ServiceObjects.OracleParameterImpl.SetInt32DataInBytes(Object paramValue)
   at Oracle.ManagedDataAccess.Client.OracleParameter.PreBind_Int32()
   at Oracle.ManagedDataAccess.Client.OracleParameter.PreBind(OracleConnectionImpl connImpl, ColumnDescribeInfo cachedParamMetadata, Boolean& bMetadataModified, Int32 arrayBindCount, ColumnDescribeInfo& paramMetaData, Object& paramValue, Boolean isEFSelectStatement, SqlStatementType stmtType)
   at OracleInternal.ServiceObjects.OracleCommandImpl.InitializeParamInfo(ICollection paramColl, OracleConnectionImpl connectionImpl, ColumnDescribeInfo[] cachedParamMetadata, Boolean& bMetadataModified, Boolean isEFSelectStatement, MarshalBindParameterValueHelper& marshalBindValuesHelper)
   at OracleInternal.ServiceObjects.OracleCommandImpl.ProcessParameters(OracleParameterCollection paramColl, OracleConnectionImpl connectionImpl, ColumnDescribeInfo[] cachedParamMetadata, Boolean& bBindMetadataModified, Boolean isEFSelectStatement, MarshalBindParameterValueHelper& marshalBindValuesHelper)
   at OracleInternal.ServiceObjects.OracleCommandImpl.ExecuteReader(String commandText, OracleParameterCollection paramColl, CommandType commandType, OracleConnectionImpl connectionImpl, OracleDataReaderImpl& rdrImpl, Int32 longFetchSize, Int64 clientInitialLOBFS, OracleDependencyImpl orclDependencyImpl, Int64[] scnForExecution, Int64[]& scnFromExecution, OracleParameterCollection& bindByPositionParamColl, Boolean& bBindParamPresent, Int64& internalInitialLOBFS, OracleException& exceptionForArrayBindDML, OracleConnection connection, OracleLogicalTransaction& oracleLogicalTransaction, IEnumerable`1 adrianParsedStmt, Boolean isDescribeOnly, Boolean isFromEF)
   at Oracle.ManagedDataAccess.Client.OracleCommand.ExecuteReader(Boolean requery, Boolean fillRequest, CommandBehavior behavior)
   at Oracle.ManagedDataAccess.Client.OracleCommand.ExecuteDbDataReader(CommandBehavior behavior)
   at System.Data.Common.DbCommand.ExecuteReader()
   at Oracle.EntityFrameworkCore.Storage.Internal.OracleRelationalCommandBuilderFactory.OracleRelationalCommandBuilder.OracleRelationalCommand.Execute(IRelationalConnection connection, DbCommandMethod executeMethod, IReadOnlyDictionary`2 parameterValues)
   at Microsoft.EntityFrameworkCore.Storage.Internal.RelationalCommand.ExecuteReader(IRelationalConnection connection, IReadOnlyDictionary`2 parameterValues)
   at Microsoft.EntityFrameworkCore.Query.Internal.QueryingEnumerable`1.Enumerator.BufferlessMoveNext(DbContext _, Boolean buffer)
   at Oracle.EntityFrameworkCore.Storage.Internal.OracleExecutionStrategy.Execute[TState,TResult](TState state, Func`3 operation, Func`3 verifySucceeded)
   at Microsoft.EntityFrameworkCore.Query.Internal.QueryingEnumerable`1.Enumerator.MoveNext()
   at Microsoft.EntityFrameworkCore.Query.Internal.LinqOperatorProvider.<_TrackEntities>d__17`2.MoveNext()
   at Microsoft.EntityFrameworkCore.Query.Internal.LinqOperatorProvider.ExceptionInterceptor`1.EnumeratorExceptionInterceptor.MoveNext()
   at System.Collections.Generic.List`1..ctor(IEnumerable`1 collection)
   at System.Linq.Enumerable.ToList[TSource](IEnumerable`1 source)
   at HDBH.Data.Infrastructure.BaseRepository`1.ExecWithStoreProcedure(String query, OracleParameter[] param) in D:\WorkSpace\HopDongBaoHiem\SourceCode\dotNET\HDBH_New\HDBH.Data\Infrastructure\BaseRepository.cs:line 136
   at HDBH.Services.CounterPartyCifService.getCounterPartyByCif(String cif) in D:\WorkSpace\HopDongBaoHiem\SourceCode\dotNET\HDBH_New\HDBH.Services\Services\CounterParty\CounterPartyCifService.cs:line 34
ERROR ((!)) IIS APPPOOL\hdtsdb.net ((!))  11/08/2019 16:15:24 ((!)) CounterPartyCifService => getCounterPartyByCif
System.FormatException: Input string was not in a correct format.
   at System.Number.StringToNumber(String str, NumberStyles options, NumberBuffer& number, NumberFormatInfo info, Boolean parseDecimal)
   at System.Number.ParseInt64(String value, NumberStyles options, NumberFormatInfo numfmt)
   at System.String.System.IConvertible.ToInt64(IFormatProvider provider)
   at System.Convert.ToInt64(Object value)
   at OracleInternal.ServiceObjects.OracleParameterImpl.SetInt32DataInBytes(Object paramValue, Byte[]& int32ByteArray)
   at OracleInternal.ServiceObjects.OracleParameterImpl.SetInt32DataInBytes(Object paramValue)
   at Oracle.ManagedDataAccess.Client.OracleParameter.PreBind_Int32()
   at Oracle.ManagedDataAccess.Client.OracleParameter.PreBind(OracleConnectionImpl connImpl, ColumnDescribeInfo cachedParamMetadata, Boolean& bMetadataModified, Int32 arrayBindCount, ColumnDescribeInfo& paramMetaData, Object& paramValue, Boolean isEFSelectStatement, SqlStatementType stmtType)
   at OracleInternal.ServiceObjects.OracleCommandImpl.InitializeParamInfo(ICollection paramColl, OracleConnectionImpl connectionImpl, ColumnDescribeInfo[] cachedParamMetadata, Boolean& bMetadataModified, Boolean isEFSelectStatement, MarshalBindParameterValueHelper& marshalBindValuesHelper)
   at OracleInternal.ServiceObjects.OracleCommandImpl.ProcessParameters(OracleParameterCollection paramColl, OracleConnectionImpl connectionImpl, ColumnDescribeInfo[] cachedParamMetadata, Boolean& bBindMetadataModified, Boolean isEFSelectStatement, MarshalBindParameterValueHelper& marshalBindValuesHelper)
   at OracleInternal.ServiceObjects.OracleCommandImpl.ExecuteReader(String commandText, OracleParameterCollection paramColl, CommandType commandType, OracleConnectionImpl connectionImpl, OracleDataReaderImpl& rdrImpl, Int32 longFetchSize, Int64 clientInitialLOBFS, OracleDependencyImpl orclDependencyImpl, Int64[] scnForExecution, Int64[]& scnFromExecution, OracleParameterCollection& bindByPositionParamColl, Boolean& bBindParamPresent, Int64& internalInitialLOBFS, OracleException& exceptionForArrayBindDML, OracleConnection connection, OracleLogicalTransaction& oracleLogicalTransaction, IEnumerable`1 adrianParsedStmt, Boolean isDescribeOnly, Boolean isFromEF)
   at Oracle.ManagedDataAccess.Client.OracleCommand.ExecuteReader(Boolean requery, Boolean fillRequest, CommandBehavior behavior)
   at Oracle.ManagedDataAccess.Client.OracleCommand.ExecuteDbDataReader(CommandBehavior behavior)
   at System.Data.Common.DbCommand.ExecuteReader()
   at Oracle.EntityFrameworkCore.Storage.Internal.OracleRelationalCommandBuilderFactory.OracleRelationalCommandBuilder.OracleRelationalCommand.Execute(IRelationalConnection connection, DbCommandMethod executeMethod, IReadOnlyDictionary`2 parameterValues)
   at Microsoft.EntityFrameworkCore.Storage.Internal.RelationalCommand.ExecuteReader(IRelationalConnection connection, IReadOnlyDictionary`2 parameterValues)
   at Microsoft.EntityFrameworkCore.Query.Internal.QueryingEnumerable`1.Enumerator.BufferlessMoveNext(DbContext _, Boolean buffer)
   at Oracle.EntityFrameworkCore.Storage.Internal.OracleExecutionStrategy.Execute[TState,TResult](TState state, Func`3 operation, Func`3 verifySucceeded)
   at Microsoft.EntityFrameworkCore.Query.Internal.QueryingEnumerable`1.Enumerator.MoveNext()
   at Microsoft.EntityFrameworkCore.Query.Internal.LinqOperatorProvider.<_TrackEntities>d__17`2.MoveNext()
   at Microsoft.EntityFrameworkCore.Query.Internal.LinqOperatorProvider.ExceptionInterceptor`1.EnumeratorExceptionInterceptor.MoveNext()
   at System.Collections.Generic.List`1..ctor(IEnumerable`1 collection)
   at System.Linq.Enumerable.ToList[TSource](IEnumerable`1 source)
   at HDBH.Data.Infrastructure.BaseRepository`1.ExecWithStoreProcedure(String query, OracleParameter[] param) in D:\WorkSpace\HopDongBaoHiem\SourceCode\dotNET\HDBH_New\HDBH.Data\Infrastructure\BaseRepository.cs:line 136
   at HDBH.Services.CounterPartyCifService.getCounterPartyByCif(String cif) in D:\WorkSpace\HopDongBaoHiem\SourceCode\dotNET\HDBH_New\HDBH.Services\Services\CounterParty\CounterPartyCifService.cs:line 34
ERROR ((!)) IIS APPPOOL\hdtsdb.net ((!))  11/08/2019 16:21:15 ((!)) CounterPartyCifService => getCounterPartyByCif
System.FormatException: Input string was not in a correct format.
   at System.Number.StringToNumber(String str, NumberStyles options, NumberBuffer& number, NumberFormatInfo info, Boolean parseDecimal)
   at System.Number.ParseInt64(String value, NumberStyles options, NumberFormatInfo numfmt)
   at System.String.System.IConvertible.ToInt64(IFormatProvider provider)
   at System.Convert.ToInt64(Object value)
   at OracleInternal.ServiceObjects.OracleParameterImpl.SetInt32DataInBytes(Object paramValue, Byte[]& int32ByteArray)
   at OracleInternal.ServiceObjects.OracleParameterImpl.SetInt32DataInBytes(Object paramValue)
   at Oracle.ManagedDataAccess.Client.OracleParameter.PreBind_Int32()
   at Oracle.ManagedDataAccess.Client.OracleParameter.PreBind(OracleConnectionImpl connImpl, ColumnDescribeInfo cachedParamMetadata, Boolean& bMetadataModified, Int32 arrayBindCount, ColumnDescribeInfo& paramMetaData, Object& paramValue, Boolean isEFSelectStatement, SqlStatementType stmtType)
   at OracleInternal.ServiceObjects.OracleCommandImpl.InitializeParamInfo(ICollection paramColl, OracleConnectionImpl connectionImpl, ColumnDescribeInfo[] cachedParamMetadata, Boolean& bMetadataModified, Boolean isEFSelectStatement, MarshalBindParameterValueHelper& marshalBindValuesHelper)
   at OracleInternal.ServiceObjects.OracleCommandImpl.ProcessParameters(OracleParameterCollection paramColl, OracleConnectionImpl connectionImpl, ColumnDescribeInfo[] cachedParamMetadata, Boolean& bBindMetadataModified, Boolean isEFSelectStatement, MarshalBindParameterValueHelper& marshalBindValuesHelper)
   at OracleInternal.ServiceObjects.OracleCommandImpl.ExecuteReader(String commandText, OracleParameterCollection paramColl, CommandType commandType, OracleConnectionImpl connectionImpl, OracleDataReaderImpl& rdrImpl, Int32 longFetchSize, Int64 clientInitialLOBFS, OracleDependencyImpl orclDependencyImpl, Int64[] scnForExecution, Int64[]& scnFromExecution, OracleParameterCollection& bindByPositionParamColl, Boolean& bBindParamPresent, Int64& internalInitialLOBFS, OracleException& exceptionForArrayBindDML, OracleConnection connection, OracleLogicalTransaction& oracleLogicalTransaction, IEnumerable`1 adrianParsedStmt, Boolean isDescribeOnly, Boolean isFromEF)
   at Oracle.ManagedDataAccess.Client.OracleCommand.ExecuteReader(Boolean requery, Boolean fillRequest, CommandBehavior behavior)
   at Oracle.ManagedDataAccess.Client.OracleCommand.ExecuteDbDataReader(CommandBehavior behavior)
   at System.Data.Common.DbCommand.ExecuteReader()
   at Oracle.EntityFrameworkCore.Storage.Internal.OracleRelationalCommandBuilderFactory.OracleRelationalCommandBuilder.OracleRelationalCommand.Execute(IRelationalConnection connection, DbCommandMethod executeMethod, IReadOnlyDictionary`2 parameterValues)
   at Microsoft.EntityFrameworkCore.Storage.Internal.RelationalCommand.ExecuteReader(IRelationalConnection connection, IReadOnlyDictionary`2 parameterValues)
   at Microsoft.EntityFrameworkCore.Query.Internal.QueryingEnumerable`1.Enumerator.BufferlessMoveNext(DbContext _, Boolean buffer)
   at Oracle.EntityFrameworkCore.Storage.Internal.OracleExecutionStrategy.Execute[TState,TResult](TState state, Func`3 operation, Func`3 verifySucceeded)
   at Microsoft.EntityFrameworkCore.Query.Internal.QueryingEnumerable`1.Enumerator.MoveNext()
   at Microsoft.EntityFrameworkCore.Query.Internal.LinqOperatorProvider.<_TrackEntities>d__17`2.MoveNext()
   at Microsoft.EntityFrameworkCore.Query.Internal.LinqOperatorProvider.ExceptionInterceptor`1.EnumeratorExceptionInterceptor.MoveNext()
   at System.Collections.Generic.List`1..ctor(IEnumerable`1 collection)
   at System.Linq.Enumerable.ToList[TSource](IEnumerable`1 source)
   at HDBH.Data.Infrastructure.BaseRepository`1.ExecWithStoreProcedure(String query, OracleParameter[] param) in D:\WorkSpace\HopDongBaoHiem\SourceCode\dotNET\HDBH_New\HDBH.Data\Infrastructure\BaseRepository.cs:line 136
   at HDBH.Services.CounterPartyCifService.getCounterPartyByCif(String cif) in D:\WorkSpace\HopDongBaoHiem\SourceCode\dotNET\HDBH_New\HDBH.Services\Services\CounterParty\CounterPartyCifService.cs:line 34
ERROR ((!)) IIS APPPOOL\hdtsdb.net ((!))  11/08/2019 16:49:46 ((!)) step1
ERROR ((!)) IIS APPPOOL\hdtsdb.net ((!))  11/08/2019 16:49:46 ((!)) isValid: True
ERROR ((!)) IIS APPPOOL\hdtsdb.net ((!))  11/08/2019 16:49:46 ((!)) isValid: True isExist: True ActiveDomain: ocb.vnContextType.Domain: Domain
