ERROR ((!)) IIS APPPOOL\hdtsdb.net ((!))  09/09/2019 09:03:39 ((!)) UserService => IsExistsUser
System.InvalidOperationException: The required column 'RowNumber' was not present in the results of a 'FromSql' operation.
   at Microsoft.EntityFrameworkCore.Query.Sql.Internal.FromSqlNonComposedQuerySqlGenerator.CreateValueBufferFactory(IRelationalValueBufferFactoryFactory relationalValueBufferFactoryFactory, DbDataReader dataReader)
   at Microsoft.EntityFrameworkCore.Query.Internal.ShaperCommandContext.<NotifyReaderCreated>b__14_0(FactoryAndReader s)
   at Microsoft.EntityFrameworkCore.Internal.NonCapturingLazyInitializer.EnsureInitialized[TParam,TValue](TValue& target, TParam param, Func`2 valueFactory)
   at Microsoft.EntityFrameworkCore.Query.Internal.ShaperCommandContext.NotifyReaderCreated(DbDataReader dataReader)
   at Microsoft.EntityFrameworkCore.Query.Internal.QueryingEnumerable`1.Enumerator.BufferlessMoveNext(DbContext _, Boolean buffer)
   at Oracle.EntityFrameworkCore.Storage.Internal.OracleExecutionStrategy.Execute[TState,TResult](TState state, Func`3 operation, Func`3 verifySucceeded)
   at Microsoft.EntityFrameworkCore.Query.Internal.QueryingEnumerable`1.Enumerator.MoveNext()
   at Microsoft.EntityFrameworkCore.Query.Internal.LinqOperatorProvider.<_TrackEntities>d__17`2.MoveNext()
   at Microsoft.EntityFrameworkCore.Query.Internal.LinqOperatorProvider.ExceptionInterceptor`1.EnumeratorExceptionInterceptor.MoveNext()
   at System.Collections.Generic.List`1..ctor(IEnumerable`1 collection)
   at System.Linq.Enumerable.ToList[TSource](IEnumerable`1 source)
   at HDBH.Data.Infrastructure.BaseRepository`1.ExecWithStoreProcedure(String query, OracleParameter[] param) in D:\WorkSpace\HDBH\HDBH_New\HDBH_New\HDBH.Data\Infrastructure\BaseRepository.cs:line 132
   at HDBH.Services.UserService.IsExistsUser(String userId) in D:\WorkSpace\HDBH\HDBH_New\HDBH_New\HDBH.Services\UserService.cs:line 50
ERROR ((!)) IIS APPPOOL\hdtsdb.net ((!))  09/09/2019 09:16:14 ((!)) UserService => GetAllUser
System.InvalidCastException: Unable to cast object of type 'System.Collections.Generic.List`1[HDBH.Models.PhanQuyenUserModel]' to type 'System.Collections.Generic.List`1[HDBH.Models.PhanQuyenUserItemModel]'.
   at HDBH.Services.UserService.GetAllUser(Int32 pageSize, Int32 pageIndex) in D:\WorkSpace\HDBH\HDBH_New\HDBH_New\HDBH.Services\UserService.cs:line 98
ERROR ((!)) IIS APPPOOL\hdtsdb.net ((!))  09/09/2019 09:17:10 ((!)) UserService => GetAllUser
System.InvalidCastException: Unable to cast object of type 'System.Collections.Generic.List`1[HDBH.Models.PhanQuyenUserModel]' to type 'System.Collections.Generic.List`1[HDBH.Models.PhanQuyenUserItemModel]'.
   at HDBH.Services.UserService.GetAllUser(Int32 pageSize, Int32 pageIndex) in D:\WorkSpace\HDBH\HDBH_New\HDBH_New\HDBH.Services\UserService.cs:line 98
ERROR ((!)) IIS APPPOOL\hdtsdb.net ((!))  09/09/2019 09:17:14 ((!)) UserService => GetAllUser
System.InvalidCastException: Unable to cast object of type 'System.Collections.Generic.List`1[HDBH.Models.PhanQuyenUserModel]' to type 'System.Collections.Generic.List`1[HDBH.Models.PhanQuyenUserItemModel]'.
   at HDBH.Services.UserService.GetAllUser(Int32 pageSize, Int32 pageIndex) in D:\WorkSpace\HDBH\HDBH_New\HDBH_New\HDBH.Services\UserService.cs:line 98
ERROR ((!)) IIS APPPOOL\hdtsdb.net ((!))  09/09/2019 09:19:51 ((!)) UserService => GetAllUser
System.InvalidCastException: Unable to cast object of type 'System.Collections.Generic.List`1[HDBH.Models.PhanQuyenUserModel]' to type 'System.Collections.Generic.List`1[HDBH.Models.PhanQuyenUserItemModel]'.
   at HDBH.Services.UserService.GetAllUser(Int32 pageSize, Int32 pageIndex) in D:\WorkSpace\HDBH\HDBH_New\HDBH_New\HDBH.Services\UserService.cs:line 98
ERROR ((!)) IIS APPPOOL\hdtsdb.net ((!))  09/09/2019 10:07:22 ((!)) UserListService => GetAllUser
System.NotImplementedException: The method or operation is not implemented.
   at HDBH.Data.Repository.UserListRepository.HDBH.Data.Infrastructure.IBaseRepository<HDBH.Models.PhanQuyenUserItemModel>.ExecWithStoreProcedure(String query, OracleParameter[] param) in D:\WorkSpace\HDBH\HDBH_New\HDBH_New\HDBH.Data\Repository\UserListRepository.cs:line 93
   at HDBH.Services.UserListService.GetAllUser(Int32 pageSize, Int32 pageIndex) in D:\WorkSpace\HDBH\HDBH_New\HDBH_New\HDBH.Services\UserListService.cs:line 35
ERROR ((!)) IIS APPPOOL\hdtsdb.net ((!))  09/09/2019 10:08:01 ((!)) UserListService => GetAllUser
System.NotImplementedException: The method or operation is not implemented.
   at HDBH.Data.Repository.UserListRepository.HDBH.Data.Infrastructure.IBaseRepository<HDBH.Models.PhanQuyenUserItemModel>.ExecWithStoreProcedure(String query, OracleParameter[] param) in D:\WorkSpace\HDBH\HDBH_New\HDBH_New\HDBH.Data\Repository\UserListRepository.cs:line 93
   at HDBH.Services.UserListService.GetAllUser(Int32 pageSize, Int32 pageIndex) in D:\WorkSpace\HDBH\HDBH_New\HDBH_New\HDBH.Services\UserListService.cs:line 35
ERROR ((!)) IIS APPPOOL\hdtsdb.net ((!))  09/09/2019 10:09:29 ((!)) UserListService => GetAllUser
System.NotImplementedException: The method or operation is not implemented.
   at HDBH.Data.Repository.UserListRepository.HDBH.Data.Infrastructure.IBaseRepository<HDBH.Models.PhanQuyenUserItemModel>.ExecWithStoreProcedure(String query, OracleParameter[] param) in D:\WorkSpace\HDBH\HDBH_New\HDBH_New\HDBH.Data\Repository\UserListRepository.cs:line 93
   at HDBH.Services.UserListService.GetAllUser(Int32 pageSize, Int32 pageIndex) in D:\WorkSpace\HDBH\HDBH_New\HDBH_New\HDBH.Services\UserListService.cs:line 35
ERROR ((!)) IIS APPPOOL\hdtsdb.net ((!))  09/09/2019 10:14:52 ((!)) UserListService => GetAllUser
System.InvalidOperationException: Cannot create a DbSet for 'PhanQuyenUserItemModel' because this type is not included in the model for the context.
   at Microsoft.EntityFrameworkCore.Internal.InternalDbSet`1.get_EntityType()
   at Microsoft.EntityFrameworkCore.Internal.InternalDbSet`1.get_EntityQueryable()
   at Microsoft.EntityFrameworkCore.Internal.InternalDbSet`1.System.Linq.IQueryable.get_Provider()
   at Microsoft.EntityFrameworkCore.RelationalQueryableExtensions.FromSql[TEntity](IQueryable`1 source, RawSqlString sql, Object[] parameters)
   at HDBH.Data.Infrastructure.BaseRepository`1.ExecWithStoreProcedure(String query, OracleParameter[] param) in D:\WorkSpace\HDBH\HDBH_New\HDBH_New\HDBH.Data\Infrastructure\BaseRepository.cs:line 132
   at HDBH.Services.UserListService.GetAllUser(Int32 pageSize, Int32 pageIndex) in D:\WorkSpace\HDBH\HDBH_New\HDBH_New\HDBH.Services\UserListService.cs:line 35
ERROR ((!)) IIS APPPOOL\hdtsdb.net ((!))  09/09/2019 10:15:10 ((!)) UserListService => GetAllUser
System.InvalidOperationException: Cannot create a DbSet for 'PhanQuyenUserItemModel' because this type is not included in the model for the context.
   at Microsoft.EntityFrameworkCore.Internal.InternalDbSet`1.get_EntityType()
   at Microsoft.EntityFrameworkCore.Internal.InternalDbSet`1.get_EntityQueryable()
   at Microsoft.EntityFrameworkCore.Internal.InternalDbSet`1.System.Linq.IQueryable.get_Provider()
   at Microsoft.EntityFrameworkCore.RelationalQueryableExtensions.FromSql[TEntity](IQueryable`1 source, RawSqlString sql, Object[] parameters)
   at HDBH.Data.Infrastructure.BaseRepository`1.ExecWithStoreProcedure(String query, OracleParameter[] param) in D:\WorkSpace\HDBH\HDBH_New\HDBH_New\HDBH.Data\Infrastructure\BaseRepository.cs:line 132
   at HDBH.Services.UserListService.GetAllUser(Int32 pageSize, Int32 pageIndex) in D:\WorkSpace\HDBH\HDBH_New\HDBH_New\HDBH.Services\UserListService.cs:line 35
ERROR ((!)) IIS APPPOOL\hdtsdb.net ((!))  09/09/2019 10:15:56 ((!)) UserService => IsExistsUser
System.InvalidOperationException: The required column 'Discriminator' was not present in the results of a 'FromSql' operation.
   at Microsoft.EntityFrameworkCore.Query.Sql.Internal.FromSqlNonComposedQuerySqlGenerator.CreateValueBufferFactory(IRelationalValueBufferFactoryFactory relationalValueBufferFactoryFactory, DbDataReader dataReader)
   at Microsoft.EntityFrameworkCore.Query.Internal.ShaperCommandContext.<NotifyReaderCreated>b__14_0(FactoryAndReader s)
   at Microsoft.EntityFrameworkCore.Internal.NonCapturingLazyInitializer.EnsureInitialized[TParam,TValue](TValue& target, TParam param, Func`2 valueFactory)
   at Microsoft.EntityFrameworkCore.Query.Internal.ShaperCommandContext.NotifyReaderCreated(DbDataReader dataReader)
   at Microsoft.EntityFrameworkCore.Query.Internal.QueryingEnumerable`1.Enumerator.BufferlessMoveNext(DbContext _, Boolean buffer)
   at Oracle.EntityFrameworkCore.Storage.Internal.OracleExecutionStrategy.Execute[TState,TResult](TState state, Func`3 operation, Func`3 verifySucceeded)
   at Microsoft.EntityFrameworkCore.Query.Internal.QueryingEnumerable`1.Enumerator.MoveNext()
   at Microsoft.EntityFrameworkCore.Query.Internal.LinqOperatorProvider.<_TrackEntities>d__17`2.MoveNext()
   at Microsoft.EntityFrameworkCore.Query.Internal.LinqOperatorProvider.ExceptionInterceptor`1.EnumeratorExceptionInterceptor.MoveNext()
   at System.Collections.Generic.List`1..ctor(IEnumerable`1 collection)
   at System.Linq.Enumerable.ToList[TSource](IEnumerable`1 source)
   at HDBH.Data.Infrastructure.BaseRepository`1.ExecWithStoreProcedure(String query, OracleParameter[] param) in D:\WorkSpace\HDBH\HDBH_New\HDBH_New\HDBH.Data\Infrastructure\BaseRepository.cs:line 132
   at HDBH.Services.UserService.IsExistsUser(String userId) in D:\WorkSpace\HDBH\HDBH_New\HDBH_New\HDBH.Services\UserService.cs:line 47
ERROR ((!)) IIS APPPOOL\hdtsdb.net ((!))  09/09/2019 10:16:00 ((!)) UserService => IsExistsUser
System.InvalidOperationException: The required column 'Discriminator' was not present in the results of a 'FromSql' operation.
   at Microsoft.EntityFrameworkCore.Query.Sql.Internal.FromSqlNonComposedQuerySqlGenerator.CreateValueBufferFactory(IRelationalValueBufferFactoryFactory relationalValueBufferFactoryFactory, DbDataReader dataReader)
   at Microsoft.EntityFrameworkCore.Query.Internal.ShaperCommandContext.<NotifyReaderCreated>b__14_0(FactoryAndReader s)
   at Microsoft.EntityFrameworkCore.Internal.NonCapturingLazyInitializer.EnsureInitialized[TParam,TValue](TValue& target, TParam param, Func`2 valueFactory)
   at Microsoft.EntityFrameworkCore.Query.Internal.ShaperCommandContext.NotifyReaderCreated(DbDataReader dataReader)
   at Microsoft.EntityFrameworkCore.Query.Internal.QueryingEnumerable`1.Enumerator.BufferlessMoveNext(DbContext _, Boolean buffer)
   at Oracle.EntityFrameworkCore.Storage.Internal.OracleExecutionStrategy.Execute[TState,TResult](TState state, Func`3 operation, Func`3 verifySucceeded)
   at Microsoft.EntityFrameworkCore.Query.Internal.QueryingEnumerable`1.Enumerator.MoveNext()
   at Microsoft.EntityFrameworkCore.Query.Internal.LinqOperatorProvider.<_TrackEntities>d__17`2.MoveNext()
   at Microsoft.EntityFrameworkCore.Query.Internal.LinqOperatorProvider.ExceptionInterceptor`1.EnumeratorExceptionInterceptor.MoveNext()
   at System.Collections.Generic.List`1..ctor(IEnumerable`1 collection)
   at System.Linq.Enumerable.ToList[TSource](IEnumerable`1 source)
   at HDBH.Data.Infrastructure.BaseRepository`1.ExecWithStoreProcedure(String query, OracleParameter[] param) in D:\WorkSpace\HDBH\HDBH_New\HDBH_New\HDBH.Data\Infrastructure\BaseRepository.cs:line 132
   at HDBH.Services.UserService.IsExistsUser(String userId) in D:\WorkSpace\HDBH\HDBH_New\HDBH_New\HDBH.Services\UserService.cs:line 47
ERROR ((!)) IIS APPPOOL\hdtsdb.net ((!))  09/09/2019 10:19:19 ((!)) UserService => IsExistsUser
System.InvalidOperationException: The required column 'Discriminator' was not present in the results of a 'FromSql' operation.
   at Microsoft.EntityFrameworkCore.Query.Sql.Internal.FromSqlNonComposedQuerySqlGenerator.CreateValueBufferFactory(IRelationalValueBufferFactoryFactory relationalValueBufferFactoryFactory, DbDataReader dataReader)
   at Microsoft.EntityFrameworkCore.Query.Internal.ShaperCommandContext.<NotifyReaderCreated>b__14_0(FactoryAndReader s)
   at Microsoft.EntityFrameworkCore.Internal.NonCapturingLazyInitializer.EnsureInitialized[TParam,TValue](TValue& target, TParam param, Func`2 valueFactory)
   at Microsoft.EntityFrameworkCore.Query.Internal.ShaperCommandContext.NotifyReaderCreated(DbDataReader dataReader)
   at Microsoft.EntityFrameworkCore.Query.Internal.QueryingEnumerable`1.Enumerator.BufferlessMoveNext(DbContext _, Boolean buffer)
   at Oracle.EntityFrameworkCore.Storage.Internal.OracleExecutionStrategy.Execute[TState,TResult](TState state, Func`3 operation, Func`3 verifySucceeded)
   at Microsoft.EntityFrameworkCore.Query.Internal.QueryingEnumerable`1.Enumerator.MoveNext()
   at Microsoft.EntityFrameworkCore.Query.Internal.LinqOperatorProvider.<_TrackEntities>d__17`2.MoveNext()
   at Microsoft.EntityFrameworkCore.Query.Internal.LinqOperatorProvider.ExceptionInterceptor`1.EnumeratorExceptionInterceptor.MoveNext()
   at System.Collections.Generic.List`1..ctor(IEnumerable`1 collection)
   at System.Linq.Enumerable.ToList[TSource](IEnumerable`1 source)
   at HDBH.Data.Infrastructure.BaseRepository`1.ExecWithStoreProcedure(String query, OracleParameter[] param) in D:\WorkSpace\HDBH\HDBH_New\HDBH_New\HDBH.Data\Infrastructure\BaseRepository.cs:line 132
   at HDBH.Services.UserService.IsExistsUser(String userId) in D:\WorkSpace\HDBH\HDBH_New\HDBH_New\HDBH.Services\UserService.cs:line 47
ERROR ((!)) IIS APPPOOL\hdtsdb.net ((!))  09/09/2019 10:19:59 ((!)) UserService => IsExistsUser
System.InvalidOperationException: The required column 'Discriminator' was not present in the results of a 'FromSql' operation.
   at Microsoft.EntityFrameworkCore.Query.Sql.Internal.FromSqlNonComposedQuerySqlGenerator.CreateValueBufferFactory(IRelationalValueBufferFactoryFactory relationalValueBufferFactoryFactory, DbDataReader dataReader)
   at Microsoft.EntityFrameworkCore.Query.Internal.ShaperCommandContext.<NotifyReaderCreated>b__14_0(FactoryAndReader s)
   at Microsoft.EntityFrameworkCore.Internal.NonCapturingLazyInitializer.EnsureInitialized[TParam,TValue](TValue& target, TParam param, Func`2 valueFactory)
   at Microsoft.EntityFrameworkCore.Query.Internal.ShaperCommandContext.NotifyReaderCreated(DbDataReader dataReader)
   at Microsoft.EntityFrameworkCore.Query.Internal.QueryingEnumerable`1.Enumerator.BufferlessMoveNext(DbContext _, Boolean buffer)
   at Oracle.EntityFrameworkCore.Storage.Internal.OracleExecutionStrategy.Execute[TState,TResult](TState state, Func`3 operation, Func`3 verifySucceeded)
   at Microsoft.EntityFrameworkCore.Query.Internal.QueryingEnumerable`1.Enumerator.MoveNext()
   at Microsoft.EntityFrameworkCore.Query.Internal.LinqOperatorProvider.<_TrackEntities>d__17`2.MoveNext()
   at Microsoft.EntityFrameworkCore.Query.Internal.LinqOperatorProvider.ExceptionInterceptor`1.EnumeratorExceptionInterceptor.MoveNext()
   at System.Collections.Generic.List`1..ctor(IEnumerable`1 collection)
   at System.Linq.Enumerable.ToList[TSource](IEnumerable`1 source)
   at HDBH.Data.Infrastructure.BaseRepository`1.ExecWithStoreProcedure(String query, OracleParameter[] param) in D:\WorkSpace\HDBH\HDBH_New\HDBH_New\HDBH.Data\Infrastructure\BaseRepository.cs:line 132
   at HDBH.Services.UserService.IsExistsUser(String userId) in D:\WorkSpace\HDBH\HDBH_New\HDBH_New\HDBH.Services\UserService.cs:line 47
ERROR ((!)) IIS APPPOOL\hdtsdb.net ((!))  09/09/2019 10:20:29 ((!)) UserService => IsExistsUser
System.InvalidOperationException: The required column 'Discriminator' was not present in the results of a 'FromSql' operation.
   at Microsoft.EntityFrameworkCore.Query.Sql.Internal.FromSqlNonComposedQuerySqlGenerator.CreateValueBufferFactory(IRelationalValueBufferFactoryFactory relationalValueBufferFactoryFactory, DbDataReader dataReader)
   at Microsoft.EntityFrameworkCore.Query.Internal.ShaperCommandContext.<NotifyReaderCreated>b__14_0(FactoryAndReader s)
   at Microsoft.EntityFrameworkCore.Internal.NonCapturingLazyInitializer.EnsureInitialized[TParam,TValue](TValue& target, TParam param, Func`2 valueFactory)
   at Microsoft.EntityFrameworkCore.Query.Internal.ShaperCommandContext.NotifyReaderCreated(DbDataReader dataReader)
   at Microsoft.EntityFrameworkCore.Query.Internal.QueryingEnumerable`1.Enumerator.BufferlessMoveNext(DbContext _, Boolean buffer)
   at Oracle.EntityFrameworkCore.Storage.Internal.OracleExecutionStrategy.Execute[TState,TResult](TState state, Func`3 operation, Func`3 verifySucceeded)
   at Microsoft.EntityFrameworkCore.Query.Internal.QueryingEnumerable`1.Enumerator.MoveNext()
   at Microsoft.EntityFrameworkCore.Query.Internal.LinqOperatorProvider.<_TrackEntities>d__17`2.MoveNext()
   at Microsoft.EntityFrameworkCore.Query.Internal.LinqOperatorProvider.ExceptionInterceptor`1.EnumeratorExceptionInterceptor.MoveNext()
   at System.Collections.Generic.List`1..ctor(IEnumerable`1 collection)
   at System.Linq.Enumerable.ToList[TSource](IEnumerable`1 source)
   at HDBH.Data.Infrastructure.BaseRepository`1.ExecWithStoreProcedure(String query, OracleParameter[] param) in D:\WorkSpace\HDBH\HDBH_New\HDBH_New\HDBH.Data\Infrastructure\BaseRepository.cs:line 132
   at HDBH.Services.UserService.IsExistsUser(String userId) in D:\WorkSpace\HDBH\HDBH_New\HDBH_New\HDBH.Services\UserService.cs:line 47
ERROR ((!)) IIS APPPOOL\hdtsdb.net ((!))  09/09/2019 10:22:48 ((!)) UserService => IsExistsUser
System.InvalidOperationException: The entity type 'PhanQuyenUserItemModel' requires a primary key to be defined.
   at Microsoft.EntityFrameworkCore.Infrastructure.ModelValidator.ValidateNonNullPrimaryKeys(IModel model)
   at Microsoft.EntityFrameworkCore.Infrastructure.ModelValidator.Validate(IModel model)
   at Microsoft.EntityFrameworkCore.Infrastructure.RelationalModelValidator.Validate(IModel model)
   at Oracle.EntityFrameworkCore.Internal.OracleModelValidator.Validate(IModel model)
   at Microsoft.EntityFrameworkCore.Metadata.Conventions.Internal.ValidatingConvention.Apply(InternalModelBuilder modelBuilder)
   at Microsoft.EntityFrameworkCore.Metadata.Conventions.Internal.ConventionDispatcher.ImmediateConventionScope.OnModelBuilt(InternalModelBuilder modelBuilder)
   at Microsoft.EntityFrameworkCore.Metadata.Conventions.Internal.ConventionDispatcher.OnModelBuilt(InternalModelBuilder modelBuilder)
   at Microsoft.EntityFrameworkCore.Metadata.Internal.Model.Validate()
   at Microsoft.EntityFrameworkCore.ModelBuilder.FinalizeModel()
   at Microsoft.EntityFrameworkCore.Infrastructure.ModelSource.CreateModel(DbContext context, IConventionSetBuilder conventionSetBuilder, IModelValidator validator)
   at Microsoft.EntityFrameworkCore.Infrastructure.ModelSource.<>c__DisplayClass5_0.<GetModel>b__1()
   at System.Lazy`1.CreateValue()
   at System.Lazy`1.LazyInitValue()
   at System.Lazy`1.get_Value()
   at Microsoft.EntityFrameworkCore.Infrastructure.ModelSource.GetModel(DbContext context, IConventionSetBuilder conventionSetBuilder, IModelValidator validator)
   at Microsoft.EntityFrameworkCore.Internal.DbContextServices.CreateModel()
   at Microsoft.EntityFrameworkCore.Internal.DbContextServices.get_Model()
   at Microsoft.EntityFrameworkCore.Infrastructure.EntityFrameworkServicesBuilder.<>c.<TryAddCoreServices>b__7_2(IServiceProvider p)
   at Microsoft.Extensions.DependencyInjection.ServiceLookup.CallSiteRuntimeResolver.VisitFactory(FactoryCallSite factoryCallSite, ServiceProviderEngineScope scope)
   at Microsoft.Extensions.DependencyInjection.ServiceLookup.CallSiteVisitor`2.VisitCallSite(IServiceCallSite callSite, TArgument argument)
   at Microsoft.Extensions.DependencyInjection.ServiceLookup.CallSiteRuntimeResolver.VisitScoped(ScopedCallSite scopedCallSite, ServiceProviderEngineScope scope)
   at Microsoft.Extensions.DependencyInjection.ServiceLookup.CallSiteVisitor`2.VisitCallSite(IServiceCallSite callSite, TArgument argument)
   at Microsoft.Extensions.DependencyInjection.ServiceLookup.CallSiteRuntimeResolver.VisitConstructor(ConstructorCallSite constructorCallSite, ServiceProviderEngineScope scope)
   at Microsoft.Extensions.DependencyInjection.ServiceLookup.CallSiteVisitor`2.VisitCallSite(IServiceCallSite callSite, TArgument argument)
   at Microsoft.Extensions.DependencyInjection.ServiceLookup.CallSiteRuntimeResolver.VisitScoped(ScopedCallSite scopedCallSite, ServiceProviderEngineScope scope)
   at Microsoft.Extensions.DependencyInjection.ServiceLookup.CallSiteVisitor`2.VisitCallSite(IServiceCallSite callSite, TArgument argument)
   at Microsoft.Extensions.DependencyInjection.ServiceLookup.DynamicServiceProviderEngine.<>c__DisplayClass1_0.<RealizeService>b__0(ServiceProviderEngineScope scope)
   at Microsoft.Extensions.DependencyInjection.ServiceLookup.ServiceProviderEngine.GetService(Type serviceType, ServiceProviderEngineScope serviceProviderEngineScope)
   at Microsoft.Extensions.DependencyInjection.ServiceLookup.ServiceProviderEngineScope.GetService(Type serviceType)
   at Microsoft.Extensions.DependencyInjection.ServiceProviderServiceExtensions.GetRequiredService(IServiceProvider provider, Type serviceType)
   at Microsoft.Extensions.DependencyInjection.ServiceProviderServiceExtensions.GetRequiredService[T](IServiceProvider provider)
   at Microsoft.EntityFrameworkCore.DbContext.get_DbContextDependencies()
   at Microsoft.EntityFrameworkCore.DbContext.get_InternalServiceProvider()
   at Microsoft.EntityFrameworkCore.DbContext.get_DbContextDependencies()
   at Microsoft.EntityFrameworkCore.DbContext.Set[TEntity]()
   at HDBH.Data.Infrastructure.BaseRepository`1.ExecWithStoreProcedure(String query, OracleParameter[] param) in D:\WorkSpace\HDBH\HDBH_New\HDBH_New\HDBH.Data\Infrastructure\BaseRepository.cs:line 132
   at HDBH.Services.UserService.IsExistsUser(String userId) in D:\WorkSpace\HDBH\HDBH_New\HDBH_New\HDBH.Services\UserService.cs:line 47
ERROR ((!)) IIS APPPOOL\hdtsdb.net ((!))  09/09/2019 10:22:52 ((!)) UserService => IsExistsUser
System.InvalidOperationException: The entity type 'PhanQuyenUserItemModel' requires a primary key to be defined.
   at Microsoft.EntityFrameworkCore.Infrastructure.ModelValidator.ValidateNonNullPrimaryKeys(IModel model)
   at Microsoft.EntityFrameworkCore.Infrastructure.ModelValidator.Validate(IModel model)
   at Microsoft.EntityFrameworkCore.Infrastructure.RelationalModelValidator.Validate(IModel model)
   at Oracle.EntityFrameworkCore.Internal.OracleModelValidator.Validate(IModel model)
   at Microsoft.EntityFrameworkCore.Metadata.Conventions.Internal.ValidatingConvention.Apply(InternalModelBuilder modelBuilder)
   at Microsoft.EntityFrameworkCore.Metadata.Conventions.Internal.ConventionDispatcher.ImmediateConventionScope.OnModelBuilt(InternalModelBuilder modelBuilder)
   at Microsoft.EntityFrameworkCore.Metadata.Conventions.Internal.ConventionDispatcher.OnModelBuilt(InternalModelBuilder modelBuilder)
   at Microsoft.EntityFrameworkCore.Metadata.Internal.Model.Validate()
   at Microsoft.EntityFrameworkCore.ModelBuilder.FinalizeModel()
   at Microsoft.EntityFrameworkCore.Infrastructure.ModelSource.CreateModel(DbContext context, IConventionSetBuilder conventionSetBuilder, IModelValidator validator)
   at Microsoft.EntityFrameworkCore.Infrastructure.ModelSource.<>c__DisplayClass5_0.<GetModel>b__1()
   at System.Lazy`1.CreateValue()
--- End of stack trace from previous location where exception was thrown ---
   at System.Runtime.ExceptionServices.ExceptionDispatchInfo.Throw()
   at System.Lazy`1.get_Value()
   at Microsoft.EntityFrameworkCore.Infrastructure.ModelSource.GetModel(DbContext context, IConventionSetBuilder conventionSetBuilder, IModelValidator validator)
   at Microsoft.EntityFrameworkCore.Internal.DbContextServices.CreateModel()
   at Microsoft.EntityFrameworkCore.Internal.DbContextServices.get_Model()
   at Microsoft.EntityFrameworkCore.Infrastructure.EntityFrameworkServicesBuilder.<>c.<TryAddCoreServices>b__7_2(IServiceProvider p)
   at Microsoft.Extensions.DependencyInjection.ServiceLookup.CallSiteRuntimeResolver.VisitFactory(FactoryCallSite factoryCallSite, ServiceProviderEngineScope scope)
   at Microsoft.Extensions.DependencyInjection.ServiceLookup.CallSiteVisitor`2.VisitCallSite(IServiceCallSite callSite, TArgument argument)
   at Microsoft.Extensions.DependencyInjection.ServiceLookup.CallSiteRuntimeResolver.VisitScoped(ScopedCallSite scopedCallSite, ServiceProviderEngineScope scope)
   at Microsoft.Extensions.DependencyInjection.ServiceLookup.CallSiteVisitor`2.VisitCallSite(IServiceCallSite callSite, TArgument argument)
   at Microsoft.Extensions.DependencyInjection.ServiceLookup.CallSiteRuntimeResolver.VisitConstructor(ConstructorCallSite constructorCallSite, ServiceProviderEngineScope scope)
   at Microsoft.Extensions.DependencyInjection.ServiceLookup.CallSiteVisitor`2.VisitCallSite(IServiceCallSite callSite, TArgument argument)
   at Microsoft.Extensions.DependencyInjection.ServiceLookup.CallSiteRuntimeResolver.VisitScoped(ScopedCallSite scopedCallSite, ServiceProviderEngineScope scope)
   at Microsoft.Extensions.DependencyInjection.ServiceLookup.CallSiteVisitor`2.VisitCallSite(IServiceCallSite callSite, TArgument argument)
   at Microsoft.Extensions.DependencyInjection.ServiceLookup.DynamicServiceProviderEngine.<>c__DisplayClass1_0.<RealizeService>b__0(ServiceProviderEngineScope scope)
   at Microsoft.Extensions.DependencyInjection.ServiceLookup.ServiceProviderEngine.GetService(Type serviceType, ServiceProviderEngineScope serviceProviderEngineScope)
   at Microsoft.Extensions.DependencyInjection.ServiceLookup.ServiceProviderEngineScope.GetService(Type serviceType)
   at Microsoft.Extensions.DependencyInjection.ServiceProviderServiceExtensions.GetRequiredService(IServiceProvider provider, Type serviceType)
   at Microsoft.Extensions.DependencyInjection.ServiceProviderServiceExtensions.GetRequiredService[T](IServiceProvider provider)
   at Microsoft.EntityFrameworkCore.DbContext.get_DbContextDependencies()
   at Microsoft.EntityFrameworkCore.DbContext.get_InternalServiceProvider()
   at Microsoft.EntityFrameworkCore.DbContext.get_DbContextDependencies()
   at Microsoft.EntityFrameworkCore.DbContext.Set[TEntity]()
   at HDBH.Data.Infrastructure.BaseRepository`1.ExecWithStoreProcedure(String query, OracleParameter[] param) in D:\WorkSpace\HDBH\HDBH_New\HDBH_New\HDBH.Data\Infrastructure\BaseRepository.cs:line 132
   at HDBH.Services.UserService.IsExistsUser(String userId) in D:\WorkSpace\HDBH\HDBH_New\HDBH_New\HDBH.Services\UserService.cs:line 47
ERROR ((!)) IIS APPPOOL\hdtsdb.net ((!))  09/09/2019 10:24:21 ((!)) UserService => IsExistsUser
System.InvalidOperationException: The required column 'Discriminator' was not present in the results of a 'FromSql' operation.
   at Microsoft.EntityFrameworkCore.Query.Sql.Internal.FromSqlNonComposedQuerySqlGenerator.CreateValueBufferFactory(IRelationalValueBufferFactoryFactory relationalValueBufferFactoryFactory, DbDataReader dataReader)
   at Microsoft.EntityFrameworkCore.Query.Internal.ShaperCommandContext.<NotifyReaderCreated>b__14_0(FactoryAndReader s)
   at Microsoft.EntityFrameworkCore.Internal.NonCapturingLazyInitializer.EnsureInitialized[TParam,TValue](TValue& target, TParam param, Func`2 valueFactory)
   at Microsoft.EntityFrameworkCore.Query.Internal.ShaperCommandContext.NotifyReaderCreated(DbDataReader dataReader)
   at Microsoft.EntityFrameworkCore.Query.Internal.QueryingEnumerable`1.Enumerator.BufferlessMoveNext(DbContext _, Boolean buffer)
   at Oracle.EntityFrameworkCore.Storage.Internal.OracleExecutionStrategy.Execute[TState,TResult](TState state, Func`3 operation, Func`3 verifySucceeded)
   at Microsoft.EntityFrameworkCore.Query.Internal.QueryingEnumerable`1.Enumerator.MoveNext()
   at Microsoft.EntityFrameworkCore.Query.Internal.LinqOperatorProvider.<_TrackEntities>d__17`2.MoveNext()
   at Microsoft.EntityFrameworkCore.Query.Internal.LinqOperatorProvider.ExceptionInterceptor`1.EnumeratorExceptionInterceptor.MoveNext()
   at System.Collections.Generic.List`1..ctor(IEnumerable`1 collection)
   at System.Linq.Enumerable.ToList[TSource](IEnumerable`1 source)
   at HDBH.Data.Infrastructure.BaseRepository`1.ExecWithStoreProcedure(String query, OracleParameter[] param) in D:\WorkSpace\HDBH\HDBH_New\HDBH_New\HDBH.Data\Infrastructure\BaseRepository.cs:line 132
   at HDBH.Services.UserService.IsExistsUser(String userId) in D:\WorkSpace\HDBH\HDBH_New\HDBH_New\HDBH.Services\UserService.cs:line 47
ERROR ((!)) IIS APPPOOL\hdtsdb.net ((!))  09/09/2019 10:25:29 ((!)) UserService => IsExistsUser
System.InvalidOperationException: The required column 'Discriminator' was not present in the results of a 'FromSql' operation.
   at Microsoft.EntityFrameworkCore.Query.Sql.Internal.FromSqlNonComposedQuerySqlGenerator.CreateValueBufferFactory(IRelationalValueBufferFactoryFactory relationalValueBufferFactoryFactory, DbDataReader dataReader)
   at Microsoft.EntityFrameworkCore.Query.Internal.ShaperCommandContext.<NotifyReaderCreated>b__14_0(FactoryAndReader s)
   at Microsoft.EntityFrameworkCore.Internal.NonCapturingLazyInitializer.EnsureInitialized[TParam,TValue](TValue& target, TParam param, Func`2 valueFactory)
   at Microsoft.EntityFrameworkCore.Query.Internal.ShaperCommandContext.NotifyReaderCreated(DbDataReader dataReader)
   at Microsoft.EntityFrameworkCore.Query.Internal.QueryingEnumerable`1.Enumerator.BufferlessMoveNext(DbContext _, Boolean buffer)
   at Oracle.EntityFrameworkCore.Storage.Internal.OracleExecutionStrategy.Execute[TState,TResult](TState state, Func`3 operation, Func`3 verifySucceeded)
   at Microsoft.EntityFrameworkCore.Query.Internal.QueryingEnumerable`1.Enumerator.MoveNext()
   at Microsoft.EntityFrameworkCore.Query.Internal.LinqOperatorProvider.<_TrackEntities>d__17`2.MoveNext()
   at Microsoft.EntityFrameworkCore.Query.Internal.LinqOperatorProvider.ExceptionInterceptor`1.EnumeratorExceptionInterceptor.MoveNext()
   at System.Collections.Generic.List`1..ctor(IEnumerable`1 collection)
   at System.Linq.Enumerable.ToList[TSource](IEnumerable`1 source)
   at HDBH.Data.Infrastructure.BaseRepository`1.ExecWithStoreProcedure(String query, OracleParameter[] param) in D:\WorkSpace\HDBH\HDBH_New\HDBH_New\HDBH.Data\Infrastructure\BaseRepository.cs:line 132
   at HDBH.Services.UserService.IsExistsUser(String userId) in D:\WorkSpace\HDBH\HDBH_New\HDBH_New\HDBH.Services\UserService.cs:line 47
ERROR ((!)) IIS APPPOOL\hdtsdb.net ((!))  09/09/2019 10:25:33 ((!)) UserService => IsExistsUser
System.InvalidOperationException: The required column 'Discriminator' was not present in the results of a 'FromSql' operation.
   at Microsoft.EntityFrameworkCore.Query.Sql.Internal.FromSqlNonComposedQuerySqlGenerator.CreateValueBufferFactory(IRelationalValueBufferFactoryFactory relationalValueBufferFactoryFactory, DbDataReader dataReader)
   at Microsoft.EntityFrameworkCore.Query.Internal.ShaperCommandContext.<NotifyReaderCreated>b__14_0(FactoryAndReader s)
   at Microsoft.EntityFrameworkCore.Internal.NonCapturingLazyInitializer.EnsureInitialized[TParam,TValue](TValue& target, TParam param, Func`2 valueFactory)
   at Microsoft.EntityFrameworkCore.Query.Internal.ShaperCommandContext.NotifyReaderCreated(DbDataReader dataReader)
   at Microsoft.EntityFrameworkCore.Query.Internal.QueryingEnumerable`1.Enumerator.BufferlessMoveNext(DbContext _, Boolean buffer)
   at Oracle.EntityFrameworkCore.Storage.Internal.OracleExecutionStrategy.Execute[TState,TResult](TState state, Func`3 operation, Func`3 verifySucceeded)
   at Microsoft.EntityFrameworkCore.Query.Internal.QueryingEnumerable`1.Enumerator.MoveNext()
   at Microsoft.EntityFrameworkCore.Query.Internal.LinqOperatorProvider.<_TrackEntities>d__17`2.MoveNext()
   at Microsoft.EntityFrameworkCore.Query.Internal.LinqOperatorProvider.ExceptionInterceptor`1.EnumeratorExceptionInterceptor.MoveNext()
   at System.Collections.Generic.List`1..ctor(IEnumerable`1 collection)
   at System.Linq.Enumerable.ToList[TSource](IEnumerable`1 source)
   at HDBH.Data.Infrastructure.BaseRepository`1.ExecWithStoreProcedure(String query, OracleParameter[] param) in D:\WorkSpace\HDBH\HDBH_New\HDBH_New\HDBH.Data\Infrastructure\BaseRepository.cs:line 132
   at HDBH.Services.UserService.IsExistsUser(String userId) in D:\WorkSpace\HDBH\HDBH_New\HDBH_New\HDBH.Services\UserService.cs:line 47
ERROR ((!)) IIS APPPOOL\hdtsdb.net ((!))  09/09/2019 10:26:04 ((!)) UserService => IsExistsUser
System.InvalidOperationException: The required column 'Discriminator' was not present in the results of a 'FromSql' operation.
   at Microsoft.EntityFrameworkCore.Query.Sql.Internal.FromSqlNonComposedQuerySqlGenerator.CreateValueBufferFactory(IRelationalValueBufferFactoryFactory relationalValueBufferFactoryFactory, DbDataReader dataReader)
   at Microsoft.EntityFrameworkCore.Query.Internal.ShaperCommandContext.<NotifyReaderCreated>b__14_0(FactoryAndReader s)
   at Microsoft.EntityFrameworkCore.Internal.NonCapturingLazyInitializer.EnsureInitialized[TParam,TValue](TValue& target, TParam param, Func`2 valueFactory)
   at Microsoft.EntityFrameworkCore.Query.Internal.ShaperCommandContext.NotifyReaderCreated(DbDataReader dataReader)
   at Microsoft.EntityFrameworkCore.Query.Internal.QueryingEnumerable`1.Enumerator.BufferlessMoveNext(DbContext _, Boolean buffer)
   at Oracle.EntityFrameworkCore.Storage.Internal.OracleExecutionStrategy.Execute[TState,TResult](TState state, Func`3 operation, Func`3 verifySucceeded)
   at Microsoft.EntityFrameworkCore.Query.Internal.QueryingEnumerable`1.Enumerator.MoveNext()
   at Microsoft.EntityFrameworkCore.Query.Internal.LinqOperatorProvider.<_TrackEntities>d__17`2.MoveNext()
   at Microsoft.EntityFrameworkCore.Query.Internal.LinqOperatorProvider.ExceptionInterceptor`1.EnumeratorExceptionInterceptor.MoveNext()
   at System.Collections.Generic.List`1..ctor(IEnumerable`1 collection)
   at System.Linq.Enumerable.ToList[TSource](IEnumerable`1 source)
   at HDBH.Data.Infrastructure.BaseRepository`1.ExecWithStoreProcedure(String query, OracleParameter[] param) in D:\WorkSpace\HDBH\HDBH_New\HDBH_New\HDBH.Data\Infrastructure\BaseRepository.cs:line 132
   at HDBH.Services.UserService.IsExistsUser(String userId) in D:\WorkSpace\HDBH\HDBH_New\HDBH_New\HDBH.Services\UserService.cs:line 47
ERROR ((!)) IIS APPPOOL\hdtsdb.net ((!))  09/09/2019 10:26:05 ((!)) UserService => IsExistsUser
System.InvalidOperationException: The required column 'Discriminator' was not present in the results of a 'FromSql' operation.
   at Microsoft.EntityFrameworkCore.Query.Sql.Internal.FromSqlNonComposedQuerySqlGenerator.CreateValueBufferFactory(IRelationalValueBufferFactoryFactory relationalValueBufferFactoryFactory, DbDataReader dataReader)
   at Microsoft.EntityFrameworkCore.Query.Internal.ShaperCommandContext.<NotifyReaderCreated>b__14_0(FactoryAndReader s)
   at Microsoft.EntityFrameworkCore.Internal.NonCapturingLazyInitializer.EnsureInitialized[TParam,TValue](TValue& target, TParam param, Func`2 valueFactory)
   at Microsoft.EntityFrameworkCore.Query.Internal.ShaperCommandContext.NotifyReaderCreated(DbDataReader dataReader)
   at Microsoft.EntityFrameworkCore.Query.Internal.QueryingEnumerable`1.Enumerator.BufferlessMoveNext(DbContext _, Boolean buffer)
   at Oracle.EntityFrameworkCore.Storage.Internal.OracleExecutionStrategy.Execute[TState,TResult](TState state, Func`3 operation, Func`3 verifySucceeded)
   at Microsoft.EntityFrameworkCore.Query.Internal.QueryingEnumerable`1.Enumerator.MoveNext()
   at Microsoft.EntityFrameworkCore.Query.Internal.LinqOperatorProvider.<_TrackEntities>d__17`2.MoveNext()
   at Microsoft.EntityFrameworkCore.Query.Internal.LinqOperatorProvider.ExceptionInterceptor`1.EnumeratorExceptionInterceptor.MoveNext()
   at System.Collections.Generic.List`1..ctor(IEnumerable`1 collection)
   at System.Linq.Enumerable.ToList[TSource](IEnumerable`1 source)
   at HDBH.Data.Infrastructure.BaseRepository`1.ExecWithStoreProcedure(String query, OracleParameter[] param) in D:\WorkSpace\HDBH\HDBH_New\HDBH_New\HDBH.Data\Infrastructure\BaseRepository.cs:line 132
   at HDBH.Services.UserService.IsExistsUser(String userId) in D:\WorkSpace\HDBH\HDBH_New\HDBH_New\HDBH.Services\UserService.cs:line 47
ERROR ((!)) IIS APPPOOL\hdtsdb.net ((!))  09/09/2019 10:26:24 ((!)) UserService => IsExistsUser
System.InvalidOperationException: The entity type 'testModel' requires a primary key to be defined.
   at Microsoft.EntityFrameworkCore.Infrastructure.ModelValidator.ValidateNonNullPrimaryKeys(IModel model)
   at Microsoft.EntityFrameworkCore.Infrastructure.ModelValidator.Validate(IModel model)
   at Microsoft.EntityFrameworkCore.Infrastructure.RelationalModelValidator.Validate(IModel model)
   at Oracle.EntityFrameworkCore.Internal.OracleModelValidator.Validate(IModel model)
   at Microsoft.EntityFrameworkCore.Metadata.Conventions.Internal.ValidatingConvention.Apply(InternalModelBuilder modelBuilder)
   at Microsoft.EntityFrameworkCore.Metadata.Conventions.Internal.ConventionDispatcher.ImmediateConventionScope.OnModelBuilt(InternalModelBuilder modelBuilder)
   at Microsoft.EntityFrameworkCore.Metadata.Conventions.Internal.ConventionDispatcher.OnModelBuilt(InternalModelBuilder modelBuilder)
   at Microsoft.EntityFrameworkCore.Metadata.Internal.Model.Validate()
   at Microsoft.EntityFrameworkCore.ModelBuilder.FinalizeModel()
   at Microsoft.EntityFrameworkCore.Infrastructure.ModelSource.CreateModel(DbContext context, IConventionSetBuilder conventionSetBuilder, IModelValidator validator)
   at Microsoft.EntityFrameworkCore.Infrastructure.ModelSource.<>c__DisplayClass5_0.<GetModel>b__1()
   at System.Lazy`1.CreateValue()
   at System.Lazy`1.LazyInitValue()
   at System.Lazy`1.get_Value()
   at Microsoft.EntityFrameworkCore.Infrastructure.ModelSource.GetModel(DbContext context, IConventionSetBuilder conventionSetBuilder, IModelValidator validator)
   at Microsoft.EntityFrameworkCore.Internal.DbContextServices.CreateModel()
   at Microsoft.EntityFrameworkCore.Internal.DbContextServices.get_Model()
   at Microsoft.EntityFrameworkCore.Infrastructure.EntityFrameworkServicesBuilder.<>c.<TryAddCoreServices>b__7_2(IServiceProvider p)
   at Microsoft.Extensions.DependencyInjection.ServiceLookup.CallSiteRuntimeResolver.VisitFactory(FactoryCallSite factoryCallSite, ServiceProviderEngineScope scope)
   at Microsoft.Extensions.DependencyInjection.ServiceLookup.CallSiteVisitor`2.VisitCallSite(IServiceCallSite callSite, TArgument argument)
   at Microsoft.Extensions.DependencyInjection.ServiceLookup.CallSiteRuntimeResolver.VisitScoped(ScopedCallSite scopedCallSite, ServiceProviderEngineScope scope)
   at Microsoft.Extensions.DependencyInjection.ServiceLookup.CallSiteVisitor`2.VisitCallSite(IServiceCallSite callSite, TArgument argument)
   at Microsoft.Extensions.DependencyInjection.ServiceLookup.CallSiteRuntimeResolver.VisitConstructor(ConstructorCallSite constructorCallSite, ServiceProviderEngineScope scope)
   at Microsoft.Extensions.DependencyInjection.ServiceLookup.CallSiteVisitor`2.VisitCallSite(IServiceCallSite callSite, TArgument argument)
   at Microsoft.Extensions.DependencyInjection.ServiceLookup.CallSiteRuntimeResolver.VisitScoped(ScopedCallSite scopedCallSite, ServiceProviderEngineScope scope)
   at Microsoft.Extensions.DependencyInjection.ServiceLookup.CallSiteVisitor`2.VisitCallSite(IServiceCallSite callSite, TArgument argument)
   at Microsoft.Extensions.DependencyInjection.ServiceLookup.DynamicServiceProviderEngine.<>c__DisplayClass1_0.<RealizeService>b__0(ServiceProviderEngineScope scope)
   at Microsoft.Extensions.DependencyInjection.ServiceLookup.ServiceProviderEngine.GetService(Type serviceType, ServiceProviderEngineScope serviceProviderEngineScope)
   at Microsoft.Extensions.DependencyInjection.ServiceLookup.ServiceProviderEngineScope.GetService(Type serviceType)
   at Microsoft.Extensions.DependencyInjection.ServiceProviderServiceExtensions.GetRequiredService(IServiceProvider provider, Type serviceType)
   at Microsoft.Extensions.DependencyInjection.ServiceProviderServiceExtensions.GetRequiredService[T](IServiceProvider provider)
   at Microsoft.EntityFrameworkCore.DbContext.get_DbContextDependencies()
   at Microsoft.EntityFrameworkCore.DbContext.get_InternalServiceProvider()
   at Microsoft.EntityFrameworkCore.DbContext.get_DbContextDependencies()
   at Microsoft.EntityFrameworkCore.DbContext.Set[TEntity]()
   at HDBH.Data.Infrastructure.BaseRepository`1.ExecWithStoreProcedure(String query, OracleParameter[] param) in D:\WorkSpace\HDBH\HDBH_New\HDBH_New\HDBH.Data\Infrastructure\BaseRepository.cs:line 132
   at HDBH.Services.UserService.IsExistsUser(String userId) in D:\WorkSpace\HDBH\HDBH_New\HDBH_New\HDBH.Services\UserService.cs:line 47
ERROR ((!)) IIS APPPOOL\hdtsdb.net ((!))  09/09/2019 10:26:28 ((!)) UserService => IsExistsUser
System.InvalidOperationException: The entity type 'testModel' requires a primary key to be defined.
   at Microsoft.EntityFrameworkCore.Infrastructure.ModelValidator.ValidateNonNullPrimaryKeys(IModel model)
   at Microsoft.EntityFrameworkCore.Infrastructure.ModelValidator.Validate(IModel model)
   at Microsoft.EntityFrameworkCore.Infrastructure.RelationalModelValidator.Validate(IModel model)
   at Oracle.EntityFrameworkCore.Internal.OracleModelValidator.Validate(IModel model)
   at Microsoft.EntityFrameworkCore.Metadata.Conventions.Internal.ValidatingConvention.Apply(InternalModelBuilder modelBuilder)
   at Microsoft.EntityFrameworkCore.Metadata.Conventions.Internal.ConventionDispatcher.ImmediateConventionScope.OnModelBuilt(InternalModelBuilder modelBuilder)
   at Microsoft.EntityFrameworkCore.Metadata.Conventions.Internal.ConventionDispatcher.OnModelBuilt(InternalModelBuilder modelBuilder)
   at Microsoft.EntityFrameworkCore.Metadata.Internal.Model.Validate()
   at Microsoft.EntityFrameworkCore.ModelBuilder.FinalizeModel()
   at Microsoft.EntityFrameworkCore.Infrastructure.ModelSource.CreateModel(DbContext context, IConventionSetBuilder conventionSetBuilder, IModelValidator validator)
   at Microsoft.EntityFrameworkCore.Infrastructure.ModelSource.<>c__DisplayClass5_0.<GetModel>b__1()
   at System.Lazy`1.CreateValue()
--- End of stack trace from previous location where exception was thrown ---
   at System.Runtime.ExceptionServices.ExceptionDispatchInfo.Throw()
   at System.Lazy`1.get_Value()
   at Microsoft.EntityFrameworkCore.Infrastructure.ModelSource.GetModel(DbContext context, IConventionSetBuilder conventionSetBuilder, IModelValidator validator)
   at Microsoft.EntityFrameworkCore.Internal.DbContextServices.CreateModel()
   at Microsoft.EntityFrameworkCore.Internal.DbContextServices.get_Model()
   at Microsoft.EntityFrameworkCore.Infrastructure.EntityFrameworkServicesBuilder.<>c.<TryAddCoreServices>b__7_2(IServiceProvider p)
   at Microsoft.Extensions.DependencyInjection.ServiceLookup.CallSiteRuntimeResolver.VisitFactory(FactoryCallSite factoryCallSite, ServiceProviderEngineScope scope)
   at Microsoft.Extensions.DependencyInjection.ServiceLookup.CallSiteVisitor`2.VisitCallSite(IServiceCallSite callSite, TArgument argument)
   at Microsoft.Extensions.DependencyInjection.ServiceLookup.CallSiteRuntimeResolver.VisitScoped(ScopedCallSite scopedCallSite, ServiceProviderEngineScope scope)
   at Microsoft.Extensions.DependencyInjection.ServiceLookup.CallSiteVisitor`2.VisitCallSite(IServiceCallSite callSite, TArgument argument)
   at Microsoft.Extensions.DependencyInjection.ServiceLookup.CallSiteRuntimeResolver.VisitConstructor(ConstructorCallSite constructorCallSite, ServiceProviderEngineScope scope)
   at Microsoft.Extensions.DependencyInjection.ServiceLookup.CallSiteVisitor`2.VisitCallSite(IServiceCallSite callSite, TArgument argument)
   at Microsoft.Extensions.DependencyInjection.ServiceLookup.CallSiteRuntimeResolver.VisitScoped(ScopedCallSite scopedCallSite, ServiceProviderEngineScope scope)
   at Microsoft.Extensions.DependencyInjection.ServiceLookup.CallSiteVisitor`2.VisitCallSite(IServiceCallSite callSite, TArgument argument)
   at Microsoft.Extensions.DependencyInjection.ServiceLookup.DynamicServiceProviderEngine.<>c__DisplayClass1_0.<RealizeService>b__0(ServiceProviderEngineScope scope)
   at Microsoft.Extensions.DependencyInjection.ServiceLookup.ServiceProviderEngine.GetService(Type serviceType, ServiceProviderEngineScope serviceProviderEngineScope)
   at Microsoft.Extensions.DependencyInjection.ServiceLookup.ServiceProviderEngineScope.GetService(Type serviceType)
   at Microsoft.Extensions.DependencyInjection.ServiceProviderServiceExtensions.GetRequiredService(IServiceProvider provider, Type serviceType)
   at Microsoft.Extensions.DependencyInjection.ServiceProviderServiceExtensions.GetRequiredService[T](IServiceProvider provider)
   at Microsoft.EntityFrameworkCore.DbContext.get_DbContextDependencies()
   at Microsoft.EntityFrameworkCore.DbContext.get_InternalServiceProvider()
   at Microsoft.EntityFrameworkCore.DbContext.get_DbContextDependencies()
   at Microsoft.EntityFrameworkCore.DbContext.Set[TEntity]()
   at HDBH.Data.Infrastructure.BaseRepository`1.ExecWithStoreProcedure(String query, OracleParameter[] param) in D:\WorkSpace\HDBH\HDBH_New\HDBH_New\HDBH.Data\Infrastructure\BaseRepository.cs:line 132
   at HDBH.Services.UserService.IsExistsUser(String userId) in D:\WorkSpace\HDBH\HDBH_New\HDBH_New\HDBH.Services\UserService.cs:line 47
ERROR ((!)) IIS APPPOOL\hdtsdb.net ((!))  09/09/2019 10:26:30 ((!)) UserService => IsExistsUser
System.InvalidOperationException: The entity type 'testModel' requires a primary key to be defined.
   at Microsoft.EntityFrameworkCore.Infrastructure.ModelValidator.ValidateNonNullPrimaryKeys(IModel model)
   at Microsoft.EntityFrameworkCore.Infrastructure.ModelValidator.Validate(IModel model)
   at Microsoft.EntityFrameworkCore.Infrastructure.RelationalModelValidator.Validate(IModel model)
   at Oracle.EntityFrameworkCore.Internal.OracleModelValidator.Validate(IModel model)
   at Microsoft.EntityFrameworkCore.Metadata.Conventions.Internal.ValidatingConvention.Apply(InternalModelBuilder modelBuilder)
   at Microsoft.EntityFrameworkCore.Metadata.Conventions.Internal.ConventionDispatcher.ImmediateConventionScope.OnModelBuilt(InternalModelBuilder modelBuilder)
   at Microsoft.EntityFrameworkCore.Metadata.Conventions.Internal.ConventionDispatcher.OnModelBuilt(InternalModelBuilder modelBuilder)
   at Microsoft.EntityFrameworkCore.Metadata.Internal.Model.Validate()
   at Microsoft.EntityFrameworkCore.ModelBuilder.FinalizeModel()
   at Microsoft.EntityFrameworkCore.Infrastructure.ModelSource.CreateModel(DbContext context, IConventionSetBuilder conventionSetBuilder, IModelValidator validator)
   at Microsoft.EntityFrameworkCore.Infrastructure.ModelSource.<>c__DisplayClass5_0.<GetModel>b__1()
   at System.Lazy`1.CreateValue()
--- End of stack trace from previous location where exception was thrown ---
   at System.Runtime.ExceptionServices.ExceptionDispatchInfo.Throw()
   at System.Lazy`1.get_Value()
   at Microsoft.EntityFrameworkCore.Infrastructure.ModelSource.GetModel(DbContext context, IConventionSetBuilder conventionSetBuilder, IModelValidator validator)
   at Microsoft.EntityFrameworkCore.Internal.DbContextServices.CreateModel()
   at Microsoft.EntityFrameworkCore.Internal.DbContextServices.get_Model()
   at Microsoft.EntityFrameworkCore.Infrastructure.EntityFrameworkServicesBuilder.<>c.<TryAddCoreServices>b__7_2(IServiceProvider p)
   at lambda_method(Closure , ServiceProviderEngineScope )
   at Microsoft.Extensions.DependencyInjection.ServiceLookup.ServiceProviderEngine.GetService(Type serviceType, ServiceProviderEngineScope serviceProviderEngineScope)
   at Microsoft.Extensions.DependencyInjection.ServiceLookup.ServiceProviderEngineScope.GetService(Type serviceType)
   at Microsoft.Extensions.DependencyInjection.ServiceProviderServiceExtensions.GetRequiredService(IServiceProvider provider, Type serviceType)
   at Microsoft.Extensions.DependencyInjection.ServiceProviderServiceExtensions.GetRequiredService[T](IServiceProvider provider)
   at Microsoft.EntityFrameworkCore.DbContext.get_DbContextDependencies()
   at Microsoft.EntityFrameworkCore.DbContext.get_InternalServiceProvider()
   at Microsoft.EntityFrameworkCore.DbContext.get_DbContextDependencies()
   at Microsoft.EntityFrameworkCore.DbContext.Set[TEntity]()
   at HDBH.Data.Infrastructure.BaseRepository`1.ExecWithStoreProcedure(String query, OracleParameter[] param) in D:\WorkSpace\HDBH\HDBH_New\HDBH_New\HDBH.Data\Infrastructure\BaseRepository.cs:line 132
   at HDBH.Services.UserService.IsExistsUser(String userId) in D:\WorkSpace\HDBH\HDBH_New\HDBH_New\HDBH.Services\UserService.cs:line 47
ERROR ((!)) IIS APPPOOL\hdtsdb.net ((!))  09/09/2019 10:27:59 ((!)) UserService => IsExistsUser
System.InvalidOperationException: The entity type 'LoginModel' requires a primary key to be defined.
   at Microsoft.EntityFrameworkCore.Infrastructure.ModelValidator.ValidateNonNullPrimaryKeys(IModel model)
   at Microsoft.EntityFrameworkCore.Infrastructure.ModelValidator.Validate(IModel model)
   at Microsoft.EntityFrameworkCore.Infrastructure.RelationalModelValidator.Validate(IModel model)
   at Oracle.EntityFrameworkCore.Internal.OracleModelValidator.Validate(IModel model)
   at Microsoft.EntityFrameworkCore.Metadata.Conventions.Internal.ValidatingConvention.Apply(InternalModelBuilder modelBuilder)
   at Microsoft.EntityFrameworkCore.Metadata.Conventions.Internal.ConventionDispatcher.ImmediateConventionScope.OnModelBuilt(InternalModelBuilder modelBuilder)
   at Microsoft.EntityFrameworkCore.Metadata.Conventions.Internal.ConventionDispatcher.OnModelBuilt(InternalModelBuilder modelBuilder)
   at Microsoft.EntityFrameworkCore.Metadata.Internal.Model.Validate()
   at Microsoft.EntityFrameworkCore.ModelBuilder.FinalizeModel()
   at Microsoft.EntityFrameworkCore.Infrastructure.ModelSource.CreateModel(DbContext context, IConventionSetBuilder conventionSetBuilder, IModelValidator validator)
   at Microsoft.EntityFrameworkCore.Infrastructure.ModelSource.<>c__DisplayClass5_0.<GetModel>b__1()
   at System.Lazy`1.CreateValue()
   at System.Lazy`1.LazyInitValue()
   at System.Lazy`1.get_Value()
   at Microsoft.EntityFrameworkCore.Infrastructure.ModelSource.GetModel(DbContext context, IConventionSetBuilder conventionSetBuilder, IModelValidator validator)
   at Microsoft.EntityFrameworkCore.Internal.DbContextServices.CreateModel()
   at Microsoft.EntityFrameworkCore.Internal.DbContextServices.get_Model()
   at Microsoft.EntityFrameworkCore.Infrastructure.EntityFrameworkServicesBuilder.<>c.<TryAddCoreServices>b__7_2(IServiceProvider p)
   at Microsoft.Extensions.DependencyInjection.ServiceLookup.CallSiteRuntimeResolver.VisitFactory(FactoryCallSite factoryCallSite, ServiceProviderEngineScope scope)
   at Microsoft.Extensions.DependencyInjection.ServiceLookup.CallSiteVisitor`2.VisitCallSite(IServiceCallSite callSite, TArgument argument)
   at Microsoft.Extensions.DependencyInjection.ServiceLookup.CallSiteRuntimeResolver.VisitScoped(ScopedCallSite scopedCallSite, ServiceProviderEngineScope scope)
   at Microsoft.Extensions.DependencyInjection.ServiceLookup.CallSiteVisitor`2.VisitCallSite(IServiceCallSite callSite, TArgument argument)
   at Microsoft.Extensions.DependencyInjection.ServiceLookup.CallSiteRuntimeResolver.VisitConstructor(ConstructorCallSite constructorCallSite, ServiceProviderEngineScope scope)
   at Microsoft.Extensions.DependencyInjection.ServiceLookup.CallSiteVisitor`2.VisitCallSite(IServiceCallSite callSite, TArgument argument)
   at Microsoft.Extensions.DependencyInjection.ServiceLookup.CallSiteRuntimeResolver.VisitScoped(ScopedCallSite scopedCallSite, ServiceProviderEngineScope scope)
   at Microsoft.Extensions.DependencyInjection.ServiceLookup.CallSiteVisitor`2.VisitCallSite(IServiceCallSite callSite, TArgument argument)
   at Microsoft.Extensions.DependencyInjection.ServiceLookup.DynamicServiceProviderEngine.<>c__DisplayClass1_0.<RealizeService>b__0(ServiceProviderEngineScope scope)
   at Microsoft.Extensions.DependencyInjection.ServiceLookup.ServiceProviderEngine.GetService(Type serviceType, ServiceProviderEngineScope serviceProviderEngineScope)
   at Microsoft.Extensions.DependencyInjection.ServiceLookup.ServiceProviderEngineScope.GetService(Type serviceType)
   at Microsoft.Extensions.DependencyInjection.ServiceProviderServiceExtensions.GetRequiredService(IServiceProvider provider, Type serviceType)
   at Microsoft.Extensions.DependencyInjection.ServiceProviderServiceExtensions.GetRequiredService[T](IServiceProvider provider)
   at Microsoft.EntityFrameworkCore.DbContext.get_DbContextDependencies()
   at Microsoft.EntityFrameworkCore.DbContext.get_InternalServiceProvider()
   at Microsoft.EntityFrameworkCore.DbContext.get_DbContextDependencies()
   at Microsoft.EntityFrameworkCore.DbContext.Set[TEntity]()
   at HDBH.Data.Infrastructure.BaseRepository`1.ExecWithStoreProcedure(String query, OracleParameter[] param) in D:\WorkSpace\HDBH\HDBH_New\HDBH_New\HDBH.Data\Infrastructure\BaseRepository.cs:line 132
   at HDBH.Services.UserService.IsExistsUser(String userId) in D:\WorkSpace\HDBH\HDBH_New\HDBH_New\HDBH.Services\UserService.cs:line 47
ERROR ((!)) IIS APPPOOL\hdtsdb.net ((!))  09/09/2019 10:28:45 ((!)) UserService => IsExistsUser
System.InvalidOperationException: The entity type 'LoginModel' requires a primary key to be defined.
   at Microsoft.EntityFrameworkCore.Infrastructure.ModelValidator.ValidateNonNullPrimaryKeys(IModel model)
   at Microsoft.EntityFrameworkCore.Infrastructure.ModelValidator.Validate(IModel model)
   at Microsoft.EntityFrameworkCore.Infrastructure.RelationalModelValidator.Validate(IModel model)
   at Oracle.EntityFrameworkCore.Internal.OracleModelValidator.Validate(IModel model)
   at Microsoft.EntityFrameworkCore.Metadata.Conventions.Internal.ValidatingConvention.Apply(InternalModelBuilder modelBuilder)
   at Microsoft.EntityFrameworkCore.Metadata.Conventions.Internal.ConventionDispatcher.ImmediateConventionScope.OnModelBuilt(InternalModelBuilder modelBuilder)
   at Microsoft.EntityFrameworkCore.Metadata.Conventions.Internal.ConventionDispatcher.OnModelBuilt(InternalModelBuilder modelBuilder)
   at Microsoft.EntityFrameworkCore.Metadata.Internal.Model.Validate()
   at Microsoft.EntityFrameworkCore.ModelBuilder.FinalizeModel()
   at Microsoft.EntityFrameworkCore.Infrastructure.ModelSource.CreateModel(DbContext context, IConventionSetBuilder conventionSetBuilder, IModelValidator validator)
   at Microsoft.EntityFrameworkCore.Infrastructure.ModelSource.<>c__DisplayClass5_0.<GetModel>b__1()
   at System.Lazy`1.CreateValue()
--- End of stack trace from previous location where exception was thrown ---
   at System.Runtime.ExceptionServices.ExceptionDispatchInfo.Throw()
   at System.Lazy`1.get_Value()
   at Microsoft.EntityFrameworkCore.Infrastructure.ModelSource.GetModel(DbContext context, IConventionSetBuilder conventionSetBuilder, IModelValidator validator)
   at Microsoft.EntityFrameworkCore.Internal.DbContextServices.CreateModel()
   at Microsoft.EntityFrameworkCore.Internal.DbContextServices.get_Model()
   at Microsoft.EntityFrameworkCore.Infrastructure.EntityFrameworkServicesBuilder.<>c.<TryAddCoreServices>b__7_2(IServiceProvider p)
   at Microsoft.Extensions.DependencyInjection.ServiceLookup.CallSiteRuntimeResolver.VisitFactory(FactoryCallSite factoryCallSite, ServiceProviderEngineScope scope)
   at Microsoft.Extensions.DependencyInjection.ServiceLookup.CallSiteVisitor`2.VisitCallSite(IServiceCallSite callSite, TArgument argument)
   at Microsoft.Extensions.DependencyInjection.ServiceLookup.CallSiteRuntimeResolver.VisitScoped(ScopedCallSite scopedCallSite, ServiceProviderEngineScope scope)
   at Microsoft.Extensions.DependencyInjection.ServiceLookup.CallSiteVisitor`2.VisitCallSite(IServiceCallSite callSite, TArgument argument)
   at Microsoft.Extensions.DependencyInjection.ServiceLookup.CallSiteRuntimeResolver.VisitConstructor(ConstructorCallSite constructorCallSite, ServiceProviderEngineScope scope)
   at Microsoft.Extensions.DependencyInjection.ServiceLookup.CallSiteVisitor`2.VisitCallSite(IServiceCallSite callSite, TArgument argument)
   at Microsoft.Extensions.DependencyInjection.ServiceLookup.CallSiteRuntimeResolver.VisitScoped(ScopedCallSite scopedCallSite, ServiceProviderEngineScope scope)
   at Microsoft.Extensions.DependencyInjection.ServiceLookup.CallSiteVisitor`2.VisitCallSite(IServiceCallSite callSite, TArgument argument)
   at Microsoft.Extensions.DependencyInjection.ServiceLookup.DynamicServiceProviderEngine.<>c__DisplayClass1_0.<RealizeService>b__0(ServiceProviderEngineScope scope)
   at Microsoft.Extensions.DependencyInjection.ServiceLookup.ServiceProviderEngine.GetService(Type serviceType, ServiceProviderEngineScope serviceProviderEngineScope)
   at Microsoft.Extensions.DependencyInjection.ServiceLookup.ServiceProviderEngineScope.GetService(Type serviceType)
   at Microsoft.Extensions.DependencyInjection.ServiceProviderServiceExtensions.GetRequiredService(IServiceProvider provider, Type serviceType)
   at Microsoft.Extensions.DependencyInjection.ServiceProviderServiceExtensions.GetRequiredService[T](IServiceProvider provider)
   at Microsoft.EntityFrameworkCore.DbContext.get_DbContextDependencies()
   at Microsoft.EntityFrameworkCore.DbContext.get_InternalServiceProvider()
   at Microsoft.EntityFrameworkCore.DbContext.get_DbContextDependencies()
   at Microsoft.EntityFrameworkCore.DbContext.Set[TEntity]()
   at HDBH.Data.Infrastructure.BaseRepository`1.ExecWithStoreProcedure(String query, OracleParameter[] param) in D:\WorkSpace\HDBH\HDBH_New\HDBH_New\HDBH.Data\Infrastructure\BaseRepository.cs:line 132
   at HDBH.Services.UserService.IsExistsUser(String userId) in D:\WorkSpace\HDBH\HDBH_New\HDBH_New\HDBH.Services\UserService.cs:line 47
ERROR ((!)) IIS APPPOOL\hdtsdb.net ((!))  09/09/2019 10:32:50 ((!)) UserService => IsExistsUser
System.InvalidOperationException: The required column 'Discriminator' was not present in the results of a 'FromSql' operation.
   at Microsoft.EntityFrameworkCore.Query.Sql.Internal.FromSqlNonComposedQuerySqlGenerator.CreateValueBufferFactory(IRelationalValueBufferFactoryFactory relationalValueBufferFactoryFactory, DbDataReader dataReader)
   at Microsoft.EntityFrameworkCore.Query.Internal.ShaperCommandContext.<NotifyReaderCreated>b__14_0(FactoryAndReader s)
   at Microsoft.EntityFrameworkCore.Internal.NonCapturingLazyInitializer.EnsureInitialized[TParam,TValue](TValue& target, TParam param, Func`2 valueFactory)
   at Microsoft.EntityFrameworkCore.Query.Internal.ShaperCommandContext.NotifyReaderCreated(DbDataReader dataReader)
   at Microsoft.EntityFrameworkCore.Query.Internal.QueryingEnumerable`1.Enumerator.BufferlessMoveNext(DbContext _, Boolean buffer)
   at Oracle.EntityFrameworkCore.Storage.Internal.OracleExecutionStrategy.Execute[TState,TResult](TState state, Func`3 operation, Func`3 verifySucceeded)
   at Microsoft.EntityFrameworkCore.Query.Internal.QueryingEnumerable`1.Enumerator.MoveNext()
   at Microsoft.EntityFrameworkCore.Query.Internal.LinqOperatorProvider.<_TrackEntities>d__17`2.MoveNext()
   at Microsoft.EntityFrameworkCore.Query.Internal.LinqOperatorProvider.ExceptionInterceptor`1.EnumeratorExceptionInterceptor.MoveNext()
   at System.Collections.Generic.List`1..ctor(IEnumerable`1 collection)
   at System.Linq.Enumerable.ToList[TSource](IEnumerable`1 source)
   at HDBH.Data.Infrastructure.BaseRepository`1.ExecWithStoreProcedure(String query, OracleParameter[] param) in D:\WorkSpace\HDBH\HDBH_New\HDBH_New\HDBH.Data\Infrastructure\BaseRepository.cs:line 132
   at HDBH.Services.UserService.IsExistsUser(String userId) in D:\WorkSpace\HDBH\HDBH_New\HDBH_New\HDBH.Services\UserService.cs:line 47
ERROR ((!)) IIS APPPOOL\hdtsdb.net ((!))  09/09/2019 10:34:23 ((!)) UserService => IsExistsUser
System.InvalidOperationException: The required column 'Discriminator' was not present in the results of a 'FromSql' operation.
   at Microsoft.EntityFrameworkCore.Query.Sql.Internal.FromSqlNonComposedQuerySqlGenerator.CreateValueBufferFactory(IRelationalValueBufferFactoryFactory relationalValueBufferFactoryFactory, DbDataReader dataReader)
   at Microsoft.EntityFrameworkCore.Query.Internal.ShaperCommandContext.<NotifyReaderCreated>b__14_0(FactoryAndReader s)
   at Microsoft.EntityFrameworkCore.Internal.NonCapturingLazyInitializer.EnsureInitialized[TParam,TValue](TValue& target, TParam param, Func`2 valueFactory)
   at Microsoft.EntityFrameworkCore.Query.Internal.ShaperCommandContext.NotifyReaderCreated(DbDataReader dataReader)
   at Microsoft.EntityFrameworkCore.Query.Internal.QueryingEnumerable`1.Enumerator.BufferlessMoveNext(DbContext _, Boolean buffer)
   at Oracle.EntityFrameworkCore.Storage.Internal.OracleExecutionStrategy.Execute[TState,TResult](TState state, Func`3 operation, Func`3 verifySucceeded)
   at Microsoft.EntityFrameworkCore.Query.Internal.QueryingEnumerable`1.Enumerator.MoveNext()
   at Microsoft.EntityFrameworkCore.Query.Internal.LinqOperatorProvider.<_TrackEntities>d__17`2.MoveNext()
   at Microsoft.EntityFrameworkCore.Query.Internal.LinqOperatorProvider.ExceptionInterceptor`1.EnumeratorExceptionInterceptor.MoveNext()
   at System.Collections.Generic.List`1..ctor(IEnumerable`1 collection)
   at System.Linq.Enumerable.ToList[TSource](IEnumerable`1 source)
   at HDBH.Data.Infrastructure.BaseRepository`1.ExecWithStoreProcedure(String query, OracleParameter[] param) in D:\WorkSpace\HDBH\HDBH_New\HDBH_New\HDBH.Data\Infrastructure\BaseRepository.cs:line 132
   at HDBH.Services.UserService.IsExistsUser(String userId) in D:\WorkSpace\HDBH\HDBH_New\HDBH_New\HDBH.Services\UserService.cs:line 47
ERROR ((!)) IIS APPPOOL\hdtsdb.net ((!))  09/09/2019 10:35:15 ((!)) UserService => IsExistsUser
System.InvalidOperationException: The required column 'Discriminator' was not present in the results of a 'FromSql' operation.
   at Microsoft.EntityFrameworkCore.Query.Sql.Internal.FromSqlNonComposedQuerySqlGenerator.CreateValueBufferFactory(IRelationalValueBufferFactoryFactory relationalValueBufferFactoryFactory, DbDataReader dataReader)
   at Microsoft.EntityFrameworkCore.Query.Internal.ShaperCommandContext.<NotifyReaderCreated>b__14_0(FactoryAndReader s)
   at Microsoft.EntityFrameworkCore.Internal.NonCapturingLazyInitializer.EnsureInitialized[TParam,TValue](TValue& target, TParam param, Func`2 valueFactory)
   at Microsoft.EntityFrameworkCore.Query.Internal.ShaperCommandContext.NotifyReaderCreated(DbDataReader dataReader)
   at Microsoft.EntityFrameworkCore.Query.Internal.QueryingEnumerable`1.Enumerator.BufferlessMoveNext(DbContext _, Boolean buffer)
   at Oracle.EntityFrameworkCore.Storage.Internal.OracleExecutionStrategy.Execute[TState,TResult](TState state, Func`3 operation, Func`3 verifySucceeded)
   at Microsoft.EntityFrameworkCore.Query.Internal.QueryingEnumerable`1.Enumerator.MoveNext()
   at Microsoft.EntityFrameworkCore.Query.Internal.LinqOperatorProvider.<_TrackEntities>d__17`2.MoveNext()
   at Microsoft.EntityFrameworkCore.Query.Internal.LinqOperatorProvider.ExceptionInterceptor`1.EnumeratorExceptionInterceptor.MoveNext()
   at System.Collections.Generic.List`1..ctor(IEnumerable`1 collection)
   at System.Linq.Enumerable.ToList[TSource](IEnumerable`1 source)
   at HDBH.Data.Infrastructure.BaseRepository`1.ExecWithStoreProcedure(String query, OracleParameter[] param) in D:\WorkSpace\HDBH\HDBH_New\HDBH_New\HDBH.Data\Infrastructure\BaseRepository.cs:line 132
   at HDBH.Services.UserService.IsExistsUser(String userId) in D:\WorkSpace\HDBH\HDBH_New\HDBH_New\HDBH.Services\UserService.cs:line 47
