ERROR ((!)) IIS APPPOOL\hdtsdb.net ((!))  07/13/2020 08:54:56 ((!)) isValid: True
ERROR ((!)) IIS APPPOOL\hdtsdb.net ((!))  07/13/2020 10:24:19 ((!)) isValid: True
ERROR ((!)) IIS APPPOOL\hdtsdb.net ((!))  07/13/2020 10:25:08 ((!)) CPProductService => searchCpProdCommis
System.Data.SqlClient.SqlException (0x80131904): The formal parameter "@userId" was not declared as an OUTPUT parameter, but the actual parameter passed in requested output.
   at System.Data.SqlClient.SqlConnection.OnError(SqlException exception, Boolean breakConnection, Action`1 wrapCloseInAction)
   at System.Data.SqlClient.SqlInternalConnection.OnError(SqlException exception, Boolean breakConnection, Action`1 wrapCloseInAction)
   at System.Data.SqlClient.TdsParser.ThrowExceptionAndWarning(TdsParserStateObject stateObj, Boolean callerHasConnectionLock, Boolean asyncClose)
   at System.Data.SqlClient.TdsParser.TryRun(RunBehavior runBehavior, SqlCommand cmdHandler, SqlDataReader dataStream, BulkCopySimpleResultSet bulkCopyHandler, TdsParserStateObject stateObj, Boolean& dataReady)
   at System.Data.SqlClient.SqlCommand.FinishExecuteReader(SqlDataReader ds, RunBehavior runBehavior, String resetOptionsString, Boolean isInternal, Boolean forDescribeParameterEncryption, Boolean shouldCacheForAlwaysEncrypted)
   at System.Data.SqlClient.SqlCommand.RunExecuteReaderTds(CommandBehavior cmdBehavior, RunBehavior runBehavior, Boolean returnStream, Boolean async, Int32 timeout, Task& task, Boolean asyncWrite, Boolean inRetry, SqlDataReader ds, Boolean describeParameterEncryptionRequest)
   at System.Data.SqlClient.SqlCommand.RunExecuteReader(CommandBehavior cmdBehavior, RunBehavior runBehavior, Boolean returnStream, String method, TaskCompletionSource`1 completion, Int32 timeout, Task& task, Boolean& usedCache, Boolean asyncWrite, Boolean inRetry)
   at System.Data.SqlClient.SqlCommand.InternalExecuteNonQuery(TaskCompletionSource`1 completion, String methodName, Boolean sendToPipe, Int32 timeout, Boolean& usedCache, Boolean asyncWrite, Boolean inRetry)
   at System.Data.SqlClient.SqlCommand.ExecuteNonQuery()
   at Microsoft.EntityFrameworkCore.Storage.Internal.RelationalCommand.Execute(IRelationalConnection connection, DbCommandMethod executeMethod, IReadOnlyDictionary`2 parameterValues)
   at Microsoft.EntityFrameworkCore.Storage.Internal.RelationalCommand.ExecuteNonQuery(IRelationalConnection connection, IReadOnlyDictionary`2 parameterValues)
   at Microsoft.EntityFrameworkCore.RelationalDatabaseFacadeExtensions.ExecuteSqlCommand(DatabaseFacade databaseFacade, RawSqlString sql, IEnumerable`1 parameters)
   at Microsoft.EntityFrameworkCore.RelationalDatabaseFacadeExtensions.ExecuteSqlCommand(DatabaseFacade databaseFacade, RawSqlString sql, Object[] parameters)
   at HDBH.SQLData.Infrastructure.GenericRepository.ExecWithStoreProcedureCommand(String query, SqlParameter[] parameters) in D:\WorkSpace\HopDongBaoHiem\SourceCode\dotNET\HDBH_New\HDBH.SQLData\Infrastructure\GenericRepository.cs:line 35
   at HDBH.Services.CPProductService.searchCpProdCommis(CPProductSearchViewModel model) in D:\WorkSpace\HopDongBaoHiem\SourceCode\dotNET\HDBH_New\HDBH.Services\CPProductService.cs:line 93
ClientConnectionId:01038534-77f2-468d-af5c-4dbc1405867e
Error Number:8162,State:2,Class:16
ERROR ((!)) IIS APPPOOL\hdtsdb.net ((!))  07/13/2020 10:26:02 ((!)) CPProductService => searchCpProdCommis
System.Data.SqlClient.SqlException (0x80131904): The formal parameter "@userId" was not declared as an OUTPUT parameter, but the actual parameter passed in requested output.
   at System.Data.SqlClient.SqlConnection.OnError(SqlException exception, Boolean breakConnection, Action`1 wrapCloseInAction)
   at System.Data.SqlClient.SqlInternalConnection.OnError(SqlException exception, Boolean breakConnection, Action`1 wrapCloseInAction)
   at System.Data.SqlClient.TdsParser.ThrowExceptionAndWarning(TdsParserStateObject stateObj, Boolean callerHasConnectionLock, Boolean asyncClose)
   at System.Data.SqlClient.TdsParser.TryRun(RunBehavior runBehavior, SqlCommand cmdHandler, SqlDataReader dataStream, BulkCopySimpleResultSet bulkCopyHandler, TdsParserStateObject stateObj, Boolean& dataReady)
   at System.Data.SqlClient.SqlCommand.FinishExecuteReader(SqlDataReader ds, RunBehavior runBehavior, String resetOptionsString, Boolean isInternal, Boolean forDescribeParameterEncryption, Boolean shouldCacheForAlwaysEncrypted)
   at System.Data.SqlClient.SqlCommand.RunExecuteReaderTds(CommandBehavior cmdBehavior, RunBehavior runBehavior, Boolean returnStream, Boolean async, Int32 timeout, Task& task, Boolean asyncWrite, Boolean inRetry, SqlDataReader ds, Boolean describeParameterEncryptionRequest)
   at System.Data.SqlClient.SqlCommand.RunExecuteReader(CommandBehavior cmdBehavior, RunBehavior runBehavior, Boolean returnStream, String method, TaskCompletionSource`1 completion, Int32 timeout, Task& task, Boolean& usedCache, Boolean asyncWrite, Boolean inRetry)
   at System.Data.SqlClient.SqlCommand.InternalExecuteNonQuery(TaskCompletionSource`1 completion, String methodName, Boolean sendToPipe, Int32 timeout, Boolean& usedCache, Boolean asyncWrite, Boolean inRetry)
   at System.Data.SqlClient.SqlCommand.ExecuteNonQuery()
   at Microsoft.EntityFrameworkCore.Storage.Internal.RelationalCommand.Execute(IRelationalConnection connection, DbCommandMethod executeMethod, IReadOnlyDictionary`2 parameterValues)
   at Microsoft.EntityFrameworkCore.Storage.Internal.RelationalCommand.ExecuteNonQuery(IRelationalConnection connection, IReadOnlyDictionary`2 parameterValues)
   at Microsoft.EntityFrameworkCore.RelationalDatabaseFacadeExtensions.ExecuteSqlCommand(DatabaseFacade databaseFacade, RawSqlString sql, IEnumerable`1 parameters)
   at Microsoft.EntityFrameworkCore.RelationalDatabaseFacadeExtensions.ExecuteSqlCommand(DatabaseFacade databaseFacade, RawSqlString sql, Object[] parameters)
   at HDBH.SQLData.Infrastructure.GenericRepository.ExecWithStoreProcedureCommand(String query, SqlParameter[] parameters) in D:\WorkSpace\HopDongBaoHiem\SourceCode\dotNET\HDBH_New\HDBH.SQLData\Infrastructure\GenericRepository.cs:line 35
   at HDBH.Services.CPProductService.searchCpProdCommis(CPProductSearchViewModel model) in D:\WorkSpace\HopDongBaoHiem\SourceCode\dotNET\HDBH_New\HDBH.Services\CPProductService.cs:line 93
ClientConnectionId:01038534-77f2-468d-af5c-4dbc1405867e
Error Number:8162,State:2,Class:16
ERROR ((!)) IIS APPPOOL\hdtsdb.net ((!))  07/13/2020 10:28:32 ((!)) CPProductService => searchCpProdCommis
System.Data.SqlClient.SqlException (0x80131904): The formal parameter "@userId" was not declared as an OUTPUT parameter, but the actual parameter passed in requested output.
   at System.Data.SqlClient.SqlConnection.OnError(SqlException exception, Boolean breakConnection, Action`1 wrapCloseInAction)
   at System.Data.SqlClient.SqlInternalConnection.OnError(SqlException exception, Boolean breakConnection, Action`1 wrapCloseInAction)
   at System.Data.SqlClient.TdsParser.ThrowExceptionAndWarning(TdsParserStateObject stateObj, Boolean callerHasConnectionLock, Boolean asyncClose)
   at System.Data.SqlClient.TdsParser.TryRun(RunBehavior runBehavior, SqlCommand cmdHandler, SqlDataReader dataStream, BulkCopySimpleResultSet bulkCopyHandler, TdsParserStateObject stateObj, Boolean& dataReady)
   at System.Data.SqlClient.SqlCommand.FinishExecuteReader(SqlDataReader ds, RunBehavior runBehavior, String resetOptionsString, Boolean isInternal, Boolean forDescribeParameterEncryption, Boolean shouldCacheForAlwaysEncrypted)
   at System.Data.SqlClient.SqlCommand.RunExecuteReaderTds(CommandBehavior cmdBehavior, RunBehavior runBehavior, Boolean returnStream, Boolean async, Int32 timeout, Task& task, Boolean asyncWrite, Boolean inRetry, SqlDataReader ds, Boolean describeParameterEncryptionRequest)
   at System.Data.SqlClient.SqlCommand.RunExecuteReader(CommandBehavior cmdBehavior, RunBehavior runBehavior, Boolean returnStream, String method, TaskCompletionSource`1 completion, Int32 timeout, Task& task, Boolean& usedCache, Boolean asyncWrite, Boolean inRetry)
   at System.Data.SqlClient.SqlCommand.InternalExecuteNonQuery(TaskCompletionSource`1 completion, String methodName, Boolean sendToPipe, Int32 timeout, Boolean& usedCache, Boolean asyncWrite, Boolean inRetry)
   at System.Data.SqlClient.SqlCommand.ExecuteNonQuery()
   at Microsoft.EntityFrameworkCore.Storage.Internal.RelationalCommand.Execute(IRelationalConnection connection, DbCommandMethod executeMethod, IReadOnlyDictionary`2 parameterValues)
   at Microsoft.EntityFrameworkCore.Storage.Internal.RelationalCommand.ExecuteNonQuery(IRelationalConnection connection, IReadOnlyDictionary`2 parameterValues)
   at Microsoft.EntityFrameworkCore.RelationalDatabaseFacadeExtensions.ExecuteSqlCommand(DatabaseFacade databaseFacade, RawSqlString sql, IEnumerable`1 parameters)
   at Microsoft.EntityFrameworkCore.RelationalDatabaseFacadeExtensions.ExecuteSqlCommand(DatabaseFacade databaseFacade, RawSqlString sql, Object[] parameters)
   at HDBH.SQLData.Infrastructure.GenericRepository.ExecWithStoreProcedureCommand(String query, SqlParameter[] parameters) in D:\WorkSpace\HopDongBaoHiem\SourceCode\dotNET\HDBH_New\HDBH.SQLData\Infrastructure\GenericRepository.cs:line 35
   at HDBH.Services.CPProductService.searchCpProdCommis(CPProductSearchViewModel model) in D:\WorkSpace\HopDongBaoHiem\SourceCode\dotNET\HDBH_New\HDBH.Services\CPProductService.cs:line 93
ClientConnectionId:01038534-77f2-468d-af5c-4dbc1405867e
Error Number:8162,State:2,Class:16
ERROR ((!)) IIS APPPOOL\hdtsdb.net ((!))  07/13/2020 10:31:37 ((!)) isValid: True
ERROR ((!)) IIS APPPOOL\hdtsdb.net ((!))  07/13/2020 10:44:04 ((!)) isValid: True
ERROR ((!)) IIS APPPOOL\hdtsdb.net ((!))  07/13/2020 10:44:51 ((!)) CPProductService => insertCpProdCommis
System.Data.SqlClient.SqlException (0x80131904): Procedure or function insertCpUncontractProd has too many arguments specified.
   at System.Data.SqlClient.SqlConnection.OnError(SqlException exception, Boolean breakConnection, Action`1 wrapCloseInAction)
   at System.Data.SqlClient.SqlInternalConnection.OnError(SqlException exception, Boolean breakConnection, Action`1 wrapCloseInAction)
   at System.Data.SqlClient.TdsParser.ThrowExceptionAndWarning(TdsParserStateObject stateObj, Boolean callerHasConnectionLock, Boolean asyncClose)
   at System.Data.SqlClient.TdsParser.TryRun(RunBehavior runBehavior, SqlCommand cmdHandler, SqlDataReader dataStream, BulkCopySimpleResultSet bulkCopyHandler, TdsParserStateObject stateObj, Boolean& dataReady)
   at System.Data.SqlClient.SqlCommand.FinishExecuteReader(SqlDataReader ds, RunBehavior runBehavior, String resetOptionsString, Boolean isInternal, Boolean forDescribeParameterEncryption, Boolean shouldCacheForAlwaysEncrypted)
   at System.Data.SqlClient.SqlCommand.RunExecuteReaderTds(CommandBehavior cmdBehavior, RunBehavior runBehavior, Boolean returnStream, Boolean async, Int32 timeout, Task& task, Boolean asyncWrite, Boolean inRetry, SqlDataReader ds, Boolean describeParameterEncryptionRequest)
   at System.Data.SqlClient.SqlCommand.RunExecuteReader(CommandBehavior cmdBehavior, RunBehavior runBehavior, Boolean returnStream, String method, TaskCompletionSource`1 completion, Int32 timeout, Task& task, Boolean& usedCache, Boolean asyncWrite, Boolean inRetry)
   at System.Data.SqlClient.SqlCommand.InternalExecuteNonQuery(TaskCompletionSource`1 completion, String methodName, Boolean sendToPipe, Int32 timeout, Boolean& usedCache, Boolean asyncWrite, Boolean inRetry)
   at System.Data.SqlClient.SqlCommand.ExecuteNonQuery()
   at Microsoft.EntityFrameworkCore.Storage.Internal.RelationalCommand.Execute(IRelationalConnection connection, DbCommandMethod executeMethod, IReadOnlyDictionary`2 parameterValues)
   at Microsoft.EntityFrameworkCore.Storage.Internal.RelationalCommand.ExecuteNonQuery(IRelationalConnection connection, IReadOnlyDictionary`2 parameterValues)
   at Microsoft.EntityFrameworkCore.RelationalDatabaseFacadeExtensions.ExecuteSqlCommand(DatabaseFacade databaseFacade, RawSqlString sql, IEnumerable`1 parameters)
   at Microsoft.EntityFrameworkCore.RelationalDatabaseFacadeExtensions.ExecuteSqlCommand(DatabaseFacade databaseFacade, RawSqlString sql, Object[] parameters)
   at HDBH.SQLData.Infrastructure.GenericRepository.ExecWithStoreProcedureCommand(String query, SqlParameter[] parameters) in D:\WorkSpace\HopDongBaoHiem\SourceCode\dotNET\HDBH_New\HDBH.SQLData\Infrastructure\GenericRepository.cs:line 35
   at HDBH.Services.CPProductService.insertCpProdCommis(CPProductInsertModel model) in D:\WorkSpace\HopDongBaoHiem\SourceCode\dotNET\HDBH_New\HDBH.Services\CPProductService.cs:line 62
ClientConnectionId:f3878905-c4e7-44dd-b143-fe54fecc8877
Error Number:8144,State:2,Class:16
ERROR ((!)) IIS APPPOOL\hdtsdb.net ((!))  07/13/2020 10:45:21 ((!)) CPProductService => insertCpProdCommis
System.Data.SqlClient.SqlException (0x80131904): Procedure or function insertCpUncontractProd has too many arguments specified.
   at System.Data.SqlClient.SqlConnection.OnError(SqlException exception, Boolean breakConnection, Action`1 wrapCloseInAction)
   at System.Data.SqlClient.SqlInternalConnection.OnError(SqlException exception, Boolean breakConnection, Action`1 wrapCloseInAction)
   at System.Data.SqlClient.TdsParser.ThrowExceptionAndWarning(TdsParserStateObject stateObj, Boolean callerHasConnectionLock, Boolean asyncClose)
   at System.Data.SqlClient.TdsParser.TryRun(RunBehavior runBehavior, SqlCommand cmdHandler, SqlDataReader dataStream, BulkCopySimpleResultSet bulkCopyHandler, TdsParserStateObject stateObj, Boolean& dataReady)
   at System.Data.SqlClient.SqlCommand.FinishExecuteReader(SqlDataReader ds, RunBehavior runBehavior, String resetOptionsString, Boolean isInternal, Boolean forDescribeParameterEncryption, Boolean shouldCacheForAlwaysEncrypted)
   at System.Data.SqlClient.SqlCommand.RunExecuteReaderTds(CommandBehavior cmdBehavior, RunBehavior runBehavior, Boolean returnStream, Boolean async, Int32 timeout, Task& task, Boolean asyncWrite, Boolean inRetry, SqlDataReader ds, Boolean describeParameterEncryptionRequest)
   at System.Data.SqlClient.SqlCommand.RunExecuteReader(CommandBehavior cmdBehavior, RunBehavior runBehavior, Boolean returnStream, String method, TaskCompletionSource`1 completion, Int32 timeout, Task& task, Boolean& usedCache, Boolean asyncWrite, Boolean inRetry)
   at System.Data.SqlClient.SqlCommand.InternalExecuteNonQuery(TaskCompletionSource`1 completion, String methodName, Boolean sendToPipe, Int32 timeout, Boolean& usedCache, Boolean asyncWrite, Boolean inRetry)
   at System.Data.SqlClient.SqlCommand.ExecuteNonQuery()
   at Microsoft.EntityFrameworkCore.Storage.Internal.RelationalCommand.Execute(IRelationalConnection connection, DbCommandMethod executeMethod, IReadOnlyDictionary`2 parameterValues)
   at Microsoft.EntityFrameworkCore.Storage.Internal.RelationalCommand.ExecuteNonQuery(IRelationalConnection connection, IReadOnlyDictionary`2 parameterValues)
   at Microsoft.EntityFrameworkCore.RelationalDatabaseFacadeExtensions.ExecuteSqlCommand(DatabaseFacade databaseFacade, RawSqlString sql, IEnumerable`1 parameters)
   at Microsoft.EntityFrameworkCore.RelationalDatabaseFacadeExtensions.ExecuteSqlCommand(DatabaseFacade databaseFacade, RawSqlString sql, Object[] parameters)
   at HDBH.SQLData.Infrastructure.GenericRepository.ExecWithStoreProcedureCommand(String query, SqlParameter[] parameters) in D:\WorkSpace\HopDongBaoHiem\SourceCode\dotNET\HDBH_New\HDBH.SQLData\Infrastructure\GenericRepository.cs:line 35
   at HDBH.Services.CPProductService.insertCpProdCommis(CPProductInsertModel model) in D:\WorkSpace\HopDongBaoHiem\SourceCode\dotNET\HDBH_New\HDBH.Services\CPProductService.cs:line 62
ClientConnectionId:f3878905-c4e7-44dd-b143-fe54fecc8877
Error Number:8144,State:2,Class:16
ERROR ((!)) IIS APPPOOL\hdtsdb.net ((!))  07/13/2020 10:50:42 ((!)) isValid: True
ERROR ((!)) IIS APPPOOL\hdtsdb.net ((!))  07/13/2020 10:51:32 ((!)) CPProductService => insertCpProdCommis
System.Data.SqlClient.SqlException (0x80131904): Invalid object name '#commisionList'.
   at System.Data.SqlClient.SqlConnection.OnError(SqlException exception, Boolean breakConnection, Action`1 wrapCloseInAction)
   at System.Data.SqlClient.SqlInternalConnection.OnError(SqlException exception, Boolean breakConnection, Action`1 wrapCloseInAction)
   at System.Data.SqlClient.TdsParser.ThrowExceptionAndWarning(TdsParserStateObject stateObj, Boolean callerHasConnectionLock, Boolean asyncClose)
   at System.Data.SqlClient.TdsParser.TryRun(RunBehavior runBehavior, SqlCommand cmdHandler, SqlDataReader dataStream, BulkCopySimpleResultSet bulkCopyHandler, TdsParserStateObject stateObj, Boolean& dataReady)
   at System.Data.SqlClient.SqlCommand.FinishExecuteReader(SqlDataReader ds, RunBehavior runBehavior, String resetOptionsString, Boolean isInternal, Boolean forDescribeParameterEncryption, Boolean shouldCacheForAlwaysEncrypted)
   at System.Data.SqlClient.SqlCommand.RunExecuteReaderTds(CommandBehavior cmdBehavior, RunBehavior runBehavior, Boolean returnStream, Boolean async, Int32 timeout, Task& task, Boolean asyncWrite, Boolean inRetry, SqlDataReader ds, Boolean describeParameterEncryptionRequest)
   at System.Data.SqlClient.SqlCommand.RunExecuteReader(CommandBehavior cmdBehavior, RunBehavior runBehavior, Boolean returnStream, String method, TaskCompletionSource`1 completion, Int32 timeout, Task& task, Boolean& usedCache, Boolean asyncWrite, Boolean inRetry)
   at System.Data.SqlClient.SqlCommand.InternalExecuteNonQuery(TaskCompletionSource`1 completion, String methodName, Boolean sendToPipe, Int32 timeout, Boolean& usedCache, Boolean asyncWrite, Boolean inRetry)
   at System.Data.SqlClient.SqlCommand.ExecuteNonQuery()
   at Microsoft.EntityFrameworkCore.Storage.Internal.RelationalCommand.Execute(IRelationalConnection connection, DbCommandMethod executeMethod, IReadOnlyDictionary`2 parameterValues)
   at Microsoft.EntityFrameworkCore.Storage.Internal.RelationalCommand.ExecuteNonQuery(IRelationalConnection connection, IReadOnlyDictionary`2 parameterValues)
   at Microsoft.EntityFrameworkCore.RelationalDatabaseFacadeExtensions.ExecuteSqlCommand(DatabaseFacade databaseFacade, RawSqlString sql, IEnumerable`1 parameters)
   at Microsoft.EntityFrameworkCore.RelationalDatabaseFacadeExtensions.ExecuteSqlCommand(DatabaseFacade databaseFacade, RawSqlString sql, Object[] parameters)
   at HDBH.SQLData.Infrastructure.GenericRepository.ExecWithStoreProcedureCommand(String query, SqlParameter[] parameters) in D:\WorkSpace\HopDongBaoHiem\SourceCode\dotNET\HDBH_New\HDBH.SQLData\Infrastructure\GenericRepository.cs:line 35
   at HDBH.Services.CPProductService.insertCpProdCommis(CPProductInsertModel model) in D:\WorkSpace\HopDongBaoHiem\SourceCode\dotNET\HDBH_New\HDBH.Services\CPProductService.cs:line 63
ClientConnectionId:fdcd5824-3f63-41e1-97ac-9719e4696577
Error Number:208,State:0,Class:16
ERROR ((!)) IIS APPPOOL\hdtsdb.net ((!))  07/13/2020 10:54:18 ((!)) CPProductService => insertCpProdCommis
System.Data.SqlClient.SqlException (0x80131904): Invalid object name '#commisionList'.
   at System.Data.SqlClient.SqlConnection.OnError(SqlException exception, Boolean breakConnection, Action`1 wrapCloseInAction)
   at System.Data.SqlClient.SqlInternalConnection.OnError(SqlException exception, Boolean breakConnection, Action`1 wrapCloseInAction)
   at System.Data.SqlClient.TdsParser.ThrowExceptionAndWarning(TdsParserStateObject stateObj, Boolean callerHasConnectionLock, Boolean asyncClose)
   at System.Data.SqlClient.TdsParser.TryRun(RunBehavior runBehavior, SqlCommand cmdHandler, SqlDataReader dataStream, BulkCopySimpleResultSet bulkCopyHandler, TdsParserStateObject stateObj, Boolean& dataReady)
   at System.Data.SqlClient.SqlCommand.FinishExecuteReader(SqlDataReader ds, RunBehavior runBehavior, String resetOptionsString, Boolean isInternal, Boolean forDescribeParameterEncryption, Boolean shouldCacheForAlwaysEncrypted)
   at System.Data.SqlClient.SqlCommand.RunExecuteReaderTds(CommandBehavior cmdBehavior, RunBehavior runBehavior, Boolean returnStream, Boolean async, Int32 timeout, Task& task, Boolean asyncWrite, Boolean inRetry, SqlDataReader ds, Boolean describeParameterEncryptionRequest)
   at System.Data.SqlClient.SqlCommand.RunExecuteReader(CommandBehavior cmdBehavior, RunBehavior runBehavior, Boolean returnStream, String method, TaskCompletionSource`1 completion, Int32 timeout, Task& task, Boolean& usedCache, Boolean asyncWrite, Boolean inRetry)
   at System.Data.SqlClient.SqlCommand.InternalExecuteNonQuery(TaskCompletionSource`1 completion, String methodName, Boolean sendToPipe, Int32 timeout, Boolean& usedCache, Boolean asyncWrite, Boolean inRetry)
   at System.Data.SqlClient.SqlCommand.ExecuteNonQuery()
   at Microsoft.EntityFrameworkCore.Storage.Internal.RelationalCommand.Execute(IRelationalConnection connection, DbCommandMethod executeMethod, IReadOnlyDictionary`2 parameterValues)
   at Microsoft.EntityFrameworkCore.Storage.Internal.RelationalCommand.ExecuteNonQuery(IRelationalConnection connection, IReadOnlyDictionary`2 parameterValues)
   at Microsoft.EntityFrameworkCore.RelationalDatabaseFacadeExtensions.ExecuteSqlCommand(DatabaseFacade databaseFacade, RawSqlString sql, IEnumerable`1 parameters)
   at Microsoft.EntityFrameworkCore.RelationalDatabaseFacadeExtensions.ExecuteSqlCommand(DatabaseFacade databaseFacade, RawSqlString sql, Object[] parameters)
   at HDBH.SQLData.Infrastructure.GenericRepository.ExecWithStoreProcedureCommand(String query, SqlParameter[] parameters) in D:\WorkSpace\HopDongBaoHiem\SourceCode\dotNET\HDBH_New\HDBH.SQLData\Infrastructure\GenericRepository.cs:line 35
   at HDBH.Services.CPProductService.insertCpProdCommis(CPProductInsertModel model) in D:\WorkSpace\HopDongBaoHiem\SourceCode\dotNET\HDBH_New\HDBH.Services\CPProductService.cs:line 63
ClientConnectionId:fdcd5824-3f63-41e1-97ac-9719e4696577
Error Number:208,State:0,Class:16
ERROR ((!)) IIS APPPOOL\hdtsdb.net ((!))  07/13/2020 10:59:57 ((!)) CPProductService => insertCpProdCommis
System.Data.SqlClient.SqlException (0x80131904): Invalid object name '#commisionList'.
   at System.Data.SqlClient.SqlConnection.OnError(SqlException exception, Boolean breakConnection, Action`1 wrapCloseInAction)
   at System.Data.SqlClient.SqlInternalConnection.OnError(SqlException exception, Boolean breakConnection, Action`1 wrapCloseInAction)
   at System.Data.SqlClient.TdsParser.ThrowExceptionAndWarning(TdsParserStateObject stateObj, Boolean callerHasConnectionLock, Boolean asyncClose)
   at System.Data.SqlClient.TdsParser.TryRun(RunBehavior runBehavior, SqlCommand cmdHandler, SqlDataReader dataStream, BulkCopySimpleResultSet bulkCopyHandler, TdsParserStateObject stateObj, Boolean& dataReady)
   at System.Data.SqlClient.SqlCommand.FinishExecuteReader(SqlDataReader ds, RunBehavior runBehavior, String resetOptionsString, Boolean isInternal, Boolean forDescribeParameterEncryption, Boolean shouldCacheForAlwaysEncrypted)
   at System.Data.SqlClient.SqlCommand.RunExecuteReaderTds(CommandBehavior cmdBehavior, RunBehavior runBehavior, Boolean returnStream, Boolean async, Int32 timeout, Task& task, Boolean asyncWrite, Boolean inRetry, SqlDataReader ds, Boolean describeParameterEncryptionRequest)
   at System.Data.SqlClient.SqlCommand.RunExecuteReader(CommandBehavior cmdBehavior, RunBehavior runBehavior, Boolean returnStream, String method, TaskCompletionSource`1 completion, Int32 timeout, Task& task, Boolean& usedCache, Boolean asyncWrite, Boolean inRetry)
   at System.Data.SqlClient.SqlCommand.InternalExecuteNonQuery(TaskCompletionSource`1 completion, String methodName, Boolean sendToPipe, Int32 timeout, Boolean& usedCache, Boolean asyncWrite, Boolean inRetry)
   at System.Data.SqlClient.SqlCommand.ExecuteNonQuery()
   at Microsoft.EntityFrameworkCore.Storage.Internal.RelationalCommand.Execute(IRelationalConnection connection, DbCommandMethod executeMethod, IReadOnlyDictionary`2 parameterValues)
   at Microsoft.EntityFrameworkCore.Storage.Internal.RelationalCommand.ExecuteNonQuery(IRelationalConnection connection, IReadOnlyDictionary`2 parameterValues)
   at Microsoft.EntityFrameworkCore.RelationalDatabaseFacadeExtensions.ExecuteSqlCommand(DatabaseFacade databaseFacade, RawSqlString sql, IEnumerable`1 parameters)
   at Microsoft.EntityFrameworkCore.RelationalDatabaseFacadeExtensions.ExecuteSqlCommand(DatabaseFacade databaseFacade, RawSqlString sql, Object[] parameters)
   at HDBH.SQLData.Infrastructure.GenericRepository.ExecWithStoreProcedureCommand(String query, SqlParameter[] parameters) in D:\WorkSpace\HopDongBaoHiem\SourceCode\dotNET\HDBH_New\HDBH.SQLData\Infrastructure\GenericRepository.cs:line 35
   at HDBH.Services.CPProductService.insertCpProdCommis(CPProductInsertModel model) in D:\WorkSpace\HopDongBaoHiem\SourceCode\dotNET\HDBH_New\HDBH.Services\CPProductService.cs:line 63
ClientConnectionId:fdcd5824-3f63-41e1-97ac-9719e4696577
Error Number:208,State:0,Class:16
ERROR ((!)) IIS APPPOOL\hdtsdb.net ((!))  07/13/2020 13:31:18 ((!)) isValid: True
ERROR ((!)) IIS APPPOOL\hdtsdb.net ((!))  07/13/2020 14:17:36 ((!)) isValid: True
ERROR ((!)) IIS APPPOOL\hdtsdb.net ((!))  07/13/2020 14:22:31 ((!)) CPProductService => getDetailCpProdCommis
Newtonsoft.Json.JsonReaderException: Unexpected character encountered while parsing value: E. Path '', line 0, position 0.
   at Newtonsoft.Json.JsonTextReader.ParseValue()
   at Newtonsoft.Json.JsonTextReader.Read()
   at Newtonsoft.Json.JsonReader.ReadForType(JsonContract contract, Boolean hasConverter)
   at Newtonsoft.Json.Serialization.JsonSerializerInternalReader.Deserialize(JsonReader reader, Type objectType, Boolean checkAdditionalContent)
   at Newtonsoft.Json.JsonSerializer.DeserializeInternal(JsonReader reader, Type objectType)
   at Newtonsoft.Json.JsonConvert.DeserializeObject(String value, Type type, JsonSerializerSettings settings)
   at Newtonsoft.Json.JsonConvert.DeserializeObject[T](String value, JsonSerializerSettings settings)
   at Newtonsoft.Json.JsonConvert.DeserializeObject[T](String value)
   at HDBH.Services.CPProductService.getDetailCpProdCommis(CPProductGetDetailViewModel input) in D:\WorkSpace\HopDongBaoHiem\SourceCode\dotNET\HDBH_New\HDBH.Services\CPProductService.cs:line 59
ERROR ((!)) IIS APPPOOL\hdtsdb.net ((!))  07/13/2020 14:25:21 ((!)) isValid: True
ERROR ((!)) IIS APPPOOL\hdtsdb.net ((!))  07/13/2020 14:45:30 ((!)) isValid: True
ERROR ((!)) IIS APPPOOL\hdtsdb.net ((!))  07/13/2020 14:48:43 ((!)) isValid: True
ERROR ((!)) IIS APPPOOL\hdtsdb.net ((!))  07/13/2020 14:49:42 ((!)) isValid: True
ERROR ((!)) IIS APPPOOL\hdtsdb.net ((!))  07/13/2020 14:50:10 ((!)) isValid: True
ERROR ((!)) IIS APPPOOL\hdtsdb.net ((!))  07/13/2020 14:52:41 ((!)) isValid: True
ERROR ((!)) IIS APPPOOL\hdtsdb.net ((!))  07/13/2020 14:54:09 ((!)) isValid: True
ERROR ((!)) IIS APPPOOL\hdtsdb.net ((!))  07/13/2020 14:56:12 ((!)) isValid: True
ERROR ((!)) IIS APPPOOL\hdtsdb.net ((!))  07/13/2020 15:35:15 ((!)) isValid: True
ERROR ((!)) IIS APPPOOL\hdtsdb.net ((!))  07/13/2020 15:50:48 ((!)) isValid: True
ERROR ((!)) IIS APPPOOL\hdtsdb.net ((!))  07/13/2020 16:12:07 ((!)) isValid: True
ERROR ((!)) IIS APPPOOL\hdtsdb.net ((!))  07/13/2020 16:39:44 ((!)) isValid: True
ERROR ((!)) IIS APPPOOL\hdtsdb.net ((!))  07/13/2020 16:41:05 ((!)) CPProductService => updateCpProdCommis
System.Data.SqlClient.SqlException (0x80131904): Procedure or function updateCpUncontractProd has too many arguments specified.
   at System.Data.SqlClient.SqlConnection.OnError(SqlException exception, Boolean breakConnection, Action`1 wrapCloseInAction)
   at System.Data.SqlClient.SqlInternalConnection.OnError(SqlException exception, Boolean breakConnection, Action`1 wrapCloseInAction)
   at System.Data.SqlClient.TdsParser.ThrowExceptionAndWarning(TdsParserStateObject stateObj, Boolean callerHasConnectionLock, Boolean asyncClose)
   at System.Data.SqlClient.TdsParser.TryRun(RunBehavior runBehavior, SqlCommand cmdHandler, SqlDataReader dataStream, BulkCopySimpleResultSet bulkCopyHandler, TdsParserStateObject stateObj, Boolean& dataReady)
   at System.Data.SqlClient.SqlCommand.FinishExecuteReader(SqlDataReader ds, RunBehavior runBehavior, String resetOptionsString, Boolean isInternal, Boolean forDescribeParameterEncryption, Boolean shouldCacheForAlwaysEncrypted)
   at System.Data.SqlClient.SqlCommand.RunExecuteReaderTds(CommandBehavior cmdBehavior, RunBehavior runBehavior, Boolean returnStream, Boolean async, Int32 timeout, Task& task, Boolean asyncWrite, Boolean inRetry, SqlDataReader ds, Boolean describeParameterEncryptionRequest)
   at System.Data.SqlClient.SqlCommand.RunExecuteReader(CommandBehavior cmdBehavior, RunBehavior runBehavior, Boolean returnStream, String method, TaskCompletionSource`1 completion, Int32 timeout, Task& task, Boolean& usedCache, Boolean asyncWrite, Boolean inRetry)
   at System.Data.SqlClient.SqlCommand.InternalExecuteNonQuery(TaskCompletionSource`1 completion, String methodName, Boolean sendToPipe, Int32 timeout, Boolean& usedCache, Boolean asyncWrite, Boolean inRetry)
   at System.Data.SqlClient.SqlCommand.ExecuteNonQuery()
   at Microsoft.EntityFrameworkCore.Storage.Internal.RelationalCommand.Execute(IRelationalConnection connection, DbCommandMethod executeMethod, IReadOnlyDictionary`2 parameterValues)
   at Microsoft.EntityFrameworkCore.Storage.Internal.RelationalCommand.ExecuteNonQuery(IRelationalConnection connection, IReadOnlyDictionary`2 parameterValues)
   at Microsoft.EntityFrameworkCore.RelationalDatabaseFacadeExtensions.ExecuteSqlCommand(DatabaseFacade databaseFacade, RawSqlString sql, IEnumerable`1 parameters)
   at Microsoft.EntityFrameworkCore.RelationalDatabaseFacadeExtensions.ExecuteSqlCommand(DatabaseFacade databaseFacade, RawSqlString sql, Object[] parameters)
   at HDBH.SQLData.Infrastructure.GenericRepository.ExecWithStoreProcedureCommand(String query, SqlParameter[] parameters) in D:\WorkSpace\HopDongBaoHiem\SourceCode\dotNET\HDBH_New\HDBH.SQLData\Infrastructure\GenericRepository.cs:line 35
   at HDBH.Services.CPProductService.updateCpProdCommis(CPProductInsertModel model) in D:\WorkSpace\HopDongBaoHiem\SourceCode\dotNET\HDBH_New\HDBH.Services\CPProductService.cs:line 194
ClientConnectionId:1105cdb3-70c9-477e-9121-6884e2d3fb78
Error Number:8144,State:2,Class:16
ERROR ((!)) IIS APPPOOL\hdtsdb.net ((!))  07/13/2020 16:41:28 ((!)) CPProductService => updateCpProdCommis
System.Data.SqlClient.SqlException (0x80131904): Procedure or function updateCpUncontractProd has too many arguments specified.
   at System.Data.SqlClient.SqlConnection.OnError(SqlException exception, Boolean breakConnection, Action`1 wrapCloseInAction)
   at System.Data.SqlClient.SqlInternalConnection.OnError(SqlException exception, Boolean breakConnection, Action`1 wrapCloseInAction)
   at System.Data.SqlClient.TdsParser.ThrowExceptionAndWarning(TdsParserStateObject stateObj, Boolean callerHasConnectionLock, Boolean asyncClose)
   at System.Data.SqlClient.TdsParser.TryRun(RunBehavior runBehavior, SqlCommand cmdHandler, SqlDataReader dataStream, BulkCopySimpleResultSet bulkCopyHandler, TdsParserStateObject stateObj, Boolean& dataReady)
   at System.Data.SqlClient.SqlCommand.FinishExecuteReader(SqlDataReader ds, RunBehavior runBehavior, String resetOptionsString, Boolean isInternal, Boolean forDescribeParameterEncryption, Boolean shouldCacheForAlwaysEncrypted)
   at System.Data.SqlClient.SqlCommand.RunExecuteReaderTds(CommandBehavior cmdBehavior, RunBehavior runBehavior, Boolean returnStream, Boolean async, Int32 timeout, Task& task, Boolean asyncWrite, Boolean inRetry, SqlDataReader ds, Boolean describeParameterEncryptionRequest)
   at System.Data.SqlClient.SqlCommand.RunExecuteReader(CommandBehavior cmdBehavior, RunBehavior runBehavior, Boolean returnStream, String method, TaskCompletionSource`1 completion, Int32 timeout, Task& task, Boolean& usedCache, Boolean asyncWrite, Boolean inRetry)
   at System.Data.SqlClient.SqlCommand.InternalExecuteNonQuery(TaskCompletionSource`1 completion, String methodName, Boolean sendToPipe, Int32 timeout, Boolean& usedCache, Boolean asyncWrite, Boolean inRetry)
   at System.Data.SqlClient.SqlCommand.ExecuteNonQuery()
   at Microsoft.EntityFrameworkCore.Storage.Internal.RelationalCommand.Execute(IRelationalConnection connection, DbCommandMethod executeMethod, IReadOnlyDictionary`2 parameterValues)
   at Microsoft.EntityFrameworkCore.Storage.Internal.RelationalCommand.ExecuteNonQuery(IRelationalConnection connection, IReadOnlyDictionary`2 parameterValues)
   at Microsoft.EntityFrameworkCore.RelationalDatabaseFacadeExtensions.ExecuteSqlCommand(DatabaseFacade databaseFacade, RawSqlString sql, IEnumerable`1 parameters)
   at Microsoft.EntityFrameworkCore.RelationalDatabaseFacadeExtensions.ExecuteSqlCommand(DatabaseFacade databaseFacade, RawSqlString sql, Object[] parameters)
   at HDBH.SQLData.Infrastructure.GenericRepository.ExecWithStoreProcedureCommand(String query, SqlParameter[] parameters) in D:\WorkSpace\HopDongBaoHiem\SourceCode\dotNET\HDBH_New\HDBH.SQLData\Infrastructure\GenericRepository.cs:line 35
   at HDBH.Services.CPProductService.updateCpProdCommis(CPProductInsertModel model) in D:\WorkSpace\HopDongBaoHiem\SourceCode\dotNET\HDBH_New\HDBH.Services\CPProductService.cs:line 194
ClientConnectionId:1105cdb3-70c9-477e-9121-6884e2d3fb78
Error Number:8144,State:2,Class:16
ERROR ((!)) IIS APPPOOL\hdtsdb.net ((!))  07/13/2020 16:42:32 ((!)) CPProductService => updateCpProdCommis
System.Data.SqlClient.SqlException (0x80131904): Procedure or function updateCpUncontractProd has too many arguments specified.
   at System.Data.SqlClient.SqlConnection.OnError(SqlException exception, Boolean breakConnection, Action`1 wrapCloseInAction)
   at System.Data.SqlClient.SqlInternalConnection.OnError(SqlException exception, Boolean breakConnection, Action`1 wrapCloseInAction)
   at System.Data.SqlClient.TdsParser.ThrowExceptionAndWarning(TdsParserStateObject stateObj, Boolean callerHasConnectionLock, Boolean asyncClose)
   at System.Data.SqlClient.TdsParser.TryRun(RunBehavior runBehavior, SqlCommand cmdHandler, SqlDataReader dataStream, BulkCopySimpleResultSet bulkCopyHandler, TdsParserStateObject stateObj, Boolean& dataReady)
   at System.Data.SqlClient.SqlCommand.FinishExecuteReader(SqlDataReader ds, RunBehavior runBehavior, String resetOptionsString, Boolean isInternal, Boolean forDescribeParameterEncryption, Boolean shouldCacheForAlwaysEncrypted)
   at System.Data.SqlClient.SqlCommand.RunExecuteReaderTds(CommandBehavior cmdBehavior, RunBehavior runBehavior, Boolean returnStream, Boolean async, Int32 timeout, Task& task, Boolean asyncWrite, Boolean inRetry, SqlDataReader ds, Boolean describeParameterEncryptionRequest)
   at System.Data.SqlClient.SqlCommand.RunExecuteReader(CommandBehavior cmdBehavior, RunBehavior runBehavior, Boolean returnStream, String method, TaskCompletionSource`1 completion, Int32 timeout, Task& task, Boolean& usedCache, Boolean asyncWrite, Boolean inRetry)
   at System.Data.SqlClient.SqlCommand.InternalExecuteNonQuery(TaskCompletionSource`1 completion, String methodName, Boolean sendToPipe, Int32 timeout, Boolean& usedCache, Boolean asyncWrite, Boolean inRetry)
   at System.Data.SqlClient.SqlCommand.ExecuteNonQuery()
   at Microsoft.EntityFrameworkCore.Storage.Internal.RelationalCommand.Execute(IRelationalConnection connection, DbCommandMethod executeMethod, IReadOnlyDictionary`2 parameterValues)
   at Microsoft.EntityFrameworkCore.Storage.Internal.RelationalCommand.ExecuteNonQuery(IRelationalConnection connection, IReadOnlyDictionary`2 parameterValues)
   at Microsoft.EntityFrameworkCore.RelationalDatabaseFacadeExtensions.ExecuteSqlCommand(DatabaseFacade databaseFacade, RawSqlString sql, IEnumerable`1 parameters)
   at Microsoft.EntityFrameworkCore.RelationalDatabaseFacadeExtensions.ExecuteSqlCommand(DatabaseFacade databaseFacade, RawSqlString sql, Object[] parameters)
   at HDBH.SQLData.Infrastructure.GenericRepository.ExecWithStoreProcedureCommand(String query, SqlParameter[] parameters) in D:\WorkSpace\HopDongBaoHiem\SourceCode\dotNET\HDBH_New\HDBH.SQLData\Infrastructure\GenericRepository.cs:line 35
   at HDBH.Services.CPProductService.updateCpProdCommis(CPProductInsertModel model) in D:\WorkSpace\HopDongBaoHiem\SourceCode\dotNET\HDBH_New\HDBH.Services\CPProductService.cs:line 194
ClientConnectionId:1105cdb3-70c9-477e-9121-6884e2d3fb78
Error Number:8144,State:2,Class:16
ERROR ((!)) IIS APPPOOL\hdtsdb.net ((!))  07/13/2020 16:44:31 ((!)) isValid: True
ERROR ((!)) IIS APPPOOL\hdtsdb.net ((!))  07/13/2020 17:08:43 ((!)) isValid: True
ERROR ((!)) IIS APPPOOL\hdtsdb.net ((!))  07/13/2020 17:08:57 ((!)) isValid: True
ERROR ((!)) IIS APPPOOL\hdtsdb.net ((!))  07/13/2020 17:21:37 ((!)) isValid: True
ERROR ((!)) IIS APPPOOL\hdtsdb.net ((!))  07/13/2020 17:23:05 ((!)) CPProductService => searchCpProdCommisInau
System.Data.SqlClient.SqlException (0x80131904): The formal parameter "@pageSize" was not declared as an OUTPUT parameter, but the actual parameter passed in requested output.
   at System.Data.SqlClient.SqlConnection.OnError(SqlException exception, Boolean breakConnection, Action`1 wrapCloseInAction)
   at System.Data.SqlClient.SqlInternalConnection.OnError(SqlException exception, Boolean breakConnection, Action`1 wrapCloseInAction)
   at System.Data.SqlClient.TdsParser.ThrowExceptionAndWarning(TdsParserStateObject stateObj, Boolean callerHasConnectionLock, Boolean asyncClose)
   at System.Data.SqlClient.TdsParser.TryRun(RunBehavior runBehavior, SqlCommand cmdHandler, SqlDataReader dataStream, BulkCopySimpleResultSet bulkCopyHandler, TdsParserStateObject stateObj, Boolean& dataReady)
   at System.Data.SqlClient.SqlCommand.FinishExecuteReader(SqlDataReader ds, RunBehavior runBehavior, String resetOptionsString, Boolean isInternal, Boolean forDescribeParameterEncryption, Boolean shouldCacheForAlwaysEncrypted)
   at System.Data.SqlClient.SqlCommand.RunExecuteReaderTds(CommandBehavior cmdBehavior, RunBehavior runBehavior, Boolean returnStream, Boolean async, Int32 timeout, Task& task, Boolean asyncWrite, Boolean inRetry, SqlDataReader ds, Boolean describeParameterEncryptionRequest)
   at System.Data.SqlClient.SqlCommand.RunExecuteReader(CommandBehavior cmdBehavior, RunBehavior runBehavior, Boolean returnStream, String method, TaskCompletionSource`1 completion, Int32 timeout, Task& task, Boolean& usedCache, Boolean asyncWrite, Boolean inRetry)
   at System.Data.SqlClient.SqlCommand.InternalExecuteNonQuery(TaskCompletionSource`1 completion, String methodName, Boolean sendToPipe, Int32 timeout, Boolean& usedCache, Boolean asyncWrite, Boolean inRetry)
   at System.Data.SqlClient.SqlCommand.ExecuteNonQuery()
   at Microsoft.EntityFrameworkCore.Storage.Internal.RelationalCommand.Execute(IRelationalConnection connection, DbCommandMethod executeMethod, IReadOnlyDictionary`2 parameterValues)
   at Microsoft.EntityFrameworkCore.Storage.Internal.RelationalCommand.ExecuteNonQuery(IRelationalConnection connection, IReadOnlyDictionary`2 parameterValues)
   at Microsoft.EntityFrameworkCore.RelationalDatabaseFacadeExtensions.ExecuteSqlCommand(DatabaseFacade databaseFacade, RawSqlString sql, IEnumerable`1 parameters)
   at Microsoft.EntityFrameworkCore.RelationalDatabaseFacadeExtensions.ExecuteSqlCommand(DatabaseFacade databaseFacade, RawSqlString sql, Object[] parameters)
   at HDBH.SQLData.Infrastructure.GenericRepository.ExecWithStoreProcedureCommand(String query, SqlParameter[] parameters) in D:\WorkSpace\HopDongBaoHiem\SourceCode\dotNET\HDBH_New\HDBH.SQLData\Infrastructure\GenericRepository.cs:line 35
   at HDBH.Services.CPProductService.searchCpProdCommisInau(CPProductSearchViewModel model) in D:\WorkSpace\HopDongBaoHiem\SourceCode\dotNET\HDBH_New\HDBH.Services\CPProductService.cs:line 198
ClientConnectionId:f3d43d66-a7ad-416b-828e-4fc185f1922b
Error Number:8162,State:2,Class:16
ERROR ((!)) IIS APPPOOL\hdtsdb.net ((!))  07/13/2020 17:23:38 ((!)) CPProductService => searchCpProdCommisInau
System.Data.SqlClient.SqlException (0x80131904): The formal parameter "@pageSize" was not declared as an OUTPUT parameter, but the actual parameter passed in requested output.
   at System.Data.SqlClient.SqlConnection.OnError(SqlException exception, Boolean breakConnection, Action`1 wrapCloseInAction)
   at System.Data.SqlClient.SqlInternalConnection.OnError(SqlException exception, Boolean breakConnection, Action`1 wrapCloseInAction)
   at System.Data.SqlClient.TdsParser.ThrowExceptionAndWarning(TdsParserStateObject stateObj, Boolean callerHasConnectionLock, Boolean asyncClose)
   at System.Data.SqlClient.TdsParser.TryRun(RunBehavior runBehavior, SqlCommand cmdHandler, SqlDataReader dataStream, BulkCopySimpleResultSet bulkCopyHandler, TdsParserStateObject stateObj, Boolean& dataReady)
   at System.Data.SqlClient.SqlCommand.FinishExecuteReader(SqlDataReader ds, RunBehavior runBehavior, String resetOptionsString, Boolean isInternal, Boolean forDescribeParameterEncryption, Boolean shouldCacheForAlwaysEncrypted)
   at System.Data.SqlClient.SqlCommand.RunExecuteReaderTds(CommandBehavior cmdBehavior, RunBehavior runBehavior, Boolean returnStream, Boolean async, Int32 timeout, Task& task, Boolean asyncWrite, Boolean inRetry, SqlDataReader ds, Boolean describeParameterEncryptionRequest)
   at System.Data.SqlClient.SqlCommand.RunExecuteReader(CommandBehavior cmdBehavior, RunBehavior runBehavior, Boolean returnStream, String method, TaskCompletionSource`1 completion, Int32 timeout, Task& task, Boolean& usedCache, Boolean asyncWrite, Boolean inRetry)
   at System.Data.SqlClient.SqlCommand.InternalExecuteNonQuery(TaskCompletionSource`1 completion, String methodName, Boolean sendToPipe, Int32 timeout, Boolean& usedCache, Boolean asyncWrite, Boolean inRetry)
   at System.Data.SqlClient.SqlCommand.ExecuteNonQuery()
   at Microsoft.EntityFrameworkCore.Storage.Internal.RelationalCommand.Execute(IRelationalConnection connection, DbCommandMethod executeMethod, IReadOnlyDictionary`2 parameterValues)
   at Microsoft.EntityFrameworkCore.Storage.Internal.RelationalCommand.ExecuteNonQuery(IRelationalConnection connection, IReadOnlyDictionary`2 parameterValues)
   at Microsoft.EntityFrameworkCore.RelationalDatabaseFacadeExtensions.ExecuteSqlCommand(DatabaseFacade databaseFacade, RawSqlString sql, IEnumerable`1 parameters)
   at Microsoft.EntityFrameworkCore.RelationalDatabaseFacadeExtensions.ExecuteSqlCommand(DatabaseFacade databaseFacade, RawSqlString sql, Object[] parameters)
   at HDBH.SQLData.Infrastructure.GenericRepository.ExecWithStoreProcedureCommand(String query, SqlParameter[] parameters) in D:\WorkSpace\HopDongBaoHiem\SourceCode\dotNET\HDBH_New\HDBH.SQLData\Infrastructure\GenericRepository.cs:line 35
   at HDBH.Services.CPProductService.searchCpProdCommisInau(CPProductSearchViewModel model) in D:\WorkSpace\HopDongBaoHiem\SourceCode\dotNET\HDBH_New\HDBH.Services\CPProductService.cs:line 198
ClientConnectionId:f3d43d66-a7ad-416b-828e-4fc185f1922b
Error Number:8162,State:2,Class:16
ERROR ((!)) IIS APPPOOL\hdtsdb.net ((!))  07/13/2020 17:25:32 ((!)) isValid: True
ERROR ((!)) IIS APPPOOL\hdtsdb.net ((!))  07/13/2020 17:25:40 ((!)) CPProductService => searchCpProdCommisInau
System.Data.SqlClient.SqlException (0x80131904): The formal parameter "@pageNumber" was not declared as an OUTPUT parameter, but the actual parameter passed in requested output.
   at System.Data.SqlClient.SqlConnection.OnError(SqlException exception, Boolean breakConnection, Action`1 wrapCloseInAction)
   at System.Data.SqlClient.SqlInternalConnection.OnError(SqlException exception, Boolean breakConnection, Action`1 wrapCloseInAction)
   at System.Data.SqlClient.TdsParser.ThrowExceptionAndWarning(TdsParserStateObject stateObj, Boolean callerHasConnectionLock, Boolean asyncClose)
   at System.Data.SqlClient.TdsParser.TryRun(RunBehavior runBehavior, SqlCommand cmdHandler, SqlDataReader dataStream, BulkCopySimpleResultSet bulkCopyHandler, TdsParserStateObject stateObj, Boolean& dataReady)
   at System.Data.SqlClient.SqlCommand.FinishExecuteReader(SqlDataReader ds, RunBehavior runBehavior, String resetOptionsString, Boolean isInternal, Boolean forDescribeParameterEncryption, Boolean shouldCacheForAlwaysEncrypted)
   at System.Data.SqlClient.SqlCommand.RunExecuteReaderTds(CommandBehavior cmdBehavior, RunBehavior runBehavior, Boolean returnStream, Boolean async, Int32 timeout, Task& task, Boolean asyncWrite, Boolean inRetry, SqlDataReader ds, Boolean describeParameterEncryptionRequest)
   at System.Data.SqlClient.SqlCommand.RunExecuteReader(CommandBehavior cmdBehavior, RunBehavior runBehavior, Boolean returnStream, String method, TaskCompletionSource`1 completion, Int32 timeout, Task& task, Boolean& usedCache, Boolean asyncWrite, Boolean inRetry)
   at System.Data.SqlClient.SqlCommand.InternalExecuteNonQuery(TaskCompletionSource`1 completion, String methodName, Boolean sendToPipe, Int32 timeout, Boolean& usedCache, Boolean asyncWrite, Boolean inRetry)
   at System.Data.SqlClient.SqlCommand.ExecuteNonQuery()
   at Microsoft.EntityFrameworkCore.Storage.Internal.RelationalCommand.Execute(IRelationalConnection connection, DbCommandMethod executeMethod, IReadOnlyDictionary`2 parameterValues)
   at Microsoft.EntityFrameworkCore.Storage.Internal.RelationalCommand.ExecuteNonQuery(IRelationalConnection connection, IReadOnlyDictionary`2 parameterValues)
   at Microsoft.EntityFrameworkCore.RelationalDatabaseFacadeExtensions.ExecuteSqlCommand(DatabaseFacade databaseFacade, RawSqlString sql, IEnumerable`1 parameters)
   at Microsoft.EntityFrameworkCore.RelationalDatabaseFacadeExtensions.ExecuteSqlCommand(DatabaseFacade databaseFacade, RawSqlString sql, Object[] parameters)
   at HDBH.SQLData.Infrastructure.GenericRepository.ExecWithStoreProcedureCommand(String query, SqlParameter[] parameters) in D:\WorkSpace\HopDongBaoHiem\SourceCode\dotNET\HDBH_New\HDBH.SQLData\Infrastructure\GenericRepository.cs:line 35
   at HDBH.Services.CPProductService.searchCpProdCommisInau(CPProductSearchViewModel model) in D:\WorkSpace\HopDongBaoHiem\SourceCode\dotNET\HDBH_New\HDBH.Services\CPProductService.cs:line 197
ClientConnectionId:cac621b3-6018-4fe6-8e65-cfbf63a03ffe
Error Number:8162,State:2,Class:16
ERROR ((!)) IIS APPPOOL\hdtsdb.net ((!))  07/13/2020 17:26:17 ((!)) CPProductService => searchCpProdCommisInau
System.Data.SqlClient.SqlException (0x80131904): The formal parameter "@pageNumber" was not declared as an OUTPUT parameter, but the actual parameter passed in requested output.
   at System.Data.SqlClient.SqlConnection.OnError(SqlException exception, Boolean breakConnection, Action`1 wrapCloseInAction)
   at System.Data.SqlClient.SqlInternalConnection.OnError(SqlException exception, Boolean breakConnection, Action`1 wrapCloseInAction)
   at System.Data.SqlClient.TdsParser.ThrowExceptionAndWarning(TdsParserStateObject stateObj, Boolean callerHasConnectionLock, Boolean asyncClose)
   at System.Data.SqlClient.TdsParser.TryRun(RunBehavior runBehavior, SqlCommand cmdHandler, SqlDataReader dataStream, BulkCopySimpleResultSet bulkCopyHandler, TdsParserStateObject stateObj, Boolean& dataReady)
   at System.Data.SqlClient.SqlCommand.FinishExecuteReader(SqlDataReader ds, RunBehavior runBehavior, String resetOptionsString, Boolean isInternal, Boolean forDescribeParameterEncryption, Boolean shouldCacheForAlwaysEncrypted)
   at System.Data.SqlClient.SqlCommand.RunExecuteReaderTds(CommandBehavior cmdBehavior, RunBehavior runBehavior, Boolean returnStream, Boolean async, Int32 timeout, Task& task, Boolean asyncWrite, Boolean inRetry, SqlDataReader ds, Boolean describeParameterEncryptionRequest)
   at System.Data.SqlClient.SqlCommand.RunExecuteReader(CommandBehavior cmdBehavior, RunBehavior runBehavior, Boolean returnStream, String method, TaskCompletionSource`1 completion, Int32 timeout, Task& task, Boolean& usedCache, Boolean asyncWrite, Boolean inRetry)
   at System.Data.SqlClient.SqlCommand.InternalExecuteNonQuery(TaskCompletionSource`1 completion, String methodName, Boolean sendToPipe, Int32 timeout, Boolean& usedCache, Boolean asyncWrite, Boolean inRetry)
   at System.Data.SqlClient.SqlCommand.ExecuteNonQuery()
   at Microsoft.EntityFrameworkCore.Storage.Internal.RelationalCommand.Execute(IRelationalConnection connection, DbCommandMethod executeMethod, IReadOnlyDictionary`2 parameterValues)
   at Microsoft.EntityFrameworkCore.Storage.Internal.RelationalCommand.ExecuteNonQuery(IRelationalConnection connection, IReadOnlyDictionary`2 parameterValues)
   at Microsoft.EntityFrameworkCore.RelationalDatabaseFacadeExtensions.ExecuteSqlCommand(DatabaseFacade databaseFacade, RawSqlString sql, IEnumerable`1 parameters)
   at Microsoft.EntityFrameworkCore.RelationalDatabaseFacadeExtensions.ExecuteSqlCommand(DatabaseFacade databaseFacade, RawSqlString sql, Object[] parameters)
   at HDBH.SQLData.Infrastructure.GenericRepository.ExecWithStoreProcedureCommand(String query, SqlParameter[] parameters) in D:\WorkSpace\HopDongBaoHiem\SourceCode\dotNET\HDBH_New\HDBH.SQLData\Infrastructure\GenericRepository.cs:line 35
   at HDBH.Services.CPProductService.searchCpProdCommisInau(CPProductSearchViewModel model) in D:\WorkSpace\HopDongBaoHiem\SourceCode\dotNET\HDBH_New\HDBH.Services\CPProductService.cs:line 197
ClientConnectionId:cac621b3-6018-4fe6-8e65-cfbf63a03ffe
Error Number:8162,State:2,Class:16
ERROR ((!)) IIS APPPOOL\hdtsdb.net ((!))  07/13/2020 17:27:10 ((!)) isValid: True
ERROR ((!)) IIS APPPOOL\hdtsdb.net ((!))  07/13/2020 17:36:17 ((!)) isValid: True
ERROR ((!)) IIS APPPOOL\hdtsdb.net ((!))  07/13/2020 17:36:44 ((!)) isValid: True
ERROR ((!)) IIS APPPOOL\hdtsdb.net ((!))  07/13/2020 18:13:20 ((!)) isValid: True
ERROR ((!)) IIS APPPOOL\hdtsdb.net ((!))  07/13/2020 18:17:04 ((!)) isValid: True
ERROR ((!)) IIS APPPOOL\hdtsdb.net ((!))  07/13/2020 18:25:48 ((!)) isValid: True
ERROR ((!)) IIS APPPOOL\hdtsdb.net ((!))  07/13/2020 18:39:23 ((!)) isValid: True
