ERROR ((!)) IIS APPPOOL\hdtsdb.net ((!))  10/19/2019 10:31:54 ((!)) step1
ERROR ((!)) IIS APPPOOL\hdtsdb.net ((!))  10/19/2019 10:31:54 ((!)) isValid: True
ERROR ((!)) IIS APPPOOL\hdtsdb.net ((!))  10/19/2019 10:31:54 ((!)) isValid: True isExist: True ActiveDomain: ocb.vnContextType.Domain: Domain
ERROR ((!)) IIS APPPOOL\hdtsdb.net ((!))  10/19/2019 10:54:22 ((!)) step1
ERROR ((!)) IIS APPPOOL\hdtsdb.net ((!))  10/19/2019 10:54:22 ((!)) isValid: True
ERROR ((!)) IIS APPPOOL\hdtsdb.net ((!))  10/19/2019 10:54:22 ((!)) isValid: True isExist: True ActiveDomain: ocb.vnContextType.Domain: Domain
ERROR ((!)) IIS APPPOOL\hdtsdb.net ((!))  10/19/2019 10:55:23 ((!)) ResultInsuranceContractDetailService => GetInsuranceContractDetail
Newtonsoft.Json.JsonSerializationException: Unexpected end when reading JSON. Path '', line 1, position 2.
   at Newtonsoft.Json.JsonReader.ReadAndAssert()
   at Newtonsoft.Json.Serialization.JsonSerializerInternalReader.CreateObject(JsonReader reader, Type objectType, JsonContract contract, JsonProperty member, JsonContainerContract containerContract, JsonProperty containerMember, Object existingValue)
   at Newtonsoft.Json.Serialization.JsonSerializerInternalReader.CreateValueInternal(JsonReader reader, Type objectType, JsonContract contract, JsonProperty member, JsonContainerContract containerContract, JsonProperty containerMember, Object existingValue)
   at Newtonsoft.Json.Serialization.JsonSerializerInternalReader.Deserialize(JsonReader reader, Type objectType, Boolean checkAdditionalContent)
   at Newtonsoft.Json.JsonSerializer.DeserializeInternal(JsonReader reader, Type objectType)
   at Newtonsoft.Json.JsonConvert.DeserializeObject(String value, Type type, JsonSerializerSettings settings)
   at Newtonsoft.Json.JsonConvert.DeserializeObject[T](String value, JsonSerializerSettings settings)
   at Newtonsoft.Json.JsonConvert.DeserializeObject[T](String value)
   at HDBH.Services.Services.InsuranceContract.ResultInsuranceContractDetailService.GetInsuranceContractDetail(String p_insuranceContractNo) in D:\WorkSpace\HopDongBaoHiem\SourceCode\dotNET\HDBH_New\HDBH.Services\Services\InsuranceContract\ResultInsuranceContractDetailService.cs:line 45
ERROR ((!)) IIS APPPOOL\hdtsdb.net ((!))  10/19/2019 10:57:31 ((!)) step1
ERROR ((!)) IIS APPPOOL\hdtsdb.net ((!))  10/19/2019 10:57:31 ((!)) isValid: True
ERROR ((!)) IIS APPPOOL\hdtsdb.net ((!))  10/19/2019 10:57:31 ((!)) isValid: True isExist: True ActiveDomain: ocb.vnContextType.Domain: Domain
ERROR ((!)) IIS APPPOOL\hdtsdb.net ((!))  10/19/2019 10:57:32 ((!)) step1
ERROR ((!)) IIS APPPOOL\hdtsdb.net ((!))  10/19/2019 10:57:32 ((!)) isValid: True
ERROR ((!)) IIS APPPOOL\hdtsdb.net ((!))  10/19/2019 10:57:32 ((!)) isValid: True isExist: True ActiveDomain: ocb.vnContextType.Domain: Domain
ERROR ((!)) IIS APPPOOL\hdtsdb.net ((!))  10/19/2019 10:57:40 ((!)) ResultInsuranceContractDetailService => GetInsuranceContractDetail
Newtonsoft.Json.JsonSerializationException: Unexpected end when reading JSON. Path '', line 1, position 2.
   at Newtonsoft.Json.JsonReader.ReadAndAssert()
   at Newtonsoft.Json.Serialization.JsonSerializerInternalReader.CreateObject(JsonReader reader, Type objectType, JsonContract contract, JsonProperty member, JsonContainerContract containerContract, JsonProperty containerMember, Object existingValue)
   at Newtonsoft.Json.Serialization.JsonSerializerInternalReader.CreateValueInternal(JsonReader reader, Type objectType, JsonContract contract, JsonProperty member, JsonContainerContract containerContract, JsonProperty containerMember, Object existingValue)
   at Newtonsoft.Json.Serialization.JsonSerializerInternalReader.Deserialize(JsonReader reader, Type objectType, Boolean checkAdditionalContent)
   at Newtonsoft.Json.JsonSerializer.DeserializeInternal(JsonReader reader, Type objectType)
   at Newtonsoft.Json.JsonConvert.DeserializeObject(String value, Type type, JsonSerializerSettings settings)
   at Newtonsoft.Json.JsonConvert.DeserializeObject[T](String value, JsonSerializerSettings settings)
   at Newtonsoft.Json.JsonConvert.DeserializeObject[T](String value)
   at HDBH.Services.Services.InsuranceContract.ResultInsuranceContractDetailService.GetInsuranceContractDetail(String p_insuranceContractNo) in D:\WorkSpace\HopDongBaoHiem\SourceCode\dotNET\HDBH_New\HDBH.Services\Services\InsuranceContract\ResultInsuranceContractDetailService.cs:line 45
ERROR ((!)) IIS APPPOOL\hdtsdb.net ((!))  10/19/2019 10:58:03 ((!)) ResultInsuranceContractDetailService => GetInsuranceContractDetail
Newtonsoft.Json.JsonSerializationException: Unexpected end when reading JSON. Path '', line 1, position 2.
   at Newtonsoft.Json.JsonReader.ReadAndAssert()
   at Newtonsoft.Json.Serialization.JsonSerializerInternalReader.CreateObject(JsonReader reader, Type objectType, JsonContract contract, JsonProperty member, JsonContainerContract containerContract, JsonProperty containerMember, Object existingValue)
   at Newtonsoft.Json.Serialization.JsonSerializerInternalReader.CreateValueInternal(JsonReader reader, Type objectType, JsonContract contract, JsonProperty member, JsonContainerContract containerContract, JsonProperty containerMember, Object existingValue)
   at Newtonsoft.Json.Serialization.JsonSerializerInternalReader.Deserialize(JsonReader reader, Type objectType, Boolean checkAdditionalContent)
   at Newtonsoft.Json.JsonSerializer.DeserializeInternal(JsonReader reader, Type objectType)
   at Newtonsoft.Json.JsonConvert.DeserializeObject(String value, Type type, JsonSerializerSettings settings)
   at Newtonsoft.Json.JsonConvert.DeserializeObject[T](String value, JsonSerializerSettings settings)
   at Newtonsoft.Json.JsonConvert.DeserializeObject[T](String value)
   at HDBH.Services.Services.InsuranceContract.ResultInsuranceContractDetailService.GetInsuranceContractDetail(String p_insuranceContractNo) in D:\WorkSpace\HopDongBaoHiem\SourceCode\dotNET\HDBH_New\HDBH.Services\Services\InsuranceContract\ResultInsuranceContractDetailService.cs:line 45
ERROR ((!)) IIS APPPOOL\hdtsdb.net ((!))  10/19/2019 11:18:53 ((!)) step1
ERROR ((!)) IIS APPPOOL\hdtsdb.net ((!))  10/19/2019 11:18:53 ((!)) isValid: True
ERROR ((!)) IIS APPPOOL\hdtsdb.net ((!))  10/19/2019 11:18:53 ((!)) isValid: True isExist: True ActiveDomain: ocb.vnContextType.Domain: Domain
ERROR ((!)) IIS APPPOOL\hdtsdb.net ((!))  10/19/2019 11:18:59 ((!)) ResultInsuranceContractDetailService => GetInsuranceContractDetail
Newtonsoft.Json.JsonSerializationException: Unexpected end when reading JSON. Path '', line 1, position 2.
   at Newtonsoft.Json.JsonReader.ReadAndAssert()
   at Newtonsoft.Json.Serialization.JsonSerializerInternalReader.CreateObject(JsonReader reader, Type objectType, JsonContract contract, JsonProperty member, JsonContainerContract containerContract, JsonProperty containerMember, Object existingValue)
   at Newtonsoft.Json.Serialization.JsonSerializerInternalReader.CreateValueInternal(JsonReader reader, Type objectType, JsonContract contract, JsonProperty member, JsonContainerContract containerContract, JsonProperty containerMember, Object existingValue)
   at Newtonsoft.Json.Serialization.JsonSerializerInternalReader.Deserialize(JsonReader reader, Type objectType, Boolean checkAdditionalContent)
   at Newtonsoft.Json.JsonSerializer.DeserializeInternal(JsonReader reader, Type objectType)
   at Newtonsoft.Json.JsonConvert.DeserializeObject(String value, Type type, JsonSerializerSettings settings)
   at Newtonsoft.Json.JsonConvert.DeserializeObject[T](String value, JsonSerializerSettings settings)
   at Newtonsoft.Json.JsonConvert.DeserializeObject[T](String value)
   at HDBH.Services.Services.InsuranceContract.ResultInsuranceContractDetailService.GetInsuranceContractDetail(String p_insuranceContractNo) in D:\WorkSpace\HopDongBaoHiem\SourceCode\dotNET\HDBH_New\HDBH.Services\Services\InsuranceContract\ResultInsuranceContractDetailService.cs:line 45
ERROR ((!)) IIS APPPOOL\hdtsdb.net ((!))  10/19/2019 11:19:22 ((!)) ResultInsuranceContractDetailService => GetInsuranceContractDetail
Newtonsoft.Json.JsonSerializationException: Unexpected end when reading JSON. Path '', line 1, position 2.
   at Newtonsoft.Json.JsonReader.ReadAndAssert()
   at Newtonsoft.Json.Serialization.JsonSerializerInternalReader.CreateObject(JsonReader reader, Type objectType, JsonContract contract, JsonProperty member, JsonContainerContract containerContract, JsonProperty containerMember, Object existingValue)
   at Newtonsoft.Json.Serialization.JsonSerializerInternalReader.CreateValueInternal(JsonReader reader, Type objectType, JsonContract contract, JsonProperty member, JsonContainerContract containerContract, JsonProperty containerMember, Object existingValue)
   at Newtonsoft.Json.Serialization.JsonSerializerInternalReader.Deserialize(JsonReader reader, Type objectType, Boolean checkAdditionalContent)
   at Newtonsoft.Json.JsonSerializer.DeserializeInternal(JsonReader reader, Type objectType)
   at Newtonsoft.Json.JsonConvert.DeserializeObject(String value, Type type, JsonSerializerSettings settings)
   at Newtonsoft.Json.JsonConvert.DeserializeObject[T](String value, JsonSerializerSettings settings)
   at Newtonsoft.Json.JsonConvert.DeserializeObject[T](String value)
   at HDBH.Services.Services.InsuranceContract.ResultInsuranceContractDetailService.GetInsuranceContractDetail(String p_insuranceContractNo) in D:\WorkSpace\HopDongBaoHiem\SourceCode\dotNET\HDBH_New\HDBH.Services\Services\InsuranceContract\ResultInsuranceContractDetailService.cs:line 45
ERROR ((!)) IIS APPPOOL\hdtsdb.net ((!))  10/19/2019 11:19:24 ((!)) ResultInsuranceContractDetailService => GetInsuranceContractDetail
Newtonsoft.Json.JsonSerializationException: Unexpected end when reading JSON. Path '', line 1, position 2.
   at Newtonsoft.Json.JsonReader.ReadAndAssert()
   at Newtonsoft.Json.Serialization.JsonSerializerInternalReader.CreateObject(JsonReader reader, Type objectType, JsonContract contract, JsonProperty member, JsonContainerContract containerContract, JsonProperty containerMember, Object existingValue)
   at Newtonsoft.Json.Serialization.JsonSerializerInternalReader.CreateValueInternal(JsonReader reader, Type objectType, JsonContract contract, JsonProperty member, JsonContainerContract containerContract, JsonProperty containerMember, Object existingValue)
   at Newtonsoft.Json.Serialization.JsonSerializerInternalReader.Deserialize(JsonReader reader, Type objectType, Boolean checkAdditionalContent)
   at Newtonsoft.Json.JsonSerializer.DeserializeInternal(JsonReader reader, Type objectType)
   at Newtonsoft.Json.JsonConvert.DeserializeObject(String value, Type type, JsonSerializerSettings settings)
   at Newtonsoft.Json.JsonConvert.DeserializeObject[T](String value, JsonSerializerSettings settings)
   at Newtonsoft.Json.JsonConvert.DeserializeObject[T](String value)
   at HDBH.Services.Services.InsuranceContract.ResultInsuranceContractDetailService.GetInsuranceContractDetail(String p_insuranceContractNo) in D:\WorkSpace\HopDongBaoHiem\SourceCode\dotNET\HDBH_New\HDBH.Services\Services\InsuranceContract\ResultInsuranceContractDetailService.cs:line 45
ERROR ((!)) IIS APPPOOL\hdtsdb.net ((!))  10/19/2019 11:19:46 ((!)) ResultInsuranceContractDetailService => GetInsuranceContractDetail
Newtonsoft.Json.JsonSerializationException: Unexpected end when reading JSON. Path '', line 1, position 2.
   at Newtonsoft.Json.JsonReader.ReadAndAssert()
   at Newtonsoft.Json.Serialization.JsonSerializerInternalReader.CreateObject(JsonReader reader, Type objectType, JsonContract contract, JsonProperty member, JsonContainerContract containerContract, JsonProperty containerMember, Object existingValue)
   at Newtonsoft.Json.Serialization.JsonSerializerInternalReader.CreateValueInternal(JsonReader reader, Type objectType, JsonContract contract, JsonProperty member, JsonContainerContract containerContract, JsonProperty containerMember, Object existingValue)
   at Newtonsoft.Json.Serialization.JsonSerializerInternalReader.Deserialize(JsonReader reader, Type objectType, Boolean checkAdditionalContent)
   at Newtonsoft.Json.JsonSerializer.DeserializeInternal(JsonReader reader, Type objectType)
   at Newtonsoft.Json.JsonConvert.DeserializeObject(String value, Type type, JsonSerializerSettings settings)
   at Newtonsoft.Json.JsonConvert.DeserializeObject[T](String value, JsonSerializerSettings settings)
   at Newtonsoft.Json.JsonConvert.DeserializeObject[T](String value)
   at HDBH.Services.Services.InsuranceContract.ResultInsuranceContractDetailService.GetInsuranceContractDetail(String p_insuranceContractNo) in D:\WorkSpace\HopDongBaoHiem\SourceCode\dotNET\HDBH_New\HDBH.Services\Services\InsuranceContract\ResultInsuranceContractDetailService.cs:line 45
ERROR ((!)) IIS APPPOOL\hdtsdb.net ((!))  10/19/2019 11:35:19 ((!)) ResultInsuranceContractDetailService => GetInsuranceContractDetail
Newtonsoft.Json.JsonSerializationException: Unexpected end when reading JSON. Path '', line 1, position 2.
   at Newtonsoft.Json.JsonReader.ReadAndAssert()
   at Newtonsoft.Json.Serialization.JsonSerializerInternalReader.CreateObject(JsonReader reader, Type objectType, JsonContract contract, JsonProperty member, JsonContainerContract containerContract, JsonProperty containerMember, Object existingValue)
   at Newtonsoft.Json.Serialization.JsonSerializerInternalReader.CreateValueInternal(JsonReader reader, Type objectType, JsonContract contract, JsonProperty member, JsonContainerContract containerContract, JsonProperty containerMember, Object existingValue)
   at Newtonsoft.Json.Serialization.JsonSerializerInternalReader.Deserialize(JsonReader reader, Type objectType, Boolean checkAdditionalContent)
   at Newtonsoft.Json.JsonSerializer.DeserializeInternal(JsonReader reader, Type objectType)
   at Newtonsoft.Json.JsonConvert.DeserializeObject(String value, Type type, JsonSerializerSettings settings)
   at Newtonsoft.Json.JsonConvert.DeserializeObject[T](String value, JsonSerializerSettings settings)
   at Newtonsoft.Json.JsonConvert.DeserializeObject[T](String value)
   at HDBH.Services.Services.InsuranceContract.ResultInsuranceContractDetailService.GetInsuranceContractDetail(String p_insuranceContractNo) in D:\WorkSpace\HopDongBaoHiem\SourceCode\dotNET\HDBH_New\HDBH.Services\Services\InsuranceContract\ResultInsuranceContractDetailService.cs:line 45
ERROR ((!)) IIS APPPOOL\hdtsdb.net ((!))  10/19/2019 11:36:49 ((!)) ResultInsuranceContractDetailService => GetInsuranceContractDetail
Newtonsoft.Json.JsonSerializationException: Unexpected end when reading JSON. Path '', line 1, position 2.
   at Newtonsoft.Json.JsonReader.ReadAndAssert()
   at Newtonsoft.Json.Serialization.JsonSerializerInternalReader.CreateObject(JsonReader reader, Type objectType, JsonContract contract, JsonProperty member, JsonContainerContract containerContract, JsonProperty containerMember, Object existingValue)
   at Newtonsoft.Json.Serialization.JsonSerializerInternalReader.CreateValueInternal(JsonReader reader, Type objectType, JsonContract contract, JsonProperty member, JsonContainerContract containerContract, JsonProperty containerMember, Object existingValue)
   at Newtonsoft.Json.Serialization.JsonSerializerInternalReader.Deserialize(JsonReader reader, Type objectType, Boolean checkAdditionalContent)
   at Newtonsoft.Json.JsonSerializer.DeserializeInternal(JsonReader reader, Type objectType)
   at Newtonsoft.Json.JsonConvert.DeserializeObject(String value, Type type, JsonSerializerSettings settings)
   at Newtonsoft.Json.JsonConvert.DeserializeObject[T](String value, JsonSerializerSettings settings)
   at Newtonsoft.Json.JsonConvert.DeserializeObject[T](String value)
   at HDBH.Services.Services.InsuranceContract.ResultInsuranceContractDetailService.GetInsuranceContractDetail(String p_insuranceContractNo) in D:\WorkSpace\HopDongBaoHiem\SourceCode\dotNET\HDBH_New\HDBH.Services\Services\InsuranceContract\ResultInsuranceContractDetailService.cs:line 45
ERROR ((!)) IIS APPPOOL\hdtsdb.net ((!))  10/19/2019 11:36:55 ((!)) ResultInsuranceContractDetailService => GetInsuranceContractDetail
Newtonsoft.Json.JsonSerializationException: Unexpected end when reading JSON. Path '', line 1, position 2.
   at Newtonsoft.Json.JsonReader.ReadAndAssert()
   at Newtonsoft.Json.Serialization.JsonSerializerInternalReader.CreateObject(JsonReader reader, Type objectType, JsonContract contract, JsonProperty member, JsonContainerContract containerContract, JsonProperty containerMember, Object existingValue)
   at Newtonsoft.Json.Serialization.JsonSerializerInternalReader.CreateValueInternal(JsonReader reader, Type objectType, JsonContract contract, JsonProperty member, JsonContainerContract containerContract, JsonProperty containerMember, Object existingValue)
   at Newtonsoft.Json.Serialization.JsonSerializerInternalReader.Deserialize(JsonReader reader, Type objectType, Boolean checkAdditionalContent)
   at Newtonsoft.Json.JsonSerializer.DeserializeInternal(JsonReader reader, Type objectType)
   at Newtonsoft.Json.JsonConvert.DeserializeObject(String value, Type type, JsonSerializerSettings settings)
   at Newtonsoft.Json.JsonConvert.DeserializeObject[T](String value, JsonSerializerSettings settings)
   at Newtonsoft.Json.JsonConvert.DeserializeObject[T](String value)
   at HDBH.Services.Services.InsuranceContract.ResultInsuranceContractDetailService.GetInsuranceContractDetail(String p_insuranceContractNo) in D:\WorkSpace\HopDongBaoHiem\SourceCode\dotNET\HDBH_New\HDBH.Services\Services\InsuranceContract\ResultInsuranceContractDetailService.cs:line 45
ERROR ((!)) IIS APPPOOL\hdtsdb.net ((!))  10/19/2019 11:37:11 ((!)) ResultInsuranceContractDetailService => GetInsuranceContractDetail
Newtonsoft.Json.JsonSerializationException: Unexpected end when reading JSON. Path '', line 1, position 2.
   at Newtonsoft.Json.JsonReader.ReadAndAssert()
   at Newtonsoft.Json.Serialization.JsonSerializerInternalReader.CreateObject(JsonReader reader, Type objectType, JsonContract contract, JsonProperty member, JsonContainerContract containerContract, JsonProperty containerMember, Object existingValue)
   at Newtonsoft.Json.Serialization.JsonSerializerInternalReader.CreateValueInternal(JsonReader reader, Type objectType, JsonContract contract, JsonProperty member, JsonContainerContract containerContract, JsonProperty containerMember, Object existingValue)
   at Newtonsoft.Json.Serialization.JsonSerializerInternalReader.Deserialize(JsonReader reader, Type objectType, Boolean checkAdditionalContent)
   at Newtonsoft.Json.JsonSerializer.DeserializeInternal(JsonReader reader, Type objectType)
   at Newtonsoft.Json.JsonConvert.DeserializeObject(String value, Type type, JsonSerializerSettings settings)
   at Newtonsoft.Json.JsonConvert.DeserializeObject[T](String value, JsonSerializerSettings settings)
   at Newtonsoft.Json.JsonConvert.DeserializeObject[T](String value)
   at HDBH.Services.Services.InsuranceContract.ResultInsuranceContractDetailService.GetInsuranceContractDetail(String p_insuranceContractNo) in D:\WorkSpace\HopDongBaoHiem\SourceCode\dotNET\HDBH_New\HDBH.Services\Services\InsuranceContract\ResultInsuranceContractDetailService.cs:line 45
ERROR ((!)) IIS APPPOOL\hdtsdb.net ((!))  10/19/2019 11:37:41 ((!)) ResultInsuranceContractDetailService => GetInsuranceContractDetail
Newtonsoft.Json.JsonSerializationException: Unexpected end when reading JSON. Path '', line 1, position 2.
   at Newtonsoft.Json.JsonReader.ReadAndAssert()
   at Newtonsoft.Json.Serialization.JsonSerializerInternalReader.CreateObject(JsonReader reader, Type objectType, JsonContract contract, JsonProperty member, JsonContainerContract containerContract, JsonProperty containerMember, Object existingValue)
   at Newtonsoft.Json.Serialization.JsonSerializerInternalReader.CreateValueInternal(JsonReader reader, Type objectType, JsonContract contract, JsonProperty member, JsonContainerContract containerContract, JsonProperty containerMember, Object existingValue)
   at Newtonsoft.Json.Serialization.JsonSerializerInternalReader.Deserialize(JsonReader reader, Type objectType, Boolean checkAdditionalContent)
   at Newtonsoft.Json.JsonSerializer.DeserializeInternal(JsonReader reader, Type objectType)
   at Newtonsoft.Json.JsonConvert.DeserializeObject(String value, Type type, JsonSerializerSettings settings)
   at Newtonsoft.Json.JsonConvert.DeserializeObject[T](String value, JsonSerializerSettings settings)
   at Newtonsoft.Json.JsonConvert.DeserializeObject[T](String value)
   at HDBH.Services.Services.InsuranceContract.ResultInsuranceContractDetailService.GetInsuranceContractDetail(String p_insuranceContractNo) in D:\WorkSpace\HopDongBaoHiem\SourceCode\dotNET\HDBH_New\HDBH.Services\Services\InsuranceContract\ResultInsuranceContractDetailService.cs:line 45
ERROR ((!)) IIS APPPOOL\hdtsdb.net ((!))  10/19/2019 11:44:03 ((!)) step1
ERROR ((!)) IIS APPPOOL\hdtsdb.net ((!))  10/19/2019 11:44:03 ((!)) isValid: True
ERROR ((!)) IIS APPPOOL\hdtsdb.net ((!))  10/19/2019 11:44:03 ((!)) isValid: True isExist: True ActiveDomain: ocb.vnContextType.Domain: Domain
ERROR ((!)) IIS APPPOOL\hdtsdb.net ((!))  10/19/2019 12:00:47 ((!)) NonlifeInsuranceDetailService => getInsuranceDetail
Newtonsoft.Json.JsonReaderException: Could not convert string to DateTime: 30/09/2019. Path '[0].DUEDATE', line 29, position 27.
   at Newtonsoft.Json.JsonReader.ReadDateTimeString(String s)
   at Newtonsoft.Json.JsonTextReader.FinishReadQuotedStringValue(ReadType readType)
   at Newtonsoft.Json.JsonTextReader.ReadStringValue(ReadType readType)
   at Newtonsoft.Json.JsonTextReader.ReadAsDateTime()
   at Newtonsoft.Json.JsonReader.ReadForType(JsonContract contract, Boolean hasConverter)
   at Newtonsoft.Json.Serialization.JsonSerializerInternalReader.PopulateObject(Object newObject, JsonReader reader, JsonObjectContract contract, JsonProperty member, String id)
   at Newtonsoft.Json.Serialization.JsonSerializerInternalReader.CreateObject(JsonReader reader, Type objectType, JsonContract contract, JsonProperty member, JsonContainerContract containerContract, JsonProperty containerMember, Object existingValue)
   at Newtonsoft.Json.Serialization.JsonSerializerInternalReader.CreateValueInternal(JsonReader reader, Type objectType, JsonContract contract, JsonProperty member, JsonContainerContract containerContract, JsonProperty containerMember, Object existingValue)
   at Newtonsoft.Json.Serialization.JsonSerializerInternalReader.PopulateList(IList list, JsonReader reader, JsonArrayContract contract, JsonProperty containerProperty, String id)
   at Newtonsoft.Json.Serialization.JsonSerializerInternalReader.CreateList(JsonReader reader, Type objectType, JsonContract contract, JsonProperty member, Object existingValue, String id)
   at Newtonsoft.Json.Serialization.JsonSerializerInternalReader.CreateValueInternal(JsonReader reader, Type objectType, JsonContract contract, JsonProperty member, JsonContainerContract containerContract, JsonProperty containerMember, Object existingValue)
   at Newtonsoft.Json.Serialization.JsonSerializerInternalReader.Deserialize(JsonReader reader, Type objectType, Boolean checkAdditionalContent)
   at Newtonsoft.Json.JsonSerializer.DeserializeInternal(JsonReader reader, Type objectType)
   at Newtonsoft.Json.JsonConvert.DeserializeObject(String value, Type type, JsonSerializerSettings settings)
   at Newtonsoft.Json.JsonConvert.DeserializeObject[T](String value, JsonSerializerSettings settings)
   at Newtonsoft.Json.JsonConvert.DeserializeObject[T](String value)
   at HDBH.Services.NonlifeInsuranceDetailService.getInsuranceDetail(String p_insuranceContractNo) in D:\WorkSpace\HopDongBaoHiem\SourceCode\dotNET\HDBH_New\HDBH.Services\Services\NonLifeInsurance\NonlifeInsuranceDetailService.cs:line 55
ERROR ((!)) IIS APPPOOL\hdtsdb.net ((!))  10/19/2019 12:00:49 ((!)) NonlifeInsuranceDetailService => getInsuranceDetail
Newtonsoft.Json.JsonReaderException: Could not convert string to DateTime: 30/09/2019. Path '[0].DUEDATE', line 29, position 27.
   at Newtonsoft.Json.JsonReader.ReadDateTimeString(String s)
   at Newtonsoft.Json.JsonTextReader.FinishReadQuotedStringValue(ReadType readType)
   at Newtonsoft.Json.JsonTextReader.ReadStringValue(ReadType readType)
   at Newtonsoft.Json.JsonTextReader.ReadAsDateTime()
   at Newtonsoft.Json.JsonReader.ReadForType(JsonContract contract, Boolean hasConverter)
   at Newtonsoft.Json.Serialization.JsonSerializerInternalReader.PopulateObject(Object newObject, JsonReader reader, JsonObjectContract contract, JsonProperty member, String id)
   at Newtonsoft.Json.Serialization.JsonSerializerInternalReader.CreateObject(JsonReader reader, Type objectType, JsonContract contract, JsonProperty member, JsonContainerContract containerContract, JsonProperty containerMember, Object existingValue)
   at Newtonsoft.Json.Serialization.JsonSerializerInternalReader.CreateValueInternal(JsonReader reader, Type objectType, JsonContract contract, JsonProperty member, JsonContainerContract containerContract, JsonProperty containerMember, Object existingValue)
   at Newtonsoft.Json.Serialization.JsonSerializerInternalReader.PopulateList(IList list, JsonReader reader, JsonArrayContract contract, JsonProperty containerProperty, String id)
   at Newtonsoft.Json.Serialization.JsonSerializerInternalReader.CreateList(JsonReader reader, Type objectType, JsonContract contract, JsonProperty member, Object existingValue, String id)
   at Newtonsoft.Json.Serialization.JsonSerializerInternalReader.CreateValueInternal(JsonReader reader, Type objectType, JsonContract contract, JsonProperty member, JsonContainerContract containerContract, JsonProperty containerMember, Object existingValue)
   at Newtonsoft.Json.Serialization.JsonSerializerInternalReader.Deserialize(JsonReader reader, Type objectType, Boolean checkAdditionalContent)
   at Newtonsoft.Json.JsonSerializer.DeserializeInternal(JsonReader reader, Type objectType)
   at Newtonsoft.Json.JsonConvert.DeserializeObject(String value, Type type, JsonSerializerSettings settings)
   at Newtonsoft.Json.JsonConvert.DeserializeObject[T](String value, JsonSerializerSettings settings)
   at Newtonsoft.Json.JsonConvert.DeserializeObject[T](String value)
   at HDBH.Services.NonlifeInsuranceDetailService.getInsuranceDetail(String p_insuranceContractNo) in D:\WorkSpace\HopDongBaoHiem\SourceCode\dotNET\HDBH_New\HDBH.Services\Services\NonLifeInsurance\NonlifeInsuranceDetailService.cs:line 55
ERROR ((!)) IIS APPPOOL\hdtsdb.net ((!))  10/19/2019 12:00:49 ((!)) NonlifeInsuranceDetailService => getInsuranceDetail
Newtonsoft.Json.JsonReaderException: Could not convert string to DateTime: 30/09/2019. Path '[0].DUEDATE', line 29, position 27.
   at Newtonsoft.Json.JsonReader.ReadDateTimeString(String s)
   at Newtonsoft.Json.JsonTextReader.FinishReadQuotedStringValue(ReadType readType)
   at Newtonsoft.Json.JsonTextReader.ReadStringValue(ReadType readType)
   at Newtonsoft.Json.JsonTextReader.ReadAsDateTime()
   at Newtonsoft.Json.JsonReader.ReadForType(JsonContract contract, Boolean hasConverter)
   at Newtonsoft.Json.Serialization.JsonSerializerInternalReader.PopulateObject(Object newObject, JsonReader reader, JsonObjectContract contract, JsonProperty member, String id)
   at Newtonsoft.Json.Serialization.JsonSerializerInternalReader.CreateObject(JsonReader reader, Type objectType, JsonContract contract, JsonProperty member, JsonContainerContract containerContract, JsonProperty containerMember, Object existingValue)
   at Newtonsoft.Json.Serialization.JsonSerializerInternalReader.CreateValueInternal(JsonReader reader, Type objectType, JsonContract contract, JsonProperty member, JsonContainerContract containerContract, JsonProperty containerMember, Object existingValue)
   at Newtonsoft.Json.Serialization.JsonSerializerInternalReader.PopulateList(IList list, JsonReader reader, JsonArrayContract contract, JsonProperty containerProperty, String id)
   at Newtonsoft.Json.Serialization.JsonSerializerInternalReader.CreateList(JsonReader reader, Type objectType, JsonContract contract, JsonProperty member, Object existingValue, String id)
   at Newtonsoft.Json.Serialization.JsonSerializerInternalReader.CreateValueInternal(JsonReader reader, Type objectType, JsonContract contract, JsonProperty member, JsonContainerContract containerContract, JsonProperty containerMember, Object existingValue)
   at Newtonsoft.Json.Serialization.JsonSerializerInternalReader.Deserialize(JsonReader reader, Type objectType, Boolean checkAdditionalContent)
   at Newtonsoft.Json.JsonSerializer.DeserializeInternal(JsonReader reader, Type objectType)
   at Newtonsoft.Json.JsonConvert.DeserializeObject(String value, Type type, JsonSerializerSettings settings)
   at Newtonsoft.Json.JsonConvert.DeserializeObject[T](String value, JsonSerializerSettings settings)
   at Newtonsoft.Json.JsonConvert.DeserializeObject[T](String value)
   at HDBH.Services.NonlifeInsuranceDetailService.getInsuranceDetail(String p_insuranceContractNo) in D:\WorkSpace\HopDongBaoHiem\SourceCode\dotNET\HDBH_New\HDBH.Services\Services\NonLifeInsurance\NonlifeInsuranceDetailService.cs:line 55
ERROR ((!)) IIS APPPOOL\hdtsdb.net ((!))  10/19/2019 12:00:55 ((!)) NonlifeInsuranceDetailService => getInsuranceDetail
Newtonsoft.Json.JsonReaderException: Could not convert string to DateTime: 30/09/2019. Path '[0].DUEDATE', line 29, position 27.
   at Newtonsoft.Json.JsonReader.ReadDateTimeString(String s)
   at Newtonsoft.Json.JsonTextReader.FinishReadQuotedStringValue(ReadType readType)
   at Newtonsoft.Json.JsonTextReader.ReadStringValue(ReadType readType)
   at Newtonsoft.Json.JsonTextReader.ReadAsDateTime()
   at Newtonsoft.Json.JsonReader.ReadForType(JsonContract contract, Boolean hasConverter)
   at Newtonsoft.Json.Serialization.JsonSerializerInternalReader.PopulateObject(Object newObject, JsonReader reader, JsonObjectContract contract, JsonProperty member, String id)
   at Newtonsoft.Json.Serialization.JsonSerializerInternalReader.CreateObject(JsonReader reader, Type objectType, JsonContract contract, JsonProperty member, JsonContainerContract containerContract, JsonProperty containerMember, Object existingValue)
   at Newtonsoft.Json.Serialization.JsonSerializerInternalReader.CreateValueInternal(JsonReader reader, Type objectType, JsonContract contract, JsonProperty member, JsonContainerContract containerContract, JsonProperty containerMember, Object existingValue)
   at Newtonsoft.Json.Serialization.JsonSerializerInternalReader.PopulateList(IList list, JsonReader reader, JsonArrayContract contract, JsonProperty containerProperty, String id)
   at Newtonsoft.Json.Serialization.JsonSerializerInternalReader.CreateList(JsonReader reader, Type objectType, JsonContract contract, JsonProperty member, Object existingValue, String id)
   at Newtonsoft.Json.Serialization.JsonSerializerInternalReader.CreateValueInternal(JsonReader reader, Type objectType, JsonContract contract, JsonProperty member, JsonContainerContract containerContract, JsonProperty containerMember, Object existingValue)
   at Newtonsoft.Json.Serialization.JsonSerializerInternalReader.Deserialize(JsonReader reader, Type objectType, Boolean checkAdditionalContent)
   at Newtonsoft.Json.JsonSerializer.DeserializeInternal(JsonReader reader, Type objectType)
   at Newtonsoft.Json.JsonConvert.DeserializeObject(String value, Type type, JsonSerializerSettings settings)
   at Newtonsoft.Json.JsonConvert.DeserializeObject[T](String value, JsonSerializerSettings settings)
   at Newtonsoft.Json.JsonConvert.DeserializeObject[T](String value)
   at HDBH.Services.NonlifeInsuranceDetailService.getInsuranceDetail(String p_insuranceContractNo) in D:\WorkSpace\HopDongBaoHiem\SourceCode\dotNET\HDBH_New\HDBH.Services\Services\NonLifeInsurance\NonlifeInsuranceDetailService.cs:line 55
ERROR ((!)) IIS APPPOOL\hdtsdb.net ((!))  10/19/2019 12:00:55 ((!)) NonlifeInsuranceDetailService => getInsuranceDetail
Newtonsoft.Json.JsonReaderException: Could not convert string to DateTime: 30/09/2019. Path '[0].DUEDATE', line 29, position 27.
   at Newtonsoft.Json.JsonReader.ReadDateTimeString(String s)
   at Newtonsoft.Json.JsonTextReader.FinishReadQuotedStringValue(ReadType readType)
   at Newtonsoft.Json.JsonTextReader.ReadStringValue(ReadType readType)
   at Newtonsoft.Json.JsonTextReader.ReadAsDateTime()
   at Newtonsoft.Json.JsonReader.ReadForType(JsonContract contract, Boolean hasConverter)
   at Newtonsoft.Json.Serialization.JsonSerializerInternalReader.PopulateObject(Object newObject, JsonReader reader, JsonObjectContract contract, JsonProperty member, String id)
   at Newtonsoft.Json.Serialization.JsonSerializerInternalReader.CreateObject(JsonReader reader, Type objectType, JsonContract contract, JsonProperty member, JsonContainerContract containerContract, JsonProperty containerMember, Object existingValue)
   at Newtonsoft.Json.Serialization.JsonSerializerInternalReader.CreateValueInternal(JsonReader reader, Type objectType, JsonContract contract, JsonProperty member, JsonContainerContract containerContract, JsonProperty containerMember, Object existingValue)
   at Newtonsoft.Json.Serialization.JsonSerializerInternalReader.PopulateList(IList list, JsonReader reader, JsonArrayContract contract, JsonProperty containerProperty, String id)
   at Newtonsoft.Json.Serialization.JsonSerializerInternalReader.CreateList(JsonReader reader, Type objectType, JsonContract contract, JsonProperty member, Object existingValue, String id)
   at Newtonsoft.Json.Serialization.JsonSerializerInternalReader.CreateValueInternal(JsonReader reader, Type objectType, JsonContract contract, JsonProperty member, JsonContainerContract containerContract, JsonProperty containerMember, Object existingValue)
   at Newtonsoft.Json.Serialization.JsonSerializerInternalReader.Deserialize(JsonReader reader, Type objectType, Boolean checkAdditionalContent)
   at Newtonsoft.Json.JsonSerializer.DeserializeInternal(JsonReader reader, Type objectType)
   at Newtonsoft.Json.JsonConvert.DeserializeObject(String value, Type type, JsonSerializerSettings settings)
   at Newtonsoft.Json.JsonConvert.DeserializeObject[T](String value, JsonSerializerSettings settings)
   at Newtonsoft.Json.JsonConvert.DeserializeObject[T](String value)
   at HDBH.Services.NonlifeInsuranceDetailService.getInsuranceDetail(String p_insuranceContractNo) in D:\WorkSpace\HopDongBaoHiem\SourceCode\dotNET\HDBH_New\HDBH.Services\Services\NonLifeInsurance\NonlifeInsuranceDetailService.cs:line 55
ERROR ((!)) IIS APPPOOL\hdtsdb.net ((!))  10/19/2019 12:01:03 ((!)) NonlifeInsuranceDetailService => getInsuranceDetail
Newtonsoft.Json.JsonReaderException: Could not convert string to DateTime: 30/09/2019. Path '[0].DUEDATE', line 29, position 27.
   at Newtonsoft.Json.JsonReader.ReadDateTimeString(String s)
   at Newtonsoft.Json.JsonTextReader.FinishReadQuotedStringValue(ReadType readType)
   at Newtonsoft.Json.JsonTextReader.ReadStringValue(ReadType readType)
   at Newtonsoft.Json.JsonTextReader.ReadAsDateTime()
   at Newtonsoft.Json.JsonReader.ReadForType(JsonContract contract, Boolean hasConverter)
   at Newtonsoft.Json.Serialization.JsonSerializerInternalReader.PopulateObject(Object newObject, JsonReader reader, JsonObjectContract contract, JsonProperty member, String id)
   at Newtonsoft.Json.Serialization.JsonSerializerInternalReader.CreateObject(JsonReader reader, Type objectType, JsonContract contract, JsonProperty member, JsonContainerContract containerContract, JsonProperty containerMember, Object existingValue)
   at Newtonsoft.Json.Serialization.JsonSerializerInternalReader.CreateValueInternal(JsonReader reader, Type objectType, JsonContract contract, JsonProperty member, JsonContainerContract containerContract, JsonProperty containerMember, Object existingValue)
   at Newtonsoft.Json.Serialization.JsonSerializerInternalReader.PopulateList(IList list, JsonReader reader, JsonArrayContract contract, JsonProperty containerProperty, String id)
   at Newtonsoft.Json.Serialization.JsonSerializerInternalReader.CreateList(JsonReader reader, Type objectType, JsonContract contract, JsonProperty member, Object existingValue, String id)
   at Newtonsoft.Json.Serialization.JsonSerializerInternalReader.CreateValueInternal(JsonReader reader, Type objectType, JsonContract contract, JsonProperty member, JsonContainerContract containerContract, JsonProperty containerMember, Object existingValue)
   at Newtonsoft.Json.Serialization.JsonSerializerInternalReader.Deserialize(JsonReader reader, Type objectType, Boolean checkAdditionalContent)
   at Newtonsoft.Json.JsonSerializer.DeserializeInternal(JsonReader reader, Type objectType)
   at Newtonsoft.Json.JsonConvert.DeserializeObject(String value, Type type, JsonSerializerSettings settings)
   at Newtonsoft.Json.JsonConvert.DeserializeObject[T](String value, JsonSerializerSettings settings)
   at Newtonsoft.Json.JsonConvert.DeserializeObject[T](String value)
   at HDBH.Services.NonlifeInsuranceDetailService.getInsuranceDetail(String p_insuranceContractNo) in D:\WorkSpace\HopDongBaoHiem\SourceCode\dotNET\HDBH_New\HDBH.Services\Services\NonLifeInsurance\NonlifeInsuranceDetailService.cs:line 55
ERROR ((!)) IIS APPPOOL\hdtsdb.net ((!))  10/19/2019 12:03:44 ((!)) NonlifeInsuranceDetailService => getInsuranceDetail
Newtonsoft.Json.JsonReaderException: Could not convert string to DateTime: 30/09/2019. Path '[0].DUEDATE', line 29, position 27.
   at Newtonsoft.Json.JsonReader.ReadDateTimeString(String s)
   at Newtonsoft.Json.JsonTextReader.FinishReadQuotedStringValue(ReadType readType)
   at Newtonsoft.Json.JsonTextReader.ReadStringValue(ReadType readType)
   at Newtonsoft.Json.JsonTextReader.ReadAsDateTime()
   at Newtonsoft.Json.JsonReader.ReadForType(JsonContract contract, Boolean hasConverter)
   at Newtonsoft.Json.Serialization.JsonSerializerInternalReader.PopulateObject(Object newObject, JsonReader reader, JsonObjectContract contract, JsonProperty member, String id)
   at Newtonsoft.Json.Serialization.JsonSerializerInternalReader.CreateObject(JsonReader reader, Type objectType, JsonContract contract, JsonProperty member, JsonContainerContract containerContract, JsonProperty containerMember, Object existingValue)
   at Newtonsoft.Json.Serialization.JsonSerializerInternalReader.CreateValueInternal(JsonReader reader, Type objectType, JsonContract contract, JsonProperty member, JsonContainerContract containerContract, JsonProperty containerMember, Object existingValue)
   at Newtonsoft.Json.Serialization.JsonSerializerInternalReader.PopulateList(IList list, JsonReader reader, JsonArrayContract contract, JsonProperty containerProperty, String id)
   at Newtonsoft.Json.Serialization.JsonSerializerInternalReader.CreateList(JsonReader reader, Type objectType, JsonContract contract, JsonProperty member, Object existingValue, String id)
   at Newtonsoft.Json.Serialization.JsonSerializerInternalReader.CreateValueInternal(JsonReader reader, Type objectType, JsonContract contract, JsonProperty member, JsonContainerContract containerContract, JsonProperty containerMember, Object existingValue)
   at Newtonsoft.Json.Serialization.JsonSerializerInternalReader.Deserialize(JsonReader reader, Type objectType, Boolean checkAdditionalContent)
   at Newtonsoft.Json.JsonSerializer.DeserializeInternal(JsonReader reader, Type objectType)
   at Newtonsoft.Json.JsonConvert.DeserializeObject(String value, Type type, JsonSerializerSettings settings)
   at Newtonsoft.Json.JsonConvert.DeserializeObject[T](String value, JsonSerializerSettings settings)
   at Newtonsoft.Json.JsonConvert.DeserializeObject[T](String value)
   at HDBH.Services.NonlifeInsuranceDetailService.getInsuranceDetail(String p_insuranceContractNo) in D:\WorkSpace\HopDongBaoHiem\SourceCode\dotNET\HDBH_New\HDBH.Services\Services\NonLifeInsurance\NonlifeInsuranceDetailService.cs:line 55
ERROR ((!)) IIS APPPOOL\hdtsdb.net ((!))  10/19/2019 12:04:53 ((!)) NonlifeInsuranceDetailService => getInsuranceDetail
Newtonsoft.Json.JsonReaderException: Could not convert string to DateTime: 30/09/2019. Path '[0].DUEDATE', line 29, position 27.
   at Newtonsoft.Json.JsonReader.ReadDateTimeString(String s)
   at Newtonsoft.Json.JsonTextReader.FinishReadQuotedStringValue(ReadType readType)
   at Newtonsoft.Json.JsonTextReader.ReadStringValue(ReadType readType)
   at Newtonsoft.Json.JsonTextReader.ReadAsDateTime()
   at Newtonsoft.Json.JsonReader.ReadForType(JsonContract contract, Boolean hasConverter)
   at Newtonsoft.Json.Serialization.JsonSerializerInternalReader.PopulateObject(Object newObject, JsonReader reader, JsonObjectContract contract, JsonProperty member, String id)
   at Newtonsoft.Json.Serialization.JsonSerializerInternalReader.CreateObject(JsonReader reader, Type objectType, JsonContract contract, JsonProperty member, JsonContainerContract containerContract, JsonProperty containerMember, Object existingValue)
   at Newtonsoft.Json.Serialization.JsonSerializerInternalReader.CreateValueInternal(JsonReader reader, Type objectType, JsonContract contract, JsonProperty member, JsonContainerContract containerContract, JsonProperty containerMember, Object existingValue)
   at Newtonsoft.Json.Serialization.JsonSerializerInternalReader.PopulateList(IList list, JsonReader reader, JsonArrayContract contract, JsonProperty containerProperty, String id)
   at Newtonsoft.Json.Serialization.JsonSerializerInternalReader.CreateList(JsonReader reader, Type objectType, JsonContract contract, JsonProperty member, Object existingValue, String id)
   at Newtonsoft.Json.Serialization.JsonSerializerInternalReader.CreateValueInternal(JsonReader reader, Type objectType, JsonContract contract, JsonProperty member, JsonContainerContract containerContract, JsonProperty containerMember, Object existingValue)
   at Newtonsoft.Json.Serialization.JsonSerializerInternalReader.Deserialize(JsonReader reader, Type objectType, Boolean checkAdditionalContent)
   at Newtonsoft.Json.JsonSerializer.DeserializeInternal(JsonReader reader, Type objectType)
   at Newtonsoft.Json.JsonConvert.DeserializeObject(String value, Type type, JsonSerializerSettings settings)
   at Newtonsoft.Json.JsonConvert.DeserializeObject[T](String value, JsonSerializerSettings settings)
   at Newtonsoft.Json.JsonConvert.DeserializeObject[T](String value)
   at HDBH.Services.NonlifeInsuranceDetailService.getInsuranceDetail(String p_insuranceContractNo) in D:\WorkSpace\HopDongBaoHiem\SourceCode\dotNET\HDBH_New\HDBH.Services\Services\NonLifeInsurance\NonlifeInsuranceDetailService.cs:line 55
ERROR ((!)) IIS APPPOOL\hdtsdb.net ((!))  10/19/2019 12:06:02 ((!)) step1
ERROR ((!)) IIS APPPOOL\hdtsdb.net ((!))  10/19/2019 12:06:02 ((!)) isValid: True
ERROR ((!)) IIS APPPOOL\hdtsdb.net ((!))  10/19/2019 12:06:02 ((!)) isValid: True isExist: True ActiveDomain: ocb.vnContextType.Domain: Domain
