ERROR ((!)) IIS APPPOOL\hdtsdb.net ((!))  10/22/2019 10:21:46 ((!)) step1
ERROR ((!)) IIS APPPOOL\hdtsdb.net ((!))  10/22/2019 10:21:46 ((!)) isValid: True
ERROR ((!)) IIS APPPOOL\hdtsdb.net ((!))  10/22/2019 10:21:46 ((!)) isValid: True isExist: True ActiveDomain: ocb.vnContextType.Domain: Domain
ERROR ((!)) IIS APPPOOL\hdtsdb.net ((!))  10/22/2019 11:09:03 ((!)) step1
ERROR ((!)) IIS APPPOOL\hdtsdb.net ((!))  10/22/2019 11:09:03 ((!)) isValid: True
ERROR ((!)) IIS APPPOOL\hdtsdb.net ((!))  10/22/2019 11:09:03 ((!)) isValid: True isExist: True ActiveDomain: ocb.vnContextType.Domain: Domain
ERROR ((!)) IIS APPPOOL\hdtsdb.net ((!))  10/22/2019 11:09:30 ((!)) RecipientDetailService => getRecipientList
Oracle.ManagedDataAccess.Client.OracleException (0x80004005): ORA-06550: line 1, column 7:
PLS-00306: wrong number or types of arguments in call to 'SP_GET_RECIPIENT_DETAIL'
ORA-06550: line 1, column 7:
PL/SQL: Statement ignored
   at OracleInternal.ServiceObjects.OracleConnectionImpl.VerifyExecution(Int32& cursorId, Boolean bThrowArrayBindRelatedErrors, SqlStatementType sqlStatementType, Int32 arrayBindCount, OracleException& exceptionForArrayBindDML, Boolean& hasMoreRowsInDB, Boolean bFirstIterationDone)
   at OracleInternal.ServiceObjects.OracleCommandImpl.ExecuteNonQuery(String commandText, OracleParameterCollection paramColl, CommandType commandType, OracleConnectionImpl connectionImpl, Int32 longFetchSize, Int64 clientInitialLOBFS, OracleDependencyImpl orclDependencyImpl, Int64[]& scnFromExecution, OracleParameterCollection& bindByPositionParamColl, Boolean& bBindParamPresent, OracleException& exceptionForArrayBindDML, OracleConnection connection, OracleLogicalTransaction& oracleLogicalTransaction, Boolean isFromEF)
   at Oracle.ManagedDataAccess.Client.OracleCommand.ExecuteNonQuery()
   at Oracle.EntityFrameworkCore.Storage.Internal.OracleRelationalCommandBuilderFactory.OracleRelationalCommandBuilder.OracleRelationalCommand.Execute(IRelationalConnection connection, DbCommandMethod executeMethod, IReadOnlyDictionary`2 parameterValues)
   at Microsoft.EntityFrameworkCore.Storage.Internal.RelationalCommand.ExecuteNonQuery(IRelationalConnection connection, IReadOnlyDictionary`2 parameterValues)
   at Microsoft.EntityFrameworkCore.RelationalDatabaseFacadeExtensions.ExecuteSqlCommand(DatabaseFacade databaseFacade, RawSqlString sql, IEnumerable`1 parameters)
   at Microsoft.EntityFrameworkCore.RelationalDatabaseFacadeExtensions.ExecuteSqlCommand(DatabaseFacade databaseFacade, RawSqlString sql, Object[] parameters)
   at HDBH.Data.Infrastructure.BaseRepository`1.ExecuteSqlCommand(String query, OracleParameter[] param) in D:\WorkSpace\HopDongBaoHiem\SourceCode\dotNET\HDBH_New\HDBH.Data\Infrastructure\BaseRepository.cs:line 237
   at HDBH.Services.RecipientDetailService.SP_GET_RECIPIENT_DETAIL(String recipientDealNo) in D:\WorkSpace\HopDongBaoHiem\SourceCode\dotNET\HDBH_New\HDBH.Services\Services\Recipient\RecipientDetailService.cs:line 40
ERROR ((!)) IIS APPPOOL\hdtsdb.net ((!))  10/22/2019 11:09:42 ((!)) RecipientDetailService => getRecipientList
Oracle.ManagedDataAccess.Client.OracleException (0x80004005): ORA-06550: line 1, column 7:
PLS-00306: wrong number or types of arguments in call to 'SP_GET_RECIPIENT_DETAIL'
ORA-06550: line 1, column 7:
PL/SQL: Statement ignored
   at OracleInternal.ServiceObjects.OracleConnectionImpl.VerifyExecution(Int32& cursorId, Boolean bThrowArrayBindRelatedErrors, SqlStatementType sqlStatementType, Int32 arrayBindCount, OracleException& exceptionForArrayBindDML, Boolean& hasMoreRowsInDB, Boolean bFirstIterationDone)
   at OracleInternal.ServiceObjects.OracleCommandImpl.ExecuteNonQuery(String commandText, OracleParameterCollection paramColl, CommandType commandType, OracleConnectionImpl connectionImpl, Int32 longFetchSize, Int64 clientInitialLOBFS, OracleDependencyImpl orclDependencyImpl, Int64[]& scnFromExecution, OracleParameterCollection& bindByPositionParamColl, Boolean& bBindParamPresent, OracleException& exceptionForArrayBindDML, OracleConnection connection, OracleLogicalTransaction& oracleLogicalTransaction, Boolean isFromEF)
   at Oracle.ManagedDataAccess.Client.OracleCommand.ExecuteNonQuery()
   at Oracle.EntityFrameworkCore.Storage.Internal.OracleRelationalCommandBuilderFactory.OracleRelationalCommandBuilder.OracleRelationalCommand.Execute(IRelationalConnection connection, DbCommandMethod executeMethod, IReadOnlyDictionary`2 parameterValues)
   at Microsoft.EntityFrameworkCore.Storage.Internal.RelationalCommand.ExecuteNonQuery(IRelationalConnection connection, IReadOnlyDictionary`2 parameterValues)
   at Microsoft.EntityFrameworkCore.RelationalDatabaseFacadeExtensions.ExecuteSqlCommand(DatabaseFacade databaseFacade, RawSqlString sql, IEnumerable`1 parameters)
   at Microsoft.EntityFrameworkCore.RelationalDatabaseFacadeExtensions.ExecuteSqlCommand(DatabaseFacade databaseFacade, RawSqlString sql, Object[] parameters)
   at HDBH.Data.Infrastructure.BaseRepository`1.ExecuteSqlCommand(String query, OracleParameter[] param) in D:\WorkSpace\HopDongBaoHiem\SourceCode\dotNET\HDBH_New\HDBH.Data\Infrastructure\BaseRepository.cs:line 237
   at HDBH.Services.RecipientDetailService.SP_GET_RECIPIENT_DETAIL(String recipientDealNo) in D:\WorkSpace\HopDongBaoHiem\SourceCode\dotNET\HDBH_New\HDBH.Services\Services\Recipient\RecipientDetailService.cs:line 40
ERROR ((!)) IIS APPPOOL\hdtsdb.net ((!))  10/22/2019 11:10:46 ((!)) step1
ERROR ((!)) IIS APPPOOL\hdtsdb.net ((!))  10/22/2019 11:10:46 ((!)) isValid: True
ERROR ((!)) IIS APPPOOL\hdtsdb.net ((!))  10/22/2019 11:10:46 ((!)) isValid: True isExist: True ActiveDomain: ocb.vnContextType.Domain: Domain
ERROR ((!)) IIS APPPOOL\hdtsdb.net ((!))  10/22/2019 11:11:01 ((!)) RecipientDetailService => getRecipientList
Oracle.ManagedDataAccess.Client.OracleException (0x80004005): ORA-06550: line 1, column 7:
PLS-00306: wrong number or types of arguments in call to 'SP_GET_RECIPIENT_DETAIL'
ORA-06550: line 1, column 7:
PLS-00306: wrong number or types of arguments in call to 'SP_GET_RECIPIENT_DETAIL'
ORA-06550: line 1, column 7:
PLS-00306: wrong number or types of arguments in call to 'SP_GET_RECIPIENT_DETAIL'
ORA-06550: line 1, column 7:
PL/SQL: Statement ignored
   at OracleInternal.ServiceObjects.OracleConnectionImpl.VerifyExecution(Int32& cursorId, Boolean bThrowArrayBindRelatedErrors, SqlStatementType sqlStatementType, Int32 arrayBindCount, OracleException& exceptionForArrayBindDML, Boolean& hasMoreRowsInDB, Boolean bFirstIterationDone)
   at OracleInternal.ServiceObjects.OracleCommandImpl.ExecuteNonQuery(String commandText, OracleParameterCollection paramColl, CommandType commandType, OracleConnectionImpl connectionImpl, Int32 longFetchSize, Int64 clientInitialLOBFS, OracleDependencyImpl orclDependencyImpl, Int64[]& scnFromExecution, OracleParameterCollection& bindByPositionParamColl, Boolean& bBindParamPresent, OracleException& exceptionForArrayBindDML, OracleConnection connection, OracleLogicalTransaction& oracleLogicalTransaction, Boolean isFromEF)
   at Oracle.ManagedDataAccess.Client.OracleCommand.ExecuteNonQuery()
   at Oracle.EntityFrameworkCore.Storage.Internal.OracleRelationalCommandBuilderFactory.OracleRelationalCommandBuilder.OracleRelationalCommand.Execute(IRelationalConnection connection, DbCommandMethod executeMethod, IReadOnlyDictionary`2 parameterValues)
   at Microsoft.EntityFrameworkCore.Storage.Internal.RelationalCommand.ExecuteNonQuery(IRelationalConnection connection, IReadOnlyDictionary`2 parameterValues)
   at Microsoft.EntityFrameworkCore.RelationalDatabaseFacadeExtensions.ExecuteSqlCommand(DatabaseFacade databaseFacade, RawSqlString sql, IEnumerable`1 parameters)
   at Microsoft.EntityFrameworkCore.RelationalDatabaseFacadeExtensions.ExecuteSqlCommand(DatabaseFacade databaseFacade, RawSqlString sql, Object[] parameters)
   at HDBH.Data.Infrastructure.BaseRepository`1.ExecuteSqlCommand(String query, OracleParameter[] param) in D:\WorkSpace\HopDongBaoHiem\SourceCode\dotNET\HDBH_New\HDBH.Data\Infrastructure\BaseRepository.cs:line 237
   at HDBH.Services.RecipientDetailService.SP_GET_RECIPIENT_DETAIL(String recipientDealNo) in D:\WorkSpace\HopDongBaoHiem\SourceCode\dotNET\HDBH_New\HDBH.Services\Services\Recipient\RecipientDetailService.cs:line 42
ERROR ((!)) IIS APPPOOL\hdtsdb.net ((!))  10/22/2019 11:11:24 ((!)) step1
ERROR ((!)) IIS APPPOOL\hdtsdb.net ((!))  10/22/2019 11:11:24 ((!)) isValid: True
ERROR ((!)) IIS APPPOOL\hdtsdb.net ((!))  10/22/2019 11:11:24 ((!)) isValid: True isExist: True ActiveDomain: ocb.vnContextType.Domain: Domain
ERROR ((!)) IIS APPPOOL\hdtsdb.net ((!))  10/22/2019 11:14:37 ((!)) RecipientDetailService => getRecipientList
Microsoft.CSharp.RuntimeBinder.RuntimeBinderException: Cannot perform runtime binding on a null reference
   at CallSite.Target(Closure , CallSite , Object )
   at System.Dynamic.UpdateDelegates.UpdateAndExecute1[T0,TRet](CallSite site, T0 arg0)
   at HDBH.Services.RecipientDetailService.SP_GET_RECIPIENT_DETAIL(String recipientDealNo) in D:\WorkSpace\HopDongBaoHiem\SourceCode\dotNET\HDBH_New\HDBH.Services\Services\Recipient\RecipientDetailService.cs:line 62
ERROR ((!)) IIS APPPOOL\hdtsdb.net ((!))  10/22/2019 11:26:52 ((!)) RecipientDetailService => getRecipientList
Oracle.ManagedDataAccess.Client.OracleException (0x80004005): ORA-06550: line 1, column 7:
PLS-00306: wrong number or types of arguments in call to 'SP_GET_RECIPIENT_DETAIL'
ORA-06550: line 1, column 7:
PL/SQL: Statement ignored
   at OracleInternal.ServiceObjects.OracleConnectionImpl.VerifyExecution(Int32& cursorId, Boolean bThrowArrayBindRelatedErrors, SqlStatementType sqlStatementType, Int32 arrayBindCount, OracleException& exceptionForArrayBindDML, Boolean& hasMoreRowsInDB, Boolean bFirstIterationDone)
   at OracleInternal.ServiceObjects.OracleCommandImpl.ExecuteNonQuery(String commandText, OracleParameterCollection paramColl, CommandType commandType, OracleConnectionImpl connectionImpl, Int32 longFetchSize, Int64 clientInitialLOBFS, OracleDependencyImpl orclDependencyImpl, Int64[]& scnFromExecution, OracleParameterCollection& bindByPositionParamColl, Boolean& bBindParamPresent, OracleException& exceptionForArrayBindDML, OracleConnection connection, OracleLogicalTransaction& oracleLogicalTransaction, Boolean isFromEF)
   at Oracle.ManagedDataAccess.Client.OracleCommand.ExecuteNonQuery()
   at Oracle.EntityFrameworkCore.Storage.Internal.OracleRelationalCommandBuilderFactory.OracleRelationalCommandBuilder.OracleRelationalCommand.Execute(IRelationalConnection connection, DbCommandMethod executeMethod, IReadOnlyDictionary`2 parameterValues)
   at Microsoft.EntityFrameworkCore.Storage.Internal.RelationalCommand.ExecuteNonQuery(IRelationalConnection connection, IReadOnlyDictionary`2 parameterValues)
   at Microsoft.EntityFrameworkCore.RelationalDatabaseFacadeExtensions.ExecuteSqlCommand(DatabaseFacade databaseFacade, RawSqlString sql, IEnumerable`1 parameters)
   at Microsoft.EntityFrameworkCore.RelationalDatabaseFacadeExtensions.ExecuteSqlCommand(DatabaseFacade databaseFacade, RawSqlString sql, Object[] parameters)
   at HDBH.Data.Infrastructure.BaseRepository`1.ExecuteSqlCommand(String query, OracleParameter[] param) in D:\WorkSpace\HopDongBaoHiem\SourceCode\dotNET\HDBH_New\HDBH.Data\Infrastructure\BaseRepository.cs:line 237
   at HDBH.Services.RecipientDetailService.SP_GET_RECIPIENT_DETAIL(String recipientDealNo) in D:\WorkSpace\HopDongBaoHiem\SourceCode\dotNET\HDBH_New\HDBH.Services\Services\Recipient\RecipientDetailService.cs:line 42
ERROR ((!)) IIS APPPOOL\hdtsdb.net ((!))  10/22/2019 11:42:05 ((!)) step1
ERROR ((!)) IIS APPPOOL\hdtsdb.net ((!))  10/22/2019 11:42:05 ((!)) isValid: True
ERROR ((!)) IIS APPPOOL\hdtsdb.net ((!))  10/22/2019 11:42:05 ((!)) isValid: True isExist: True ActiveDomain: ocb.vnContextType.Domain: Domain
ERROR ((!)) IIS APPPOOL\hdtsdb.net ((!))  10/22/2019 11:43:50 ((!)) RecipientDetailService => getRecipientList
Microsoft.CSharp.RuntimeBinder.RuntimeBinderException: Cannot perform runtime binding on a null reference
   at CallSite.Target(Closure , CallSite , Object )
   at System.Dynamic.UpdateDelegates.UpdateAndExecute1[T0,TRet](CallSite site, T0 arg0)
   at HDBH.Services.RecipientDetailService.SP_GET_RECIPIENT_DETAIL(String recipientDealNo, String insuranceContractNo, String periodCode, String receiptCode) in D:\WorkSpace\HopDongBaoHiem\SourceCode\dotNET\HDBH_New\HDBH.Services\Services\Recipient\RecipientDetailService.cs:line 71
ERROR ((!)) IIS APPPOOL\hdtsdb.net ((!))  10/22/2019 11:44:08 ((!)) RecipientDetailService => getRecipientList
Microsoft.CSharp.RuntimeBinder.RuntimeBinderException: Cannot perform runtime binding on a null reference
   at CallSite.Target(Closure , CallSite , Object )
   at HDBH.Services.RecipientDetailService.SP_GET_RECIPIENT_DETAIL(String recipientDealNo, String insuranceContractNo, String periodCode, String receiptCode) in D:\WorkSpace\HopDongBaoHiem\SourceCode\dotNET\HDBH_New\HDBH.Services\Services\Recipient\RecipientDetailService.cs:line 71
ERROR ((!)) IIS APPPOOL\hdtsdb.net ((!))  10/22/2019 11:44:38 ((!)) RecipientDetailService => getRecipientList
Microsoft.CSharp.RuntimeBinder.RuntimeBinderException: Cannot perform runtime binding on a null reference
   at CallSite.Target(Closure , CallSite , Object )
   at HDBH.Services.RecipientDetailService.SP_GET_RECIPIENT_DETAIL(String recipientDealNo, String insuranceContractNo, String periodCode, String receiptCode) in D:\WorkSpace\HopDongBaoHiem\SourceCode\dotNET\HDBH_New\HDBH.Services\Services\Recipient\RecipientDetailService.cs:line 71
ERROR ((!)) IIS APPPOOL\hdtsdb.net ((!))  10/22/2019 11:45:19 ((!)) step1
ERROR ((!)) IIS APPPOOL\hdtsdb.net ((!))  10/22/2019 11:45:19 ((!)) isValid: True
ERROR ((!)) IIS APPPOOL\hdtsdb.net ((!))  10/22/2019 11:45:19 ((!)) isValid: True isExist: True ActiveDomain: ocb.vnContextType.Domain: Domain
ERROR ((!)) IIS APPPOOL\hdtsdb.net ((!))  10/22/2019 11:48:02 ((!)) step1
ERROR ((!)) IIS APPPOOL\hdtsdb.net ((!))  10/22/2019 11:48:02 ((!)) isValid: True
ERROR ((!)) IIS APPPOOL\hdtsdb.net ((!))  10/22/2019 11:48:02 ((!)) isValid: True isExist: True ActiveDomain: ocb.vnContextType.Domain: Domain
ERROR ((!)) IIS APPPOOL\hdtsdb.net ((!))  10/22/2019 11:53:27 ((!)) step1
ERROR ((!)) IIS APPPOOL\hdtsdb.net ((!))  10/22/2019 11:53:27 ((!)) isValid: True
ERROR ((!)) IIS APPPOOL\hdtsdb.net ((!))  10/22/2019 11:53:27 ((!)) isValid: True isExist: True ActiveDomain: ocb.vnContextType.Domain: Domain
ERROR ((!)) IIS APPPOOL\hdtsdb.net ((!))  10/22/2019 11:54:25 ((!)) step1
ERROR ((!)) IIS APPPOOL\hdtsdb.net ((!))  10/22/2019 11:54:25 ((!)) isValid: True
ERROR ((!)) IIS APPPOOL\hdtsdb.net ((!))  10/22/2019 11:54:25 ((!)) isValid: True isExist: True ActiveDomain: ocb.vnContextType.Domain: Domain
ERROR ((!)) IIS APPPOOL\hdtsdb.net ((!))  10/22/2019 13:13:21 ((!)) step1
ERROR ((!)) IIS APPPOOL\hdtsdb.net ((!))  10/22/2019 13:13:21 ((!)) isValid: True
ERROR ((!)) IIS APPPOOL\hdtsdb.net ((!))  10/22/2019 13:13:21 ((!)) isValid: True isExist: True ActiveDomain: ocb.vnContextType.Domain: Domain
ERROR ((!)) IIS APPPOOL\hdtsdb.net ((!))  10/22/2019 13:15:41 ((!)) step1
ERROR ((!)) IIS APPPOOL\hdtsdb.net ((!))  10/22/2019 13:15:41 ((!)) isValid: True
ERROR ((!)) IIS APPPOOL\hdtsdb.net ((!))  10/22/2019 13:15:41 ((!)) isValid: True isExist: True ActiveDomain: ocb.vnContextType.Domain: Domain
ERROR ((!)) IIS APPPOOL\hdtsdb.net ((!))  10/22/2019 13:17:46 ((!)) step1
ERROR ((!)) IIS APPPOOL\hdtsdb.net ((!))  10/22/2019 13:17:46 ((!)) isValid: True
ERROR ((!)) IIS APPPOOL\hdtsdb.net ((!))  10/22/2019 13:17:46 ((!)) isValid: True isExist: True ActiveDomain: ocb.vnContextType.Domain: Domain
ERROR ((!)) IIS APPPOOL\hdtsdb.net ((!))  10/22/2019 13:18:53 ((!)) step1
ERROR ((!)) IIS APPPOOL\hdtsdb.net ((!))  10/22/2019 13:18:53 ((!)) isValid: True
ERROR ((!)) IIS APPPOOL\hdtsdb.net ((!))  10/22/2019 13:18:53 ((!)) isValid: True isExist: True ActiveDomain: ocb.vnContextType.Domain: Domain
ERROR ((!)) IIS APPPOOL\hdtsdb.net ((!))  10/22/2019 13:29:56 ((!)) NonlifeInsuranceDetailService => getInsuranceDetail
Microsoft.CSharp.RuntimeBinder.RuntimeBinderException: Cannot perform runtime binding on a null reference
   at CallSite.Target(Closure , CallSite , Object )
   at System.Dynamic.UpdateDelegates.UpdateAndExecute1[T0,TRet](CallSite site, T0 arg0)
   at HDBH.Services.NonlifeInsuranceDetailService.getInsuranceDetail(String p_insuranceContractNo) in D:\WorkSpace\HopDongBaoHiem\SourceCode\dotNET\HDBH_New\HDBH.Services\Services\NonLifeInsurance\NonlifeInsuranceDetailService.cs:line 54
ERROR ((!)) IIS APPPOOL\hdtsdb.net ((!))  10/22/2019 13:29:57 ((!)) NonlifeInsuranceDetailService => getInsuranceDetail
Microsoft.CSharp.RuntimeBinder.RuntimeBinderException: Cannot perform runtime binding on a null reference
   at CallSite.Target(Closure , CallSite , Object )
   at HDBH.Services.NonlifeInsuranceDetailService.getInsuranceDetail(String p_insuranceContractNo) in D:\WorkSpace\HopDongBaoHiem\SourceCode\dotNET\HDBH_New\HDBH.Services\Services\NonLifeInsurance\NonlifeInsuranceDetailService.cs:line 54
ERROR ((!)) IIS APPPOOL\hdtsdb.net ((!))  10/22/2019 13:30:25 ((!)) NonlifeInsuranceDetailService => getInsuranceDetail
Microsoft.CSharp.RuntimeBinder.RuntimeBinderException: Cannot perform runtime binding on a null reference
   at CallSite.Target(Closure , CallSite , Object )
   at HDBH.Services.NonlifeInsuranceDetailService.getInsuranceDetail(String p_insuranceContractNo) in D:\WorkSpace\HopDongBaoHiem\SourceCode\dotNET\HDBH_New\HDBH.Services\Services\NonLifeInsurance\NonlifeInsuranceDetailService.cs:line 54
ERROR ((!)) IIS APPPOOL\hdtsdb.net ((!))  10/22/2019 13:30:39 ((!)) NonlifeInsuranceDetailService => getInsuranceDetail
Microsoft.CSharp.RuntimeBinder.RuntimeBinderException: Cannot perform runtime binding on a null reference
   at CallSite.Target(Closure , CallSite , Object )
   at HDBH.Services.NonlifeInsuranceDetailService.getInsuranceDetail(String p_insuranceContractNo) in D:\WorkSpace\HopDongBaoHiem\SourceCode\dotNET\HDBH_New\HDBH.Services\Services\NonLifeInsurance\NonlifeInsuranceDetailService.cs:line 54
ERROR ((!)) IIS APPPOOL\hdtsdb.net ((!))  10/22/2019 13:31:17 ((!)) NonlifeInsuranceDetailService => getInsuranceDetail
Microsoft.CSharp.RuntimeBinder.RuntimeBinderException: Cannot perform runtime binding on a null reference
   at CallSite.Target(Closure , CallSite , Object )
   at HDBH.Services.NonlifeInsuranceDetailService.getInsuranceDetail(String p_insuranceContractNo) in D:\WorkSpace\HopDongBaoHiem\SourceCode\dotNET\HDBH_New\HDBH.Services\Services\NonLifeInsurance\NonlifeInsuranceDetailService.cs:line 54
ERROR ((!)) IIS APPPOOL\hdtsdb.net ((!))  10/22/2019 13:33:07 ((!)) NonlifeInsuranceDetailService => getInsuranceDetail
Microsoft.CSharp.RuntimeBinder.RuntimeBinderException: Cannot perform runtime binding on a null reference
   at CallSite.Target(Closure , CallSite , Object )
   at HDBH.Services.NonlifeInsuranceDetailService.getInsuranceDetail(String p_insuranceContractNo) in D:\WorkSpace\HopDongBaoHiem\SourceCode\dotNET\HDBH_New\HDBH.Services\Services\NonLifeInsurance\NonlifeInsuranceDetailService.cs:line 54
ERROR ((!)) IIS APPPOOL\hdtsdb.net ((!))  10/22/2019 13:33:12 ((!)) NonlifeInsuranceDetailService => getInsuranceDetail
Microsoft.CSharp.RuntimeBinder.RuntimeBinderException: Cannot perform runtime binding on a null reference
   at CallSite.Target(Closure , CallSite , Object )
   at HDBH.Services.NonlifeInsuranceDetailService.getInsuranceDetail(String p_insuranceContractNo) in D:\WorkSpace\HopDongBaoHiem\SourceCode\dotNET\HDBH_New\HDBH.Services\Services\NonLifeInsurance\NonlifeInsuranceDetailService.cs:line 54
ERROR ((!)) IIS APPPOOL\hdtsdb.net ((!))  10/22/2019 13:33:22 ((!)) NonlifeInsuranceDetailService => getInsuranceDetail
Microsoft.CSharp.RuntimeBinder.RuntimeBinderException: Cannot perform runtime binding on a null reference
   at CallSite.Target(Closure , CallSite , Object )
   at HDBH.Services.NonlifeInsuranceDetailService.getInsuranceDetail(String p_insuranceContractNo) in D:\WorkSpace\HopDongBaoHiem\SourceCode\dotNET\HDBH_New\HDBH.Services\Services\NonLifeInsurance\NonlifeInsuranceDetailService.cs:line 54
ERROR ((!)) IIS APPPOOL\hdtsdb.net ((!))  10/22/2019 13:33:29 ((!)) NonlifeInsuranceDetailService => getInsuranceDetail
Microsoft.CSharp.RuntimeBinder.RuntimeBinderException: Cannot perform runtime binding on a null reference
   at CallSite.Target(Closure , CallSite , Object )
   at HDBH.Services.NonlifeInsuranceDetailService.getInsuranceDetail(String p_insuranceContractNo) in D:\WorkSpace\HopDongBaoHiem\SourceCode\dotNET\HDBH_New\HDBH.Services\Services\NonLifeInsurance\NonlifeInsuranceDetailService.cs:line 54
ERROR ((!)) IIS APPPOOL\hdtsdb.net ((!))  10/22/2019 13:34:37 ((!)) step1
ERROR ((!)) IIS APPPOOL\hdtsdb.net ((!))  10/22/2019 13:34:37 ((!)) isValid: True
ERROR ((!)) IIS APPPOOL\hdtsdb.net ((!))  10/22/2019 13:34:37 ((!)) isValid: True isExist: True ActiveDomain: ocb.vnContextType.Domain: Domain
ERROR ((!)) IIS APPPOOL\hdtsdb.net ((!))  10/22/2019 13:34:41 ((!)) step1
ERROR ((!)) IIS APPPOOL\hdtsdb.net ((!))  10/22/2019 13:34:41 ((!)) isValid: True
ERROR ((!)) IIS APPPOOL\hdtsdb.net ((!))  10/22/2019 13:34:41 ((!)) isValid: True isExist: True ActiveDomain: ocb.vnContextType.Domain: Domain
ERROR ((!)) IIS APPPOOL\hdtsdb.net ((!))  10/22/2019 13:34:54 ((!)) NonlifeInsuranceDetailService => getInsuranceDetail
Microsoft.CSharp.RuntimeBinder.RuntimeBinderException: Cannot perform runtime binding on a null reference
   at CallSite.Target(Closure , CallSite , Object )
   at System.Dynamic.UpdateDelegates.UpdateAndExecute1[T0,TRet](CallSite site, T0 arg0)
   at HDBH.Services.NonlifeInsuranceDetailService.getInsuranceDetail(String p_insuranceContractNo) in D:\WorkSpace\HopDongBaoHiem\SourceCode\dotNET\HDBH_New\HDBH.Services\Services\NonLifeInsurance\NonlifeInsuranceDetailService.cs:line 54
ERROR ((!)) IIS APPPOOL\hdtsdb.net ((!))  10/22/2019 13:35:28 ((!)) NonlifeInsuranceDetailService => getInsuranceDetail
Microsoft.CSharp.RuntimeBinder.RuntimeBinderException: Cannot perform runtime binding on a null reference
   at CallSite.Target(Closure , CallSite , Object )
   at HDBH.Services.NonlifeInsuranceDetailService.getInsuranceDetail(String p_insuranceContractNo) in D:\WorkSpace\HopDongBaoHiem\SourceCode\dotNET\HDBH_New\HDBH.Services\Services\NonLifeInsurance\NonlifeInsuranceDetailService.cs:line 54
ERROR ((!)) IIS APPPOOL\hdtsdb.net ((!))  10/22/2019 13:48:44 ((!)) NonlifeInsuranceDetailService => getInsuranceDetail
Microsoft.CSharp.RuntimeBinder.RuntimeBinderException: Cannot perform runtime binding on a null reference
   at CallSite.Target(Closure , CallSite , Object )
   at System.Dynamic.UpdateDelegates.UpdateAndExecute1[T0,TRet](CallSite site, T0 arg0)
   at CallSite.Target(Closure , CallSite , Object )
   at HDBH.Services.NonlifeInsuranceDetailService.getInsuranceDetail(String p_insuranceContractNo) in D:\WorkSpace\HopDongBaoHiem\SourceCode\dotNET\HDBH_New\HDBH.Services\Services\NonLifeInsurance\NonlifeInsuranceDetailService.cs:line 54
ERROR ((!)) IIS APPPOOL\hdtsdb.net ((!))  10/22/2019 14:36:50 ((!)) step1
ERROR ((!)) IIS APPPOOL\hdtsdb.net ((!))  10/22/2019 14:36:50 ((!)) isValid: True
ERROR ((!)) IIS APPPOOL\hdtsdb.net ((!))  10/22/2019 14:36:50 ((!)) isValid: True isExist: True ActiveDomain: ocb.vnContextType.Domain: Domain
ERROR ((!)) IIS APPPOOL\hdtsdb.net ((!))  10/22/2019 15:01:36 ((!)) step1
ERROR ((!)) IIS APPPOOL\hdtsdb.net ((!))  10/22/2019 15:01:36 ((!)) isValid: True
ERROR ((!)) IIS APPPOOL\hdtsdb.net ((!))  10/22/2019 15:01:36 ((!)) isValid: True isExist: True ActiveDomain: ocb.vnContextType.Domain: Domain
ERROR ((!)) IIS APPPOOL\hdtsdb.net ((!))  10/22/2019 15:02:19 ((!)) NonlifeInsuranceDetailService => getInsuranceDetail
Microsoft.CSharp.RuntimeBinder.RuntimeBinderException: Cannot perform runtime binding on a null reference
   at CallSite.Target(Closure , CallSite , Object )
   at System.Dynamic.UpdateDelegates.UpdateAndExecute1[T0,TRet](CallSite site, T0 arg0)
   at HDBH.Services.NonlifeInsuranceDetailService.getInsuranceDetail(String p_insuranceContractNo) in D:\WorkSpace\HopDongBaoHiem\SourceCode\dotNET\HDBH_New\HDBH.Services\Services\NonLifeInsurance\NonlifeInsuranceDetailService.cs:line 70
ERROR ((!)) IIS APPPOOL\hdtsdb.net ((!))  10/22/2019 15:02:49 ((!)) NonlifeInsuranceDetailService => getInsuranceDetail
Microsoft.CSharp.RuntimeBinder.RuntimeBinderException: Cannot perform runtime binding on a null reference
   at CallSite.Target(Closure , CallSite , Object )
   at HDBH.Services.NonlifeInsuranceDetailService.getInsuranceDetail(String p_insuranceContractNo) in D:\WorkSpace\HopDongBaoHiem\SourceCode\dotNET\HDBH_New\HDBH.Services\Services\NonLifeInsurance\NonlifeInsuranceDetailService.cs:line 70
ERROR ((!)) IIS APPPOOL\hdtsdb.net ((!))  10/22/2019 15:03:37 ((!)) NonlifeInsuranceDetailService => getInsuranceDetail
Microsoft.CSharp.RuntimeBinder.RuntimeBinderException: Cannot perform runtime binding on a null reference
   at CallSite.Target(Closure , CallSite , Object )
   at HDBH.Services.NonlifeInsuranceDetailService.getInsuranceDetail(String p_insuranceContractNo) in D:\WorkSpace\HopDongBaoHiem\SourceCode\dotNET\HDBH_New\HDBH.Services\Services\NonLifeInsurance\NonlifeInsuranceDetailService.cs:line 70
ERROR ((!)) IIS APPPOOL\hdtsdb.net ((!))  10/22/2019 15:04:11 ((!)) ResultInsuranceContractDetailService => GetInsuranceContractDetail
Newtonsoft.Json.JsonSerializationException: Unexpected end when reading JSON. Path '', line 1, position 2.
   at Newtonsoft.Json.JsonReader.ReadAndAssert()
   at Newtonsoft.Json.Serialization.JsonSerializerInternalReader.CreateObject(JsonReader reader, Type objectType, JsonContract contract, JsonProperty member, JsonContainerContract containerContract, JsonProperty containerMember, Object existingValue)
   at Newtonsoft.Json.Serialization.JsonSerializerInternalReader.CreateValueInternal(JsonReader reader, Type objectType, JsonContract contract, JsonProperty member, JsonContainerContract containerContract, JsonProperty containerMember, Object existingValue)
   at Newtonsoft.Json.Serialization.JsonSerializerInternalReader.Deserialize(JsonReader reader, Type objectType, Boolean checkAdditionalContent)
   at Newtonsoft.Json.JsonSerializer.DeserializeInternal(JsonReader reader, Type objectType)
   at Newtonsoft.Json.JsonConvert.DeserializeObject(String value, Type type, JsonSerializerSettings settings)
   at Newtonsoft.Json.JsonConvert.DeserializeObject[T](String value, JsonSerializerSettings settings)
   at Newtonsoft.Json.JsonConvert.DeserializeObject[T](String value)
   at HDBH.Services.Services.InsuranceContract.ResultInsuranceContractDetailService.GetInsuranceContractDetail(String p_insuranceContractNo) in D:\WorkSpace\HopDongBaoHiem\SourceCode\dotNET\HDBH_New\HDBH.Services\Services\InsuranceContract\ResultInsuranceContractDetailService.cs:line 45
ERROR ((!)) IIS APPPOOL\hdtsdb.net ((!))  10/22/2019 15:04:20 ((!)) ResultInsuranceContractDetailService => GetInsuranceContractDetail
Newtonsoft.Json.JsonSerializationException: Unexpected end when reading JSON. Path '', line 1, position 2.
   at Newtonsoft.Json.JsonReader.ReadAndAssert()
   at Newtonsoft.Json.Serialization.JsonSerializerInternalReader.CreateObject(JsonReader reader, Type objectType, JsonContract contract, JsonProperty member, JsonContainerContract containerContract, JsonProperty containerMember, Object existingValue)
   at Newtonsoft.Json.Serialization.JsonSerializerInternalReader.CreateValueInternal(JsonReader reader, Type objectType, JsonContract contract, JsonProperty member, JsonContainerContract containerContract, JsonProperty containerMember, Object existingValue)
   at Newtonsoft.Json.Serialization.JsonSerializerInternalReader.Deserialize(JsonReader reader, Type objectType, Boolean checkAdditionalContent)
   at Newtonsoft.Json.JsonSerializer.DeserializeInternal(JsonReader reader, Type objectType)
   at Newtonsoft.Json.JsonConvert.DeserializeObject(String value, Type type, JsonSerializerSettings settings)
   at Newtonsoft.Json.JsonConvert.DeserializeObject[T](String value, JsonSerializerSettings settings)
   at Newtonsoft.Json.JsonConvert.DeserializeObject[T](String value)
   at HDBH.Services.Services.InsuranceContract.ResultInsuranceContractDetailService.GetInsuranceContractDetail(String p_insuranceContractNo) in D:\WorkSpace\HopDongBaoHiem\SourceCode\dotNET\HDBH_New\HDBH.Services\Services\InsuranceContract\ResultInsuranceContractDetailService.cs:line 45
ERROR ((!)) IIS APPPOOL\hdtsdb.net ((!))  10/22/2019 15:06:58 ((!)) NonlifeInsuranceDetailService => getInsuranceDetail
Microsoft.CSharp.RuntimeBinder.RuntimeBinderException: Cannot perform runtime binding on a null reference
   at CallSite.Target(Closure , CallSite , Object )
   at HDBH.Services.NonlifeInsuranceDetailService.getInsuranceDetail(String p_insuranceContractNo) in D:\WorkSpace\HopDongBaoHiem\SourceCode\dotNET\HDBH_New\HDBH.Services\Services\NonLifeInsurance\NonlifeInsuranceDetailService.cs:line 70
ERROR ((!)) IIS APPPOOL\hdtsdb.net ((!))  10/22/2019 15:07:16 ((!)) NonlifeInsuranceDetailService => getInsuranceDetail
Microsoft.CSharp.RuntimeBinder.RuntimeBinderException: Cannot perform runtime binding on a null reference
   at CallSite.Target(Closure , CallSite , Object )
   at HDBH.Services.NonlifeInsuranceDetailService.getInsuranceDetail(String p_insuranceContractNo) in D:\WorkSpace\HopDongBaoHiem\SourceCode\dotNET\HDBH_New\HDBH.Services\Services\NonLifeInsurance\NonlifeInsuranceDetailService.cs:line 70
ERROR ((!)) IIS APPPOOL\hdtsdb.net ((!))  10/22/2019 15:09:58 ((!)) step1
ERROR ((!)) IIS APPPOOL\hdtsdb.net ((!))  10/22/2019 15:09:58 ((!)) isValid: True
ERROR ((!)) IIS APPPOOL\hdtsdb.net ((!))  10/22/2019 15:09:58 ((!)) isValid: True isExist: True ActiveDomain: ocb.vnContextType.Domain: Domain
ERROR ((!)) IIS APPPOOL\hdtsdb.net ((!))  10/22/2019 16:30:21 ((!)) step1
ERROR ((!)) IIS APPPOOL\hdtsdb.net ((!))  10/22/2019 16:30:21 ((!)) isValid: True
ERROR ((!)) IIS APPPOOL\hdtsdb.net ((!))  10/22/2019 16:30:21 ((!)) isValid: True isExist: True ActiveDomain: ocb.vnContextType.Domain: Domain
ERROR ((!)) IIS APPPOOL\hdtsdb.net ((!))  10/22/2019 16:30:22 ((!)) step1
ERROR ((!)) IIS APPPOOL\hdtsdb.net ((!))  10/22/2019 16:30:22 ((!)) isValid: True
ERROR ((!)) IIS APPPOOL\hdtsdb.net ((!))  10/22/2019 16:30:22 ((!)) isValid: True isExist: True ActiveDomain: ocb.vnContextType.Domain: Domain
ERROR ((!)) IIS APPPOOL\hdtsdb.net ((!))  10/22/2019 16:32:47 ((!)) step1
ERROR ((!)) IIS APPPOOL\hdtsdb.net ((!))  10/22/2019 16:32:47 ((!)) isValid: True
ERROR ((!)) IIS APPPOOL\hdtsdb.net ((!))  10/22/2019 16:32:47 ((!)) isValid: True isExist: True ActiveDomain: ocb.vnContextType.Domain: Domain
ERROR ((!)) IIS APPPOOL\hdtsdb.net ((!))  10/22/2019 16:39:01 ((!)) step1
ERROR ((!)) IIS APPPOOL\hdtsdb.net ((!))  10/22/2019 16:39:01 ((!)) isValid: True
ERROR ((!)) IIS APPPOOL\hdtsdb.net ((!))  10/22/2019 16:39:01 ((!)) isValid: True isExist: True ActiveDomain: ocb.vnContextType.Domain: Domain
ERROR ((!)) IIS APPPOOL\hdtsdb.net ((!))  10/22/2019 17:10:27 ((!)) step1
ERROR ((!)) IIS APPPOOL\hdtsdb.net ((!))  10/22/2019 17:10:27 ((!)) isValid: True
ERROR ((!)) IIS APPPOOL\hdtsdb.net ((!))  10/22/2019 17:10:27 ((!)) isValid: True isExist: True ActiveDomain: ocb.vnContextType.Domain: Domain
ERROR ((!)) IIS APPPOOL\hdtsdb.net ((!))  10/22/2019 17:12:00 ((!)) NonlifeInsuranceDetailService => getInsuranceDetail
Microsoft.CSharp.RuntimeBinder.RuntimeBinderException: Cannot perform runtime binding on a null reference
   at CallSite.Target(Closure , CallSite , Object )
   at System.Dynamic.UpdateDelegates.UpdateAndExecute1[T0,TRet](CallSite site, T0 arg0)
   at HDBH.Services.NonlifeInsuranceDetailService.getInsuranceDetail(String p_insuranceContractNo) in D:\WorkSpace\HopDongBaoHiem\SourceCode\dotNET\HDBH_New\HDBH.Services\Services\NonLifeInsurance\NonlifeInsuranceDetailService.cs:line 70
ERROR ((!)) IIS APPPOOL\hdtsdb.net ((!))  10/22/2019 17:13:56 ((!)) NonlifeInsuranceDetailService => getInsuranceDetail
Microsoft.CSharp.RuntimeBinder.RuntimeBinderException: Cannot perform runtime binding on a null reference
   at CallSite.Target(Closure , CallSite , Object )
   at HDBH.Services.NonlifeInsuranceDetailService.getInsuranceDetail(String p_insuranceContractNo) in D:\WorkSpace\HopDongBaoHiem\SourceCode\dotNET\HDBH_New\HDBH.Services\Services\NonLifeInsurance\NonlifeInsuranceDetailService.cs:line 70
ERROR ((!)) IIS APPPOOL\hdtsdb.net ((!))  10/22/2019 17:14:29 ((!)) step1
ERROR ((!)) IIS APPPOOL\hdtsdb.net ((!))  10/22/2019 17:14:29 ((!)) isValid: True
ERROR ((!)) IIS APPPOOL\hdtsdb.net ((!))  10/22/2019 17:14:29 ((!)) isValid: True isExist: True ActiveDomain: ocb.vnContextType.Domain: Domain
ERROR ((!)) IIS APPPOOL\hdtsdb.net ((!))  10/22/2019 17:14:35 ((!)) NonlifeInsuranceDetailService => getInsuranceDetail
Microsoft.CSharp.RuntimeBinder.RuntimeBinderException: Cannot perform runtime binding on a null reference
   at CallSite.Target(Closure , CallSite , Object )
   at System.Dynamic.UpdateDelegates.UpdateAndExecute1[T0,TRet](CallSite site, T0 arg0)
   at HDBH.Services.NonlifeInsuranceDetailService.getInsuranceDetail(String p_insuranceContractNo) in D:\WorkSpace\HopDongBaoHiem\SourceCode\dotNET\HDBH_New\HDBH.Services\Services\NonLifeInsurance\NonlifeInsuranceDetailService.cs:line 70
ERROR ((!)) IIS APPPOOL\hdtsdb.net ((!))  10/22/2019 17:15:09 ((!)) NonlifeInsuranceDetailService => getInsuranceDetail
Microsoft.CSharp.RuntimeBinder.RuntimeBinderException: Cannot perform runtime binding on a null reference
   at CallSite.Target(Closure , CallSite , Object )
   at HDBH.Services.NonlifeInsuranceDetailService.getInsuranceDetail(String p_insuranceContractNo) in D:\WorkSpace\HopDongBaoHiem\SourceCode\dotNET\HDBH_New\HDBH.Services\Services\NonLifeInsurance\NonlifeInsuranceDetailService.cs:line 70
ERROR ((!)) IIS APPPOOL\hdtsdb.net ((!))  10/22/2019 17:15:55 ((!)) NonlifeInsuranceDetailService => getInsuranceDetail
Microsoft.CSharp.RuntimeBinder.RuntimeBinderException: Cannot perform runtime binding on a null reference
   at CallSite.Target(Closure , CallSite , Object )
   at HDBH.Services.NonlifeInsuranceDetailService.getInsuranceDetail(String p_insuranceContractNo) in D:\WorkSpace\HopDongBaoHiem\SourceCode\dotNET\HDBH_New\HDBH.Services\Services\NonLifeInsurance\NonlifeInsuranceDetailService.cs:line 70
ERROR ((!)) IIS APPPOOL\hdtsdb.net ((!))  10/22/2019 17:17:13 ((!)) NonlifeInsuranceDetailService => getInsuranceDetail
Microsoft.CSharp.RuntimeBinder.RuntimeBinderException: Cannot perform runtime binding on a null reference
   at CallSite.Target(Closure , CallSite , Object )
   at HDBH.Services.NonlifeInsuranceDetailService.getInsuranceDetail(String p_insuranceContractNo) in D:\WorkSpace\HopDongBaoHiem\SourceCode\dotNET\HDBH_New\HDBH.Services\Services\NonLifeInsurance\NonlifeInsuranceDetailService.cs:line 70
ERROR ((!)) IIS APPPOOL\hdtsdb.net ((!))  10/22/2019 17:17:55 ((!)) NonlifeInsuranceDetailService => getInsuranceDetail
Microsoft.CSharp.RuntimeBinder.RuntimeBinderException: Cannot perform runtime binding on a null reference
   at CallSite.Target(Closure , CallSite , Object )
   at HDBH.Services.NonlifeInsuranceDetailService.getInsuranceDetail(String p_insuranceContractNo) in D:\WorkSpace\HopDongBaoHiem\SourceCode\dotNET\HDBH_New\HDBH.Services\Services\NonLifeInsurance\NonlifeInsuranceDetailService.cs:line 70
ERROR ((!)) IIS APPPOOL\hdtsdb.net ((!))  10/22/2019 17:20:31 ((!)) NonlifeInsuranceDetailService => getInsuranceDetail
Microsoft.CSharp.RuntimeBinder.RuntimeBinderException: Cannot perform runtime binding on a null reference
   at CallSite.Target(Closure , CallSite , Object )
   at HDBH.Services.NonlifeInsuranceDetailService.getInsuranceDetail(String p_insuranceContractNo) in D:\WorkSpace\HopDongBaoHiem\SourceCode\dotNET\HDBH_New\HDBH.Services\Services\NonLifeInsurance\NonlifeInsuranceDetailService.cs:line 70
ERROR ((!)) IIS APPPOOL\hdtsdb.net ((!))  10/22/2019 17:20:57 ((!)) NonlifeInsuranceDetailService => getInsuranceDetail
Microsoft.CSharp.RuntimeBinder.RuntimeBinderException: Cannot perform runtime binding on a null reference
   at CallSite.Target(Closure , CallSite , Object )
   at HDBH.Services.NonlifeInsuranceDetailService.getInsuranceDetail(String p_insuranceContractNo) in D:\WorkSpace\HopDongBaoHiem\SourceCode\dotNET\HDBH_New\HDBH.Services\Services\NonLifeInsurance\NonlifeInsuranceDetailService.cs:line 70
ERROR ((!)) IIS APPPOOL\hdtsdb.net ((!))  10/22/2019 17:23:40 ((!)) NonlifeInsuranceDetailService => getInsuranceDetail
Microsoft.CSharp.RuntimeBinder.RuntimeBinderException: Cannot perform runtime binding on a null reference
   at CallSite.Target(Closure , CallSite , Object )
   at HDBH.Services.NonlifeInsuranceDetailService.getInsuranceDetail(String p_insuranceContractNo) in D:\WorkSpace\HopDongBaoHiem\SourceCode\dotNET\HDBH_New\HDBH.Services\Services\NonLifeInsurance\NonlifeInsuranceDetailService.cs:line 70
ERROR ((!)) IIS APPPOOL\hdtsdb.net ((!))  10/22/2019 17:23:55 ((!)) step1
ERROR ((!)) IIS APPPOOL\hdtsdb.net ((!))  10/22/2019 17:23:55 ((!)) isValid: True
ERROR ((!)) IIS APPPOOL\hdtsdb.net ((!))  10/22/2019 17:23:55 ((!)) isValid: True isExist: True ActiveDomain: ocb.vnContextType.Domain: Domain
ERROR ((!)) IIS APPPOOL\hdtsdb.net ((!))  10/22/2019 17:23:59 ((!)) NonlifeInsuranceDetailService => getInsuranceDetail
Microsoft.CSharp.RuntimeBinder.RuntimeBinderException: Cannot perform runtime binding on a null reference
   at CallSite.Target(Closure , CallSite , Object )
   at System.Dynamic.UpdateDelegates.UpdateAndExecute1[T0,TRet](CallSite site, T0 arg0)
   at HDBH.Services.NonlifeInsuranceDetailService.getInsuranceDetail(String p_insuranceContractNo) in D:\WorkSpace\HopDongBaoHiem\SourceCode\dotNET\HDBH_New\HDBH.Services\Services\NonLifeInsurance\NonlifeInsuranceDetailService.cs:line 70
ERROR ((!)) IIS APPPOOL\hdtsdb.net ((!))  10/22/2019 17:24:20 ((!)) NonlifeInsuranceDetailService => getInsuranceDetail
Microsoft.CSharp.RuntimeBinder.RuntimeBinderException: Cannot perform runtime binding on a null reference
   at CallSite.Target(Closure , CallSite , Object )
   at HDBH.Services.NonlifeInsuranceDetailService.getInsuranceDetail(String p_insuranceContractNo) in D:\WorkSpace\HopDongBaoHiem\SourceCode\dotNET\HDBH_New\HDBH.Services\Services\NonLifeInsurance\NonlifeInsuranceDetailService.cs:line 70
ERROR ((!)) IIS APPPOOL\hdtsdb.net ((!))  10/22/2019 17:25:23 ((!)) NonlifeInsuranceDetailService => getInsuranceDetail
Microsoft.CSharp.RuntimeBinder.RuntimeBinderException: Cannot perform runtime binding on a null reference
   at CallSite.Target(Closure , CallSite , Object )
   at HDBH.Services.NonlifeInsuranceDetailService.getInsuranceDetail(String p_insuranceContractNo) in D:\WorkSpace\HopDongBaoHiem\SourceCode\dotNET\HDBH_New\HDBH.Services\Services\NonLifeInsurance\NonlifeInsuranceDetailService.cs:line 70
ERROR ((!)) IIS APPPOOL\hdtsdb.net ((!))  10/22/2019 17:26:44 ((!)) NonlifeInsuranceDetailService => getInsuranceDetail
Microsoft.CSharp.RuntimeBinder.RuntimeBinderException: Cannot perform runtime binding on a null reference
   at CallSite.Target(Closure , CallSite , Object )
   at HDBH.Services.NonlifeInsuranceDetailService.getInsuranceDetail(String p_insuranceContractNo) in D:\WorkSpace\HopDongBaoHiem\SourceCode\dotNET\HDBH_New\HDBH.Services\Services\NonLifeInsurance\NonlifeInsuranceDetailService.cs:line 70
ERROR ((!)) IIS APPPOOL\hdtsdb.net ((!))  10/22/2019 17:26:52 ((!)) step1
ERROR ((!)) IIS APPPOOL\hdtsdb.net ((!))  10/22/2019 17:26:52 ((!)) isValid: True
ERROR ((!)) IIS APPPOOL\hdtsdb.net ((!))  10/22/2019 17:26:52 ((!)) isValid: True isExist: True ActiveDomain: ocb.vnContextType.Domain: Domain
ERROR ((!)) IIS APPPOOL\hdtsdb.net ((!))  10/22/2019 17:27:24 ((!)) NonlifeInsuranceDetailService => getInsuranceDetail
Microsoft.CSharp.RuntimeBinder.RuntimeBinderException: Cannot perform runtime binding on a null reference
   at CallSite.Target(Closure , CallSite , Object )
   at System.Dynamic.UpdateDelegates.UpdateAndExecute1[T0,TRet](CallSite site, T0 arg0)
   at HDBH.Services.NonlifeInsuranceDetailService.getInsuranceDetail(String p_insuranceContractNo) in D:\WorkSpace\HopDongBaoHiem\SourceCode\dotNET\HDBH_New\HDBH.Services\Services\NonLifeInsurance\NonlifeInsuranceDetailService.cs:line 70
ERROR ((!)) IIS APPPOOL\hdtsdb.net ((!))  10/22/2019 17:28:10 ((!)) NonlifeInsuranceDetailService => getInsuranceDetail
Microsoft.CSharp.RuntimeBinder.RuntimeBinderException: Cannot perform runtime binding on a null reference
   at CallSite.Target(Closure , CallSite , Object )
   at HDBH.Services.NonlifeInsuranceDetailService.getInsuranceDetail(String p_insuranceContractNo) in D:\WorkSpace\HopDongBaoHiem\SourceCode\dotNET\HDBH_New\HDBH.Services\Services\NonLifeInsurance\NonlifeInsuranceDetailService.cs:line 70
ERROR ((!)) IIS APPPOOL\hdtsdb.net ((!))  10/22/2019 17:29:57 ((!)) NonlifeInsuranceDetailService => getInsuranceDetail
Microsoft.CSharp.RuntimeBinder.RuntimeBinderException: Cannot perform runtime binding on a null reference
   at CallSite.Target(Closure , CallSite , Object )
   at HDBH.Services.NonlifeInsuranceDetailService.getInsuranceDetail(String p_insuranceContractNo) in D:\WorkSpace\HopDongBaoHiem\SourceCode\dotNET\HDBH_New\HDBH.Services\Services\NonLifeInsurance\NonlifeInsuranceDetailService.cs:line 70
ERROR ((!)) IIS APPPOOL\hdtsdb.net ((!))  10/22/2019 17:30:35 ((!)) NonlifeInsuranceDetailService => getInsuranceDetail
Microsoft.CSharp.RuntimeBinder.RuntimeBinderException: Cannot perform runtime binding on a null reference
   at CallSite.Target(Closure , CallSite , Object )
   at HDBH.Services.NonlifeInsuranceDetailService.getInsuranceDetail(String p_insuranceContractNo) in D:\WorkSpace\HopDongBaoHiem\SourceCode\dotNET\HDBH_New\HDBH.Services\Services\NonLifeInsurance\NonlifeInsuranceDetailService.cs:line 70
ERROR ((!)) IIS APPPOOL\hdtsdb.net ((!))  10/22/2019 17:31:47 ((!)) step1
ERROR ((!)) IIS APPPOOL\hdtsdb.net ((!))  10/22/2019 17:31:47 ((!)) isValid: True
ERROR ((!)) IIS APPPOOL\hdtsdb.net ((!))  10/22/2019 17:31:47 ((!)) isValid: True isExist: True ActiveDomain: ocb.vnContextType.Domain: Domain
ERROR ((!)) IIS APPPOOL\hdtsdb.net ((!))  10/22/2019 17:32:02 ((!)) NonlifeInsuranceDetailService => getInsuranceDetail
Microsoft.CSharp.RuntimeBinder.RuntimeBinderException: Cannot perform runtime binding on a null reference
   at CallSite.Target(Closure , CallSite , Object )
   at System.Dynamic.UpdateDelegates.UpdateAndExecute1[T0,TRet](CallSite site, T0 arg0)
   at HDBH.Services.NonlifeInsuranceDetailService.getInsuranceDetail(String p_insuranceContractNo) in D:\WorkSpace\HopDongBaoHiem\SourceCode\dotNET\HDBH_New\HDBH.Services\Services\NonLifeInsurance\NonlifeInsuranceDetailService.cs:line 70
ERROR ((!)) IIS APPPOOL\hdtsdb.net ((!))  10/22/2019 17:33:24 ((!)) NonlifeInsuranceDetailService => getInsuranceDetail
Microsoft.CSharp.RuntimeBinder.RuntimeBinderException: Cannot perform runtime binding on a null reference
   at CallSite.Target(Closure , CallSite , Object )
   at HDBH.Services.NonlifeInsuranceDetailService.getInsuranceDetail(String p_insuranceContractNo) in D:\WorkSpace\HopDongBaoHiem\SourceCode\dotNET\HDBH_New\HDBH.Services\Services\NonLifeInsurance\NonlifeInsuranceDetailService.cs:line 70
ERROR ((!)) IIS APPPOOL\hdtsdb.net ((!))  10/22/2019 17:36:44 ((!)) NonlifeInsuranceDetailService => getInsuranceDetail
Microsoft.CSharp.RuntimeBinder.RuntimeBinderException: Cannot perform runtime binding on a null reference
   at CallSite.Target(Closure , CallSite , Object )
   at HDBH.Services.NonlifeInsuranceDetailService.getInsuranceDetail(String p_insuranceContractNo) in D:\WorkSpace\HopDongBaoHiem\SourceCode\dotNET\HDBH_New\HDBH.Services\Services\NonLifeInsurance\NonlifeInsuranceDetailService.cs:line 70
ERROR ((!)) IIS APPPOOL\hdtsdb.net ((!))  10/22/2019 17:37:07 ((!)) NonlifeInsuranceDetailService => getInsuranceDetail
Microsoft.CSharp.RuntimeBinder.RuntimeBinderException: Cannot perform runtime binding on a null reference
   at CallSite.Target(Closure , CallSite , Object )
   at HDBH.Services.NonlifeInsuranceDetailService.getInsuranceDetail(String p_insuranceContractNo) in D:\WorkSpace\HopDongBaoHiem\SourceCode\dotNET\HDBH_New\HDBH.Services\Services\NonLifeInsurance\NonlifeInsuranceDetailService.cs:line 70
ERROR ((!)) IIS APPPOOL\hdtsdb.net ((!))  10/22/2019 17:37:23 ((!)) NonlifeInsuranceDetailService => getInsuranceDetail
Microsoft.CSharp.RuntimeBinder.RuntimeBinderException: Cannot perform runtime binding on a null reference
   at CallSite.Target(Closure , CallSite , Object )
   at HDBH.Services.NonlifeInsuranceDetailService.getInsuranceDetail(String p_insuranceContractNo) in D:\WorkSpace\HopDongBaoHiem\SourceCode\dotNET\HDBH_New\HDBH.Services\Services\NonLifeInsurance\NonlifeInsuranceDetailService.cs:line 70
ERROR ((!)) IIS APPPOOL\hdtsdb.net ((!))  10/22/2019 17:37:24 ((!)) NonlifeInsuranceDetailService => getInsuranceDetail
Microsoft.CSharp.RuntimeBinder.RuntimeBinderException: Cannot perform runtime binding on a null reference
   at CallSite.Target(Closure , CallSite , Object )
   at HDBH.Services.NonlifeInsuranceDetailService.getInsuranceDetail(String p_insuranceContractNo) in D:\WorkSpace\HopDongBaoHiem\SourceCode\dotNET\HDBH_New\HDBH.Services\Services\NonLifeInsurance\NonlifeInsuranceDetailService.cs:line 70
ERROR ((!)) IIS APPPOOL\hdtsdb.net ((!))  10/22/2019 17:40:04 ((!)) step1
ERROR ((!)) IIS APPPOOL\hdtsdb.net ((!))  10/22/2019 17:40:04 ((!)) isValid: True
ERROR ((!)) IIS APPPOOL\hdtsdb.net ((!))  10/22/2019 17:40:04 ((!)) isValid: True isExist: True ActiveDomain: ocb.vnContextType.Domain: Domain
ERROR ((!)) IIS APPPOOL\hdtsdb.net ((!))  10/22/2019 18:00:27 ((!)) step1
ERROR ((!)) IIS APPPOOL\hdtsdb.net ((!))  10/22/2019 18:00:27 ((!)) isValid: True
ERROR ((!)) IIS APPPOOL\hdtsdb.net ((!))  10/22/2019 18:00:27 ((!)) isValid: True isExist: True ActiveDomain: ocb.vnContextType.Domain: Domain
ERROR ((!)) IIS APPPOOL\hdtsdb.net ((!))  10/22/2019 18:11:01 ((!)) ResultInsuranceContractDetailService => GetInsuranceContractDetail
Newtonsoft.Json.JsonSerializationException: Unexpected end when reading JSON. Path '', line 1, position 2.
   at Newtonsoft.Json.JsonReader.ReadAndAssert()
   at Newtonsoft.Json.Serialization.JsonSerializerInternalReader.CreateObject(JsonReader reader, Type objectType, JsonContract contract, JsonProperty member, JsonContainerContract containerContract, JsonProperty containerMember, Object existingValue)
   at Newtonsoft.Json.Serialization.JsonSerializerInternalReader.CreateValueInternal(JsonReader reader, Type objectType, JsonContract contract, JsonProperty member, JsonContainerContract containerContract, JsonProperty containerMember, Object existingValue)
   at Newtonsoft.Json.Serialization.JsonSerializerInternalReader.Deserialize(JsonReader reader, Type objectType, Boolean checkAdditionalContent)
   at Newtonsoft.Json.JsonSerializer.DeserializeInternal(JsonReader reader, Type objectType)
   at Newtonsoft.Json.JsonConvert.DeserializeObject(String value, Type type, JsonSerializerSettings settings)
   at Newtonsoft.Json.JsonConvert.DeserializeObject[T](String value, JsonSerializerSettings settings)
   at Newtonsoft.Json.JsonConvert.DeserializeObject[T](String value)
   at HDBH.Services.Services.InsuranceContract.ResultInsuranceContractDetailService.GetInsuranceContractDetail(String p_insuranceContractNo) in D:\WorkSpace\HopDongBaoHiem\SourceCode\dotNET\HDBH_New\HDBH.Services\Services\InsuranceContract\ResultInsuranceContractDetailService.cs:line 45
ERROR ((!)) IIS APPPOOL\hdtsdb.net ((!))  10/22/2019 18:11:08 ((!)) ResultInsuranceContractDetailService => GetInsuranceContractDetail
Newtonsoft.Json.JsonSerializationException: Unexpected end when reading JSON. Path '', line 1, position 2.
   at Newtonsoft.Json.JsonReader.ReadAndAssert()
   at Newtonsoft.Json.Serialization.JsonSerializerInternalReader.CreateObject(JsonReader reader, Type objectType, JsonContract contract, JsonProperty member, JsonContainerContract containerContract, JsonProperty containerMember, Object existingValue)
   at Newtonsoft.Json.Serialization.JsonSerializerInternalReader.CreateValueInternal(JsonReader reader, Type objectType, JsonContract contract, JsonProperty member, JsonContainerContract containerContract, JsonProperty containerMember, Object existingValue)
   at Newtonsoft.Json.Serialization.JsonSerializerInternalReader.Deserialize(JsonReader reader, Type objectType, Boolean checkAdditionalContent)
   at Newtonsoft.Json.JsonSerializer.DeserializeInternal(JsonReader reader, Type objectType)
   at Newtonsoft.Json.JsonConvert.DeserializeObject(String value, Type type, JsonSerializerSettings settings)
   at Newtonsoft.Json.JsonConvert.DeserializeObject[T](String value, JsonSerializerSettings settings)
   at Newtonsoft.Json.JsonConvert.DeserializeObject[T](String value)
   at HDBH.Services.Services.InsuranceContract.ResultInsuranceContractDetailService.GetInsuranceContractDetail(String p_insuranceContractNo) in D:\WorkSpace\HopDongBaoHiem\SourceCode\dotNET\HDBH_New\HDBH.Services\Services\InsuranceContract\ResultInsuranceContractDetailService.cs:line 50
ERROR ((!)) IIS APPPOOL\hdtsdb.net ((!))  10/22/2019 18:11:40 ((!)) ResultInsuranceContractDetailService => GetInsuranceContractDetail
Newtonsoft.Json.JsonSerializationException: Unexpected end when reading JSON. Path '', line 1, position 2.
   at Newtonsoft.Json.JsonReader.ReadAndAssert()
   at Newtonsoft.Json.Serialization.JsonSerializerInternalReader.CreateObject(JsonReader reader, Type objectType, JsonContract contract, JsonProperty member, JsonContainerContract containerContract, JsonProperty containerMember, Object existingValue)
   at Newtonsoft.Json.Serialization.JsonSerializerInternalReader.CreateValueInternal(JsonReader reader, Type objectType, JsonContract contract, JsonProperty member, JsonContainerContract containerContract, JsonProperty containerMember, Object existingValue)
   at Newtonsoft.Json.Serialization.JsonSerializerInternalReader.Deserialize(JsonReader reader, Type objectType, Boolean checkAdditionalContent)
   at Newtonsoft.Json.JsonSerializer.DeserializeInternal(JsonReader reader, Type objectType)
   at Newtonsoft.Json.JsonConvert.DeserializeObject(String value, Type type, JsonSerializerSettings settings)
   at Newtonsoft.Json.JsonConvert.DeserializeObject[T](String value, JsonSerializerSettings settings)
   at Newtonsoft.Json.JsonConvert.DeserializeObject[T](String value)
   at HDBH.Services.Services.InsuranceContract.ResultInsuranceContractDetailService.GetInsuranceContractDetail(String p_insuranceContractNo) in D:\WorkSpace\HopDongBaoHiem\SourceCode\dotNET\HDBH_New\HDBH.Services\Services\InsuranceContract\ResultInsuranceContractDetailService.cs:line 50
ERROR ((!)) IIS APPPOOL\hdtsdb.net ((!))  10/22/2019 18:12:24 ((!)) ResultInsuranceContractDetailService => GetInsuranceContractDetail
Newtonsoft.Json.JsonSerializationException: Unexpected end when reading JSON. Path '', line 1, position 2.
   at Newtonsoft.Json.JsonReader.ReadAndAssert()
   at Newtonsoft.Json.Serialization.JsonSerializerInternalReader.CreateObject(JsonReader reader, Type objectType, JsonContract contract, JsonProperty member, JsonContainerContract containerContract, JsonProperty containerMember, Object existingValue)
   at Newtonsoft.Json.Serialization.JsonSerializerInternalReader.CreateValueInternal(JsonReader reader, Type objectType, JsonContract contract, JsonProperty member, JsonContainerContract containerContract, JsonProperty containerMember, Object existingValue)
   at Newtonsoft.Json.Serialization.JsonSerializerInternalReader.Deserialize(JsonReader reader, Type objectType, Boolean checkAdditionalContent)
   at Newtonsoft.Json.JsonSerializer.DeserializeInternal(JsonReader reader, Type objectType)
   at Newtonsoft.Json.JsonConvert.DeserializeObject(String value, Type type, JsonSerializerSettings settings)
   at Newtonsoft.Json.JsonConvert.DeserializeObject[T](String value, JsonSerializerSettings settings)
   at Newtonsoft.Json.JsonConvert.DeserializeObject[T](String value)
   at HDBH.Services.Services.InsuranceContract.ResultInsuranceContractDetailService.GetInsuranceContractDetail(String p_insuranceContractNo) in D:\WorkSpace\HopDongBaoHiem\SourceCode\dotNET\HDBH_New\HDBH.Services\Services\InsuranceContract\ResultInsuranceContractDetailService.cs:line 50
ERROR ((!)) IIS APPPOOL\hdtsdb.net ((!))  10/22/2019 18:13:56 ((!)) ResultInsuranceContractDetailService => GetInsuranceContractDetail
Newtonsoft.Json.JsonSerializationException: Unexpected end when reading JSON. Path '', line 1, position 2.
   at Newtonsoft.Json.JsonReader.ReadAndAssert()
   at Newtonsoft.Json.Serialization.JsonSerializerInternalReader.CreateObject(JsonReader reader, Type objectType, JsonContract contract, JsonProperty member, JsonContainerContract containerContract, JsonProperty containerMember, Object existingValue)
   at Newtonsoft.Json.Serialization.JsonSerializerInternalReader.CreateValueInternal(JsonReader reader, Type objectType, JsonContract contract, JsonProperty member, JsonContainerContract containerContract, JsonProperty containerMember, Object existingValue)
   at Newtonsoft.Json.Serialization.JsonSerializerInternalReader.Deserialize(JsonReader reader, Type objectType, Boolean checkAdditionalContent)
   at Newtonsoft.Json.JsonSerializer.DeserializeInternal(JsonReader reader, Type objectType)
   at Newtonsoft.Json.JsonConvert.DeserializeObject(String value, Type type, JsonSerializerSettings settings)
   at Newtonsoft.Json.JsonConvert.DeserializeObject[T](String value, JsonSerializerSettings settings)
   at Newtonsoft.Json.JsonConvert.DeserializeObject[T](String value)
   at HDBH.Services.Services.InsuranceContract.ResultInsuranceContractDetailService.GetInsuranceContractDetail(String p_insuranceContractNo) in D:\WorkSpace\HopDongBaoHiem\SourceCode\dotNET\HDBH_New\HDBH.Services\Services\InsuranceContract\ResultInsuranceContractDetailService.cs:line 50
ERROR ((!)) IIS APPPOOL\hdtsdb.net ((!))  10/22/2019 18:20:20 ((!)) step1
ERROR ((!)) IIS APPPOOL\hdtsdb.net ((!))  10/22/2019 18:20:20 ((!)) isValid: True
ERROR ((!)) IIS APPPOOL\hdtsdb.net ((!))  10/22/2019 18:20:20 ((!)) isValid: True isExist: True ActiveDomain: ocb.vnContextType.Domain: Domain
ERROR ((!)) IIS APPPOOL\hdtsdb.net ((!))  10/22/2019 18:22:16 ((!)) ResultInsuranceContractDetailService => GetInsuranceContractDetail
Newtonsoft.Json.JsonSerializationException: Unexpected end when reading JSON. Path '', line 1, position 2.
   at Newtonsoft.Json.JsonReader.ReadAndAssert()
   at Newtonsoft.Json.Serialization.JsonSerializerInternalReader.CreateObject(JsonReader reader, Type objectType, JsonContract contract, JsonProperty member, JsonContainerContract containerContract, JsonProperty containerMember, Object existingValue)
   at Newtonsoft.Json.Serialization.JsonSerializerInternalReader.CreateValueInternal(JsonReader reader, Type objectType, JsonContract contract, JsonProperty member, JsonContainerContract containerContract, JsonProperty containerMember, Object existingValue)
   at Newtonsoft.Json.Serialization.JsonSerializerInternalReader.Deserialize(JsonReader reader, Type objectType, Boolean checkAdditionalContent)
   at Newtonsoft.Json.JsonSerializer.DeserializeInternal(JsonReader reader, Type objectType)
   at Newtonsoft.Json.JsonConvert.DeserializeObject(String value, Type type, JsonSerializerSettings settings)
   at Newtonsoft.Json.JsonConvert.DeserializeObject[T](String value, JsonSerializerSettings settings)
   at Newtonsoft.Json.JsonConvert.DeserializeObject[T](String value)
   at HDBH.Services.Services.InsuranceContract.ResultInsuranceContractDetailService.GetInsuranceContractDetail(String p_insuranceContractNo) in D:\WorkSpace\HopDongBaoHiem\SourceCode\dotNET\HDBH_New\HDBH.Services\Services\InsuranceContract\ResultInsuranceContractDetailService.cs:line 50
ERROR ((!)) IIS APPPOOL\hdtsdb.net ((!))  10/22/2019 19:50:49 ((!)) step1
ERROR ((!)) IIS APPPOOL\hdtsdb.net ((!))  10/22/2019 19:50:49 ((!)) isValid: True
ERROR ((!)) IIS APPPOOL\hdtsdb.net ((!))  10/22/2019 19:50:49 ((!)) isValid: True isExist: True ActiveDomain: ocb.vnContextType.Domain: Domain
ERROR ((!)) IIS APPPOOL\hdtsdb.net ((!))  10/22/2019 19:54:19 ((!)) step1
ERROR ((!)) IIS APPPOOL\hdtsdb.net ((!))  10/22/2019 19:54:19 ((!)) isValid: True
ERROR ((!)) IIS APPPOOL\hdtsdb.net ((!))  10/22/2019 19:54:19 ((!)) isValid: True isExist: True ActiveDomain: ocb.vnContextType.Domain: Domain
ERROR ((!)) IIS APPPOOL\hdtsdb.net ((!))  10/22/2019 20:01:22 ((!)) step1
ERROR ((!)) IIS APPPOOL\hdtsdb.net ((!))  10/22/2019 20:01:22 ((!)) isValid: True
ERROR ((!)) IIS APPPOOL\hdtsdb.net ((!))  10/22/2019 20:01:22 ((!)) isValid: True isExist: True ActiveDomain: ocb.vnContextType.Domain: Domain
ERROR ((!)) IIS APPPOOL\hdtsdb.net ((!))  10/22/2019 20:06:55 ((!)) ResultInsuranceContractDetailService => GetInsuranceContractDetail
Newtonsoft.Json.JsonSerializationException: Unexpected end when reading JSON. Path '', line 1, position 2.
   at Newtonsoft.Json.JsonReader.ReadAndAssert()
   at Newtonsoft.Json.Serialization.JsonSerializerInternalReader.CreateObject(JsonReader reader, Type objectType, JsonContract contract, JsonProperty member, JsonContainerContract containerContract, JsonProperty containerMember, Object existingValue)
   at Newtonsoft.Json.Serialization.JsonSerializerInternalReader.CreateValueInternal(JsonReader reader, Type objectType, JsonContract contract, JsonProperty member, JsonContainerContract containerContract, JsonProperty containerMember, Object existingValue)
   at Newtonsoft.Json.Serialization.JsonSerializerInternalReader.Deserialize(JsonReader reader, Type objectType, Boolean checkAdditionalContent)
   at Newtonsoft.Json.JsonSerializer.DeserializeInternal(JsonReader reader, Type objectType)
   at Newtonsoft.Json.JsonConvert.DeserializeObject(String value, Type type, JsonSerializerSettings settings)
   at Newtonsoft.Json.JsonConvert.DeserializeObject[T](String value, JsonSerializerSettings settings)
   at Newtonsoft.Json.JsonConvert.DeserializeObject[T](String value)
   at HDBH.Services.Services.InsuranceContract.ResultInsuranceContractDetailService.GetInsuranceContractDetail(String p_insuranceContractNo) in D:\WorkSpace\HopDongBaoHiem\SourceCode\dotNET\HDBH_New\HDBH.Services\Services\InsuranceContract\ResultInsuranceContractDetailService.cs:line 48
ERROR ((!)) IIS APPPOOL\hdtsdb.net ((!))  10/22/2019 20:06:59 ((!)) ResultInsuranceContractDetailService => GetInsuranceContractDetail
Newtonsoft.Json.JsonSerializationException: Unexpected end when reading JSON. Path '', line 1, position 2.
   at Newtonsoft.Json.JsonReader.ReadAndAssert()
   at Newtonsoft.Json.Serialization.JsonSerializerInternalReader.CreateObject(JsonReader reader, Type objectType, JsonContract contract, JsonProperty member, JsonContainerContract containerContract, JsonProperty containerMember, Object existingValue)
   at Newtonsoft.Json.Serialization.JsonSerializerInternalReader.CreateValueInternal(JsonReader reader, Type objectType, JsonContract contract, JsonProperty member, JsonContainerContract containerContract, JsonProperty containerMember, Object existingValue)
   at Newtonsoft.Json.Serialization.JsonSerializerInternalReader.Deserialize(JsonReader reader, Type objectType, Boolean checkAdditionalContent)
   at Newtonsoft.Json.JsonSerializer.DeserializeInternal(JsonReader reader, Type objectType)
   at Newtonsoft.Json.JsonConvert.DeserializeObject(String value, Type type, JsonSerializerSettings settings)
   at Newtonsoft.Json.JsonConvert.DeserializeObject[T](String value, JsonSerializerSettings settings)
   at Newtonsoft.Json.JsonConvert.DeserializeObject[T](String value)
   at HDBH.Services.Services.InsuranceContract.ResultInsuranceContractDetailService.GetInsuranceContractDetail(String p_insuranceContractNo) in D:\WorkSpace\HopDongBaoHiem\SourceCode\dotNET\HDBH_New\HDBH.Services\Services\InsuranceContract\ResultInsuranceContractDetailService.cs:line 50
ERROR ((!)) IIS APPPOOL\hdtsdb.net ((!))  10/22/2019 20:07:34 ((!)) ResultInsuranceContractDetailService => GetInsuranceContractDetail
Newtonsoft.Json.JsonSerializationException: Unexpected end when reading JSON. Path '', line 1, position 2.
   at Newtonsoft.Json.JsonReader.ReadAndAssert()
   at Newtonsoft.Json.Serialization.JsonSerializerInternalReader.CreateObject(JsonReader reader, Type objectType, JsonContract contract, JsonProperty member, JsonContainerContract containerContract, JsonProperty containerMember, Object existingValue)
   at Newtonsoft.Json.Serialization.JsonSerializerInternalReader.CreateValueInternal(JsonReader reader, Type objectType, JsonContract contract, JsonProperty member, JsonContainerContract containerContract, JsonProperty containerMember, Object existingValue)
   at Newtonsoft.Json.Serialization.JsonSerializerInternalReader.Deserialize(JsonReader reader, Type objectType, Boolean checkAdditionalContent)
   at Newtonsoft.Json.JsonSerializer.DeserializeInternal(JsonReader reader, Type objectType)
   at Newtonsoft.Json.JsonConvert.DeserializeObject(String value, Type type, JsonSerializerSettings settings)
   at Newtonsoft.Json.JsonConvert.DeserializeObject[T](String value, JsonSerializerSettings settings)
   at Newtonsoft.Json.JsonConvert.DeserializeObject[T](String value)
   at HDBH.Services.Services.InsuranceContract.ResultInsuranceContractDetailService.GetInsuranceContractDetail(String p_insuranceContractNo) in D:\WorkSpace\HopDongBaoHiem\SourceCode\dotNET\HDBH_New\HDBH.Services\Services\InsuranceContract\ResultInsuranceContractDetailService.cs:line 45
ERROR ((!)) IIS APPPOOL\hdtsdb.net ((!))  10/22/2019 20:07:45 ((!)) ResultInsuranceContractDetailService => GetInsuranceContractDetail
Newtonsoft.Json.JsonSerializationException: Unexpected end when reading JSON. Path '', line 1, position 2.
   at Newtonsoft.Json.JsonReader.ReadAndAssert()
   at Newtonsoft.Json.Serialization.JsonSerializerInternalReader.CreateObject(JsonReader reader, Type objectType, JsonContract contract, JsonProperty member, JsonContainerContract containerContract, JsonProperty containerMember, Object existingValue)
   at Newtonsoft.Json.Serialization.JsonSerializerInternalReader.CreateValueInternal(JsonReader reader, Type objectType, JsonContract contract, JsonProperty member, JsonContainerContract containerContract, JsonProperty containerMember, Object existingValue)
   at Newtonsoft.Json.Serialization.JsonSerializerInternalReader.Deserialize(JsonReader reader, Type objectType, Boolean checkAdditionalContent)
   at Newtonsoft.Json.JsonSerializer.DeserializeInternal(JsonReader reader, Type objectType)
   at Newtonsoft.Json.JsonConvert.DeserializeObject(String value, Type type, JsonSerializerSettings settings)
   at Newtonsoft.Json.JsonConvert.DeserializeObject[T](String value, JsonSerializerSettings settings)
   at Newtonsoft.Json.JsonConvert.DeserializeObject[T](String value)
   at HDBH.Services.Services.InsuranceContract.ResultInsuranceContractDetailService.GetInsuranceContractDetail(String p_insuranceContractNo) in D:\WorkSpace\HopDongBaoHiem\SourceCode\dotNET\HDBH_New\HDBH.Services\Services\InsuranceContract\ResultInsuranceContractDetailService.cs:line 45
ERROR ((!)) IIS APPPOOL\hdtsdb.net ((!))  10/22/2019 20:08:21 ((!)) ResultInsuranceContractDetailService => GetInsuranceContractDetail
Newtonsoft.Json.JsonSerializationException: Unexpected end when reading JSON. Path '', line 1, position 2.
   at Newtonsoft.Json.JsonReader.ReadAndAssert()
   at Newtonsoft.Json.Serialization.JsonSerializerInternalReader.CreateObject(JsonReader reader, Type objectType, JsonContract contract, JsonProperty member, JsonContainerContract containerContract, JsonProperty containerMember, Object existingValue)
   at Newtonsoft.Json.Serialization.JsonSerializerInternalReader.CreateValueInternal(JsonReader reader, Type objectType, JsonContract contract, JsonProperty member, JsonContainerContract containerContract, JsonProperty containerMember, Object existingValue)
   at Newtonsoft.Json.Serialization.JsonSerializerInternalReader.Deserialize(JsonReader reader, Type objectType, Boolean checkAdditionalContent)
   at Newtonsoft.Json.JsonSerializer.DeserializeInternal(JsonReader reader, Type objectType)
   at Newtonsoft.Json.JsonConvert.DeserializeObject(String value, Type type, JsonSerializerSettings settings)
   at Newtonsoft.Json.JsonConvert.DeserializeObject[T](String value, JsonSerializerSettings settings)
   at Newtonsoft.Json.JsonConvert.DeserializeObject[T](String value)
   at HDBH.Services.Services.InsuranceContract.ResultInsuranceContractDetailService.GetInsuranceContractDetail(String p_insuranceContractNo) in D:\WorkSpace\HopDongBaoHiem\SourceCode\dotNET\HDBH_New\HDBH.Services\Services\InsuranceContract\ResultInsuranceContractDetailService.cs:line 45
ERROR ((!)) IIS APPPOOL\hdtsdb.net ((!))  10/22/2019 20:08:40 ((!)) ResultInsuranceContractDetailService => GetInsuranceContractDetail
Newtonsoft.Json.JsonSerializationException: Unexpected end when reading JSON. Path '', line 1, position 2.
   at Newtonsoft.Json.JsonReader.ReadAndAssert()
   at Newtonsoft.Json.Serialization.JsonSerializerInternalReader.CreateObject(JsonReader reader, Type objectType, JsonContract contract, JsonProperty member, JsonContainerContract containerContract, JsonProperty containerMember, Object existingValue)
   at Newtonsoft.Json.Serialization.JsonSerializerInternalReader.CreateValueInternal(JsonReader reader, Type objectType, JsonContract contract, JsonProperty member, JsonContainerContract containerContract, JsonProperty containerMember, Object existingValue)
   at Newtonsoft.Json.Serialization.JsonSerializerInternalReader.Deserialize(JsonReader reader, Type objectType, Boolean checkAdditionalContent)
   at Newtonsoft.Json.JsonSerializer.DeserializeInternal(JsonReader reader, Type objectType)
   at Newtonsoft.Json.JsonConvert.DeserializeObject(String value, Type type, JsonSerializerSettings settings)
   at Newtonsoft.Json.JsonConvert.DeserializeObject[T](String value, JsonSerializerSettings settings)
   at Newtonsoft.Json.JsonConvert.DeserializeObject[T](String value)
   at HDBH.Services.Services.InsuranceContract.ResultInsuranceContractDetailService.GetInsuranceContractDetail(String p_insuranceContractNo) in D:\WorkSpace\HopDongBaoHiem\SourceCode\dotNET\HDBH_New\HDBH.Services\Services\InsuranceContract\ResultInsuranceContractDetailService.cs:line 45
ERROR ((!)) IIS APPPOOL\hdtsdb.net ((!))  10/22/2019 20:08:44 ((!)) ResultInsuranceContractDetailService => GetInsuranceContractDetail
Newtonsoft.Json.JsonSerializationException: Unexpected end when reading JSON. Path '', line 1, position 2.
   at Newtonsoft.Json.JsonReader.ReadAndAssert()
   at Newtonsoft.Json.Serialization.JsonSerializerInternalReader.CreateObject(JsonReader reader, Type objectType, JsonContract contract, JsonProperty member, JsonContainerContract containerContract, JsonProperty containerMember, Object existingValue)
   at Newtonsoft.Json.Serialization.JsonSerializerInternalReader.CreateValueInternal(JsonReader reader, Type objectType, JsonContract contract, JsonProperty member, JsonContainerContract containerContract, JsonProperty containerMember, Object existingValue)
   at Newtonsoft.Json.Serialization.JsonSerializerInternalReader.Deserialize(JsonReader reader, Type objectType, Boolean checkAdditionalContent)
   at Newtonsoft.Json.JsonSerializer.DeserializeInternal(JsonReader reader, Type objectType)
   at Newtonsoft.Json.JsonConvert.DeserializeObject(String value, Type type, JsonSerializerSettings settings)
   at Newtonsoft.Json.JsonConvert.DeserializeObject[T](String value, JsonSerializerSettings settings)
   at Newtonsoft.Json.JsonConvert.DeserializeObject[T](String value)
   at HDBH.Services.Services.InsuranceContract.ResultInsuranceContractDetailService.GetInsuranceContractDetail(String p_insuranceContractNo) in D:\WorkSpace\HopDongBaoHiem\SourceCode\dotNET\HDBH_New\HDBH.Services\Services\InsuranceContract\ResultInsuranceContractDetailService.cs:line 50
ERROR ((!)) IIS APPPOOL\hdtsdb.net ((!))  10/22/2019 20:09:10 ((!)) ResultInsuranceContractDetailService => GetInsuranceContractDetail
Newtonsoft.Json.JsonSerializationException: Unexpected end when reading JSON. Path '', line 1, position 2.
   at Newtonsoft.Json.JsonReader.ReadAndAssert()
   at Newtonsoft.Json.Serialization.JsonSerializerInternalReader.CreateObject(JsonReader reader, Type objectType, JsonContract contract, JsonProperty member, JsonContainerContract containerContract, JsonProperty containerMember, Object existingValue)
   at Newtonsoft.Json.Serialization.JsonSerializerInternalReader.CreateValueInternal(JsonReader reader, Type objectType, JsonContract contract, JsonProperty member, JsonContainerContract containerContract, JsonProperty containerMember, Object existingValue)
   at Newtonsoft.Json.Serialization.JsonSerializerInternalReader.Deserialize(JsonReader reader, Type objectType, Boolean checkAdditionalContent)
   at Newtonsoft.Json.JsonSerializer.DeserializeInternal(JsonReader reader, Type objectType)
   at Newtonsoft.Json.JsonConvert.DeserializeObject(String value, Type type, JsonSerializerSettings settings)
   at Newtonsoft.Json.JsonConvert.DeserializeObject[T](String value, JsonSerializerSettings settings)
   at Newtonsoft.Json.JsonConvert.DeserializeObject[T](String value)
   at HDBH.Services.Services.InsuranceContract.ResultInsuranceContractDetailService.GetInsuranceContractDetail(String p_insuranceContractNo) in D:\WorkSpace\HopDongBaoHiem\SourceCode\dotNET\HDBH_New\HDBH.Services\Services\InsuranceContract\ResultInsuranceContractDetailService.cs:line 50
ERROR ((!)) IIS APPPOOL\hdtsdb.net ((!))  10/22/2019 20:15:08 ((!)) RecipientDetailService => getRecipientList
Newtonsoft.Json.JsonReaderException: Could not convert string to DateTime: 24-10-2019. Path '[0].OTHERRECIPIENTDATE', line 17, position 38.
   at Newtonsoft.Json.JsonReader.ReadDateTimeString(String s)
   at Newtonsoft.Json.JsonTextReader.FinishReadQuotedStringValue(ReadType readType)
   at Newtonsoft.Json.JsonTextReader.ReadStringValue(ReadType readType)
   at Newtonsoft.Json.JsonTextReader.ReadAsDateTime()
   at Newtonsoft.Json.JsonReader.ReadForType(JsonContract contract, Boolean hasConverter)
   at Newtonsoft.Json.Serialization.JsonSerializerInternalReader.PopulateObject(Object newObject, JsonReader reader, JsonObjectContract contract, JsonProperty member, String id)
   at Newtonsoft.Json.Serialization.JsonSerializerInternalReader.CreateObject(JsonReader reader, Type objectType, JsonContract contract, JsonProperty member, JsonContainerContract containerContract, JsonProperty containerMember, Object existingValue)
   at Newtonsoft.Json.Serialization.JsonSerializerInternalReader.CreateValueInternal(JsonReader reader, Type objectType, JsonContract contract, JsonProperty member, JsonContainerContract containerContract, JsonProperty containerMember, Object existingValue)
   at Newtonsoft.Json.Serialization.JsonSerializerInternalReader.PopulateList(IList list, JsonReader reader, JsonArrayContract contract, JsonProperty containerProperty, String id)
   at Newtonsoft.Json.Serialization.JsonSerializerInternalReader.CreateList(JsonReader reader, Type objectType, JsonContract contract, JsonProperty member, Object existingValue, String id)
   at Newtonsoft.Json.Serialization.JsonSerializerInternalReader.CreateValueInternal(JsonReader reader, Type objectType, JsonContract contract, JsonProperty member, JsonContainerContract containerContract, JsonProperty containerMember, Object existingValue)
   at Newtonsoft.Json.Serialization.JsonSerializerInternalReader.Deserialize(JsonReader reader, Type objectType, Boolean checkAdditionalContent)
   at Newtonsoft.Json.JsonSerializer.DeserializeInternal(JsonReader reader, Type objectType)
   at Newtonsoft.Json.JsonConvert.DeserializeObject(String value, Type type, JsonSerializerSettings settings)
   at Newtonsoft.Json.JsonConvert.DeserializeObject[T](String value, JsonSerializerSettings settings)
   at Newtonsoft.Json.JsonConvert.DeserializeObject[T](String value)
   at HDBH.Services.RecipientDetailService.SP_GET_RECIPIENT_DETAIL(String recipientDealNo, String insuranceContractNo, String periodCode, String receiptCode) in D:\WorkSpace\HopDongBaoHiem\SourceCode\dotNET\HDBH_New\HDBH.Services\Services\Recipient\RecipientDetailService.cs:line 56
ERROR ((!)) IIS APPPOOL\hdtsdb.net ((!))  10/22/2019 20:15:43 ((!)) RecipientDetailService => getRecipientList
Newtonsoft.Json.JsonReaderException: Could not convert string to DateTime: 24-10-2019. Path '[0].OTHERRECIPIENTDATE', line 17, position 38.
   at Newtonsoft.Json.JsonReader.ReadDateTimeString(String s)
   at Newtonsoft.Json.JsonTextReader.FinishReadQuotedStringValue(ReadType readType)
   at Newtonsoft.Json.JsonTextReader.ReadStringValue(ReadType readType)
   at Newtonsoft.Json.JsonTextReader.ReadAsDateTime()
   at Newtonsoft.Json.JsonReader.ReadForType(JsonContract contract, Boolean hasConverter)
   at Newtonsoft.Json.Serialization.JsonSerializerInternalReader.PopulateObject(Object newObject, JsonReader reader, JsonObjectContract contract, JsonProperty member, String id)
   at Newtonsoft.Json.Serialization.JsonSerializerInternalReader.CreateObject(JsonReader reader, Type objectType, JsonContract contract, JsonProperty member, JsonContainerContract containerContract, JsonProperty containerMember, Object existingValue)
   at Newtonsoft.Json.Serialization.JsonSerializerInternalReader.CreateValueInternal(JsonReader reader, Type objectType, JsonContract contract, JsonProperty member, JsonContainerContract containerContract, JsonProperty containerMember, Object existingValue)
   at Newtonsoft.Json.Serialization.JsonSerializerInternalReader.PopulateList(IList list, JsonReader reader, JsonArrayContract contract, JsonProperty containerProperty, String id)
   at Newtonsoft.Json.Serialization.JsonSerializerInternalReader.CreateList(JsonReader reader, Type objectType, JsonContract contract, JsonProperty member, Object existingValue, String id)
   at Newtonsoft.Json.Serialization.JsonSerializerInternalReader.CreateValueInternal(JsonReader reader, Type objectType, JsonContract contract, JsonProperty member, JsonContainerContract containerContract, JsonProperty containerMember, Object existingValue)
   at Newtonsoft.Json.Serialization.JsonSerializerInternalReader.Deserialize(JsonReader reader, Type objectType, Boolean checkAdditionalContent)
   at Newtonsoft.Json.JsonSerializer.DeserializeInternal(JsonReader reader, Type objectType)
   at Newtonsoft.Json.JsonConvert.DeserializeObject(String value, Type type, JsonSerializerSettings settings)
   at Newtonsoft.Json.JsonConvert.DeserializeObject[T](String value, JsonSerializerSettings settings)
   at Newtonsoft.Json.JsonConvert.DeserializeObject[T](String value)
   at HDBH.Services.RecipientDetailService.SP_GET_RECIPIENT_DETAIL(String recipientDealNo, String insuranceContractNo, String periodCode, String receiptCode) in D:\WorkSpace\HopDongBaoHiem\SourceCode\dotNET\HDBH_New\HDBH.Services\Services\Recipient\RecipientDetailService.cs:line 56
ERROR ((!)) IIS APPPOOL\hdtsdb.net ((!))  10/22/2019 20:17:36 ((!)) RecipientDetailService => getRecipientList
Newtonsoft.Json.JsonReaderException: Could not convert string to DateTime: 24-10-2019. Path '[0].OTHERRECIPIENTDATE', line 17, position 38.
   at Newtonsoft.Json.JsonReader.ReadDateTimeString(String s)
   at Newtonsoft.Json.JsonTextReader.FinishReadQuotedStringValue(ReadType readType)
   at Newtonsoft.Json.JsonTextReader.ReadStringValue(ReadType readType)
   at Newtonsoft.Json.JsonTextReader.ReadAsDateTime()
   at Newtonsoft.Json.JsonReader.ReadForType(JsonContract contract, Boolean hasConverter)
   at Newtonsoft.Json.Serialization.JsonSerializerInternalReader.PopulateObject(Object newObject, JsonReader reader, JsonObjectContract contract, JsonProperty member, String id)
   at Newtonsoft.Json.Serialization.JsonSerializerInternalReader.CreateObject(JsonReader reader, Type objectType, JsonContract contract, JsonProperty member, JsonContainerContract containerContract, JsonProperty containerMember, Object existingValue)
   at Newtonsoft.Json.Serialization.JsonSerializerInternalReader.CreateValueInternal(JsonReader reader, Type objectType, JsonContract contract, JsonProperty member, JsonContainerContract containerContract, JsonProperty containerMember, Object existingValue)
   at Newtonsoft.Json.Serialization.JsonSerializerInternalReader.PopulateList(IList list, JsonReader reader, JsonArrayContract contract, JsonProperty containerProperty, String id)
   at Newtonsoft.Json.Serialization.JsonSerializerInternalReader.CreateList(JsonReader reader, Type objectType, JsonContract contract, JsonProperty member, Object existingValue, String id)
   at Newtonsoft.Json.Serialization.JsonSerializerInternalReader.CreateValueInternal(JsonReader reader, Type objectType, JsonContract contract, JsonProperty member, JsonContainerContract containerContract, JsonProperty containerMember, Object existingValue)
   at Newtonsoft.Json.Serialization.JsonSerializerInternalReader.Deserialize(JsonReader reader, Type objectType, Boolean checkAdditionalContent)
   at Newtonsoft.Json.JsonSerializer.DeserializeInternal(JsonReader reader, Type objectType)
   at Newtonsoft.Json.JsonConvert.DeserializeObject(String value, Type type, JsonSerializerSettings settings)
   at Newtonsoft.Json.JsonConvert.DeserializeObject[T](String value, JsonSerializerSettings settings)
   at Newtonsoft.Json.JsonConvert.DeserializeObject[T](String value)
   at HDBH.Services.RecipientDetailService.SP_GET_RECIPIENT_DETAIL(String recipientDealNo, String insuranceContractNo, String periodCode, String receiptCode) in D:\WorkSpace\HopDongBaoHiem\SourceCode\dotNET\HDBH_New\HDBH.Services\Services\Recipient\RecipientDetailService.cs:line 56
ERROR ((!)) IIS APPPOOL\hdtsdb.net ((!))  10/22/2019 20:20:27 ((!)) ResultInsuranceContractDetailService => GetInsuranceContractDetail
Newtonsoft.Json.JsonSerializationException: Unexpected end when reading JSON. Path '', line 1, position 2.
   at Newtonsoft.Json.JsonReader.ReadAndAssert()
   at Newtonsoft.Json.Serialization.JsonSerializerInternalReader.CreateObject(JsonReader reader, Type objectType, JsonContract contract, JsonProperty member, JsonContainerContract containerContract, JsonProperty containerMember, Object existingValue)
   at Newtonsoft.Json.Serialization.JsonSerializerInternalReader.CreateValueInternal(JsonReader reader, Type objectType, JsonContract contract, JsonProperty member, JsonContainerContract containerContract, JsonProperty containerMember, Object existingValue)
   at Newtonsoft.Json.Serialization.JsonSerializerInternalReader.Deserialize(JsonReader reader, Type objectType, Boolean checkAdditionalContent)
   at Newtonsoft.Json.JsonSerializer.DeserializeInternal(JsonReader reader, Type objectType)
   at Newtonsoft.Json.JsonConvert.DeserializeObject(String value, Type type, JsonSerializerSettings settings)
   at Newtonsoft.Json.JsonConvert.DeserializeObject[T](String value, JsonSerializerSettings settings)
   at Newtonsoft.Json.JsonConvert.DeserializeObject[T](String value)
   at HDBH.Services.Services.InsuranceContract.ResultInsuranceContractDetailService.GetInsuranceContractDetail(String p_insuranceContractNo) in D:\WorkSpace\HopDongBaoHiem\SourceCode\dotNET\HDBH_New\HDBH.Services\Services\InsuranceContract\ResultInsuranceContractDetailService.cs:line 50
ERROR ((!)) IIS APPPOOL\hdtsdb.net ((!))  10/22/2019 20:20:43 ((!)) ResultInsuranceContractDetailService => GetInsuranceContractDetail
Newtonsoft.Json.JsonSerializationException: Unexpected end when reading JSON. Path '', line 1, position 2.
   at Newtonsoft.Json.JsonReader.ReadAndAssert()
   at Newtonsoft.Json.Serialization.JsonSerializerInternalReader.CreateObject(JsonReader reader, Type objectType, JsonContract contract, JsonProperty member, JsonContainerContract containerContract, JsonProperty containerMember, Object existingValue)
   at Newtonsoft.Json.Serialization.JsonSerializerInternalReader.CreateValueInternal(JsonReader reader, Type objectType, JsonContract contract, JsonProperty member, JsonContainerContract containerContract, JsonProperty containerMember, Object existingValue)
   at Newtonsoft.Json.Serialization.JsonSerializerInternalReader.Deserialize(JsonReader reader, Type objectType, Boolean checkAdditionalContent)
   at Newtonsoft.Json.JsonSerializer.DeserializeInternal(JsonReader reader, Type objectType)
   at Newtonsoft.Json.JsonConvert.DeserializeObject(String value, Type type, JsonSerializerSettings settings)
   at Newtonsoft.Json.JsonConvert.DeserializeObject[T](String value, JsonSerializerSettings settings)
   at Newtonsoft.Json.JsonConvert.DeserializeObject[T](String value)
   at HDBH.Services.Services.InsuranceContract.ResultInsuranceContractDetailService.GetInsuranceContractDetail(String p_insuranceContractNo) in D:\WorkSpace\HopDongBaoHiem\SourceCode\dotNET\HDBH_New\HDBH.Services\Services\InsuranceContract\ResultInsuranceContractDetailService.cs:line 50
ERROR ((!)) IIS APPPOOL\hdtsdb.net ((!))  10/22/2019 20:24:21 ((!)) RecipientDetailService => getRecipientList
Newtonsoft.Json.JsonReaderException: Could not convert string to DateTime: 24-10-2019. Path '[0].OTHERRECIPIENTDATE', line 17, position 38.
   at Newtonsoft.Json.JsonReader.ReadDateTimeString(String s)
   at Newtonsoft.Json.JsonTextReader.FinishReadQuotedStringValue(ReadType readType)
   at Newtonsoft.Json.JsonTextReader.ReadStringValue(ReadType readType)
   at Newtonsoft.Json.JsonTextReader.ReadAsDateTime()
   at Newtonsoft.Json.JsonReader.ReadForType(JsonContract contract, Boolean hasConverter)
   at Newtonsoft.Json.Serialization.JsonSerializerInternalReader.PopulateObject(Object newObject, JsonReader reader, JsonObjectContract contract, JsonProperty member, String id)
   at Newtonsoft.Json.Serialization.JsonSerializerInternalReader.CreateObject(JsonReader reader, Type objectType, JsonContract contract, JsonProperty member, JsonContainerContract containerContract, JsonProperty containerMember, Object existingValue)
   at Newtonsoft.Json.Serialization.JsonSerializerInternalReader.CreateValueInternal(JsonReader reader, Type objectType, JsonContract contract, JsonProperty member, JsonContainerContract containerContract, JsonProperty containerMember, Object existingValue)
   at Newtonsoft.Json.Serialization.JsonSerializerInternalReader.PopulateList(IList list, JsonReader reader, JsonArrayContract contract, JsonProperty containerProperty, String id)
   at Newtonsoft.Json.Serialization.JsonSerializerInternalReader.CreateList(JsonReader reader, Type objectType, JsonContract contract, JsonProperty member, Object existingValue, String id)
   at Newtonsoft.Json.Serialization.JsonSerializerInternalReader.CreateValueInternal(JsonReader reader, Type objectType, JsonContract contract, JsonProperty member, JsonContainerContract containerContract, JsonProperty containerMember, Object existingValue)
   at Newtonsoft.Json.Serialization.JsonSerializerInternalReader.Deserialize(JsonReader reader, Type objectType, Boolean checkAdditionalContent)
   at Newtonsoft.Json.JsonSerializer.DeserializeInternal(JsonReader reader, Type objectType)
   at Newtonsoft.Json.JsonConvert.DeserializeObject(String value, Type type, JsonSerializerSettings settings)
   at Newtonsoft.Json.JsonConvert.DeserializeObject[T](String value, JsonSerializerSettings settings)
   at Newtonsoft.Json.JsonConvert.DeserializeObject[T](String value)
   at HDBH.Services.RecipientDetailService.SP_GET_RECIPIENT_DETAIL(String recipientDealNo, String insuranceContractNo, String periodCode, String receiptCode) in D:\WorkSpace\HopDongBaoHiem\SourceCode\dotNET\HDBH_New\HDBH.Services\Services\Recipient\RecipientDetailService.cs:line 56
ERROR ((!)) IIS APPPOOL\hdtsdb.net ((!))  10/22/2019 20:24:27 ((!)) RecipientDetailService => getRecipientList
Newtonsoft.Json.JsonReaderException: Could not convert string to DateTime: 24-10-2019. Path '[0].OTHERRECIPIENTDATE', line 17, position 38.
   at Newtonsoft.Json.JsonReader.ReadDateTimeString(String s)
   at Newtonsoft.Json.JsonTextReader.FinishReadQuotedStringValue(ReadType readType)
   at Newtonsoft.Json.JsonTextReader.ReadStringValue(ReadType readType)
   at Newtonsoft.Json.JsonTextReader.ReadAsDateTime()
   at Newtonsoft.Json.JsonReader.ReadForType(JsonContract contract, Boolean hasConverter)
   at Newtonsoft.Json.Serialization.JsonSerializerInternalReader.PopulateObject(Object newObject, JsonReader reader, JsonObjectContract contract, JsonProperty member, String id)
   at Newtonsoft.Json.Serialization.JsonSerializerInternalReader.CreateObject(JsonReader reader, Type objectType, JsonContract contract, JsonProperty member, JsonContainerContract containerContract, JsonProperty containerMember, Object existingValue)
   at Newtonsoft.Json.Serialization.JsonSerializerInternalReader.CreateValueInternal(JsonReader reader, Type objectType, JsonContract contract, JsonProperty member, JsonContainerContract containerContract, JsonProperty containerMember, Object existingValue)
   at Newtonsoft.Json.Serialization.JsonSerializerInternalReader.PopulateList(IList list, JsonReader reader, JsonArrayContract contract, JsonProperty containerProperty, String id)
   at Newtonsoft.Json.Serialization.JsonSerializerInternalReader.CreateList(JsonReader reader, Type objectType, JsonContract contract, JsonProperty member, Object existingValue, String id)
   at Newtonsoft.Json.Serialization.JsonSerializerInternalReader.CreateValueInternal(JsonReader reader, Type objectType, JsonContract contract, JsonProperty member, JsonContainerContract containerContract, JsonProperty containerMember, Object existingValue)
   at Newtonsoft.Json.Serialization.JsonSerializerInternalReader.Deserialize(JsonReader reader, Type objectType, Boolean checkAdditionalContent)
   at Newtonsoft.Json.JsonSerializer.DeserializeInternal(JsonReader reader, Type objectType)
   at Newtonsoft.Json.JsonConvert.DeserializeObject(String value, Type type, JsonSerializerSettings settings)
   at Newtonsoft.Json.JsonConvert.DeserializeObject[T](String value, JsonSerializerSettings settings)
   at Newtonsoft.Json.JsonConvert.DeserializeObject[T](String value)
   at HDBH.Services.RecipientDetailService.SP_GET_RECIPIENT_DETAIL(String recipientDealNo, String insuranceContractNo, String periodCode, String receiptCode) in D:\WorkSpace\HopDongBaoHiem\SourceCode\dotNET\HDBH_New\HDBH.Services\Services\Recipient\RecipientDetailService.cs:line 56
ERROR ((!)) IIS APPPOOL\hdtsdb.net ((!))  10/22/2019 20:27:10 ((!)) RecipientDetailService => getRecipientList
Newtonsoft.Json.JsonReaderException: Could not convert string to DateTime: 24-10-2019. Path '[0].OTHERRECIPIENTDATE', line 17, position 38.
   at Newtonsoft.Json.JsonReader.ReadDateTimeString(String s)
   at Newtonsoft.Json.JsonTextReader.FinishReadQuotedStringValue(ReadType readType)
   at Newtonsoft.Json.JsonTextReader.ReadStringValue(ReadType readType)
   at Newtonsoft.Json.JsonTextReader.ReadAsDateTime()
   at Newtonsoft.Json.JsonReader.ReadForType(JsonContract contract, Boolean hasConverter)
   at Newtonsoft.Json.Serialization.JsonSerializerInternalReader.PopulateObject(Object newObject, JsonReader reader, JsonObjectContract contract, JsonProperty member, String id)
   at Newtonsoft.Json.Serialization.JsonSerializerInternalReader.CreateObject(JsonReader reader, Type objectType, JsonContract contract, JsonProperty member, JsonContainerContract containerContract, JsonProperty containerMember, Object existingValue)
   at Newtonsoft.Json.Serialization.JsonSerializerInternalReader.CreateValueInternal(JsonReader reader, Type objectType, JsonContract contract, JsonProperty member, JsonContainerContract containerContract, JsonProperty containerMember, Object existingValue)
   at Newtonsoft.Json.Serialization.JsonSerializerInternalReader.PopulateList(IList list, JsonReader reader, JsonArrayContract contract, JsonProperty containerProperty, String id)
   at Newtonsoft.Json.Serialization.JsonSerializerInternalReader.CreateList(JsonReader reader, Type objectType, JsonContract contract, JsonProperty member, Object existingValue, String id)
   at Newtonsoft.Json.Serialization.JsonSerializerInternalReader.CreateValueInternal(JsonReader reader, Type objectType, JsonContract contract, JsonProperty member, JsonContainerContract containerContract, JsonProperty containerMember, Object existingValue)
   at Newtonsoft.Json.Serialization.JsonSerializerInternalReader.Deserialize(JsonReader reader, Type objectType, Boolean checkAdditionalContent)
   at Newtonsoft.Json.JsonSerializer.DeserializeInternal(JsonReader reader, Type objectType)
   at Newtonsoft.Json.JsonConvert.DeserializeObject(String value, Type type, JsonSerializerSettings settings)
   at Newtonsoft.Json.JsonConvert.DeserializeObject[T](String value, JsonSerializerSettings settings)
   at Newtonsoft.Json.JsonConvert.DeserializeObject[T](String value)
   at HDBH.Services.RecipientDetailService.SP_GET_RECIPIENT_DETAIL(String recipientDealNo, String insuranceContractNo, String periodCode, String receiptCode) in D:\WorkSpace\HopDongBaoHiem\SourceCode\dotNET\HDBH_New\HDBH.Services\Services\Recipient\RecipientDetailService.cs:line 56
ERROR ((!)) IIS APPPOOL\hdtsdb.net ((!))  10/22/2019 20:27:37 ((!)) RecipientDetailService => getRecipientList
Newtonsoft.Json.JsonReaderException: Could not convert string to DateTime: 24-10-2019. Path '[0].OTHERRECIPIENTDATE', line 17, position 38.
   at Newtonsoft.Json.JsonReader.ReadDateTimeString(String s)
   at Newtonsoft.Json.JsonTextReader.FinishReadQuotedStringValue(ReadType readType)
   at Newtonsoft.Json.JsonTextReader.ReadStringValue(ReadType readType)
   at Newtonsoft.Json.JsonTextReader.ReadAsDateTime()
   at Newtonsoft.Json.JsonReader.ReadForType(JsonContract contract, Boolean hasConverter)
   at Newtonsoft.Json.Serialization.JsonSerializerInternalReader.PopulateObject(Object newObject, JsonReader reader, JsonObjectContract contract, JsonProperty member, String id)
   at Newtonsoft.Json.Serialization.JsonSerializerInternalReader.CreateObject(JsonReader reader, Type objectType, JsonContract contract, JsonProperty member, JsonContainerContract containerContract, JsonProperty containerMember, Object existingValue)
   at Newtonsoft.Json.Serialization.JsonSerializerInternalReader.CreateValueInternal(JsonReader reader, Type objectType, JsonContract contract, JsonProperty member, JsonContainerContract containerContract, JsonProperty containerMember, Object existingValue)
   at Newtonsoft.Json.Serialization.JsonSerializerInternalReader.PopulateList(IList list, JsonReader reader, JsonArrayContract contract, JsonProperty containerProperty, String id)
   at Newtonsoft.Json.Serialization.JsonSerializerInternalReader.CreateList(JsonReader reader, Type objectType, JsonContract contract, JsonProperty member, Object existingValue, String id)
   at Newtonsoft.Json.Serialization.JsonSerializerInternalReader.CreateValueInternal(JsonReader reader, Type objectType, JsonContract contract, JsonProperty member, JsonContainerContract containerContract, JsonProperty containerMember, Object existingValue)
   at Newtonsoft.Json.Serialization.JsonSerializerInternalReader.Deserialize(JsonReader reader, Type objectType, Boolean checkAdditionalContent)
   at Newtonsoft.Json.JsonSerializer.DeserializeInternal(JsonReader reader, Type objectType)
   at Newtonsoft.Json.JsonConvert.DeserializeObject(String value, Type type, JsonSerializerSettings settings)
   at Newtonsoft.Json.JsonConvert.DeserializeObject[T](String value, JsonSerializerSettings settings)
   at Newtonsoft.Json.JsonConvert.DeserializeObject[T](String value)
   at HDBH.Services.RecipientDetailService.SP_GET_RECIPIENT_DETAIL(String recipientDealNo, String insuranceContractNo, String periodCode, String receiptCode) in D:\WorkSpace\HopDongBaoHiem\SourceCode\dotNET\HDBH_New\HDBH.Services\Services\Recipient\RecipientDetailService.cs:line 56
ERROR ((!)) IIS APPPOOL\hdtsdb.net ((!))  10/22/2019 20:28:05 ((!)) step1
ERROR ((!)) IIS APPPOOL\hdtsdb.net ((!))  10/22/2019 20:28:05 ((!)) isValid: True
ERROR ((!)) IIS APPPOOL\hdtsdb.net ((!))  10/22/2019 20:28:05 ((!)) isValid: True isExist: True ActiveDomain: ocb.vnContextType.Domain: Domain
ERROR ((!)) IIS APPPOOL\hdtsdb.net ((!))  10/22/2019 20:35:11 ((!)) step1
ERROR ((!)) IIS APPPOOL\hdtsdb.net ((!))  10/22/2019 20:35:11 ((!)) isValid: True
ERROR ((!)) IIS APPPOOL\hdtsdb.net ((!))  10/22/2019 20:35:11 ((!)) isValid: True isExist: True ActiveDomain: ocb.vnContextType.Domain: Domain
