ERROR ((!)) IIS APPPOOL\hdtsdb.net ((!))  10/28/2019 08:45:51 ((!)) step1
ERROR ((!)) IIS APPPOOL\hdtsdb.net ((!))  10/28/2019 08:45:51 ((!)) isValid: True
ERROR ((!)) IIS APPPOOL\hdtsdb.net ((!))  10/28/2019 08:45:51 ((!)) isValid: True isExist: True ActiveDomain: ocb.vnContextType.Domain: Domain
ERROR ((!)) IIS APPPOOL\hdtsdb.net ((!))  10/28/2019 09:16:53 ((!)) CounterPartyCifService => getCounterPartyByCif
System.FormatException: Input string was not in a correct format.
   at System.Number.StringToNumber(String str, NumberStyles options, NumberBuffer& number, NumberFormatInfo info, Boolean parseDecimal)
   at System.Number.ParseInt64(String value, NumberStyles options, NumberFormatInfo numfmt)
   at System.String.System.IConvertible.ToInt64(IFormatProvider provider)
   at System.Convert.ToInt64(Object value)
   at OracleInternal.ServiceObjects.OracleParameterImpl.SetInt32DataInBytes(Object paramValue, Byte[]& int32ByteArray)
   at OracleInternal.ServiceObjects.OracleParameterImpl.SetInt32DataInBytes(Object paramValue)
   at Oracle.ManagedDataAccess.Client.OracleParameter.PreBind_Int32()
   at Oracle.ManagedDataAccess.Client.OracleParameter.PreBind(OracleConnectionImpl connImpl, ColumnDescribeInfo cachedParamMetadata, Boolean& bMetadataModified, Int32 arrayBindCount, ColumnDescribeInfo& paramMetaData, Object& paramValue, Boolean isEFSelectStatement, SqlStatementType stmtType)
   at OracleInternal.ServiceObjects.OracleCommandImpl.InitializeParamInfo(ICollection paramColl, OracleConnectionImpl connectionImpl, ColumnDescribeInfo[] cachedParamMetadata, Boolean& bMetadataModified, Boolean isEFSelectStatement, MarshalBindParameterValueHelper& marshalBindValuesHelper)
   at OracleInternal.ServiceObjects.OracleCommandImpl.ProcessParameters(OracleParameterCollection paramColl, OracleConnectionImpl connectionImpl, ColumnDescribeInfo[] cachedParamMetadata, Boolean& bBindMetadataModified, Boolean isEFSelectStatement, MarshalBindParameterValueHelper& marshalBindValuesHelper)
   at OracleInternal.ServiceObjects.OracleCommandImpl.ExecuteReader(String commandText, OracleParameterCollection paramColl, CommandType commandType, OracleConnectionImpl connectionImpl, OracleDataReaderImpl& rdrImpl, Int32 longFetchSize, Int64 clientInitialLOBFS, OracleDependencyImpl orclDependencyImpl, Int64[] scnForExecution, Int64[]& scnFromExecution, OracleParameterCollection& bindByPositionParamColl, Boolean& bBindParamPresent, Int64& internalInitialLOBFS, OracleException& exceptionForArrayBindDML, OracleConnection connection, OracleLogicalTransaction& oracleLogicalTransaction, IEnumerable`1 adrianParsedStmt, Boolean isDescribeOnly, Boolean isFromEF)
   at Oracle.ManagedDataAccess.Client.OracleCommand.ExecuteReader(Boolean requery, Boolean fillRequest, CommandBehavior behavior)
   at Oracle.ManagedDataAccess.Client.OracleCommand.ExecuteDbDataReader(CommandBehavior behavior)
   at System.Data.Common.DbCommand.ExecuteReader()
   at Oracle.EntityFrameworkCore.Storage.Internal.OracleRelationalCommandBuilderFactory.OracleRelationalCommandBuilder.OracleRelationalCommand.Execute(IRelationalConnection connection, DbCommandMethod executeMethod, IReadOnlyDictionary`2 parameterValues)
   at Microsoft.EntityFrameworkCore.Storage.Internal.RelationalCommand.ExecuteReader(IRelationalConnection connection, IReadOnlyDictionary`2 parameterValues)
   at Microsoft.EntityFrameworkCore.Query.Internal.QueryingEnumerable`1.Enumerator.BufferlessMoveNext(DbContext _, Boolean buffer)
   at Oracle.EntityFrameworkCore.Storage.Internal.OracleExecutionStrategy.Execute[TState,TResult](TState state, Func`3 operation, Func`3 verifySucceeded)
   at Microsoft.EntityFrameworkCore.Query.Internal.QueryingEnumerable`1.Enumerator.MoveNext()
   at Microsoft.EntityFrameworkCore.Query.Internal.LinqOperatorProvider.<_TrackEntities>d__17`2.MoveNext()
   at Microsoft.EntityFrameworkCore.Query.Internal.LinqOperatorProvider.ExceptionInterceptor`1.EnumeratorExceptionInterceptor.MoveNext()
   at System.Collections.Generic.List`1..ctor(IEnumerable`1 collection)
   at System.Linq.Enumerable.ToList[TSource](IEnumerable`1 source)
   at HDBH.Data.Infrastructure.BaseRepository`1.ExecWithStoreProcedure(String query, OracleParameter[] param) in D:\WorkSpace\HopDongBaoHiem\SourceCode\dotNET\HDBH_New\HDBH.Data\Infrastructure\BaseRepository.cs:line 136
   at HDBH.Services.CounterPartyCifService.getCounterPartyByCif(String cif) in D:\WorkSpace\HopDongBaoHiem\SourceCode\dotNET\HDBH_New\HDBH.Services\Services\CounterParty\CounterPartyCifService.cs:line 34
ERROR ((!)) IIS APPPOOL\hdtsdb.net ((!))  10/28/2019 09:21:22 ((!)) step1
ERROR ((!)) IIS APPPOOL\hdtsdb.net ((!))  10/28/2019 09:21:22 ((!)) isValid: True
ERROR ((!)) IIS APPPOOL\hdtsdb.net ((!))  10/28/2019 09:21:22 ((!)) isValid: True isExist: True ActiveDomain: ocb.vnContextType.Domain: Domain
ERROR ((!)) IIS APPPOOL\hdtsdb.net ((!))  10/28/2019 09:21:23 ((!)) step1
ERROR ((!)) IIS APPPOOL\hdtsdb.net ((!))  10/28/2019 09:21:23 ((!)) isValid: True
ERROR ((!)) IIS APPPOOL\hdtsdb.net ((!))  10/28/2019 09:21:23 ((!)) isValid: True isExist: True ActiveDomain: ocb.vnContextType.Domain: Domain
ERROR ((!)) IIS APPPOOL\hdtsdb.net ((!))  10/28/2019 09:24:21 ((!)) step1
ERROR ((!)) IIS APPPOOL\hdtsdb.net ((!))  10/28/2019 09:24:21 ((!)) isValid: True
ERROR ((!)) IIS APPPOOL\hdtsdb.net ((!))  10/28/2019 09:24:21 ((!)) isValid: True isExist: True ActiveDomain: ocb.vnContextType.Domain: Domain
ERROR ((!)) IIS APPPOOL\hdtsdb.net ((!))  10/28/2019 09:38:33 ((!)) step1
ERROR ((!)) IIS APPPOOL\hdtsdb.net ((!))  10/28/2019 09:38:33 ((!)) isValid: True
ERROR ((!)) IIS APPPOOL\hdtsdb.net ((!))  10/28/2019 09:38:33 ((!)) isValid: True isExist: True ActiveDomain: ocb.vnContextType.Domain: Domain
ERROR ((!)) IIS APPPOOL\hdtsdb.net ((!))  10/28/2019 09:52:09 ((!)) NonlifeInsuranceDetailService => getInsuranceDetail => convert NonLifeInsuranceDetailModel
Newtonsoft.Json.JsonReaderException: Could not convert string to DateTime: 18-OCT-19 17.01.21.000000. Path '[0].DATETIMEAPPROVED1', line 46, position 52.
   at Newtonsoft.Json.JsonReader.ReadDateTimeString(String s)
   at Newtonsoft.Json.JsonTextReader.FinishReadQuotedStringValue(ReadType readType)
   at Newtonsoft.Json.JsonTextReader.ReadStringValue(ReadType readType)
   at Newtonsoft.Json.JsonTextReader.ReadAsDateTime()
   at Newtonsoft.Json.JsonReader.ReadForType(JsonContract contract, Boolean hasConverter)
   at Newtonsoft.Json.Serialization.JsonSerializerInternalReader.PopulateObject(Object newObject, JsonReader reader, JsonObjectContract contract, JsonProperty member, String id)
   at Newtonsoft.Json.Serialization.JsonSerializerInternalReader.CreateObject(JsonReader reader, Type objectType, JsonContract contract, JsonProperty member, JsonContainerContract containerContract, JsonProperty containerMember, Object existingValue)
   at Newtonsoft.Json.Serialization.JsonSerializerInternalReader.CreateValueInternal(JsonReader reader, Type objectType, JsonContract contract, JsonProperty member, JsonContainerContract containerContract, JsonProperty containerMember, Object existingValue)
   at Newtonsoft.Json.Serialization.JsonSerializerInternalReader.PopulateList(IList list, JsonReader reader, JsonArrayContract contract, JsonProperty containerProperty, String id)
   at Newtonsoft.Json.Serialization.JsonSerializerInternalReader.CreateList(JsonReader reader, Type objectType, JsonContract contract, JsonProperty member, Object existingValue, String id)
   at Newtonsoft.Json.Serialization.JsonSerializerInternalReader.CreateValueInternal(JsonReader reader, Type objectType, JsonContract contract, JsonProperty member, JsonContainerContract containerContract, JsonProperty containerMember, Object existingValue)
   at Newtonsoft.Json.Serialization.JsonSerializerInternalReader.Deserialize(JsonReader reader, Type objectType, Boolean checkAdditionalContent)
   at Newtonsoft.Json.JsonSerializer.DeserializeInternal(JsonReader reader, Type objectType)
   at Newtonsoft.Json.JsonConvert.DeserializeObject(String value, Type type, JsonSerializerSettings settings)
   at Newtonsoft.Json.JsonConvert.DeserializeObject[T](String value, JsonSerializerSettings settings)
   at Newtonsoft.Json.JsonConvert.DeserializeObject[T](String value)
   at HDBH.Services.NonlifeInsuranceDetailService.getInsuranceDetail(String p_insuranceContractNo) in D:\WorkSpace\HopDongBaoHiem\SourceCode\dotNET\HDBH_New\HDBH.Services\Services\NonLifeInsurance\NonlifeInsuranceDetailService.cs:line 57
ERROR ((!)) IIS APPPOOL\hdtsdb.net ((!))  10/28/2019 09:52:18 ((!)) NonlifeInsuranceDetailService => getInsuranceDetail => convert NonLifeInsuranceDetailModel
Newtonsoft.Json.JsonReaderException: Could not convert string to DateTime: 18-OCT-19 17.01.21.000000. Path '[0].DATETIMEAPPROVED1', line 46, position 52.
   at Newtonsoft.Json.JsonReader.ReadDateTimeString(String s)
   at Newtonsoft.Json.JsonTextReader.FinishReadQuotedStringValue(ReadType readType)
   at Newtonsoft.Json.JsonTextReader.ReadStringValue(ReadType readType)
   at Newtonsoft.Json.JsonTextReader.ReadAsDateTime()
   at Newtonsoft.Json.JsonReader.ReadForType(JsonContract contract, Boolean hasConverter)
   at Newtonsoft.Json.Serialization.JsonSerializerInternalReader.PopulateObject(Object newObject, JsonReader reader, JsonObjectContract contract, JsonProperty member, String id)
   at Newtonsoft.Json.Serialization.JsonSerializerInternalReader.CreateObject(JsonReader reader, Type objectType, JsonContract contract, JsonProperty member, JsonContainerContract containerContract, JsonProperty containerMember, Object existingValue)
   at Newtonsoft.Json.Serialization.JsonSerializerInternalReader.CreateValueInternal(JsonReader reader, Type objectType, JsonContract contract, JsonProperty member, JsonContainerContract containerContract, JsonProperty containerMember, Object existingValue)
   at Newtonsoft.Json.Serialization.JsonSerializerInternalReader.PopulateList(IList list, JsonReader reader, JsonArrayContract contract, JsonProperty containerProperty, String id)
   at Newtonsoft.Json.Serialization.JsonSerializerInternalReader.CreateList(JsonReader reader, Type objectType, JsonContract contract, JsonProperty member, Object existingValue, String id)
   at Newtonsoft.Json.Serialization.JsonSerializerInternalReader.CreateValueInternal(JsonReader reader, Type objectType, JsonContract contract, JsonProperty member, JsonContainerContract containerContract, JsonProperty containerMember, Object existingValue)
   at Newtonsoft.Json.Serialization.JsonSerializerInternalReader.Deserialize(JsonReader reader, Type objectType, Boolean checkAdditionalContent)
   at Newtonsoft.Json.JsonSerializer.DeserializeInternal(JsonReader reader, Type objectType)
   at Newtonsoft.Json.JsonConvert.DeserializeObject(String value, Type type, JsonSerializerSettings settings)
   at Newtonsoft.Json.JsonConvert.DeserializeObject[T](String value, JsonSerializerSettings settings)
   at Newtonsoft.Json.JsonConvert.DeserializeObject[T](String value)
   at HDBH.Services.NonlifeInsuranceDetailService.getInsuranceDetail(String p_insuranceContractNo) in D:\WorkSpace\HopDongBaoHiem\SourceCode\dotNET\HDBH_New\HDBH.Services\Services\NonLifeInsurance\NonlifeInsuranceDetailService.cs:line 57
ERROR ((!)) IIS APPPOOL\hdtsdb.net ((!))  10/28/2019 09:54:12 ((!)) step1
ERROR ((!)) IIS APPPOOL\hdtsdb.net ((!))  10/28/2019 09:54:12 ((!)) isValid: True
ERROR ((!)) IIS APPPOOL\hdtsdb.net ((!))  10/28/2019 09:54:12 ((!)) isValid: True isExist: True ActiveDomain: ocb.vnContextType.Domain: Domain
ERROR ((!)) IIS APPPOOL\hdtsdb.net ((!))  10/28/2019 09:56:52 ((!)) step1
ERROR ((!)) IIS APPPOOL\hdtsdb.net ((!))  10/28/2019 09:56:52 ((!)) isValid: True
ERROR ((!)) IIS APPPOOL\hdtsdb.net ((!))  10/28/2019 09:56:52 ((!)) isValid: True isExist: True ActiveDomain: ocb.vnContextType.Domain: Domain
ERROR ((!)) IIS APPPOOL\hdtsdb.net ((!))  10/28/2019 09:57:16 ((!)) RecipientDetailService => getRecipientList
Newtonsoft.Json.JsonReaderException: Could not convert string to DateTime: 21-OCT-19 14.49.56.000000. Path '[0].DATETIMECREATED', line 26, position 50.
   at Newtonsoft.Json.JsonReader.ReadDateTimeString(String s)
   at Newtonsoft.Json.JsonTextReader.FinishReadQuotedStringValue(ReadType readType)
   at Newtonsoft.Json.JsonTextReader.ReadStringValue(ReadType readType)
   at Newtonsoft.Json.JsonTextReader.ReadAsDateTime()
   at Newtonsoft.Json.JsonReader.ReadForType(JsonContract contract, Boolean hasConverter)
   at Newtonsoft.Json.Serialization.JsonSerializerInternalReader.PopulateObject(Object newObject, JsonReader reader, JsonObjectContract contract, JsonProperty member, String id)
   at Newtonsoft.Json.Serialization.JsonSerializerInternalReader.CreateObject(JsonReader reader, Type objectType, JsonContract contract, JsonProperty member, JsonContainerContract containerContract, JsonProperty containerMember, Object existingValue)
   at Newtonsoft.Json.Serialization.JsonSerializerInternalReader.CreateValueInternal(JsonReader reader, Type objectType, JsonContract contract, JsonProperty member, JsonContainerContract containerContract, JsonProperty containerMember, Object existingValue)
   at Newtonsoft.Json.Serialization.JsonSerializerInternalReader.PopulateList(IList list, JsonReader reader, JsonArrayContract contract, JsonProperty containerProperty, String id)
   at Newtonsoft.Json.Serialization.JsonSerializerInternalReader.CreateList(JsonReader reader, Type objectType, JsonContract contract, JsonProperty member, Object existingValue, String id)
   at Newtonsoft.Json.Serialization.JsonSerializerInternalReader.CreateValueInternal(JsonReader reader, Type objectType, JsonContract contract, JsonProperty member, JsonContainerContract containerContract, JsonProperty containerMember, Object existingValue)
   at Newtonsoft.Json.Serialization.JsonSerializerInternalReader.Deserialize(JsonReader reader, Type objectType, Boolean checkAdditionalContent)
   at Newtonsoft.Json.JsonSerializer.DeserializeInternal(JsonReader reader, Type objectType)
   at Newtonsoft.Json.JsonConvert.DeserializeObject(String value, Type type, JsonSerializerSettings settings)
   at Newtonsoft.Json.JsonConvert.DeserializeObject[T](String value, JsonSerializerSettings settings)
   at Newtonsoft.Json.JsonConvert.DeserializeObject[T](String value)
   at HDBH.Services.RecipientDetailService.SP_GET_RECIPIENT_DETAIL(String recipientDealNo, String insuranceContractNo, String periodCode, String receiptCode) in D:\WorkSpace\HopDongBaoHiem\SourceCode\dotNET\HDBH_New\HDBH.Services\Services\Recipient\RecipientDetailService.cs:line 56
ERROR ((!)) IIS APPPOOL\hdtsdb.net ((!))  10/28/2019 09:58:23 ((!)) RecipientDetailService => getRecipientList
Newtonsoft.Json.JsonReaderException: Could not convert string to DateTime: 21-OCT-19 14.49.56.000000. Path '[0].DATETIMECREATED', line 26, position 50.
   at Newtonsoft.Json.JsonReader.ReadDateTimeString(String s)
   at Newtonsoft.Json.JsonTextReader.FinishReadQuotedStringValue(ReadType readType)
   at Newtonsoft.Json.JsonTextReader.ReadStringValue(ReadType readType)
   at Newtonsoft.Json.JsonTextReader.ReadAsDateTime()
   at Newtonsoft.Json.JsonReader.ReadForType(JsonContract contract, Boolean hasConverter)
   at Newtonsoft.Json.Serialization.JsonSerializerInternalReader.PopulateObject(Object newObject, JsonReader reader, JsonObjectContract contract, JsonProperty member, String id)
   at Newtonsoft.Json.Serialization.JsonSerializerInternalReader.CreateObject(JsonReader reader, Type objectType, JsonContract contract, JsonProperty member, JsonContainerContract containerContract, JsonProperty containerMember, Object existingValue)
   at Newtonsoft.Json.Serialization.JsonSerializerInternalReader.CreateValueInternal(JsonReader reader, Type objectType, JsonContract contract, JsonProperty member, JsonContainerContract containerContract, JsonProperty containerMember, Object existingValue)
   at Newtonsoft.Json.Serialization.JsonSerializerInternalReader.PopulateList(IList list, JsonReader reader, JsonArrayContract contract, JsonProperty containerProperty, String id)
   at Newtonsoft.Json.Serialization.JsonSerializerInternalReader.CreateList(JsonReader reader, Type objectType, JsonContract contract, JsonProperty member, Object existingValue, String id)
   at Newtonsoft.Json.Serialization.JsonSerializerInternalReader.CreateValueInternal(JsonReader reader, Type objectType, JsonContract contract, JsonProperty member, JsonContainerContract containerContract, JsonProperty containerMember, Object existingValue)
   at Newtonsoft.Json.Serialization.JsonSerializerInternalReader.Deserialize(JsonReader reader, Type objectType, Boolean checkAdditionalContent)
   at Newtonsoft.Json.JsonSerializer.DeserializeInternal(JsonReader reader, Type objectType)
   at Newtonsoft.Json.JsonConvert.DeserializeObject(String value, Type type, JsonSerializerSettings settings)
   at Newtonsoft.Json.JsonConvert.DeserializeObject[T](String value, JsonSerializerSettings settings)
   at Newtonsoft.Json.JsonConvert.DeserializeObject[T](String value)
   at HDBH.Services.RecipientDetailService.SP_GET_RECIPIENT_DETAIL(String recipientDealNo, String insuranceContractNo, String periodCode, String receiptCode) in D:\WorkSpace\HopDongBaoHiem\SourceCode\dotNET\HDBH_New\HDBH.Services\Services\Recipient\RecipientDetailService.cs:line 56
ERROR ((!)) IIS APPPOOL\hdtsdb.net ((!))  10/28/2019 09:58:59 ((!)) step1
ERROR ((!)) IIS APPPOOL\hdtsdb.net ((!))  10/28/2019 09:58:59 ((!)) isValid: True
ERROR ((!)) IIS APPPOOL\hdtsdb.net ((!))  10/28/2019 09:58:59 ((!)) isValid: True isExist: True ActiveDomain: ocb.vnContextType.Domain: Domain
ERROR ((!)) IIS APPPOOL\hdtsdb.net ((!))  10/28/2019 09:59:07 ((!)) RecipientDetailService => getRecipientList
System.FormatException: Input string was not in a correct format.
   at System.Number.StringToNumber(String str, NumberStyles options, NumberBuffer& number, NumberFormatInfo info, Boolean parseDecimal)
   at System.Number.ParseInt64(String value, NumberStyles options, NumberFormatInfo numfmt)
   at System.String.System.IConvertible.ToInt64(IFormatProvider provider)
   at System.Convert.ToInt64(Object value)
   at OracleInternal.ServiceObjects.OracleParameterImpl.SetInt32DataInBytes(Object paramValue, Byte[]& int32ByteArray)
   at OracleInternal.ServiceObjects.OracleParameterImpl.SetInt32DataInBytes(Object paramValue)
   at Oracle.ManagedDataAccess.Client.OracleParameter.PreBind_Int32()
   at Oracle.ManagedDataAccess.Client.OracleParameter.PreBind(OracleConnectionImpl connImpl, ColumnDescribeInfo cachedParamMetadata, Boolean& bMetadataModified, Int32 arrayBindCount, ColumnDescribeInfo& paramMetaData, Object& paramValue, Boolean isEFSelectStatement, SqlStatementType stmtType)
   at OracleInternal.ServiceObjects.OracleCommandImpl.InitializeParamInfo(ICollection paramColl, OracleConnectionImpl connectionImpl, ColumnDescribeInfo[] cachedParamMetadata, Boolean& bMetadataModified, Boolean isEFSelectStatement, MarshalBindParameterValueHelper& marshalBindValuesHelper)
   at OracleInternal.ServiceObjects.OracleCommandImpl.ProcessParameters(OracleParameterCollection paramColl, OracleConnectionImpl connectionImpl, ColumnDescribeInfo[] cachedParamMetadata, Boolean& bBindMetadataModified, Boolean isEFSelectStatement, MarshalBindParameterValueHelper& marshalBindValuesHelper)
   at OracleInternal.ServiceObjects.OracleCommandImpl.ExecuteNonQuery(String commandText, OracleParameterCollection paramColl, CommandType commandType, OracleConnectionImpl connectionImpl, Int32 longFetchSize, Int64 clientInitialLOBFS, OracleDependencyImpl orclDependencyImpl, Int64[]& scnFromExecution, OracleParameterCollection& bindByPositionParamColl, Boolean& bBindParamPresent, OracleException& exceptionForArrayBindDML, OracleConnection connection, OracleLogicalTransaction& oracleLogicalTransaction, Boolean isFromEF)
   at Oracle.ManagedDataAccess.Client.OracleCommand.ExecuteNonQuery()
   at Oracle.EntityFrameworkCore.Storage.Internal.OracleRelationalCommandBuilderFactory.OracleRelationalCommandBuilder.OracleRelationalCommand.Execute(IRelationalConnection connection, DbCommandMethod executeMethod, IReadOnlyDictionary`2 parameterValues)
   at Microsoft.EntityFrameworkCore.Storage.Internal.RelationalCommand.ExecuteNonQuery(IRelationalConnection connection, IReadOnlyDictionary`2 parameterValues)
   at Microsoft.EntityFrameworkCore.RelationalDatabaseFacadeExtensions.ExecuteSqlCommand(DatabaseFacade databaseFacade, RawSqlString sql, IEnumerable`1 parameters)
   at Microsoft.EntityFrameworkCore.RelationalDatabaseFacadeExtensions.ExecuteSqlCommand(DatabaseFacade databaseFacade, RawSqlString sql, Object[] parameters)
   at HDBH.Data.Infrastructure.BaseRepository`1.ExecuteSqlCommand(String query, OracleParameter[] param) in D:\WorkSpace\HopDongBaoHiem\SourceCode\dotNET\HDBH_New\HDBH.Data\Infrastructure\BaseRepository.cs:line 237
   at HDBH.Services.RecipientDetailService.SP_GET_RECIPIENT_DETAIL(String recipientDealNo, String insuranceContractNo, String periodCode, String receiptCode) in D:\WorkSpace\HopDongBaoHiem\SourceCode\dotNET\HDBH_New\HDBH.Services\Services\Recipient\RecipientDetailService.cs:line 45
ERROR ((!)) IIS APPPOOL\hdtsdb.net ((!))  10/28/2019 10:02:19 ((!)) step1
ERROR ((!)) IIS APPPOOL\hdtsdb.net ((!))  10/28/2019 10:02:19 ((!)) isValid: True
ERROR ((!)) IIS APPPOOL\hdtsdb.net ((!))  10/28/2019 10:02:19 ((!)) isValid: True isExist: True ActiveDomain: ocb.vnContextType.Domain: Domain
ERROR ((!)) IIS APPPOOL\hdtsdb.net ((!))  10/28/2019 10:02:57 ((!)) NonlifeInsuranceDetailService => getInsuranceDetail => convert NonLifeInsuranceDetailModel
Newtonsoft.Json.JsonReaderException: Could not convert string to DateTime: 18-OCT-19 17.01.21.000000. Path '[0].DATETIMEAPPROVED1', line 46, position 52.
   at Newtonsoft.Json.JsonReader.ReadDateTimeString(String s)
   at Newtonsoft.Json.JsonTextReader.FinishReadQuotedStringValue(ReadType readType)
   at Newtonsoft.Json.JsonTextReader.ReadStringValue(ReadType readType)
   at Newtonsoft.Json.JsonTextReader.ReadAsDateTime()
   at Newtonsoft.Json.JsonReader.ReadForType(JsonContract contract, Boolean hasConverter)
   at Newtonsoft.Json.Serialization.JsonSerializerInternalReader.PopulateObject(Object newObject, JsonReader reader, JsonObjectContract contract, JsonProperty member, String id)
   at Newtonsoft.Json.Serialization.JsonSerializerInternalReader.CreateObject(JsonReader reader, Type objectType, JsonContract contract, JsonProperty member, JsonContainerContract containerContract, JsonProperty containerMember, Object existingValue)
   at Newtonsoft.Json.Serialization.JsonSerializerInternalReader.CreateValueInternal(JsonReader reader, Type objectType, JsonContract contract, JsonProperty member, JsonContainerContract containerContract, JsonProperty containerMember, Object existingValue)
   at Newtonsoft.Json.Serialization.JsonSerializerInternalReader.PopulateList(IList list, JsonReader reader, JsonArrayContract contract, JsonProperty containerProperty, String id)
   at Newtonsoft.Json.Serialization.JsonSerializerInternalReader.CreateList(JsonReader reader, Type objectType, JsonContract contract, JsonProperty member, Object existingValue, String id)
   at Newtonsoft.Json.Serialization.JsonSerializerInternalReader.CreateValueInternal(JsonReader reader, Type objectType, JsonContract contract, JsonProperty member, JsonContainerContract containerContract, JsonProperty containerMember, Object existingValue)
   at Newtonsoft.Json.Serialization.JsonSerializerInternalReader.Deserialize(JsonReader reader, Type objectType, Boolean checkAdditionalContent)
   at Newtonsoft.Json.JsonSerializer.DeserializeInternal(JsonReader reader, Type objectType)
   at Newtonsoft.Json.JsonConvert.DeserializeObject(String value, Type type, JsonSerializerSettings settings)
   at Newtonsoft.Json.JsonConvert.DeserializeObject[T](String value, JsonSerializerSettings settings)
   at Newtonsoft.Json.JsonConvert.DeserializeObject[T](String value)
   at HDBH.Services.NonlifeInsuranceDetailService.getInsuranceDetail(String p_insuranceContractNo) in D:\WorkSpace\HopDongBaoHiem\SourceCode\dotNET\HDBH_New\HDBH.Services\Services\NonLifeInsurance\NonlifeInsuranceDetailService.cs:line 56
ERROR ((!)) IIS APPPOOL\hdtsdb.net ((!))  10/28/2019 10:04:56 ((!)) RecipientService => SP_SEARCH_RECIPIENT_INAU_LV2
Oracle.ManagedDataAccess.Client.OracleException (0x80004005): ORA-00936: missing expression
ORA-06512: at "CONTRACTMAN.PKG_HDBH", line 3440
ORA-06512: at line 1
   at OracleInternal.ServiceObjects.OracleConnectionImpl.VerifyExecution(Int32& cursorId, Boolean bThrowArrayBindRelatedErrors, SqlStatementType sqlStatementType, Int32 arrayBindCount, OracleException& exceptionForArrayBindDML, Boolean& hasMoreRowsInDB, Boolean bFirstIterationDone)
   at OracleInternal.ServiceObjects.OracleCommandImpl.ExecuteReader(String commandText, OracleParameterCollection paramColl, CommandType commandType, OracleConnectionImpl connectionImpl, OracleDataReaderImpl& rdrImpl, Int32 longFetchSize, Int64 clientInitialLOBFS, OracleDependencyImpl orclDependencyImpl, Int64[] scnForExecution, Int64[]& scnFromExecution, OracleParameterCollection& bindByPositionParamColl, Boolean& bBindParamPresent, Int64& internalInitialLOBFS, OracleException& exceptionForArrayBindDML, OracleConnection connection, OracleLogicalTransaction& oracleLogicalTransaction, IEnumerable`1 adrianParsedStmt, Boolean isDescribeOnly, Boolean isFromEF)
   at Oracle.ManagedDataAccess.Client.OracleCommand.ExecuteReader(Boolean requery, Boolean fillRequest, CommandBehavior behavior)
   at Oracle.ManagedDataAccess.Client.OracleCommand.ExecuteDbDataReader(CommandBehavior behavior)
   at System.Data.Common.DbCommand.ExecuteReader()
   at Oracle.EntityFrameworkCore.Storage.Internal.OracleRelationalCommandBuilderFactory.OracleRelationalCommandBuilder.OracleRelationalCommand.Execute(IRelationalConnection connection, DbCommandMethod executeMethod, IReadOnlyDictionary`2 parameterValues)
   at Microsoft.EntityFrameworkCore.Storage.Internal.RelationalCommand.ExecuteReader(IRelationalConnection connection, IReadOnlyDictionary`2 parameterValues)
   at Microsoft.EntityFrameworkCore.Query.Internal.QueryingEnumerable`1.Enumerator.BufferlessMoveNext(DbContext _, Boolean buffer)
   at Oracle.EntityFrameworkCore.Storage.Internal.OracleExecutionStrategy.Execute[TState,TResult](TState state, Func`3 operation, Func`3 verifySucceeded)
   at Microsoft.EntityFrameworkCore.Query.Internal.QueryingEnumerable`1.Enumerator.MoveNext()
   at Microsoft.EntityFrameworkCore.Query.Internal.LinqOperatorProvider.<_TrackEntities>d__17`2.MoveNext()
   at Microsoft.EntityFrameworkCore.Query.Internal.LinqOperatorProvider.ExceptionInterceptor`1.EnumeratorExceptionInterceptor.MoveNext()
   at System.Collections.Generic.List`1..ctor(IEnumerable`1 collection)
   at System.Linq.Enumerable.ToList[TSource](IEnumerable`1 source)
   at HDBH.Data.Infrastructure.BaseRepository`1.ExecWithStoreProcedure(String query, OracleParameter[] param) in D:\WorkSpace\HopDongBaoHiem\SourceCode\dotNET\HDBH_New\HDBH.Data\Infrastructure\BaseRepository.cs:line 136
   at HDBH.Services.RecipientInauService.SP_SEARCH_RECIPIENT_INAU_LV2(RecipientSearchModel input, Int32& totalRows) in D:\WorkSpace\HopDongBaoHiem\SourceCode\dotNET\HDBH_New\HDBH.Services\Services\Recipient\RecipientInauService.cs:line 72
ERROR ((!)) IIS APPPOOL\hdtsdb.net ((!))  10/28/2019 10:05:23 ((!)) RecipientService => SP_SEARCH_RECIPIENT_INAU_LV2
Oracle.ManagedDataAccess.Client.OracleException (0x80004005): ORA-00936: missing expression
ORA-06512: at "CONTRACTMAN.PKG_HDBH", line 3440
ORA-06512: at line 1
   at OracleInternal.ServiceObjects.OracleConnectionImpl.VerifyExecution(Int32& cursorId, Boolean bThrowArrayBindRelatedErrors, SqlStatementType sqlStatementType, Int32 arrayBindCount, OracleException& exceptionForArrayBindDML, Boolean& hasMoreRowsInDB, Boolean bFirstIterationDone)
   at OracleInternal.ServiceObjects.OracleCommandImpl.ExecuteReader(String commandText, OracleParameterCollection paramColl, CommandType commandType, OracleConnectionImpl connectionImpl, OracleDataReaderImpl& rdrImpl, Int32 longFetchSize, Int64 clientInitialLOBFS, OracleDependencyImpl orclDependencyImpl, Int64[] scnForExecution, Int64[]& scnFromExecution, OracleParameterCollection& bindByPositionParamColl, Boolean& bBindParamPresent, Int64& internalInitialLOBFS, OracleException& exceptionForArrayBindDML, OracleConnection connection, OracleLogicalTransaction& oracleLogicalTransaction, IEnumerable`1 adrianParsedStmt, Boolean isDescribeOnly, Boolean isFromEF)
   at Oracle.ManagedDataAccess.Client.OracleCommand.ExecuteReader(Boolean requery, Boolean fillRequest, CommandBehavior behavior)
   at Oracle.ManagedDataAccess.Client.OracleCommand.ExecuteDbDataReader(CommandBehavior behavior)
   at System.Data.Common.DbCommand.ExecuteReader()
   at Oracle.EntityFrameworkCore.Storage.Internal.OracleRelationalCommandBuilderFactory.OracleRelationalCommandBuilder.OracleRelationalCommand.Execute(IRelationalConnection connection, DbCommandMethod executeMethod, IReadOnlyDictionary`2 parameterValues)
   at Microsoft.EntityFrameworkCore.Storage.Internal.RelationalCommand.ExecuteReader(IRelationalConnection connection, IReadOnlyDictionary`2 parameterValues)
   at Microsoft.EntityFrameworkCore.Query.Internal.QueryingEnumerable`1.Enumerator.BufferlessMoveNext(DbContext _, Boolean buffer)
   at Oracle.EntityFrameworkCore.Storage.Internal.OracleExecutionStrategy.Execute[TState,TResult](TState state, Func`3 operation, Func`3 verifySucceeded)
   at Microsoft.EntityFrameworkCore.Query.Internal.QueryingEnumerable`1.Enumerator.MoveNext()
   at Microsoft.EntityFrameworkCore.Query.Internal.LinqOperatorProvider.<_TrackEntities>d__17`2.MoveNext()
   at Microsoft.EntityFrameworkCore.Query.Internal.LinqOperatorProvider.ExceptionInterceptor`1.EnumeratorExceptionInterceptor.MoveNext()
   at System.Collections.Generic.List`1..ctor(IEnumerable`1 collection)
   at System.Linq.Enumerable.ToList[TSource](IEnumerable`1 source)
   at HDBH.Data.Infrastructure.BaseRepository`1.ExecWithStoreProcedure(String query, OracleParameter[] param) in D:\WorkSpace\HopDongBaoHiem\SourceCode\dotNET\HDBH_New\HDBH.Data\Infrastructure\BaseRepository.cs:line 136
   at HDBH.Services.RecipientInauService.SP_SEARCH_RECIPIENT_INAU_LV2(RecipientSearchModel input, Int32& totalRows) in D:\WorkSpace\HopDongBaoHiem\SourceCode\dotNET\HDBH_New\HDBH.Services\Services\Recipient\RecipientInauService.cs:line 72
ERROR ((!)) IIS APPPOOL\hdtsdb.net ((!))  10/28/2019 10:06:29 ((!)) RecipientService => SP_SEARCH_RECIPIENT_INAU_LV2
Oracle.ManagedDataAccess.Client.OracleException (0x80004005): ORA-00936: missing expression
ORA-06512: at "CONTRACTMAN.PKG_HDBH", line 3440
ORA-06512: at line 1
   at OracleInternal.ServiceObjects.OracleConnectionImpl.VerifyExecution(Int32& cursorId, Boolean bThrowArrayBindRelatedErrors, SqlStatementType sqlStatementType, Int32 arrayBindCount, OracleException& exceptionForArrayBindDML, Boolean& hasMoreRowsInDB, Boolean bFirstIterationDone)
   at OracleInternal.ServiceObjects.OracleCommandImpl.ExecuteReader(String commandText, OracleParameterCollection paramColl, CommandType commandType, OracleConnectionImpl connectionImpl, OracleDataReaderImpl& rdrImpl, Int32 longFetchSize, Int64 clientInitialLOBFS, OracleDependencyImpl orclDependencyImpl, Int64[] scnForExecution, Int64[]& scnFromExecution, OracleParameterCollection& bindByPositionParamColl, Boolean& bBindParamPresent, Int64& internalInitialLOBFS, OracleException& exceptionForArrayBindDML, OracleConnection connection, OracleLogicalTransaction& oracleLogicalTransaction, IEnumerable`1 adrianParsedStmt, Boolean isDescribeOnly, Boolean isFromEF)
   at Oracle.ManagedDataAccess.Client.OracleCommand.ExecuteReader(Boolean requery, Boolean fillRequest, CommandBehavior behavior)
   at Oracle.ManagedDataAccess.Client.OracleCommand.ExecuteDbDataReader(CommandBehavior behavior)
   at System.Data.Common.DbCommand.ExecuteReader()
   at Oracle.EntityFrameworkCore.Storage.Internal.OracleRelationalCommandBuilderFactory.OracleRelationalCommandBuilder.OracleRelationalCommand.Execute(IRelationalConnection connection, DbCommandMethod executeMethod, IReadOnlyDictionary`2 parameterValues)
   at Microsoft.EntityFrameworkCore.Storage.Internal.RelationalCommand.ExecuteReader(IRelationalConnection connection, IReadOnlyDictionary`2 parameterValues)
   at Microsoft.EntityFrameworkCore.Query.Internal.QueryingEnumerable`1.Enumerator.BufferlessMoveNext(DbContext _, Boolean buffer)
   at Oracle.EntityFrameworkCore.Storage.Internal.OracleExecutionStrategy.Execute[TState,TResult](TState state, Func`3 operation, Func`3 verifySucceeded)
   at Microsoft.EntityFrameworkCore.Query.Internal.QueryingEnumerable`1.Enumerator.MoveNext()
   at Microsoft.EntityFrameworkCore.Query.Internal.LinqOperatorProvider.<_TrackEntities>d__17`2.MoveNext()
   at Microsoft.EntityFrameworkCore.Query.Internal.LinqOperatorProvider.ExceptionInterceptor`1.EnumeratorExceptionInterceptor.MoveNext()
   at System.Collections.Generic.List`1..ctor(IEnumerable`1 collection)
   at System.Linq.Enumerable.ToList[TSource](IEnumerable`1 source)
   at HDBH.Data.Infrastructure.BaseRepository`1.ExecWithStoreProcedure(String query, OracleParameter[] param) in D:\WorkSpace\HopDongBaoHiem\SourceCode\dotNET\HDBH_New\HDBH.Data\Infrastructure\BaseRepository.cs:line 136
   at HDBH.Services.RecipientInauService.SP_SEARCH_RECIPIENT_INAU_LV2(RecipientSearchModel input, Int32& totalRows) in D:\WorkSpace\HopDongBaoHiem\SourceCode\dotNET\HDBH_New\HDBH.Services\Services\Recipient\RecipientInauService.cs:line 72
ERROR ((!)) IIS APPPOOL\hdtsdb.net ((!))  10/28/2019 10:07:04 ((!)) step1
ERROR ((!)) IIS APPPOOL\hdtsdb.net ((!))  10/28/2019 10:07:04 ((!)) isValid: True
ERROR ((!)) IIS APPPOOL\hdtsdb.net ((!))  10/28/2019 10:07:04 ((!)) isValid: True isExist: True ActiveDomain: ocb.vnContextType.Domain: Domain
ERROR ((!)) IIS APPPOOL\hdtsdb.net ((!))  10/28/2019 10:09:49 ((!)) RecipientService => SP_SEARCH_RECIPIENT_INAU_LV2
Oracle.ManagedDataAccess.Client.OracleException (0x80004005): ORA-00936: missing expression
ORA-06512: at "CONTRACTMAN.PKG_HDBH", line 3440
ORA-06512: at line 1
   at OracleInternal.ServiceObjects.OracleConnectionImpl.VerifyExecution(Int32& cursorId, Boolean bThrowArrayBindRelatedErrors, SqlStatementType sqlStatementType, Int32 arrayBindCount, OracleException& exceptionForArrayBindDML, Boolean& hasMoreRowsInDB, Boolean bFirstIterationDone)
   at OracleInternal.ServiceObjects.OracleCommandImpl.ExecuteReader(String commandText, OracleParameterCollection paramColl, CommandType commandType, OracleConnectionImpl connectionImpl, OracleDataReaderImpl& rdrImpl, Int32 longFetchSize, Int64 clientInitialLOBFS, OracleDependencyImpl orclDependencyImpl, Int64[] scnForExecution, Int64[]& scnFromExecution, OracleParameterCollection& bindByPositionParamColl, Boolean& bBindParamPresent, Int64& internalInitialLOBFS, OracleException& exceptionForArrayBindDML, OracleConnection connection, OracleLogicalTransaction& oracleLogicalTransaction, IEnumerable`1 adrianParsedStmt, Boolean isDescribeOnly, Boolean isFromEF)
   at Oracle.ManagedDataAccess.Client.OracleCommand.ExecuteReader(Boolean requery, Boolean fillRequest, CommandBehavior behavior)
   at Oracle.ManagedDataAccess.Client.OracleCommand.ExecuteDbDataReader(CommandBehavior behavior)
   at System.Data.Common.DbCommand.ExecuteReader()
   at Oracle.EntityFrameworkCore.Storage.Internal.OracleRelationalCommandBuilderFactory.OracleRelationalCommandBuilder.OracleRelationalCommand.Execute(IRelationalConnection connection, DbCommandMethod executeMethod, IReadOnlyDictionary`2 parameterValues)
   at Microsoft.EntityFrameworkCore.Storage.Internal.RelationalCommand.ExecuteReader(IRelationalConnection connection, IReadOnlyDictionary`2 parameterValues)
   at Microsoft.EntityFrameworkCore.Query.Internal.QueryingEnumerable`1.Enumerator.BufferlessMoveNext(DbContext _, Boolean buffer)
   at Oracle.EntityFrameworkCore.Storage.Internal.OracleExecutionStrategy.Execute[TState,TResult](TState state, Func`3 operation, Func`3 verifySucceeded)
   at Microsoft.EntityFrameworkCore.Query.Internal.QueryingEnumerable`1.Enumerator.MoveNext()
   at Microsoft.EntityFrameworkCore.Query.Internal.LinqOperatorProvider.<_TrackEntities>d__17`2.MoveNext()
   at Microsoft.EntityFrameworkCore.Query.Internal.LinqOperatorProvider.ExceptionInterceptor`1.EnumeratorExceptionInterceptor.MoveNext()
   at System.Collections.Generic.List`1..ctor(IEnumerable`1 collection)
   at System.Linq.Enumerable.ToList[TSource](IEnumerable`1 source)
   at HDBH.Data.Infrastructure.BaseRepository`1.ExecWithStoreProcedure(String query, OracleParameter[] param) in D:\WorkSpace\HopDongBaoHiem\SourceCode\dotNET\HDBH_New\HDBH.Data\Infrastructure\BaseRepository.cs:line 136
   at HDBH.Services.RecipientInauService.SP_SEARCH_RECIPIENT_INAU_LV2(RecipientSearchModel input, Int32& totalRows) in D:\WorkSpace\HopDongBaoHiem\SourceCode\dotNET\HDBH_New\HDBH.Services\Services\Recipient\RecipientInauService.cs:line 72
ERROR ((!)) IIS APPPOOL\hdtsdb.net ((!))  10/28/2019 10:18:47 ((!)) step1
ERROR ((!)) IIS APPPOOL\hdtsdb.net ((!))  10/28/2019 10:18:47 ((!)) isValid: True
ERROR ((!)) IIS APPPOOL\hdtsdb.net ((!))  10/28/2019 10:18:47 ((!)) isValid: True isExist: True ActiveDomain: ocb.vnContextType.Domain: Domain
ERROR ((!)) IIS APPPOOL\hdtsdb.net ((!))  10/28/2019 10:33:04 ((!)) NonlifeInsuranceDetailService => getInsuranceDetail => convert NonLifeInsuranceDetailModel
Newtonsoft.Json.JsonReaderException: Could not convert string to DateTime: 28-OCT-19 09.47.08.000000. Path '[0].DATETIMEAPPROVED1', line 46, position 52.
   at Newtonsoft.Json.JsonReader.ReadDateTimeString(String s)
   at Newtonsoft.Json.JsonTextReader.FinishReadQuotedStringValue(ReadType readType)
   at Newtonsoft.Json.JsonTextReader.ReadStringValue(ReadType readType)
   at Newtonsoft.Json.JsonTextReader.ReadAsDateTime()
   at Newtonsoft.Json.JsonReader.ReadForType(JsonContract contract, Boolean hasConverter)
   at Newtonsoft.Json.Serialization.JsonSerializerInternalReader.PopulateObject(Object newObject, JsonReader reader, JsonObjectContract contract, JsonProperty member, String id)
   at Newtonsoft.Json.Serialization.JsonSerializerInternalReader.CreateObject(JsonReader reader, Type objectType, JsonContract contract, JsonProperty member, JsonContainerContract containerContract, JsonProperty containerMember, Object existingValue)
   at Newtonsoft.Json.Serialization.JsonSerializerInternalReader.CreateValueInternal(JsonReader reader, Type objectType, JsonContract contract, JsonProperty member, JsonContainerContract containerContract, JsonProperty containerMember, Object existingValue)
   at Newtonsoft.Json.Serialization.JsonSerializerInternalReader.PopulateList(IList list, JsonReader reader, JsonArrayContract contract, JsonProperty containerProperty, String id)
   at Newtonsoft.Json.Serialization.JsonSerializerInternalReader.CreateList(JsonReader reader, Type objectType, JsonContract contract, JsonProperty member, Object existingValue, String id)
   at Newtonsoft.Json.Serialization.JsonSerializerInternalReader.CreateValueInternal(JsonReader reader, Type objectType, JsonContract contract, JsonProperty member, JsonContainerContract containerContract, JsonProperty containerMember, Object existingValue)
   at Newtonsoft.Json.Serialization.JsonSerializerInternalReader.Deserialize(JsonReader reader, Type objectType, Boolean checkAdditionalContent)
   at Newtonsoft.Json.JsonSerializer.DeserializeInternal(JsonReader reader, Type objectType)
   at Newtonsoft.Json.JsonConvert.DeserializeObject(String value, Type type, JsonSerializerSettings settings)
   at Newtonsoft.Json.JsonConvert.DeserializeObject[T](String value, JsonSerializerSettings settings)
   at Newtonsoft.Json.JsonConvert.DeserializeObject[T](String value)
   at HDBH.Services.NonlifeInsuranceDetailService.getInsuranceDetail(String p_insuranceContractNo) in D:\WorkSpace\HopDongBaoHiem\SourceCode\dotNET\HDBH_New\HDBH.Services\Services\NonLifeInsurance\NonlifeInsuranceDetailService.cs:line 57
ERROR ((!)) IIS APPPOOL\hdtsdb.net ((!))  10/28/2019 10:34:24 ((!)) NonlifeInsuranceDetailService => getInsuranceDetail => convert NonLifeInsuranceDetailModel
Newtonsoft.Json.JsonReaderException: Could not convert string to DateTime: 28-OCT-19 09.47.08.000000. Path '[0].DATETIMEAPPROVED1', line 46, position 52.
   at Newtonsoft.Json.JsonReader.ReadDateTimeString(String s)
   at Newtonsoft.Json.JsonTextReader.FinishReadQuotedStringValue(ReadType readType)
   at Newtonsoft.Json.JsonTextReader.ReadStringValue(ReadType readType)
   at Newtonsoft.Json.JsonTextReader.ReadAsDateTime()
   at Newtonsoft.Json.JsonReader.ReadForType(JsonContract contract, Boolean hasConverter)
   at Newtonsoft.Json.Serialization.JsonSerializerInternalReader.PopulateObject(Object newObject, JsonReader reader, JsonObjectContract contract, JsonProperty member, String id)
   at Newtonsoft.Json.Serialization.JsonSerializerInternalReader.CreateObject(JsonReader reader, Type objectType, JsonContract contract, JsonProperty member, JsonContainerContract containerContract, JsonProperty containerMember, Object existingValue)
   at Newtonsoft.Json.Serialization.JsonSerializerInternalReader.CreateValueInternal(JsonReader reader, Type objectType, JsonContract contract, JsonProperty member, JsonContainerContract containerContract, JsonProperty containerMember, Object existingValue)
   at Newtonsoft.Json.Serialization.JsonSerializerInternalReader.PopulateList(IList list, JsonReader reader, JsonArrayContract contract, JsonProperty containerProperty, String id)
   at Newtonsoft.Json.Serialization.JsonSerializerInternalReader.CreateList(JsonReader reader, Type objectType, JsonContract contract, JsonProperty member, Object existingValue, String id)
   at Newtonsoft.Json.Serialization.JsonSerializerInternalReader.CreateValueInternal(JsonReader reader, Type objectType, JsonContract contract, JsonProperty member, JsonContainerContract containerContract, JsonProperty containerMember, Object existingValue)
   at Newtonsoft.Json.Serialization.JsonSerializerInternalReader.Deserialize(JsonReader reader, Type objectType, Boolean checkAdditionalContent)
   at Newtonsoft.Json.JsonSerializer.DeserializeInternal(JsonReader reader, Type objectType)
   at Newtonsoft.Json.JsonConvert.DeserializeObject(String value, Type type, JsonSerializerSettings settings)
   at Newtonsoft.Json.JsonConvert.DeserializeObject[T](String value, JsonSerializerSettings settings)
   at Newtonsoft.Json.JsonConvert.DeserializeObject[T](String value)
   at HDBH.Services.NonlifeInsuranceDetailService.getInsuranceDetail(String p_insuranceContractNo) in D:\WorkSpace\HopDongBaoHiem\SourceCode\dotNET\HDBH_New\HDBH.Services\Services\NonLifeInsurance\NonlifeInsuranceDetailService.cs:line 57
ERROR ((!)) IIS APPPOOL\hdtsdb.net ((!))  10/28/2019 10:35:56 ((!)) step1
ERROR ((!)) IIS APPPOOL\hdtsdb.net ((!))  10/28/2019 10:35:56 ((!)) isValid: True
ERROR ((!)) IIS APPPOOL\hdtsdb.net ((!))  10/28/2019 10:35:56 ((!)) isValid: True isExist: True ActiveDomain: ocb.vnContextType.Domain: Domain
ERROR ((!)) IIS APPPOOL\hdtsdb.net ((!))  10/28/2019 10:36:17 ((!)) NonlifeInsuranceDetailService => getInsuranceDetail => convert NonLifeInsuranceDetailModel
Newtonsoft.Json.JsonReaderException: Could not convert string to DateTime: 28-OCT-19 09.47.08.000000. Path '[0].DATETIMEAPPROVED1', line 46, position 52.
   at Newtonsoft.Json.JsonReader.ReadDateTimeString(String s)
   at Newtonsoft.Json.JsonTextReader.FinishReadQuotedStringValue(ReadType readType)
   at Newtonsoft.Json.JsonTextReader.ReadStringValue(ReadType readType)
   at Newtonsoft.Json.JsonTextReader.ReadAsDateTime()
   at Newtonsoft.Json.JsonReader.ReadForType(JsonContract contract, Boolean hasConverter)
   at Newtonsoft.Json.Serialization.JsonSerializerInternalReader.PopulateObject(Object newObject, JsonReader reader, JsonObjectContract contract, JsonProperty member, String id)
   at Newtonsoft.Json.Serialization.JsonSerializerInternalReader.CreateObject(JsonReader reader, Type objectType, JsonContract contract, JsonProperty member, JsonContainerContract containerContract, JsonProperty containerMember, Object existingValue)
   at Newtonsoft.Json.Serialization.JsonSerializerInternalReader.CreateValueInternal(JsonReader reader, Type objectType, JsonContract contract, JsonProperty member, JsonContainerContract containerContract, JsonProperty containerMember, Object existingValue)
   at Newtonsoft.Json.Serialization.JsonSerializerInternalReader.PopulateList(IList list, JsonReader reader, JsonArrayContract contract, JsonProperty containerProperty, String id)
   at Newtonsoft.Json.Serialization.JsonSerializerInternalReader.CreateList(JsonReader reader, Type objectType, JsonContract contract, JsonProperty member, Object existingValue, String id)
   at Newtonsoft.Json.Serialization.JsonSerializerInternalReader.CreateValueInternal(JsonReader reader, Type objectType, JsonContract contract, JsonProperty member, JsonContainerContract containerContract, JsonProperty containerMember, Object existingValue)
   at Newtonsoft.Json.Serialization.JsonSerializerInternalReader.Deserialize(JsonReader reader, Type objectType, Boolean checkAdditionalContent)
   at Newtonsoft.Json.JsonSerializer.DeserializeInternal(JsonReader reader, Type objectType)
   at Newtonsoft.Json.JsonConvert.DeserializeObject(String value, Type type, JsonSerializerSettings settings)
   at Newtonsoft.Json.JsonConvert.DeserializeObject[T](String value, JsonSerializerSettings settings)
   at Newtonsoft.Json.JsonConvert.DeserializeObject[T](String value)
   at HDBH.Services.NonlifeInsuranceDetailService.getInsuranceDetail(String p_insuranceContractNo) in D:\WorkSpace\HopDongBaoHiem\SourceCode\dotNET\HDBH_New\HDBH.Services\Services\NonLifeInsurance\NonlifeInsuranceDetailService.cs:line 57
ERROR ((!)) IIS APPPOOL\hdtsdb.net ((!))  10/28/2019 10:37:21 ((!)) NonlifeInsuranceDetailService => getInsuranceDetail => convert NonLifeInsuranceDetailModel
Newtonsoft.Json.JsonReaderException: Could not convert string to DateTime: 28-OCT-19 09.47.08.000000. Path '[0].DATETIMEAPPROVED1', line 46, position 52.
   at Newtonsoft.Json.JsonReader.ReadDateTimeString(String s)
   at Newtonsoft.Json.JsonTextReader.FinishReadQuotedStringValue(ReadType readType)
   at Newtonsoft.Json.JsonTextReader.ReadStringValue(ReadType readType)
   at Newtonsoft.Json.JsonTextReader.ReadAsDateTime()
   at Newtonsoft.Json.JsonReader.ReadForType(JsonContract contract, Boolean hasConverter)
   at Newtonsoft.Json.Serialization.JsonSerializerInternalReader.PopulateObject(Object newObject, JsonReader reader, JsonObjectContract contract, JsonProperty member, String id)
   at Newtonsoft.Json.Serialization.JsonSerializerInternalReader.CreateObject(JsonReader reader, Type objectType, JsonContract contract, JsonProperty member, JsonContainerContract containerContract, JsonProperty containerMember, Object existingValue)
   at Newtonsoft.Json.Serialization.JsonSerializerInternalReader.CreateValueInternal(JsonReader reader, Type objectType, JsonContract contract, JsonProperty member, JsonContainerContract containerContract, JsonProperty containerMember, Object existingValue)
   at Newtonsoft.Json.Serialization.JsonSerializerInternalReader.PopulateList(IList list, JsonReader reader, JsonArrayContract contract, JsonProperty containerProperty, String id)
   at Newtonsoft.Json.Serialization.JsonSerializerInternalReader.CreateList(JsonReader reader, Type objectType, JsonContract contract, JsonProperty member, Object existingValue, String id)
   at Newtonsoft.Json.Serialization.JsonSerializerInternalReader.CreateValueInternal(JsonReader reader, Type objectType, JsonContract contract, JsonProperty member, JsonContainerContract containerContract, JsonProperty containerMember, Object existingValue)
   at Newtonsoft.Json.Serialization.JsonSerializerInternalReader.Deserialize(JsonReader reader, Type objectType, Boolean checkAdditionalContent)
   at Newtonsoft.Json.JsonSerializer.DeserializeInternal(JsonReader reader, Type objectType)
   at Newtonsoft.Json.JsonConvert.DeserializeObject(String value, Type type, JsonSerializerSettings settings)
   at Newtonsoft.Json.JsonConvert.DeserializeObject[T](String value, JsonSerializerSettings settings)
   at Newtonsoft.Json.JsonConvert.DeserializeObject[T](String value)
   at HDBH.Services.NonlifeInsuranceDetailService.getInsuranceDetail(String p_insuranceContractNo) in D:\WorkSpace\HopDongBaoHiem\SourceCode\dotNET\HDBH_New\HDBH.Services\Services\NonLifeInsurance\NonlifeInsuranceDetailService.cs:line 57
ERROR ((!)) IIS APPPOOL\hdtsdb.net ((!))  10/28/2019 10:37:52 ((!)) NonlifeInsuranceDetailService => getInsuranceDetail => convert NonLifeInsuranceDetailModel
Newtonsoft.Json.JsonReaderException: Could not convert string to DateTime: 28-OCT-19 09.47.08.000000. Path '[0].DATETIMEAPPROVED1', line 46, position 52.
   at Newtonsoft.Json.JsonReader.ReadDateTimeString(String s)
   at Newtonsoft.Json.JsonTextReader.FinishReadQuotedStringValue(ReadType readType)
   at Newtonsoft.Json.JsonTextReader.ReadStringValue(ReadType readType)
   at Newtonsoft.Json.JsonTextReader.ReadAsDateTime()
   at Newtonsoft.Json.JsonReader.ReadForType(JsonContract contract, Boolean hasConverter)
   at Newtonsoft.Json.Serialization.JsonSerializerInternalReader.PopulateObject(Object newObject, JsonReader reader, JsonObjectContract contract, JsonProperty member, String id)
   at Newtonsoft.Json.Serialization.JsonSerializerInternalReader.CreateObject(JsonReader reader, Type objectType, JsonContract contract, JsonProperty member, JsonContainerContract containerContract, JsonProperty containerMember, Object existingValue)
   at Newtonsoft.Json.Serialization.JsonSerializerInternalReader.CreateValueInternal(JsonReader reader, Type objectType, JsonContract contract, JsonProperty member, JsonContainerContract containerContract, JsonProperty containerMember, Object existingValue)
   at Newtonsoft.Json.Serialization.JsonSerializerInternalReader.PopulateList(IList list, JsonReader reader, JsonArrayContract contract, JsonProperty containerProperty, String id)
   at Newtonsoft.Json.Serialization.JsonSerializerInternalReader.CreateList(JsonReader reader, Type objectType, JsonContract contract, JsonProperty member, Object existingValue, String id)
   at Newtonsoft.Json.Serialization.JsonSerializerInternalReader.CreateValueInternal(JsonReader reader, Type objectType, JsonContract contract, JsonProperty member, JsonContainerContract containerContract, JsonProperty containerMember, Object existingValue)
   at Newtonsoft.Json.Serialization.JsonSerializerInternalReader.Deserialize(JsonReader reader, Type objectType, Boolean checkAdditionalContent)
   at Newtonsoft.Json.JsonSerializer.DeserializeInternal(JsonReader reader, Type objectType)
   at Newtonsoft.Json.JsonConvert.DeserializeObject(String value, Type type, JsonSerializerSettings settings)
   at Newtonsoft.Json.JsonConvert.DeserializeObject[T](String value, JsonSerializerSettings settings)
   at Newtonsoft.Json.JsonConvert.DeserializeObject[T](String value)
   at HDBH.Services.NonlifeInsuranceDetailService.getInsuranceDetail(String p_insuranceContractNo) in D:\WorkSpace\HopDongBaoHiem\SourceCode\dotNET\HDBH_New\HDBH.Services\Services\NonLifeInsurance\NonlifeInsuranceDetailService.cs:line 57
ERROR ((!)) IIS APPPOOL\hdtsdb.net ((!))  10/28/2019 10:37:59 ((!)) NonlifeInsuranceDetailService => getInsuranceDetail => convert NonLifeInsuranceDetailModel
Newtonsoft.Json.JsonReaderException: Could not convert string to DateTime: 28-OCT-19 09.47.08.000000. Path '[0].DATETIMEAPPROVED1', line 46, position 52.
   at Newtonsoft.Json.JsonReader.ReadDateTimeString(String s)
   at Newtonsoft.Json.JsonTextReader.FinishReadQuotedStringValue(ReadType readType)
   at Newtonsoft.Json.JsonTextReader.ReadStringValue(ReadType readType)
   at Newtonsoft.Json.JsonTextReader.ReadAsDateTime()
   at Newtonsoft.Json.JsonReader.ReadForType(JsonContract contract, Boolean hasConverter)
   at Newtonsoft.Json.Serialization.JsonSerializerInternalReader.PopulateObject(Object newObject, JsonReader reader, JsonObjectContract contract, JsonProperty member, String id)
   at Newtonsoft.Json.Serialization.JsonSerializerInternalReader.CreateObject(JsonReader reader, Type objectType, JsonContract contract, JsonProperty member, JsonContainerContract containerContract, JsonProperty containerMember, Object existingValue)
   at Newtonsoft.Json.Serialization.JsonSerializerInternalReader.CreateValueInternal(JsonReader reader, Type objectType, JsonContract contract, JsonProperty member, JsonContainerContract containerContract, JsonProperty containerMember, Object existingValue)
   at Newtonsoft.Json.Serialization.JsonSerializerInternalReader.PopulateList(IList list, JsonReader reader, JsonArrayContract contract, JsonProperty containerProperty, String id)
   at Newtonsoft.Json.Serialization.JsonSerializerInternalReader.CreateList(JsonReader reader, Type objectType, JsonContract contract, JsonProperty member, Object existingValue, String id)
   at Newtonsoft.Json.Serialization.JsonSerializerInternalReader.CreateValueInternal(JsonReader reader, Type objectType, JsonContract contract, JsonProperty member, JsonContainerContract containerContract, JsonProperty containerMember, Object existingValue)
   at Newtonsoft.Json.Serialization.JsonSerializerInternalReader.Deserialize(JsonReader reader, Type objectType, Boolean checkAdditionalContent)
   at Newtonsoft.Json.JsonSerializer.DeserializeInternal(JsonReader reader, Type objectType)
   at Newtonsoft.Json.JsonConvert.DeserializeObject(String value, Type type, JsonSerializerSettings settings)
   at Newtonsoft.Json.JsonConvert.DeserializeObject[T](String value, JsonSerializerSettings settings)
   at Newtonsoft.Json.JsonConvert.DeserializeObject[T](String value)
   at HDBH.Services.NonlifeInsuranceDetailService.getInsuranceDetail(String p_insuranceContractNo) in D:\WorkSpace\HopDongBaoHiem\SourceCode\dotNET\HDBH_New\HDBH.Services\Services\NonLifeInsurance\NonlifeInsuranceDetailService.cs:line 57
ERROR ((!)) IIS APPPOOL\hdtsdb.net ((!))  10/28/2019 10:38:10 ((!)) NonlifeInsuranceDetailService => getInsuranceDetail => convert NonLifeInsuranceDetailModel
Newtonsoft.Json.JsonReaderException: Could not convert string to DateTime: 28-OCT-19 09.47.08.000000. Path '[0].DATETIMEAPPROVED1', line 46, position 52.
   at Newtonsoft.Json.JsonReader.ReadDateTimeString(String s)
   at Newtonsoft.Json.JsonTextReader.FinishReadQuotedStringValue(ReadType readType)
   at Newtonsoft.Json.JsonTextReader.ReadStringValue(ReadType readType)
   at Newtonsoft.Json.JsonTextReader.ReadAsDateTime()
   at Newtonsoft.Json.JsonReader.ReadForType(JsonContract contract, Boolean hasConverter)
   at Newtonsoft.Json.Serialization.JsonSerializerInternalReader.PopulateObject(Object newObject, JsonReader reader, JsonObjectContract contract, JsonProperty member, String id)
   at Newtonsoft.Json.Serialization.JsonSerializerInternalReader.CreateObject(JsonReader reader, Type objectType, JsonContract contract, JsonProperty member, JsonContainerContract containerContract, JsonProperty containerMember, Object existingValue)
   at Newtonsoft.Json.Serialization.JsonSerializerInternalReader.CreateValueInternal(JsonReader reader, Type objectType, JsonContract contract, JsonProperty member, JsonContainerContract containerContract, JsonProperty containerMember, Object existingValue)
   at Newtonsoft.Json.Serialization.JsonSerializerInternalReader.PopulateList(IList list, JsonReader reader, JsonArrayContract contract, JsonProperty containerProperty, String id)
   at Newtonsoft.Json.Serialization.JsonSerializerInternalReader.CreateList(JsonReader reader, Type objectType, JsonContract contract, JsonProperty member, Object existingValue, String id)
   at Newtonsoft.Json.Serialization.JsonSerializerInternalReader.CreateValueInternal(JsonReader reader, Type objectType, JsonContract contract, JsonProperty member, JsonContainerContract containerContract, JsonProperty containerMember, Object existingValue)
   at Newtonsoft.Json.Serialization.JsonSerializerInternalReader.Deserialize(JsonReader reader, Type objectType, Boolean checkAdditionalContent)
   at Newtonsoft.Json.JsonSerializer.DeserializeInternal(JsonReader reader, Type objectType)
   at Newtonsoft.Json.JsonConvert.DeserializeObject(String value, Type type, JsonSerializerSettings settings)
   at Newtonsoft.Json.JsonConvert.DeserializeObject[T](String value, JsonSerializerSettings settings)
   at Newtonsoft.Json.JsonConvert.DeserializeObject[T](String value)
   at HDBH.Services.NonlifeInsuranceDetailService.getInsuranceDetail(String p_insuranceContractNo) in D:\WorkSpace\HopDongBaoHiem\SourceCode\dotNET\HDBH_New\HDBH.Services\Services\NonLifeInsurance\NonlifeInsuranceDetailService.cs:line 57
ERROR ((!)) IIS APPPOOL\hdtsdb.net ((!))  10/28/2019 10:38:37 ((!)) NonlifeInsuranceDetailService => getInsuranceDetail => convert NonLifeInsuranceDetailModel
Newtonsoft.Json.JsonReaderException: Could not convert string to DateTime: 28-OCT-19 09.47.08.000000. Path '[0].DATETIMEAPPROVED1', line 46, position 52.
   at Newtonsoft.Json.JsonReader.ReadDateTimeString(String s)
   at Newtonsoft.Json.JsonTextReader.FinishReadQuotedStringValue(ReadType readType)
   at Newtonsoft.Json.JsonTextReader.ReadStringValue(ReadType readType)
   at Newtonsoft.Json.JsonTextReader.ReadAsDateTime()
   at Newtonsoft.Json.JsonReader.ReadForType(JsonContract contract, Boolean hasConverter)
   at Newtonsoft.Json.Serialization.JsonSerializerInternalReader.PopulateObject(Object newObject, JsonReader reader, JsonObjectContract contract, JsonProperty member, String id)
   at Newtonsoft.Json.Serialization.JsonSerializerInternalReader.CreateObject(JsonReader reader, Type objectType, JsonContract contract, JsonProperty member, JsonContainerContract containerContract, JsonProperty containerMember, Object existingValue)
   at Newtonsoft.Json.Serialization.JsonSerializerInternalReader.CreateValueInternal(JsonReader reader, Type objectType, JsonContract contract, JsonProperty member, JsonContainerContract containerContract, JsonProperty containerMember, Object existingValue)
   at Newtonsoft.Json.Serialization.JsonSerializerInternalReader.PopulateList(IList list, JsonReader reader, JsonArrayContract contract, JsonProperty containerProperty, String id)
   at Newtonsoft.Json.Serialization.JsonSerializerInternalReader.CreateList(JsonReader reader, Type objectType, JsonContract contract, JsonProperty member, Object existingValue, String id)
   at Newtonsoft.Json.Serialization.JsonSerializerInternalReader.CreateValueInternal(JsonReader reader, Type objectType, JsonContract contract, JsonProperty member, JsonContainerContract containerContract, JsonProperty containerMember, Object existingValue)
   at Newtonsoft.Json.Serialization.JsonSerializerInternalReader.Deserialize(JsonReader reader, Type objectType, Boolean checkAdditionalContent)
   at Newtonsoft.Json.JsonSerializer.DeserializeInternal(JsonReader reader, Type objectType)
   at Newtonsoft.Json.JsonConvert.DeserializeObject(String value, Type type, JsonSerializerSettings settings)
   at Newtonsoft.Json.JsonConvert.DeserializeObject[T](String value, JsonSerializerSettings settings)
   at Newtonsoft.Json.JsonConvert.DeserializeObject[T](String value)
   at HDBH.Services.NonlifeInsuranceDetailService.getInsuranceDetail(String p_insuranceContractNo) in D:\WorkSpace\HopDongBaoHiem\SourceCode\dotNET\HDBH_New\HDBH.Services\Services\NonLifeInsurance\NonlifeInsuranceDetailService.cs:line 57
ERROR ((!)) IIS APPPOOL\hdtsdb.net ((!))  10/28/2019 10:39:36 ((!)) step1
ERROR ((!)) IIS APPPOOL\hdtsdb.net ((!))  10/28/2019 10:39:36 ((!)) isValid: True
ERROR ((!)) IIS APPPOOL\hdtsdb.net ((!))  10/28/2019 10:39:36 ((!)) isValid: True isExist: True ActiveDomain: ocb.vnContextType.Domain: Domain
ERROR ((!)) IIS APPPOOL\hdtsdb.net ((!))  10/28/2019 10:44:08 ((!)) ResultInsuranceContractDetailService => GetInsuranceContractDetail
Newtonsoft.Json.JsonSerializationException: Unexpected end when reading JSON. Path '', line 1, position 2.
   at Newtonsoft.Json.JsonReader.ReadAndAssert()
   at Newtonsoft.Json.Serialization.JsonSerializerInternalReader.CreateObject(JsonReader reader, Type objectType, JsonContract contract, JsonProperty member, JsonContainerContract containerContract, JsonProperty containerMember, Object existingValue)
   at Newtonsoft.Json.Serialization.JsonSerializerInternalReader.CreateValueInternal(JsonReader reader, Type objectType, JsonContract contract, JsonProperty member, JsonContainerContract containerContract, JsonProperty containerMember, Object existingValue)
   at Newtonsoft.Json.Serialization.JsonSerializerInternalReader.Deserialize(JsonReader reader, Type objectType, Boolean checkAdditionalContent)
   at Newtonsoft.Json.JsonSerializer.DeserializeInternal(JsonReader reader, Type objectType)
   at Newtonsoft.Json.JsonConvert.DeserializeObject(String value, Type type, JsonSerializerSettings settings)
   at Newtonsoft.Json.JsonConvert.DeserializeObject[T](String value, JsonSerializerSettings settings)
   at Newtonsoft.Json.JsonConvert.DeserializeObject[T](String value)
   at HDBH.Services.Services.InsuranceContract.ResultInsuranceContractDetailService.GetInsuranceContractDetail(String p_insuranceContractNo) in D:\WorkSpace\HopDongBaoHiem\SourceCode\dotNET\HDBH_New\HDBH.Services\Services\InsuranceContract\ResultInsuranceContractDetailService.cs:line 50
ERROR ((!)) IIS APPPOOL\hdtsdb.net ((!))  10/28/2019 10:44:08 ((!)) ResultInsuranceContractDetailService => GetInsuranceContractDetail
Newtonsoft.Json.JsonSerializationException: Unexpected end when reading JSON. Path '', line 1, position 2.
   at Newtonsoft.Json.JsonReader.ReadAndAssert()
   at Newtonsoft.Json.Serialization.JsonSerializerInternalReader.CreateObject(JsonReader reader, Type objectType, JsonContract contract, JsonProperty member, JsonContainerContract containerContract, JsonProperty containerMember, Object existingValue)
   at Newtonsoft.Json.Serialization.JsonSerializerInternalReader.CreateValueInternal(JsonReader reader, Type objectType, JsonContract contract, JsonProperty member, JsonContainerContract containerContract, JsonProperty containerMember, Object existingValue)
   at Newtonsoft.Json.Serialization.JsonSerializerInternalReader.Deserialize(JsonReader reader, Type objectType, Boolean checkAdditionalContent)
   at Newtonsoft.Json.JsonSerializer.DeserializeInternal(JsonReader reader, Type objectType)
   at Newtonsoft.Json.JsonConvert.DeserializeObject(String value, Type type, JsonSerializerSettings settings)
   at Newtonsoft.Json.JsonConvert.DeserializeObject[T](String value, JsonSerializerSettings settings)
   at Newtonsoft.Json.JsonConvert.DeserializeObject[T](String value)
   at HDBH.Services.Services.InsuranceContract.ResultInsuranceContractDetailService.GetInsuranceContractDetail(String p_insuranceContractNo) in D:\WorkSpace\HopDongBaoHiem\SourceCode\dotNET\HDBH_New\HDBH.Services\Services\InsuranceContract\ResultInsuranceContractDetailService.cs:line 50
ERROR ((!)) IIS APPPOOL\hdtsdb.net ((!))  10/28/2019 10:44:16 ((!)) ResultInsuranceContractDetailService => GetInsuranceContractDetail
Newtonsoft.Json.JsonSerializationException: Unexpected end when reading JSON. Path '', line 1, position 2.
   at Newtonsoft.Json.JsonReader.ReadAndAssert()
   at Newtonsoft.Json.Serialization.JsonSerializerInternalReader.CreateObject(JsonReader reader, Type objectType, JsonContract contract, JsonProperty member, JsonContainerContract containerContract, JsonProperty containerMember, Object existingValue)
   at Newtonsoft.Json.Serialization.JsonSerializerInternalReader.CreateValueInternal(JsonReader reader, Type objectType, JsonContract contract, JsonProperty member, JsonContainerContract containerContract, JsonProperty containerMember, Object existingValue)
   at Newtonsoft.Json.Serialization.JsonSerializerInternalReader.Deserialize(JsonReader reader, Type objectType, Boolean checkAdditionalContent)
   at Newtonsoft.Json.JsonSerializer.DeserializeInternal(JsonReader reader, Type objectType)
   at Newtonsoft.Json.JsonConvert.DeserializeObject(String value, Type type, JsonSerializerSettings settings)
   at Newtonsoft.Json.JsonConvert.DeserializeObject[T](String value, JsonSerializerSettings settings)
   at Newtonsoft.Json.JsonConvert.DeserializeObject[T](String value)
   at HDBH.Services.Services.InsuranceContract.ResultInsuranceContractDetailService.GetInsuranceContractDetail(String p_insuranceContractNo) in D:\WorkSpace\HopDongBaoHiem\SourceCode\dotNET\HDBH_New\HDBH.Services\Services\InsuranceContract\ResultInsuranceContractDetailService.cs:line 50
ERROR ((!)) IIS APPPOOL\hdtsdb.net ((!))  10/28/2019 10:51:47 ((!)) CounterPartyCifService => getCounterPartyByCif
System.FormatException: Input string was not in a correct format.
   at System.Number.StringToNumber(String str, NumberStyles options, NumberBuffer& number, NumberFormatInfo info, Boolean parseDecimal)
   at System.Number.ParseInt64(String value, NumberStyles options, NumberFormatInfo numfmt)
   at System.String.System.IConvertible.ToInt64(IFormatProvider provider)
   at System.Convert.ToInt64(Object value)
   at OracleInternal.ServiceObjects.OracleParameterImpl.SetInt32DataInBytes(Object paramValue, Byte[]& int32ByteArray)
   at OracleInternal.ServiceObjects.OracleParameterImpl.SetInt32DataInBytes(Object paramValue)
   at Oracle.ManagedDataAccess.Client.OracleParameter.PreBind_Int32()
   at Oracle.ManagedDataAccess.Client.OracleParameter.PreBind(OracleConnectionImpl connImpl, ColumnDescribeInfo cachedParamMetadata, Boolean& bMetadataModified, Int32 arrayBindCount, ColumnDescribeInfo& paramMetaData, Object& paramValue, Boolean isEFSelectStatement, SqlStatementType stmtType)
   at OracleInternal.ServiceObjects.OracleCommandImpl.InitializeParamInfo(ICollection paramColl, OracleConnectionImpl connectionImpl, ColumnDescribeInfo[] cachedParamMetadata, Boolean& bMetadataModified, Boolean isEFSelectStatement, MarshalBindParameterValueHelper& marshalBindValuesHelper)
   at OracleInternal.ServiceObjects.OracleCommandImpl.ProcessParameters(OracleParameterCollection paramColl, OracleConnectionImpl connectionImpl, ColumnDescribeInfo[] cachedParamMetadata, Boolean& bBindMetadataModified, Boolean isEFSelectStatement, MarshalBindParameterValueHelper& marshalBindValuesHelper)
   at OracleInternal.ServiceObjects.OracleCommandImpl.ExecuteReader(String commandText, OracleParameterCollection paramColl, CommandType commandType, OracleConnectionImpl connectionImpl, OracleDataReaderImpl& rdrImpl, Int32 longFetchSize, Int64 clientInitialLOBFS, OracleDependencyImpl orclDependencyImpl, Int64[] scnForExecution, Int64[]& scnFromExecution, OracleParameterCollection& bindByPositionParamColl, Boolean& bBindParamPresent, Int64& internalInitialLOBFS, OracleException& exceptionForArrayBindDML, OracleConnection connection, OracleLogicalTransaction& oracleLogicalTransaction, IEnumerable`1 adrianParsedStmt, Boolean isDescribeOnly, Boolean isFromEF)
   at Oracle.ManagedDataAccess.Client.OracleCommand.ExecuteReader(Boolean requery, Boolean fillRequest, CommandBehavior behavior)
   at Oracle.ManagedDataAccess.Client.OracleCommand.ExecuteDbDataReader(CommandBehavior behavior)
   at System.Data.Common.DbCommand.ExecuteReader()
   at Oracle.EntityFrameworkCore.Storage.Internal.OracleRelationalCommandBuilderFactory.OracleRelationalCommandBuilder.OracleRelationalCommand.Execute(IRelationalConnection connection, DbCommandMethod executeMethod, IReadOnlyDictionary`2 parameterValues)
   at Microsoft.EntityFrameworkCore.Storage.Internal.RelationalCommand.ExecuteReader(IRelationalConnection connection, IReadOnlyDictionary`2 parameterValues)
   at Microsoft.EntityFrameworkCore.Query.Internal.QueryingEnumerable`1.Enumerator.BufferlessMoveNext(DbContext _, Boolean buffer)
   at Oracle.EntityFrameworkCore.Storage.Internal.OracleExecutionStrategy.Execute[TState,TResult](TState state, Func`3 operation, Func`3 verifySucceeded)
   at Microsoft.EntityFrameworkCore.Query.Internal.QueryingEnumerable`1.Enumerator.MoveNext()
   at Microsoft.EntityFrameworkCore.Query.Internal.LinqOperatorProvider.<_TrackEntities>d__17`2.MoveNext()
   at Microsoft.EntityFrameworkCore.Query.Internal.LinqOperatorProvider.ExceptionInterceptor`1.EnumeratorExceptionInterceptor.MoveNext()
   at System.Collections.Generic.List`1..ctor(IEnumerable`1 collection)
   at System.Linq.Enumerable.ToList[TSource](IEnumerable`1 source)
   at HDBH.Data.Infrastructure.BaseRepository`1.ExecWithStoreProcedure(String query, OracleParameter[] param) in D:\WorkSpace\HopDongBaoHiem\SourceCode\dotNET\HDBH_New\HDBH.Data\Infrastructure\BaseRepository.cs:line 136
   at HDBH.Services.CounterPartyCifService.getCounterPartyByCif(String cif) in D:\WorkSpace\HopDongBaoHiem\SourceCode\dotNET\HDBH_New\HDBH.Services\Services\CounterParty\CounterPartyCifService.cs:line 34
ERROR ((!)) IIS APPPOOL\hdtsdb.net ((!))  10/28/2019 11:23:23 ((!)) step1
ERROR ((!)) IIS APPPOOL\hdtsdb.net ((!))  10/28/2019 11:23:23 ((!)) isValid: True
ERROR ((!)) IIS APPPOOL\hdtsdb.net ((!))  10/28/2019 11:23:23 ((!)) isValid: True isExist: True ActiveDomain: ocb.vnContextType.Domain: Domain
ERROR ((!)) IIS APPPOOL\hdtsdb.net ((!))  10/28/2019 11:25:11 ((!)) step1
ERROR ((!)) IIS APPPOOL\hdtsdb.net ((!))  10/28/2019 11:25:11 ((!)) isValid: True
ERROR ((!)) IIS APPPOOL\hdtsdb.net ((!))  10/28/2019 11:25:11 ((!)) isValid: True isExist: True ActiveDomain: ocb.vnContextType.Domain: Domain
ERROR ((!)) IIS APPPOOL\hdtsdb.net ((!))  10/28/2019 11:35:08 ((!)) step1
ERROR ((!)) IIS APPPOOL\hdtsdb.net ((!))  10/28/2019 11:35:08 ((!)) isValid: True
ERROR ((!)) IIS APPPOOL\hdtsdb.net ((!))  10/28/2019 11:35:08 ((!)) isValid: True isExist: True ActiveDomain: ocb.vnContextType.Domain: Domain
ERROR ((!)) IIS APPPOOL\hdtsdb.net ((!))  10/28/2019 11:49:29 ((!)) RecipientDetailService => getRecipientList
System.FormatException: Input string was not in a correct format.
   at System.Number.StringToNumber(String str, NumberStyles options, NumberBuffer& number, NumberFormatInfo info, Boolean parseDecimal)
   at System.Number.ParseInt64(String value, NumberStyles options, NumberFormatInfo numfmt)
   at System.String.System.IConvertible.ToInt64(IFormatProvider provider)
   at System.Convert.ToInt64(Object value)
   at OracleInternal.ServiceObjects.OracleParameterImpl.SetInt32DataInBytes(Object paramValue, Byte[]& int32ByteArray)
   at OracleInternal.ServiceObjects.OracleParameterImpl.SetInt32DataInBytes(Object paramValue)
   at Oracle.ManagedDataAccess.Client.OracleParameter.PreBind_Int32()
   at Oracle.ManagedDataAccess.Client.OracleParameter.PreBind(OracleConnectionImpl connImpl, ColumnDescribeInfo cachedParamMetadata, Boolean& bMetadataModified, Int32 arrayBindCount, ColumnDescribeInfo& paramMetaData, Object& paramValue, Boolean isEFSelectStatement, SqlStatementType stmtType)
   at OracleInternal.ServiceObjects.OracleCommandImpl.InitializeParamInfo(ICollection paramColl, OracleConnectionImpl connectionImpl, ColumnDescribeInfo[] cachedParamMetadata, Boolean& bMetadataModified, Boolean isEFSelectStatement, MarshalBindParameterValueHelper& marshalBindValuesHelper)
   at OracleInternal.ServiceObjects.OracleCommandImpl.ProcessParameters(OracleParameterCollection paramColl, OracleConnectionImpl connectionImpl, ColumnDescribeInfo[] cachedParamMetadata, Boolean& bBindMetadataModified, Boolean isEFSelectStatement, MarshalBindParameterValueHelper& marshalBindValuesHelper)
   at OracleInternal.ServiceObjects.OracleCommandImpl.ExecuteNonQuery(String commandText, OracleParameterCollection paramColl, CommandType commandType, OracleConnectionImpl connectionImpl, Int32 longFetchSize, Int64 clientInitialLOBFS, OracleDependencyImpl orclDependencyImpl, Int64[]& scnFromExecution, OracleParameterCollection& bindByPositionParamColl, Boolean& bBindParamPresent, OracleException& exceptionForArrayBindDML, OracleConnection connection, OracleLogicalTransaction& oracleLogicalTransaction, Boolean isFromEF)
   at Oracle.ManagedDataAccess.Client.OracleCommand.ExecuteNonQuery()
   at Oracle.EntityFrameworkCore.Storage.Internal.OracleRelationalCommandBuilderFactory.OracleRelationalCommandBuilder.OracleRelationalCommand.Execute(IRelationalConnection connection, DbCommandMethod executeMethod, IReadOnlyDictionary`2 parameterValues)
   at Microsoft.EntityFrameworkCore.Storage.Internal.RelationalCommand.ExecuteNonQuery(IRelationalConnection connection, IReadOnlyDictionary`2 parameterValues)
   at Microsoft.EntityFrameworkCore.RelationalDatabaseFacadeExtensions.ExecuteSqlCommand(DatabaseFacade databaseFacade, RawSqlString sql, IEnumerable`1 parameters)
   at Microsoft.EntityFrameworkCore.RelationalDatabaseFacadeExtensions.ExecuteSqlCommand(DatabaseFacade databaseFacade, RawSqlString sql, Object[] parameters)
   at HDBH.Data.Infrastructure.BaseRepository`1.ExecuteSqlCommand(String query, OracleParameter[] param) in D:\WorkSpace\HopDongBaoHiem\SourceCode\dotNET\HDBH_New\HDBH.Data\Infrastructure\BaseRepository.cs:line 237
   at HDBH.Services.RecipientDetailService.SP_GET_RECIPIENT_DETAIL(String recipientDealNo, String insuranceContractNo, String periodCode, String receiptCode) in D:\WorkSpace\HopDongBaoHiem\SourceCode\dotNET\HDBH_New\HDBH.Services\Services\Recipient\RecipientDetailService.cs:line 45
ERROR ((!)) IIS APPPOOL\hdtsdb.net ((!))  10/28/2019 13:14:03 ((!)) step1
ERROR ((!)) IIS APPPOOL\hdtsdb.net ((!))  10/28/2019 13:14:03 ((!)) isValid: True
ERROR ((!)) IIS APPPOOL\hdtsdb.net ((!))  10/28/2019 13:14:03 ((!)) isValid: True isExist: True ActiveDomain: ocb.vnContextType.Domain: Domain
ERROR ((!)) IIS APPPOOL\hdtsdb.net ((!))  10/28/2019 13:23:00 ((!)) RecipientDetailService => getRecipientList
Newtonsoft.Json.JsonReaderException: Could not convert string to DateTime: 23-OCT-19 11.29.39.000000. Path '[0].DATETIMEAPPROVED1', line 31, position 52.
   at Newtonsoft.Json.JsonReader.ReadDateTimeString(String s)
   at Newtonsoft.Json.JsonTextReader.FinishReadQuotedStringValue(ReadType readType)
   at Newtonsoft.Json.JsonTextReader.ReadStringValue(ReadType readType)
   at Newtonsoft.Json.JsonTextReader.ReadAsDateTime()
   at Newtonsoft.Json.JsonReader.ReadForType(JsonContract contract, Boolean hasConverter)
   at Newtonsoft.Json.Serialization.JsonSerializerInternalReader.PopulateObject(Object newObject, JsonReader reader, JsonObjectContract contract, JsonProperty member, String id)
   at Newtonsoft.Json.Serialization.JsonSerializerInternalReader.CreateObject(JsonReader reader, Type objectType, JsonContract contract, JsonProperty member, JsonContainerContract containerContract, JsonProperty containerMember, Object existingValue)
   at Newtonsoft.Json.Serialization.JsonSerializerInternalReader.CreateValueInternal(JsonReader reader, Type objectType, JsonContract contract, JsonProperty member, JsonContainerContract containerContract, JsonProperty containerMember, Object existingValue)
   at Newtonsoft.Json.Serialization.JsonSerializerInternalReader.PopulateList(IList list, JsonReader reader, JsonArrayContract contract, JsonProperty containerProperty, String id)
   at Newtonsoft.Json.Serialization.JsonSerializerInternalReader.CreateList(JsonReader reader, Type objectType, JsonContract contract, JsonProperty member, Object existingValue, String id)
   at Newtonsoft.Json.Serialization.JsonSerializerInternalReader.CreateValueInternal(JsonReader reader, Type objectType, JsonContract contract, JsonProperty member, JsonContainerContract containerContract, JsonProperty containerMember, Object existingValue)
   at Newtonsoft.Json.Serialization.JsonSerializerInternalReader.Deserialize(JsonReader reader, Type objectType, Boolean checkAdditionalContent)
   at Newtonsoft.Json.JsonSerializer.DeserializeInternal(JsonReader reader, Type objectType)
   at Newtonsoft.Json.JsonConvert.DeserializeObject(String value, Type type, JsonSerializerSettings settings)
   at Newtonsoft.Json.JsonConvert.DeserializeObject[T](String value, JsonSerializerSettings settings)
   at Newtonsoft.Json.JsonConvert.DeserializeObject[T](String value)
   at HDBH.Services.RecipientDetailService.SP_GET_RECIPIENT_DETAIL(String recipientDealNo, String insuranceContractNo, String periodCode, String receiptCode) in D:\WorkSpace\HopDongBaoHiem\SourceCode\dotNET\HDBH_New\HDBH.Services\Services\Recipient\RecipientDetailService.cs:line 56
ERROR ((!)) IIS APPPOOL\hdtsdb.net ((!))  10/28/2019 13:23:34 ((!)) RecipientDetailService => getRecipientList
Newtonsoft.Json.JsonReaderException: Could not convert string to DateTime: 23-OCT-19 11.29.39.000000. Path '[0].DATETIMEAPPROVED1', line 31, position 52.
   at Newtonsoft.Json.JsonReader.ReadDateTimeString(String s)
   at Newtonsoft.Json.JsonTextReader.FinishReadQuotedStringValue(ReadType readType)
   at Newtonsoft.Json.JsonTextReader.ReadStringValue(ReadType readType)
   at Newtonsoft.Json.JsonTextReader.ReadAsDateTime()
   at Newtonsoft.Json.JsonReader.ReadForType(JsonContract contract, Boolean hasConverter)
   at Newtonsoft.Json.Serialization.JsonSerializerInternalReader.PopulateObject(Object newObject, JsonReader reader, JsonObjectContract contract, JsonProperty member, String id)
   at Newtonsoft.Json.Serialization.JsonSerializerInternalReader.CreateObject(JsonReader reader, Type objectType, JsonContract contract, JsonProperty member, JsonContainerContract containerContract, JsonProperty containerMember, Object existingValue)
   at Newtonsoft.Json.Serialization.JsonSerializerInternalReader.CreateValueInternal(JsonReader reader, Type objectType, JsonContract contract, JsonProperty member, JsonContainerContract containerContract, JsonProperty containerMember, Object existingValue)
   at Newtonsoft.Json.Serialization.JsonSerializerInternalReader.PopulateList(IList list, JsonReader reader, JsonArrayContract contract, JsonProperty containerProperty, String id)
   at Newtonsoft.Json.Serialization.JsonSerializerInternalReader.CreateList(JsonReader reader, Type objectType, JsonContract contract, JsonProperty member, Object existingValue, String id)
   at Newtonsoft.Json.Serialization.JsonSerializerInternalReader.CreateValueInternal(JsonReader reader, Type objectType, JsonContract contract, JsonProperty member, JsonContainerContract containerContract, JsonProperty containerMember, Object existingValue)
   at Newtonsoft.Json.Serialization.JsonSerializerInternalReader.Deserialize(JsonReader reader, Type objectType, Boolean checkAdditionalContent)
   at Newtonsoft.Json.JsonSerializer.DeserializeInternal(JsonReader reader, Type objectType)
   at Newtonsoft.Json.JsonConvert.DeserializeObject(String value, Type type, JsonSerializerSettings settings)
   at Newtonsoft.Json.JsonConvert.DeserializeObject[T](String value, JsonSerializerSettings settings)
   at Newtonsoft.Json.JsonConvert.DeserializeObject[T](String value)
   at HDBH.Services.RecipientDetailService.SP_GET_RECIPIENT_DETAIL(String recipientDealNo, String insuranceContractNo, String periodCode, String receiptCode) in D:\WorkSpace\HopDongBaoHiem\SourceCode\dotNET\HDBH_New\HDBH.Services\Services\Recipient\RecipientDetailService.cs:line 56
ERROR ((!)) IIS APPPOOL\hdtsdb.net ((!))  10/28/2019 13:24:02 ((!)) RecipientDetailService => getRecipientList
Newtonsoft.Json.JsonReaderException: Could not convert string to DateTime: 28-OCT-19 13.23.54.000000. Path '[0].DATETIMEAPPROVED1', line 31, position 52.
   at Newtonsoft.Json.JsonReader.ReadDateTimeString(String s)
   at Newtonsoft.Json.JsonTextReader.FinishReadQuotedStringValue(ReadType readType)
   at Newtonsoft.Json.JsonTextReader.ReadStringValue(ReadType readType)
   at Newtonsoft.Json.JsonTextReader.ReadAsDateTime()
   at Newtonsoft.Json.JsonReader.ReadForType(JsonContract contract, Boolean hasConverter)
   at Newtonsoft.Json.Serialization.JsonSerializerInternalReader.PopulateObject(Object newObject, JsonReader reader, JsonObjectContract contract, JsonProperty member, String id)
   at Newtonsoft.Json.Serialization.JsonSerializerInternalReader.CreateObject(JsonReader reader, Type objectType, JsonContract contract, JsonProperty member, JsonContainerContract containerContract, JsonProperty containerMember, Object existingValue)
   at Newtonsoft.Json.Serialization.JsonSerializerInternalReader.CreateValueInternal(JsonReader reader, Type objectType, JsonContract contract, JsonProperty member, JsonContainerContract containerContract, JsonProperty containerMember, Object existingValue)
   at Newtonsoft.Json.Serialization.JsonSerializerInternalReader.PopulateList(IList list, JsonReader reader, JsonArrayContract contract, JsonProperty containerProperty, String id)
   at Newtonsoft.Json.Serialization.JsonSerializerInternalReader.CreateList(JsonReader reader, Type objectType, JsonContract contract, JsonProperty member, Object existingValue, String id)
   at Newtonsoft.Json.Serialization.JsonSerializerInternalReader.CreateValueInternal(JsonReader reader, Type objectType, JsonContract contract, JsonProperty member, JsonContainerContract containerContract, JsonProperty containerMember, Object existingValue)
   at Newtonsoft.Json.Serialization.JsonSerializerInternalReader.Deserialize(JsonReader reader, Type objectType, Boolean checkAdditionalContent)
   at Newtonsoft.Json.JsonSerializer.DeserializeInternal(JsonReader reader, Type objectType)
   at Newtonsoft.Json.JsonConvert.DeserializeObject(String value, Type type, JsonSerializerSettings settings)
   at Newtonsoft.Json.JsonConvert.DeserializeObject[T](String value, JsonSerializerSettings settings)
   at Newtonsoft.Json.JsonConvert.DeserializeObject[T](String value)
   at HDBH.Services.RecipientDetailService.SP_GET_RECIPIENT_DETAIL(String recipientDealNo, String insuranceContractNo, String periodCode, String receiptCode) in D:\WorkSpace\HopDongBaoHiem\SourceCode\dotNET\HDBH_New\HDBH.Services\Services\Recipient\RecipientDetailService.cs:line 56
ERROR ((!)) IIS APPPOOL\hdtsdb.net ((!))  10/28/2019 13:24:27 ((!)) RecipientDetailService => getRecipientList
Newtonsoft.Json.JsonReaderException: Could not convert string to DateTime: 28-OCT-19 13.23.54.000000. Path '[0].DATETIMEAPPROVED1', line 31, position 52.
   at Newtonsoft.Json.JsonReader.ReadDateTimeString(String s)
   at Newtonsoft.Json.JsonTextReader.FinishReadQuotedStringValue(ReadType readType)
   at Newtonsoft.Json.JsonTextReader.ReadStringValue(ReadType readType)
   at Newtonsoft.Json.JsonTextReader.ReadAsDateTime()
   at Newtonsoft.Json.JsonReader.ReadForType(JsonContract contract, Boolean hasConverter)
   at Newtonsoft.Json.Serialization.JsonSerializerInternalReader.PopulateObject(Object newObject, JsonReader reader, JsonObjectContract contract, JsonProperty member, String id)
   at Newtonsoft.Json.Serialization.JsonSerializerInternalReader.CreateObject(JsonReader reader, Type objectType, JsonContract contract, JsonProperty member, JsonContainerContract containerContract, JsonProperty containerMember, Object existingValue)
   at Newtonsoft.Json.Serialization.JsonSerializerInternalReader.CreateValueInternal(JsonReader reader, Type objectType, JsonContract contract, JsonProperty member, JsonContainerContract containerContract, JsonProperty containerMember, Object existingValue)
   at Newtonsoft.Json.Serialization.JsonSerializerInternalReader.PopulateList(IList list, JsonReader reader, JsonArrayContract contract, JsonProperty containerProperty, String id)
   at Newtonsoft.Json.Serialization.JsonSerializerInternalReader.CreateList(JsonReader reader, Type objectType, JsonContract contract, JsonProperty member, Object existingValue, String id)
   at Newtonsoft.Json.Serialization.JsonSerializerInternalReader.CreateValueInternal(JsonReader reader, Type objectType, JsonContract contract, JsonProperty member, JsonContainerContract containerContract, JsonProperty containerMember, Object existingValue)
   at Newtonsoft.Json.Serialization.JsonSerializerInternalReader.Deserialize(JsonReader reader, Type objectType, Boolean checkAdditionalContent)
   at Newtonsoft.Json.JsonSerializer.DeserializeInternal(JsonReader reader, Type objectType)
   at Newtonsoft.Json.JsonConvert.DeserializeObject(String value, Type type, JsonSerializerSettings settings)
   at Newtonsoft.Json.JsonConvert.DeserializeObject[T](String value, JsonSerializerSettings settings)
   at Newtonsoft.Json.JsonConvert.DeserializeObject[T](String value)
   at HDBH.Services.RecipientDetailService.SP_GET_RECIPIENT_DETAIL(String recipientDealNo, String insuranceContractNo, String periodCode, String receiptCode) in D:\WorkSpace\HopDongBaoHiem\SourceCode\dotNET\HDBH_New\HDBH.Services\Services\Recipient\RecipientDetailService.cs:line 56
ERROR ((!)) IIS APPPOOL\hdtsdb.net ((!))  10/28/2019 13:24:49 ((!)) RecipientDetailService => getRecipientList
Newtonsoft.Json.JsonReaderException: Could not convert string to DateTime: 28-OCT-19 13.23.54.000000. Path '[0].DATETIMEAPPROVED1', line 31, position 52.
   at Newtonsoft.Json.JsonReader.ReadDateTimeString(String s)
   at Newtonsoft.Json.JsonTextReader.FinishReadQuotedStringValue(ReadType readType)
   at Newtonsoft.Json.JsonTextReader.ReadStringValue(ReadType readType)
   at Newtonsoft.Json.JsonTextReader.ReadAsDateTime()
   at Newtonsoft.Json.JsonReader.ReadForType(JsonContract contract, Boolean hasConverter)
   at Newtonsoft.Json.Serialization.JsonSerializerInternalReader.PopulateObject(Object newObject, JsonReader reader, JsonObjectContract contract, JsonProperty member, String id)
   at Newtonsoft.Json.Serialization.JsonSerializerInternalReader.CreateObject(JsonReader reader, Type objectType, JsonContract contract, JsonProperty member, JsonContainerContract containerContract, JsonProperty containerMember, Object existingValue)
   at Newtonsoft.Json.Serialization.JsonSerializerInternalReader.CreateValueInternal(JsonReader reader, Type objectType, JsonContract contract, JsonProperty member, JsonContainerContract containerContract, JsonProperty containerMember, Object existingValue)
   at Newtonsoft.Json.Serialization.JsonSerializerInternalReader.PopulateList(IList list, JsonReader reader, JsonArrayContract contract, JsonProperty containerProperty, String id)
   at Newtonsoft.Json.Serialization.JsonSerializerInternalReader.CreateList(JsonReader reader, Type objectType, JsonContract contract, JsonProperty member, Object existingValue, String id)
   at Newtonsoft.Json.Serialization.JsonSerializerInternalReader.CreateValueInternal(JsonReader reader, Type objectType, JsonContract contract, JsonProperty member, JsonContainerContract containerContract, JsonProperty containerMember, Object existingValue)
   at Newtonsoft.Json.Serialization.JsonSerializerInternalReader.Deserialize(JsonReader reader, Type objectType, Boolean checkAdditionalContent)
   at Newtonsoft.Json.JsonSerializer.DeserializeInternal(JsonReader reader, Type objectType)
   at Newtonsoft.Json.JsonConvert.DeserializeObject(String value, Type type, JsonSerializerSettings settings)
   at Newtonsoft.Json.JsonConvert.DeserializeObject[T](String value, JsonSerializerSettings settings)
   at Newtonsoft.Json.JsonConvert.DeserializeObject[T](String value)
   at HDBH.Services.RecipientDetailService.SP_GET_RECIPIENT_DETAIL(String recipientDealNo, String insuranceContractNo, String periodCode, String receiptCode) in D:\WorkSpace\HopDongBaoHiem\SourceCode\dotNET\HDBH_New\HDBH.Services\Services\Recipient\RecipientDetailService.cs:line 56
ERROR ((!)) IIS APPPOOL\hdtsdb.net ((!))  10/28/2019 13:26:47 ((!)) step1
ERROR ((!)) IIS APPPOOL\hdtsdb.net ((!))  10/28/2019 13:26:47 ((!)) isValid: True
ERROR ((!)) IIS APPPOOL\hdtsdb.net ((!))  10/28/2019 13:26:47 ((!)) isValid: True isExist: True ActiveDomain: ocb.vnContextType.Domain: Domain
ERROR ((!)) IIS APPPOOL\hdtsdb.net ((!))  10/28/2019 14:47:22 ((!)) step1
ERROR ((!)) IIS APPPOOL\hdtsdb.net ((!))  10/28/2019 14:47:22 ((!)) isValid: True
ERROR ((!)) IIS APPPOOL\hdtsdb.net ((!))  10/28/2019 14:47:22 ((!)) isValid: True isExist: True ActiveDomain: ocb.vnContextType.Domain: Domain
ERROR ((!)) IIS APPPOOL\hdtsdb.net ((!))  10/28/2019 14:48:43 ((!)) ResultInsuranceContractDetailService => GetInsuranceContractDetail
Newtonsoft.Json.JsonSerializationException: Unexpected end when reading JSON. Path '', line 1, position 2.
   at Newtonsoft.Json.JsonReader.ReadAndAssert()
   at Newtonsoft.Json.Serialization.JsonSerializerInternalReader.CreateObject(JsonReader reader, Type objectType, JsonContract contract, JsonProperty member, JsonContainerContract containerContract, JsonProperty containerMember, Object existingValue)
   at Newtonsoft.Json.Serialization.JsonSerializerInternalReader.CreateValueInternal(JsonReader reader, Type objectType, JsonContract contract, JsonProperty member, JsonContainerContract containerContract, JsonProperty containerMember, Object existingValue)
   at Newtonsoft.Json.Serialization.JsonSerializerInternalReader.Deserialize(JsonReader reader, Type objectType, Boolean checkAdditionalContent)
   at Newtonsoft.Json.JsonSerializer.DeserializeInternal(JsonReader reader, Type objectType)
   at Newtonsoft.Json.JsonConvert.DeserializeObject(String value, Type type, JsonSerializerSettings settings)
   at Newtonsoft.Json.JsonConvert.DeserializeObject[T](String value, JsonSerializerSettings settings)
   at HDBH.Services.Services.InsuranceContract.ResultInsuranceContractDetailService.GetInsuranceContractDetail(String p_insuranceContractNo) in D:\WorkSpace\HopDongBaoHiem\SourceCode\dotNET\HDBH_New\HDBH.Services\Services\InsuranceContract\ResultInsuranceContractDetailService.cs:line 32
ERROR ((!)) IIS APPPOOL\hdtsdb.net ((!))  10/28/2019 14:48:49 ((!)) ResultInsuranceContractDetailService => GetInsuranceContractDetail
Newtonsoft.Json.JsonSerializationException: Unexpected end when reading JSON. Path '', line 1, position 2.
   at Newtonsoft.Json.JsonReader.ReadAndAssert()
   at Newtonsoft.Json.Serialization.JsonSerializerInternalReader.CreateObject(JsonReader reader, Type objectType, JsonContract contract, JsonProperty member, JsonContainerContract containerContract, JsonProperty containerMember, Object existingValue)
   at Newtonsoft.Json.Serialization.JsonSerializerInternalReader.CreateValueInternal(JsonReader reader, Type objectType, JsonContract contract, JsonProperty member, JsonContainerContract containerContract, JsonProperty containerMember, Object existingValue)
   at Newtonsoft.Json.Serialization.JsonSerializerInternalReader.Deserialize(JsonReader reader, Type objectType, Boolean checkAdditionalContent)
   at Newtonsoft.Json.JsonSerializer.DeserializeInternal(JsonReader reader, Type objectType)
   at Newtonsoft.Json.JsonConvert.DeserializeObject(String value, Type type, JsonSerializerSettings settings)
   at Newtonsoft.Json.JsonConvert.DeserializeObject[T](String value, JsonSerializerSettings settings)
   at HDBH.Services.Services.InsuranceContract.ResultInsuranceContractDetailService.GetInsuranceContractDetail(String p_insuranceContractNo) in D:\WorkSpace\HopDongBaoHiem\SourceCode\dotNET\HDBH_New\HDBH.Services\Services\InsuranceContract\ResultInsuranceContractDetailService.cs:line 32
ERROR ((!)) IIS APPPOOL\hdtsdb.net ((!))  10/28/2019 14:49:35 ((!)) ResultInsuranceContractDetailService => GetInsuranceContractDetail
Newtonsoft.Json.JsonSerializationException: Unexpected end when reading JSON. Path '', line 1, position 2.
   at Newtonsoft.Json.JsonReader.ReadAndAssert()
   at Newtonsoft.Json.Serialization.JsonSerializerInternalReader.CreateObject(JsonReader reader, Type objectType, JsonContract contract, JsonProperty member, JsonContainerContract containerContract, JsonProperty containerMember, Object existingValue)
   at Newtonsoft.Json.Serialization.JsonSerializerInternalReader.CreateValueInternal(JsonReader reader, Type objectType, JsonContract contract, JsonProperty member, JsonContainerContract containerContract, JsonProperty containerMember, Object existingValue)
   at Newtonsoft.Json.Serialization.JsonSerializerInternalReader.Deserialize(JsonReader reader, Type objectType, Boolean checkAdditionalContent)
   at Newtonsoft.Json.JsonSerializer.DeserializeInternal(JsonReader reader, Type objectType)
   at Newtonsoft.Json.JsonConvert.DeserializeObject(String value, Type type, JsonSerializerSettings settings)
   at Newtonsoft.Json.JsonConvert.DeserializeObject[T](String value, JsonSerializerSettings settings)
   at HDBH.Services.Services.InsuranceContract.ResultInsuranceContractDetailService.GetInsuranceContractDetail(String p_insuranceContractNo) in D:\WorkSpace\HopDongBaoHiem\SourceCode\dotNET\HDBH_New\HDBH.Services\Services\InsuranceContract\ResultInsuranceContractDetailService.cs:line 32
ERROR ((!)) IIS APPPOOL\hdtsdb.net ((!))  10/28/2019 14:59:54 ((!)) step1
ERROR ((!)) IIS APPPOOL\hdtsdb.net ((!))  10/28/2019 14:59:54 ((!)) isValid: True
ERROR ((!)) IIS APPPOOL\hdtsdb.net ((!))  10/28/2019 14:59:54 ((!)) isValid: True isExist: True ActiveDomain: ocb.vnContextType.Domain: Domain
ERROR ((!)) IIS APPPOOL\hdtsdb.net ((!))  10/28/2019 15:38:40 ((!)) step1
ERROR ((!)) IIS APPPOOL\hdtsdb.net ((!))  10/28/2019 15:38:40 ((!)) isValid: True
ERROR ((!)) IIS APPPOOL\hdtsdb.net ((!))  10/28/2019 15:38:40 ((!)) isValid: True isExist: True ActiveDomain: ocb.vnContextType.Domain: Domain
ERROR ((!)) IIS APPPOOL\hdtsdb.net ((!))  10/28/2019 15:41:42 ((!)) step1
ERROR ((!)) IIS APPPOOL\hdtsdb.net ((!))  10/28/2019 15:41:42 ((!)) isValid: True
ERROR ((!)) IIS APPPOOL\hdtsdb.net ((!))  10/28/2019 15:41:42 ((!)) isValid: True isExist: True ActiveDomain: ocb.vnContextType.Domain: Domain
ERROR ((!)) IIS APPPOOL\hdtsdb.net ((!))  10/28/2019 16:23:41 ((!)) step1
ERROR ((!)) IIS APPPOOL\hdtsdb.net ((!))  10/28/2019 16:23:41 ((!)) isValid: True
ERROR ((!)) IIS APPPOOL\hdtsdb.net ((!))  10/28/2019 16:23:41 ((!)) isValid: True isExist: True ActiveDomain: ocb.vnContextType.Domain: Domain
ERROR ((!)) IIS APPPOOL\hdtsdb.net ((!))  10/28/2019 16:25:21 ((!)) step1
ERROR ((!)) IIS APPPOOL\hdtsdb.net ((!))  10/28/2019 16:25:21 ((!)) isValid: True
ERROR ((!)) IIS APPPOOL\hdtsdb.net ((!))  10/28/2019 16:25:21 ((!)) isValid: True isExist: True ActiveDomain: ocb.vnContextType.Domain: Domain
ERROR ((!)) IIS APPPOOL\hdtsdb.net ((!))  10/28/2019 16:27:39 ((!)) step1
ERROR ((!)) IIS APPPOOL\hdtsdb.net ((!))  10/28/2019 16:27:39 ((!)) isValid: True
ERROR ((!)) IIS APPPOOL\hdtsdb.net ((!))  10/28/2019 16:27:39 ((!)) isValid: True isExist: True ActiveDomain: ocb.vnContextType.Domain: Domain
ERROR ((!)) IIS APPPOOL\hdtsdb.net ((!))  10/28/2019 16:27:47 ((!)) CounterPartyListService => searchCounterPartyList
System.InvalidCastException: Column contains NULL data
   at Oracle.ManagedDataAccess.Client.OracleDataReader.GetInt32(Int32 i)
   at lambda_method(Closure , DbDataReader )
   at Microsoft.EntityFrameworkCore.Storage.Internal.TypedRelationalValueBufferFactory.Create(DbDataReader dataReader)
   at Microsoft.EntityFrameworkCore.Query.Internal.QueryingEnumerable`1.Enumerator.BufferlessMoveNext(DbContext _, Boolean buffer)
   at Oracle.EntityFrameworkCore.Storage.Internal.OracleExecutionStrategy.Execute[TState,TResult](TState state, Func`3 operation, Func`3 verifySucceeded)
   at Microsoft.EntityFrameworkCore.Query.Internal.QueryingEnumerable`1.Enumerator.MoveNext()
   at Microsoft.EntityFrameworkCore.Query.Internal.LinqOperatorProvider.<_TrackEntities>d__17`2.MoveNext()
   at Microsoft.EntityFrameworkCore.Query.Internal.LinqOperatorProvider.ExceptionInterceptor`1.EnumeratorExceptionInterceptor.MoveNext()
   at System.Collections.Generic.List`1..ctor(IEnumerable`1 collection)
   at System.Linq.Enumerable.ToList[TSource](IEnumerable`1 source)
   at HDBH.Data.Infrastructure.BaseRepository`1.ExecWithStoreProcedure(String query, OracleParameter[] param) in D:\WorkSpace\HopDongBaoHiem\SourceCode\dotNET\HDBH_New\HDBH.Data\Infrastructure\BaseRepository.cs:line 136
   at HDBH.Services.CounterPartyListService.searchCounterPartyList(DateTime fromDate, DateTime toDate, Nullable`1 isInau, String counterPartyType, String cifCounterParty, String counterPartyName, String bancasRepresentative, String status, Int32 pageNumber, Int32 pageSize, Int32& totalNumber) in D:\WorkSpace\HopDongBaoHiem\SourceCode\dotNET\HDBH_New\HDBH.Services\Services\CounterParty\CounterPartyListService.cs:line 80
ERROR ((!)) IIS APPPOOL\hdtsdb.net ((!))  10/28/2019 16:29:34 ((!)) step1
ERROR ((!)) IIS APPPOOL\hdtsdb.net ((!))  10/28/2019 16:29:34 ((!)) isValid: True
ERROR ((!)) IIS APPPOOL\hdtsdb.net ((!))  10/28/2019 16:29:34 ((!)) isValid: True isExist: True ActiveDomain: ocb.vnContextType.Domain: Domain
ERROR ((!)) IIS APPPOOL\hdtsdb.net ((!))  10/28/2019 16:30:50 ((!)) step1
ERROR ((!)) IIS APPPOOL\hdtsdb.net ((!))  10/28/2019 16:30:50 ((!)) isValid: True
ERROR ((!)) IIS APPPOOL\hdtsdb.net ((!))  10/28/2019 16:30:50 ((!)) isValid: True isExist: True ActiveDomain: ocb.vnContextType.Domain: Domain
ERROR ((!)) IIS APPPOOL\hdtsdb.net ((!))  10/28/2019 16:58:55 ((!)) step1
ERROR ((!)) IIS APPPOOL\hdtsdb.net ((!))  10/28/2019 16:58:58 ((!)) step1
ERROR ((!)) IIS APPPOOL\hdtsdb.net ((!))  10/28/2019 16:58:58 ((!)) isValid: True
ERROR ((!)) IIS APPPOOL\hdtsdb.net ((!))  10/28/2019 16:58:58 ((!)) isValid: True isExist: True ActiveDomain: ocb.vnContextType.Domain: Domain
ERROR ((!)) IIS APPPOOL\hdtsdb.net ((!))  10/28/2019 16:59:00 ((!)) step1
ERROR ((!)) IIS APPPOOL\hdtsdb.net ((!))  10/28/2019 16:59:00 ((!)) isValid: True
ERROR ((!)) IIS APPPOOL\hdtsdb.net ((!))  10/28/2019 16:59:00 ((!)) isValid: True isExist: True ActiveDomain: ocb.vnContextType.Domain: Domain
ERROR ((!)) IIS APPPOOL\hdtsdb.net ((!))  10/28/2019 16:59:30 ((!)) CounterPartyListService => searchCounterPartyList
System.InvalidCastException: Column contains NULL data
   at Oracle.ManagedDataAccess.Client.OracleDataReader.GetInt32(Int32 i)
   at lambda_method(Closure , DbDataReader )
   at Microsoft.EntityFrameworkCore.Storage.Internal.TypedRelationalValueBufferFactory.Create(DbDataReader dataReader)
   at Microsoft.EntityFrameworkCore.Query.Internal.QueryingEnumerable`1.Enumerator.BufferlessMoveNext(DbContext _, Boolean buffer)
   at Oracle.EntityFrameworkCore.Storage.Internal.OracleExecutionStrategy.Execute[TState,TResult](TState state, Func`3 operation, Func`3 verifySucceeded)
   at Microsoft.EntityFrameworkCore.Query.Internal.QueryingEnumerable`1.Enumerator.MoveNext()
   at Microsoft.EntityFrameworkCore.Query.Internal.LinqOperatorProvider.<_TrackEntities>d__17`2.MoveNext()
   at Microsoft.EntityFrameworkCore.Query.Internal.LinqOperatorProvider.ExceptionInterceptor`1.EnumeratorExceptionInterceptor.MoveNext()
   at System.Collections.Generic.List`1..ctor(IEnumerable`1 collection)
   at System.Linq.Enumerable.ToList[TSource](IEnumerable`1 source)
   at HDBH.Data.Infrastructure.BaseRepository`1.ExecWithStoreProcedure(String query, OracleParameter[] param) in D:\WorkSpace\HopDongBaoHiem\SourceCode\dotNET\HDBH_New\HDBH.Data\Infrastructure\BaseRepository.cs:line 136
   at HDBH.Services.CounterPartyListService.searchCounterPartyList(DateTime fromDate, DateTime toDate, Nullable`1 isInau, String counterPartyType, String cifCounterParty, String counterPartyName, String bancasRepresentative, String status, Int32 pageNumber, Int32 pageSize, Int32& totalNumber) in D:\WorkSpace\HopDongBaoHiem\SourceCode\dotNET\HDBH_New\HDBH.Services\Services\CounterParty\CounterPartyListService.cs:line 80
ERROR ((!)) IIS APPPOOL\hdtsdb.net ((!))  10/28/2019 17:12:05 ((!)) step1
ERROR ((!)) IIS APPPOOL\hdtsdb.net ((!))  10/28/2019 17:12:05 ((!)) isValid: True
ERROR ((!)) IIS APPPOOL\hdtsdb.net ((!))  10/28/2019 17:12:05 ((!)) isValid: True isExist: True ActiveDomain: ocb.vnContextType.Domain: Domain
ERROR ((!)) IIS APPPOOL\hdtsdb.net ((!))  10/28/2019 17:19:55 ((!)) step1
ERROR ((!)) IIS APPPOOL\hdtsdb.net ((!))  10/28/2019 17:19:55 ((!)) isValid: True
ERROR ((!)) IIS APPPOOL\hdtsdb.net ((!))  10/28/2019 17:19:55 ((!)) isValid: True isExist: True ActiveDomain: ocb.vnContextType.Domain: Domain
