ERROR ((!)) IIS APPPOOL\hdtsdb.net ((!))  10/29/2019 09:05:34 ((!)) step1
ERROR ((!)) IIS APPPOOL\hdtsdb.net ((!))  10/29/2019 09:05:34 ((!)) isValid: True
ERROR ((!)) IIS APPPOOL\hdtsdb.net ((!))  10/29/2019 09:05:34 ((!)) isValid: True isExist: True ActiveDomain: ocb.vnContextType.Domain: Domain
ERROR ((!)) IIS APPPOOL\hdtsdb.net ((!))  10/29/2019 09:05:36 ((!)) step1
ERROR ((!)) IIS APPPOOL\hdtsdb.net ((!))  10/29/2019 09:05:36 ((!)) isValid: True
ERROR ((!)) IIS APPPOOL\hdtsdb.net ((!))  10/29/2019 09:05:36 ((!)) isValid: True isExist: True ActiveDomain: ocb.vnContextType.Domain: Domain
ERROR ((!)) IIS APPPOOL\hdtsdb.net ((!))  10/29/2019 10:01:59 ((!)) step1
ERROR ((!)) IIS APPPOOL\hdtsdb.net ((!))  10/29/2019 10:01:59 ((!)) isValid: True
ERROR ((!)) IIS APPPOOL\hdtsdb.net ((!))  10/29/2019 10:01:59 ((!)) isValid: True isExist: True ActiveDomain: ocb.vnContextType.Domain: Domain
ERROR ((!)) IIS APPPOOL\hdtsdb.net ((!))  10/29/2019 10:02:05 ((!)) CounterPartyListService => searchCounterPartyList
System.InvalidCastException: Column contains NULL data
   at Oracle.ManagedDataAccess.Client.OracleDataReader.GetInt32(Int32 i)
   at lambda_method(Closure , DbDataReader )
   at Microsoft.EntityFrameworkCore.Storage.Internal.TypedRelationalValueBufferFactory.Create(DbDataReader dataReader)
   at Microsoft.EntityFrameworkCore.Query.Internal.QueryingEnumerable`1.Enumerator.BufferlessMoveNext(DbContext _, Boolean buffer)
   at Oracle.EntityFrameworkCore.Storage.Internal.OracleExecutionStrategy.Execute[TState,TResult](TState state, Func`3 operation, Func`3 verifySucceeded)
   at Microsoft.EntityFrameworkCore.Query.Internal.QueryingEnumerable`1.Enumerator.MoveNext()
   at Microsoft.EntityFrameworkCore.Query.Internal.LinqOperatorProvider.<_TrackEntities>d__17`2.MoveNext()
   at Microsoft.EntityFrameworkCore.Query.Internal.LinqOperatorProvider.ExceptionInterceptor`1.EnumeratorExceptionInterceptor.MoveNext()
   at System.Collections.Generic.List`1..ctor(IEnumerable`1 collection)
   at System.Linq.Enumerable.ToList[TSource](IEnumerable`1 source)
   at HDBH.Data.Infrastructure.BaseRepository`1.ExecWithStoreProcedure(String query, OracleParameter[] param) in D:\WorkSpace\HopDongBaoHiem\SourceCode\dotNET\HDBH_New\HDBH.Data\Infrastructure\BaseRepository.cs:line 136
   at HDBH.Services.CounterPartyListService.searchCounterPartyList(DateTime fromDate, DateTime toDate, Nullable`1 isInau, String counterPartyType, String cifCounterParty, String counterPartyName, String bancasRepresentative, String status, Int32 pageNumber, Int32 pageSize, Int32& totalNumber) in D:\WorkSpace\HopDongBaoHiem\SourceCode\dotNET\HDBH_New\HDBH.Services\Services\CounterParty\CounterPartyListService.cs:line 80
ERROR ((!)) IIS APPPOOL\hdtsdb.net ((!))  10/29/2019 10:13:05 ((!)) step1
ERROR ((!)) IIS APPPOOL\hdtsdb.net ((!))  10/29/2019 10:13:05 ((!)) isValid: True
ERROR ((!)) IIS APPPOOL\hdtsdb.net ((!))  10/29/2019 10:13:05 ((!)) isValid: True isExist: True ActiveDomain: ocb.vnContextType.Domain: Domain
ERROR ((!)) IIS APPPOOL\hdtsdb.net ((!))  10/29/2019 10:15:25 ((!)) UserListService => InsertUser
System.InvalidOperationException: The required column 'errCode' was not present in the results of a 'FromSql' operation.
   at Microsoft.EntityFrameworkCore.Query.Sql.Internal.FromSqlNonComposedQuerySqlGenerator.CreateValueBufferFactory(IRelationalValueBufferFactoryFactory relationalValueBufferFactoryFactory, DbDataReader dataReader)
   at Microsoft.EntityFrameworkCore.Query.Internal.ShaperCommandContext.<NotifyReaderCreated>b__14_0(FactoryAndReader s)
   at Microsoft.EntityFrameworkCore.Internal.NonCapturingLazyInitializer.EnsureInitialized[TParam,TValue](TValue& target, TParam param, Func`2 valueFactory)
   at Microsoft.EntityFrameworkCore.Query.Internal.ShaperCommandContext.NotifyReaderCreated(DbDataReader dataReader)
   at Microsoft.EntityFrameworkCore.Query.Internal.QueryingEnumerable`1.Enumerator.BufferlessMoveNext(DbContext _, Boolean buffer)
   at Oracle.EntityFrameworkCore.Storage.Internal.OracleExecutionStrategy.Execute[TState,TResult](TState state, Func`3 operation, Func`3 verifySucceeded)
   at Microsoft.EntityFrameworkCore.Query.Internal.QueryingEnumerable`1.Enumerator.MoveNext()
   at System.Linq.Enumerable.FirstOrDefault[TSource](IEnumerable`1 source)
   at lambda_method(Closure )
   at Microsoft.EntityFrameworkCore.Query.Internal.LinqOperatorProvider.ResultEnumerable`1.GetEnumerator()
   at Microsoft.EntityFrameworkCore.Query.Internal.LinqOperatorProvider.<_TrackEntities>d__17`2.MoveNext()
   at Microsoft.EntityFrameworkCore.Query.Internal.LinqOperatorProvider.ExceptionInterceptor`1.EnumeratorExceptionInterceptor.MoveNext()
   at System.Linq.Enumerable.First[TSource](IEnumerable`1 source)
   at Microsoft.EntityFrameworkCore.Query.Internal.QueryCompiler.<>c__DisplayClass15_1`1.<CompileQueryCore>b__0(QueryContext qc)
   at Microsoft.EntityFrameworkCore.Query.Internal.QueryCompiler.Execute[TResult](Expression query)
   at Microsoft.EntityFrameworkCore.Query.Internal.EntityQueryProvider.Execute[TResult](Expression expression)
   at System.Linq.Queryable.FirstOrDefault[TSource](IQueryable`1 source)
   at HDBH.Data.Infrastructure.BaseRepository`1.ExcuteNonQuery(String query, OracleParameter[] param) in D:\WorkSpace\HopDongBaoHiem\SourceCode\dotNET\HDBH_New\HDBH.Data\Infrastructure\BaseRepository.cs:line 178
   at HDBH.Services.UserListService.InsertUser(UserPermissionPostModel input) in D:\WorkSpace\HopDongBaoHiem\SourceCode\dotNET\HDBH_New\HDBH.Services\Services\User\UserListService.cs:line 87
ERROR ((!)) IIS APPPOOL\hdtsdb.net ((!))  10/29/2019 10:17:54 ((!)) UserListService => InsertUser
System.InvalidOperationException: The required column 'errCode' was not present in the results of a 'FromSql' operation.
   at Microsoft.EntityFrameworkCore.Query.Sql.Internal.FromSqlNonComposedQuerySqlGenerator.CreateValueBufferFactory(IRelationalValueBufferFactoryFactory relationalValueBufferFactoryFactory, DbDataReader dataReader)
   at Microsoft.EntityFrameworkCore.Query.Internal.ShaperCommandContext.<NotifyReaderCreated>b__14_0(FactoryAndReader s)
   at Microsoft.EntityFrameworkCore.Internal.NonCapturingLazyInitializer.EnsureInitialized[TParam,TValue](TValue& target, TParam param, Func`2 valueFactory)
   at Microsoft.EntityFrameworkCore.Query.Internal.ShaperCommandContext.NotifyReaderCreated(DbDataReader dataReader)
   at Microsoft.EntityFrameworkCore.Query.Internal.QueryingEnumerable`1.Enumerator.BufferlessMoveNext(DbContext _, Boolean buffer)
   at Oracle.EntityFrameworkCore.Storage.Internal.OracleExecutionStrategy.Execute[TState,TResult](TState state, Func`3 operation, Func`3 verifySucceeded)
   at Microsoft.EntityFrameworkCore.Query.Internal.QueryingEnumerable`1.Enumerator.MoveNext()
   at System.Linq.Enumerable.FirstOrDefault[TSource](IEnumerable`1 source)
   at lambda_method(Closure )
   at Microsoft.EntityFrameworkCore.Query.Internal.LinqOperatorProvider.ResultEnumerable`1.GetEnumerator()
   at Microsoft.EntityFrameworkCore.Query.Internal.LinqOperatorProvider.<_TrackEntities>d__17`2.MoveNext()
   at Microsoft.EntityFrameworkCore.Query.Internal.LinqOperatorProvider.ExceptionInterceptor`1.EnumeratorExceptionInterceptor.MoveNext()
   at System.Linq.Enumerable.First[TSource](IEnumerable`1 source)
   at Microsoft.EntityFrameworkCore.Query.Internal.QueryCompiler.<>c__DisplayClass15_1`1.<CompileQueryCore>b__0(QueryContext qc)
   at Microsoft.EntityFrameworkCore.Query.Internal.QueryCompiler.Execute[TResult](Expression query)
   at Microsoft.EntityFrameworkCore.Query.Internal.EntityQueryProvider.Execute[TResult](Expression expression)
   at System.Linq.Queryable.FirstOrDefault[TSource](IQueryable`1 source)
   at HDBH.Data.Infrastructure.BaseRepository`1.ExcuteNonQuery(String query, OracleParameter[] param) in D:\WorkSpace\HopDongBaoHiem\SourceCode\dotNET\HDBH_New\HDBH.Data\Infrastructure\BaseRepository.cs:line 178
   at HDBH.Services.UserListService.InsertUser(UserPermissionPostModel input) in D:\WorkSpace\HopDongBaoHiem\SourceCode\dotNET\HDBH_New\HDBH.Services\Services\User\UserListService.cs:line 87
ERROR ((!)) IIS APPPOOL\hdtsdb.net ((!))  10/29/2019 10:17:58 ((!)) step1
ERROR ((!)) IIS APPPOOL\hdtsdb.net ((!))  10/29/2019 10:17:58 ((!)) isValid: True
ERROR ((!)) IIS APPPOOL\hdtsdb.net ((!))  10/29/2019 10:17:58 ((!)) isValid: True isExist: True ActiveDomain: ocb.vnContextType.Domain: Domain
ERROR ((!)) IIS APPPOOL\hdtsdb.net ((!))  10/29/2019 10:18:02 ((!)) step1
ERROR ((!)) IIS APPPOOL\hdtsdb.net ((!))  10/29/2019 10:18:02 ((!)) isValid: True
ERROR ((!)) IIS APPPOOL\hdtsdb.net ((!))  10/29/2019 10:18:02 ((!)) isValid: True isExist: True ActiveDomain: ocb.vnContextType.Domain: Domain
ERROR ((!)) IIS APPPOOL\hdtsdb.net ((!))  10/29/2019 10:18:28 ((!)) step1
ERROR ((!)) IIS APPPOOL\hdtsdb.net ((!))  10/29/2019 10:18:31 ((!)) isValid: True
ERROR ((!)) IIS APPPOOL\hdtsdb.net ((!))  10/29/2019 10:18:31 ((!)) isValid: True isExist: True ActiveDomain: ocb.vnContextType.Domain: Domain
ERROR ((!)) IIS APPPOOL\hdtsdb.net ((!))  10/29/2019 10:20:31 ((!)) step1
ERROR ((!)) IIS APPPOOL\hdtsdb.net ((!))  10/29/2019 10:20:31 ((!)) isValid: True
ERROR ((!)) IIS APPPOOL\hdtsdb.net ((!))  10/29/2019 10:20:31 ((!)) isValid: True isExist: True ActiveDomain: ocb.vnContextType.Domain: Domain
ERROR ((!)) IIS APPPOOL\hdtsdb.net ((!))  10/29/2019 10:20:35 ((!)) step1
ERROR ((!)) IIS APPPOOL\hdtsdb.net ((!))  10/29/2019 10:20:35 ((!)) isValid: True
ERROR ((!)) IIS APPPOOL\hdtsdb.net ((!))  10/29/2019 10:20:35 ((!)) isValid: True isExist: True ActiveDomain: ocb.vnContextType.Domain: Domain
ERROR ((!)) IIS APPPOOL\hdtsdb.net ((!))  10/29/2019 10:20:37 ((!)) step1
ERROR ((!)) IIS APPPOOL\hdtsdb.net ((!))  10/29/2019 10:20:37 ((!)) isValid: True
ERROR ((!)) IIS APPPOOL\hdtsdb.net ((!))  10/29/2019 10:20:37 ((!)) isValid: True isExist: True ActiveDomain: ocb.vnContextType.Domain: Domain
ERROR ((!)) IIS APPPOOL\hdtsdb.net ((!))  10/29/2019 10:20:54 ((!)) step1
ERROR ((!)) IIS APPPOOL\hdtsdb.net ((!))  10/29/2019 10:20:54 ((!)) isValid: True
ERROR ((!)) IIS APPPOOL\hdtsdb.net ((!))  10/29/2019 10:20:54 ((!)) isValid: True isExist: True ActiveDomain: ocb.vnContextType.Domain: Domain
ERROR ((!)) IIS APPPOOL\hdtsdb.net ((!))  10/29/2019 10:28:42 ((!)) step1
ERROR ((!)) IIS APPPOOL\hdtsdb.net ((!))  10/29/2019 10:28:42 ((!)) isValid: True
ERROR ((!)) IIS APPPOOL\hdtsdb.net ((!))  10/29/2019 10:28:42 ((!)) isValid: True isExist: True ActiveDomain: ocb.vnContextType.Domain: Domain
ERROR ((!)) IIS APPPOOL\hdtsdb.net ((!))  10/29/2019 10:59:06 ((!)) CounterPartyCifService => getCounterPartyByCif
System.FormatException: Input string was not in a correct format.
   at System.Number.StringToNumber(String str, NumberStyles options, NumberBuffer& number, NumberFormatInfo info, Boolean parseDecimal)
   at System.Number.ParseInt64(String value, NumberStyles options, NumberFormatInfo numfmt)
   at System.String.System.IConvertible.ToInt64(IFormatProvider provider)
   at System.Convert.ToInt64(Object value)
   at OracleInternal.ServiceObjects.OracleParameterImpl.SetInt32DataInBytes(Object paramValue, Byte[]& int32ByteArray)
   at OracleInternal.ServiceObjects.OracleParameterImpl.SetInt32DataInBytes(Object paramValue)
   at Oracle.ManagedDataAccess.Client.OracleParameter.PreBind_Int32()
   at Oracle.ManagedDataAccess.Client.OracleParameter.PreBind(OracleConnectionImpl connImpl, ColumnDescribeInfo cachedParamMetadata, Boolean& bMetadataModified, Int32 arrayBindCount, ColumnDescribeInfo& paramMetaData, Object& paramValue, Boolean isEFSelectStatement, SqlStatementType stmtType)
   at OracleInternal.ServiceObjects.OracleCommandImpl.InitializeParamInfo(ICollection paramColl, OracleConnectionImpl connectionImpl, ColumnDescribeInfo[] cachedParamMetadata, Boolean& bMetadataModified, Boolean isEFSelectStatement, MarshalBindParameterValueHelper& marshalBindValuesHelper)
   at OracleInternal.ServiceObjects.OracleCommandImpl.ProcessParameters(OracleParameterCollection paramColl, OracleConnectionImpl connectionImpl, ColumnDescribeInfo[] cachedParamMetadata, Boolean& bBindMetadataModified, Boolean isEFSelectStatement, MarshalBindParameterValueHelper& marshalBindValuesHelper)
   at OracleInternal.ServiceObjects.OracleCommandImpl.ExecuteReader(String commandText, OracleParameterCollection paramColl, CommandType commandType, OracleConnectionImpl connectionImpl, OracleDataReaderImpl& rdrImpl, Int32 longFetchSize, Int64 clientInitialLOBFS, OracleDependencyImpl orclDependencyImpl, Int64[] scnForExecution, Int64[]& scnFromExecution, OracleParameterCollection& bindByPositionParamColl, Boolean& bBindParamPresent, Int64& internalInitialLOBFS, OracleException& exceptionForArrayBindDML, OracleConnection connection, OracleLogicalTransaction& oracleLogicalTransaction, IEnumerable`1 adrianParsedStmt, Boolean isDescribeOnly, Boolean isFromEF)
   at Oracle.ManagedDataAccess.Client.OracleCommand.ExecuteReader(Boolean requery, Boolean fillRequest, CommandBehavior behavior)
   at Oracle.ManagedDataAccess.Client.OracleCommand.ExecuteDbDataReader(CommandBehavior behavior)
   at System.Data.Common.DbCommand.ExecuteReader()
   at Oracle.EntityFrameworkCore.Storage.Internal.OracleRelationalCommandBuilderFactory.OracleRelationalCommandBuilder.OracleRelationalCommand.Execute(IRelationalConnection connection, DbCommandMethod executeMethod, IReadOnlyDictionary`2 parameterValues)
   at Microsoft.EntityFrameworkCore.Storage.Internal.RelationalCommand.ExecuteReader(IRelationalConnection connection, IReadOnlyDictionary`2 parameterValues)
   at Microsoft.EntityFrameworkCore.Query.Internal.QueryingEnumerable`1.Enumerator.BufferlessMoveNext(DbContext _, Boolean buffer)
   at Oracle.EntityFrameworkCore.Storage.Internal.OracleExecutionStrategy.Execute[TState,TResult](TState state, Func`3 operation, Func`3 verifySucceeded)
   at Microsoft.EntityFrameworkCore.Query.Internal.QueryingEnumerable`1.Enumerator.MoveNext()
   at Microsoft.EntityFrameworkCore.Query.Internal.LinqOperatorProvider.<_TrackEntities>d__17`2.MoveNext()
   at Microsoft.EntityFrameworkCore.Query.Internal.LinqOperatorProvider.ExceptionInterceptor`1.EnumeratorExceptionInterceptor.MoveNext()
   at System.Collections.Generic.List`1..ctor(IEnumerable`1 collection)
   at System.Linq.Enumerable.ToList[TSource](IEnumerable`1 source)
   at HDBH.Data.Infrastructure.BaseRepository`1.ExecWithStoreProcedure(String query, OracleParameter[] param) in D:\WorkSpace\HopDongBaoHiem\SourceCode\dotNET\HDBH_New\HDBH.Data\Infrastructure\BaseRepository.cs:line 136
   at HDBH.Services.CounterPartyCifService.getCounterPartyByCif(String cif) in D:\WorkSpace\HopDongBaoHiem\SourceCode\dotNET\HDBH_New\HDBH.Services\Services\CounterParty\CounterPartyCifService.cs:line 34
ERROR ((!)) IIS APPPOOL\hdtsdb.net ((!))  10/29/2019 10:59:11 ((!)) CounterPartyListService => searchCounterPartyList
System.InvalidCastException: Column contains NULL data
   at Oracle.ManagedDataAccess.Client.OracleDataReader.GetInt32(Int32 i)
   at lambda_method(Closure , DbDataReader )
   at Microsoft.EntityFrameworkCore.Storage.Internal.TypedRelationalValueBufferFactory.Create(DbDataReader dataReader)
   at Microsoft.EntityFrameworkCore.Query.Internal.QueryingEnumerable`1.Enumerator.BufferlessMoveNext(DbContext _, Boolean buffer)
   at Oracle.EntityFrameworkCore.Storage.Internal.OracleExecutionStrategy.Execute[TState,TResult](TState state, Func`3 operation, Func`3 verifySucceeded)
   at Microsoft.EntityFrameworkCore.Query.Internal.QueryingEnumerable`1.Enumerator.MoveNext()
   at Microsoft.EntityFrameworkCore.Query.Internal.LinqOperatorProvider.<_TrackEntities>d__17`2.MoveNext()
   at Microsoft.EntityFrameworkCore.Query.Internal.LinqOperatorProvider.ExceptionInterceptor`1.EnumeratorExceptionInterceptor.MoveNext()
   at System.Collections.Generic.List`1..ctor(IEnumerable`1 collection)
   at System.Linq.Enumerable.ToList[TSource](IEnumerable`1 source)
   at HDBH.Data.Infrastructure.BaseRepository`1.ExecWithStoreProcedure(String query, OracleParameter[] param) in D:\WorkSpace\HopDongBaoHiem\SourceCode\dotNET\HDBH_New\HDBH.Data\Infrastructure\BaseRepository.cs:line 136
   at HDBH.Services.CounterPartyListService.searchCounterPartyList(DateTime fromDate, DateTime toDate, Nullable`1 isInau, String counterPartyType, String cifCounterParty, String counterPartyName, String bancasRepresentative, String status, Int32 pageNumber, Int32 pageSize, Int32& totalNumber) in D:\WorkSpace\HopDongBaoHiem\SourceCode\dotNET\HDBH_New\HDBH.Services\Services\CounterParty\CounterPartyListService.cs:line 80
ERROR ((!)) IIS APPPOOL\hdtsdb.net ((!))  10/29/2019 10:59:33 ((!)) CounterPartyListService => searchCounterPartyList
System.InvalidCastException: Column contains NULL data
   at Oracle.ManagedDataAccess.Client.OracleDataReader.GetInt32(Int32 i)
   at lambda_method(Closure , DbDataReader )
   at Microsoft.EntityFrameworkCore.Storage.Internal.TypedRelationalValueBufferFactory.Create(DbDataReader dataReader)
   at Microsoft.EntityFrameworkCore.Query.Internal.QueryingEnumerable`1.Enumerator.BufferlessMoveNext(DbContext _, Boolean buffer)
   at Oracle.EntityFrameworkCore.Storage.Internal.OracleExecutionStrategy.Execute[TState,TResult](TState state, Func`3 operation, Func`3 verifySucceeded)
   at Microsoft.EntityFrameworkCore.Query.Internal.QueryingEnumerable`1.Enumerator.MoveNext()
   at Microsoft.EntityFrameworkCore.Query.Internal.LinqOperatorProvider.<_TrackEntities>d__17`2.MoveNext()
   at Microsoft.EntityFrameworkCore.Query.Internal.LinqOperatorProvider.ExceptionInterceptor`1.EnumeratorExceptionInterceptor.MoveNext()
   at System.Collections.Generic.List`1..ctor(IEnumerable`1 collection)
   at System.Linq.Enumerable.ToList[TSource](IEnumerable`1 source)
   at HDBH.Data.Infrastructure.BaseRepository`1.ExecWithStoreProcedure(String query, OracleParameter[] param) in D:\WorkSpace\HopDongBaoHiem\SourceCode\dotNET\HDBH_New\HDBH.Data\Infrastructure\BaseRepository.cs:line 136
   at HDBH.Services.CounterPartyListService.searchCounterPartyList(DateTime fromDate, DateTime toDate, Nullable`1 isInau, String counterPartyType, String cifCounterParty, String counterPartyName, String bancasRepresentative, String status, Int32 pageNumber, Int32 pageSize, Int32& totalNumber) in D:\WorkSpace\HopDongBaoHiem\SourceCode\dotNET\HDBH_New\HDBH.Services\Services\CounterParty\CounterPartyListService.cs:line 80
ERROR ((!)) IIS APPPOOL\hdtsdb.net ((!))  10/29/2019 13:13:47 ((!)) step1
ERROR ((!)) IIS APPPOOL\hdtsdb.net ((!))  10/29/2019 13:13:47 ((!)) isValid: True
ERROR ((!)) IIS APPPOOL\hdtsdb.net ((!))  10/29/2019 13:13:47 ((!)) isValid: True isExist: True ActiveDomain: ocb.vnContextType.Domain: Domain
ERROR ((!)) IIS APPPOOL\hdtsdb.net ((!))  10/29/2019 13:16:42 ((!)) CounterPartyListService => searchCounterPartyList
System.InvalidCastException: Column contains NULL data
   at Oracle.ManagedDataAccess.Client.OracleDataReader.GetInt32(Int32 i)
   at lambda_method(Closure , DbDataReader )
   at Microsoft.EntityFrameworkCore.Storage.Internal.TypedRelationalValueBufferFactory.Create(DbDataReader dataReader)
   at Microsoft.EntityFrameworkCore.Query.Internal.QueryingEnumerable`1.Enumerator.BufferlessMoveNext(DbContext _, Boolean buffer)
   at Oracle.EntityFrameworkCore.Storage.Internal.OracleExecutionStrategy.Execute[TState,TResult](TState state, Func`3 operation, Func`3 verifySucceeded)
   at Microsoft.EntityFrameworkCore.Query.Internal.QueryingEnumerable`1.Enumerator.MoveNext()
   at Microsoft.EntityFrameworkCore.Query.Internal.LinqOperatorProvider.<_TrackEntities>d__17`2.MoveNext()
   at Microsoft.EntityFrameworkCore.Query.Internal.LinqOperatorProvider.ExceptionInterceptor`1.EnumeratorExceptionInterceptor.MoveNext()
   at System.Collections.Generic.List`1..ctor(IEnumerable`1 collection)
   at System.Linq.Enumerable.ToList[TSource](IEnumerable`1 source)
   at HDBH.Data.Infrastructure.BaseRepository`1.ExecWithStoreProcedure(String query, OracleParameter[] param) in D:\WorkSpace\HopDongBaoHiem\SourceCode\dotNET\HDBH_New\HDBH.Data\Infrastructure\BaseRepository.cs:line 136
   at HDBH.Services.CounterPartyListService.searchCounterPartyList(DateTime fromDate, DateTime toDate, Nullable`1 isInau, String counterPartyType, String cifCounterParty, String counterPartyName, String bancasRepresentative, String status, Int32 pageNumber, Int32 pageSize, Int32& totalNumber) in D:\WorkSpace\HopDongBaoHiem\SourceCode\dotNET\HDBH_New\HDBH.Services\Services\CounterParty\CounterPartyListService.cs:line 80
ERROR ((!)) IIS APPPOOL\hdtsdb.net ((!))  10/29/2019 13:33:54 ((!)) CounterPartyListService => searchCounterPartyList
System.InvalidCastException: Column contains NULL data
   at Oracle.ManagedDataAccess.Client.OracleDataReader.GetInt32(Int32 i)
   at lambda_method(Closure , DbDataReader )
   at Microsoft.EntityFrameworkCore.Storage.Internal.TypedRelationalValueBufferFactory.Create(DbDataReader dataReader)
   at Microsoft.EntityFrameworkCore.Query.Internal.QueryingEnumerable`1.Enumerator.BufferlessMoveNext(DbContext _, Boolean buffer)
   at Oracle.EntityFrameworkCore.Storage.Internal.OracleExecutionStrategy.Execute[TState,TResult](TState state, Func`3 operation, Func`3 verifySucceeded)
   at Microsoft.EntityFrameworkCore.Query.Internal.QueryingEnumerable`1.Enumerator.MoveNext()
   at Microsoft.EntityFrameworkCore.Query.Internal.LinqOperatorProvider.<_TrackEntities>d__17`2.MoveNext()
   at Microsoft.EntityFrameworkCore.Query.Internal.LinqOperatorProvider.ExceptionInterceptor`1.EnumeratorExceptionInterceptor.MoveNext()
   at System.Collections.Generic.List`1..ctor(IEnumerable`1 collection)
   at System.Linq.Enumerable.ToList[TSource](IEnumerable`1 source)
   at HDBH.Data.Infrastructure.BaseRepository`1.ExecWithStoreProcedure(String query, OracleParameter[] param) in D:\WorkSpace\HopDongBaoHiem\SourceCode\dotNET\HDBH_New\HDBH.Data\Infrastructure\BaseRepository.cs:line 136
   at HDBH.Services.CounterPartyListService.searchCounterPartyList(DateTime fromDate, DateTime toDate, Nullable`1 isInau, String counterPartyType, String cifCounterParty, String counterPartyName, String bancasRepresentative, String status, Int32 pageNumber, Int32 pageSize, Int32& totalNumber) in D:\WorkSpace\HopDongBaoHiem\SourceCode\dotNET\HDBH_New\HDBH.Services\Services\CounterParty\CounterPartyListService.cs:line 80
ERROR ((!)) IIS APPPOOL\hdtsdb.net ((!))  10/29/2019 13:46:44 ((!)) ResultInsuranceContractDetailService => GetInsuranceContractDetail
Newtonsoft.Json.JsonSerializationException: Unexpected end when reading JSON. Path '', line 1, position 2.
   at Newtonsoft.Json.JsonReader.ReadAndAssert()
   at Newtonsoft.Json.Serialization.JsonSerializerInternalReader.CreateObject(JsonReader reader, Type objectType, JsonContract contract, JsonProperty member, JsonContainerContract containerContract, JsonProperty containerMember, Object existingValue)
   at Newtonsoft.Json.Serialization.JsonSerializerInternalReader.CreateValueInternal(JsonReader reader, Type objectType, JsonContract contract, JsonProperty member, JsonContainerContract containerContract, JsonProperty containerMember, Object existingValue)
   at Newtonsoft.Json.Serialization.JsonSerializerInternalReader.Deserialize(JsonReader reader, Type objectType, Boolean checkAdditionalContent)
   at Newtonsoft.Json.JsonSerializer.DeserializeInternal(JsonReader reader, Type objectType)
   at Newtonsoft.Json.JsonConvert.DeserializeObject(String value, Type type, JsonSerializerSettings settings)
   at Newtonsoft.Json.JsonConvert.DeserializeObject[T](String value, JsonSerializerSettings settings)
   at Newtonsoft.Json.JsonConvert.DeserializeObject[T](String value)
   at HDBH.Services.Services.InsuranceContract.ResultInsuranceContractDetailService.GetInsuranceContractDetail(String p_insuranceContractNo) in D:\WorkSpace\HopDongBaoHiem\SourceCode\dotNET\HDBH_New\HDBH.Services\Services\InsuranceContract\ResultInsuranceContractDetailService.cs:line 50
ERROR ((!)) IIS APPPOOL\hdtsdb.net ((!))  10/29/2019 13:47:33 ((!)) ResultInsuranceContractDetailService => GetInsuranceContractDetail
Newtonsoft.Json.JsonSerializationException: Unexpected end when reading JSON. Path '', line 1, position 2.
   at Newtonsoft.Json.JsonReader.ReadAndAssert()
   at Newtonsoft.Json.Serialization.JsonSerializerInternalReader.CreateObject(JsonReader reader, Type objectType, JsonContract contract, JsonProperty member, JsonContainerContract containerContract, JsonProperty containerMember, Object existingValue)
   at Newtonsoft.Json.Serialization.JsonSerializerInternalReader.CreateValueInternal(JsonReader reader, Type objectType, JsonContract contract, JsonProperty member, JsonContainerContract containerContract, JsonProperty containerMember, Object existingValue)
   at Newtonsoft.Json.Serialization.JsonSerializerInternalReader.Deserialize(JsonReader reader, Type objectType, Boolean checkAdditionalContent)
   at Newtonsoft.Json.JsonSerializer.DeserializeInternal(JsonReader reader, Type objectType)
   at Newtonsoft.Json.JsonConvert.DeserializeObject(String value, Type type, JsonSerializerSettings settings)
   at Newtonsoft.Json.JsonConvert.DeserializeObject[T](String value, JsonSerializerSettings settings)
   at Newtonsoft.Json.JsonConvert.DeserializeObject[T](String value)
   at HDBH.Services.Services.InsuranceContract.ResultInsuranceContractDetailService.GetInsuranceContractDetail(String p_insuranceContractNo) in D:\WorkSpace\HopDongBaoHiem\SourceCode\dotNET\HDBH_New\HDBH.Services\Services\InsuranceContract\ResultInsuranceContractDetailService.cs:line 50
ERROR ((!)) IIS APPPOOL\hdtsdb.net ((!))  10/29/2019 13:49:52 ((!)) ResultInsuranceContractDetailService => GetInsuranceContractDetail
Newtonsoft.Json.JsonSerializationException: Unexpected end when reading JSON. Path '', line 1, position 2.
   at Newtonsoft.Json.JsonReader.ReadAndAssert()
   at Newtonsoft.Json.Serialization.JsonSerializerInternalReader.CreateObject(JsonReader reader, Type objectType, JsonContract contract, JsonProperty member, JsonContainerContract containerContract, JsonProperty containerMember, Object existingValue)
   at Newtonsoft.Json.Serialization.JsonSerializerInternalReader.CreateValueInternal(JsonReader reader, Type objectType, JsonContract contract, JsonProperty member, JsonContainerContract containerContract, JsonProperty containerMember, Object existingValue)
   at Newtonsoft.Json.Serialization.JsonSerializerInternalReader.Deserialize(JsonReader reader, Type objectType, Boolean checkAdditionalContent)
   at Newtonsoft.Json.JsonSerializer.DeserializeInternal(JsonReader reader, Type objectType)
   at Newtonsoft.Json.JsonConvert.DeserializeObject(String value, Type type, JsonSerializerSettings settings)
   at Newtonsoft.Json.JsonConvert.DeserializeObject[T](String value, JsonSerializerSettings settings)
   at Newtonsoft.Json.JsonConvert.DeserializeObject[T](String value)
   at HDBH.Services.Services.InsuranceContract.ResultInsuranceContractDetailService.GetInsuranceContractDetail(String p_insuranceContractNo) in D:\WorkSpace\HopDongBaoHiem\SourceCode\dotNET\HDBH_New\HDBH.Services\Services\InsuranceContract\ResultInsuranceContractDetailService.cs:line 50
ERROR ((!)) IIS APPPOOL\hdtsdb.net ((!))  10/29/2019 13:56:13 ((!)) ResultInsuranceContractDetailService => GetInsuranceContractDetail
Newtonsoft.Json.JsonSerializationException: Unexpected end when reading JSON. Path '', line 1, position 2.
   at Newtonsoft.Json.JsonReader.ReadAndAssert()
   at Newtonsoft.Json.Serialization.JsonSerializerInternalReader.CreateObject(JsonReader reader, Type objectType, JsonContract contract, JsonProperty member, JsonContainerContract containerContract, JsonProperty containerMember, Object existingValue)
   at Newtonsoft.Json.Serialization.JsonSerializerInternalReader.CreateValueInternal(JsonReader reader, Type objectType, JsonContract contract, JsonProperty member, JsonContainerContract containerContract, JsonProperty containerMember, Object existingValue)
   at Newtonsoft.Json.Serialization.JsonSerializerInternalReader.Deserialize(JsonReader reader, Type objectType, Boolean checkAdditionalContent)
   at Newtonsoft.Json.JsonSerializer.DeserializeInternal(JsonReader reader, Type objectType)
   at Newtonsoft.Json.JsonConvert.DeserializeObject(String value, Type type, JsonSerializerSettings settings)
   at Newtonsoft.Json.JsonConvert.DeserializeObject[T](String value, JsonSerializerSettings settings)
   at Newtonsoft.Json.JsonConvert.DeserializeObject[T](String value)
   at HDBH.Services.Services.InsuranceContract.ResultInsuranceContractDetailService.GetInsuranceContractDetail(String p_insuranceContractNo) in D:\WorkSpace\HopDongBaoHiem\SourceCode\dotNET\HDBH_New\HDBH.Services\Services\InsuranceContract\ResultInsuranceContractDetailService.cs:line 50
ERROR ((!)) IIS APPPOOL\hdtsdb.net ((!))  10/29/2019 13:56:14 ((!)) ResultInsuranceContractDetailService => GetInsuranceContractDetail
Newtonsoft.Json.JsonSerializationException: Unexpected end when reading JSON. Path '', line 1, position 2.
   at Newtonsoft.Json.JsonReader.ReadAndAssert()
   at Newtonsoft.Json.Serialization.JsonSerializerInternalReader.CreateObject(JsonReader reader, Type objectType, JsonContract contract, JsonProperty member, JsonContainerContract containerContract, JsonProperty containerMember, Object existingValue)
   at Newtonsoft.Json.Serialization.JsonSerializerInternalReader.CreateValueInternal(JsonReader reader, Type objectType, JsonContract contract, JsonProperty member, JsonContainerContract containerContract, JsonProperty containerMember, Object existingValue)
   at Newtonsoft.Json.Serialization.JsonSerializerInternalReader.Deserialize(JsonReader reader, Type objectType, Boolean checkAdditionalContent)
   at Newtonsoft.Json.JsonSerializer.DeserializeInternal(JsonReader reader, Type objectType)
   at Newtonsoft.Json.JsonConvert.DeserializeObject(String value, Type type, JsonSerializerSettings settings)
   at Newtonsoft.Json.JsonConvert.DeserializeObject[T](String value, JsonSerializerSettings settings)
   at Newtonsoft.Json.JsonConvert.DeserializeObject[T](String value)
   at HDBH.Services.Services.InsuranceContract.ResultInsuranceContractDetailService.GetInsuranceContractDetail(String p_insuranceContractNo) in D:\WorkSpace\HopDongBaoHiem\SourceCode\dotNET\HDBH_New\HDBH.Services\Services\InsuranceContract\ResultInsuranceContractDetailService.cs:line 50
ERROR ((!)) IIS APPPOOL\hdtsdb.net ((!))  10/29/2019 13:57:12 ((!)) ResultInsuranceContractDetailService => GetInsuranceContractDetail
Newtonsoft.Json.JsonSerializationException: Unexpected end when reading JSON. Path '', line 1, position 2.
   at Newtonsoft.Json.JsonReader.ReadAndAssert()
   at Newtonsoft.Json.Serialization.JsonSerializerInternalReader.CreateObject(JsonReader reader, Type objectType, JsonContract contract, JsonProperty member, JsonContainerContract containerContract, JsonProperty containerMember, Object existingValue)
   at Newtonsoft.Json.Serialization.JsonSerializerInternalReader.CreateValueInternal(JsonReader reader, Type objectType, JsonContract contract, JsonProperty member, JsonContainerContract containerContract, JsonProperty containerMember, Object existingValue)
   at Newtonsoft.Json.Serialization.JsonSerializerInternalReader.Deserialize(JsonReader reader, Type objectType, Boolean checkAdditionalContent)
   at Newtonsoft.Json.JsonSerializer.DeserializeInternal(JsonReader reader, Type objectType)
   at Newtonsoft.Json.JsonConvert.DeserializeObject(String value, Type type, JsonSerializerSettings settings)
   at Newtonsoft.Json.JsonConvert.DeserializeObject[T](String value, JsonSerializerSettings settings)
   at Newtonsoft.Json.JsonConvert.DeserializeObject[T](String value)
   at HDBH.Services.Services.InsuranceContract.ResultInsuranceContractDetailService.GetInsuranceContractDetail(String p_insuranceContractNo) in D:\WorkSpace\HopDongBaoHiem\SourceCode\dotNET\HDBH_New\HDBH.Services\Services\InsuranceContract\ResultInsuranceContractDetailService.cs:line 45
ERROR ((!)) IIS APPPOOL\hdtsdb.net ((!))  10/29/2019 13:57:15 ((!)) ResultInsuranceContractDetailService => GetInsuranceContractDetail
Newtonsoft.Json.JsonSerializationException: Unexpected end when reading JSON. Path '', line 1, position 2.
   at Newtonsoft.Json.JsonReader.ReadAndAssert()
   at Newtonsoft.Json.Serialization.JsonSerializerInternalReader.CreateObject(JsonReader reader, Type objectType, JsonContract contract, JsonProperty member, JsonContainerContract containerContract, JsonProperty containerMember, Object existingValue)
   at Newtonsoft.Json.Serialization.JsonSerializerInternalReader.CreateValueInternal(JsonReader reader, Type objectType, JsonContract contract, JsonProperty member, JsonContainerContract containerContract, JsonProperty containerMember, Object existingValue)
   at Newtonsoft.Json.Serialization.JsonSerializerInternalReader.Deserialize(JsonReader reader, Type objectType, Boolean checkAdditionalContent)
   at Newtonsoft.Json.JsonSerializer.DeserializeInternal(JsonReader reader, Type objectType)
   at Newtonsoft.Json.JsonConvert.DeserializeObject(String value, Type type, JsonSerializerSettings settings)
   at Newtonsoft.Json.JsonConvert.DeserializeObject[T](String value, JsonSerializerSettings settings)
   at Newtonsoft.Json.JsonConvert.DeserializeObject[T](String value)
   at HDBH.Services.Services.InsuranceContract.ResultInsuranceContractDetailService.GetInsuranceContractDetail(String p_insuranceContractNo) in D:\WorkSpace\HopDongBaoHiem\SourceCode\dotNET\HDBH_New\HDBH.Services\Services\InsuranceContract\ResultInsuranceContractDetailService.cs:line 50
ERROR ((!)) IIS APPPOOL\hdtsdb.net ((!))  10/29/2019 13:57:15 ((!)) ResultInsuranceContractDetailService => GetInsuranceContractDetail
Newtonsoft.Json.JsonSerializationException: Unexpected end when reading JSON. Path '', line 1, position 2.
   at Newtonsoft.Json.JsonReader.ReadAndAssert()
   at Newtonsoft.Json.Serialization.JsonSerializerInternalReader.CreateObject(JsonReader reader, Type objectType, JsonContract contract, JsonProperty member, JsonContainerContract containerContract, JsonProperty containerMember, Object existingValue)
   at Newtonsoft.Json.Serialization.JsonSerializerInternalReader.CreateValueInternal(JsonReader reader, Type objectType, JsonContract contract, JsonProperty member, JsonContainerContract containerContract, JsonProperty containerMember, Object existingValue)
   at Newtonsoft.Json.Serialization.JsonSerializerInternalReader.Deserialize(JsonReader reader, Type objectType, Boolean checkAdditionalContent)
   at Newtonsoft.Json.JsonSerializer.DeserializeInternal(JsonReader reader, Type objectType)
   at Newtonsoft.Json.JsonConvert.DeserializeObject(String value, Type type, JsonSerializerSettings settings)
   at Newtonsoft.Json.JsonConvert.DeserializeObject[T](String value, JsonSerializerSettings settings)
   at Newtonsoft.Json.JsonConvert.DeserializeObject[T](String value)
   at HDBH.Services.Services.InsuranceContract.ResultInsuranceContractDetailService.GetInsuranceContractDetail(String p_insuranceContractNo) in D:\WorkSpace\HopDongBaoHiem\SourceCode\dotNET\HDBH_New\HDBH.Services\Services\InsuranceContract\ResultInsuranceContractDetailService.cs:line 50
ERROR ((!)) IIS APPPOOL\hdtsdb.net ((!))  10/29/2019 13:57:36 ((!)) ResultInsuranceContractDetailService => GetInsuranceContractDetail
Newtonsoft.Json.JsonSerializationException: Unexpected end when reading JSON. Path '', line 1, position 2.
   at Newtonsoft.Json.JsonReader.ReadAndAssert()
   at Newtonsoft.Json.Serialization.JsonSerializerInternalReader.CreateObject(JsonReader reader, Type objectType, JsonContract contract, JsonProperty member, JsonContainerContract containerContract, JsonProperty containerMember, Object existingValue)
   at Newtonsoft.Json.Serialization.JsonSerializerInternalReader.CreateValueInternal(JsonReader reader, Type objectType, JsonContract contract, JsonProperty member, JsonContainerContract containerContract, JsonProperty containerMember, Object existingValue)
   at Newtonsoft.Json.Serialization.JsonSerializerInternalReader.Deserialize(JsonReader reader, Type objectType, Boolean checkAdditionalContent)
   at Newtonsoft.Json.JsonSerializer.DeserializeInternal(JsonReader reader, Type objectType)
   at Newtonsoft.Json.JsonConvert.DeserializeObject(String value, Type type, JsonSerializerSettings settings)
   at Newtonsoft.Json.JsonConvert.DeserializeObject[T](String value, JsonSerializerSettings settings)
   at Newtonsoft.Json.JsonConvert.DeserializeObject[T](String value)
   at HDBH.Services.Services.InsuranceContract.ResultInsuranceContractDetailService.GetInsuranceContractDetail(String p_insuranceContractNo) in D:\WorkSpace\HopDongBaoHiem\SourceCode\dotNET\HDBH_New\HDBH.Services\Services\InsuranceContract\ResultInsuranceContractDetailService.cs:line 50
ERROR ((!)) IIS APPPOOL\hdtsdb.net ((!))  10/29/2019 13:58:02 ((!)) ResultInsuranceContractDetailService => GetInsuranceContractDetail
Newtonsoft.Json.JsonSerializationException: Unexpected end when reading JSON. Path '', line 1, position 2.
   at Newtonsoft.Json.JsonReader.ReadAndAssert()
   at Newtonsoft.Json.Serialization.JsonSerializerInternalReader.CreateObject(JsonReader reader, Type objectType, JsonContract contract, JsonProperty member, JsonContainerContract containerContract, JsonProperty containerMember, Object existingValue)
   at Newtonsoft.Json.Serialization.JsonSerializerInternalReader.CreateValueInternal(JsonReader reader, Type objectType, JsonContract contract, JsonProperty member, JsonContainerContract containerContract, JsonProperty containerMember, Object existingValue)
   at Newtonsoft.Json.Serialization.JsonSerializerInternalReader.Deserialize(JsonReader reader, Type objectType, Boolean checkAdditionalContent)
   at Newtonsoft.Json.JsonSerializer.DeserializeInternal(JsonReader reader, Type objectType)
   at Newtonsoft.Json.JsonConvert.DeserializeObject(String value, Type type, JsonSerializerSettings settings)
   at Newtonsoft.Json.JsonConvert.DeserializeObject[T](String value, JsonSerializerSettings settings)
   at Newtonsoft.Json.JsonConvert.DeserializeObject[T](String value)
   at HDBH.Services.Services.InsuranceContract.ResultInsuranceContractDetailService.GetInsuranceContractDetail(String p_insuranceContractNo) in D:\WorkSpace\HopDongBaoHiem\SourceCode\dotNET\HDBH_New\HDBH.Services\Services\InsuranceContract\ResultInsuranceContractDetailService.cs:line 50
ERROR ((!)) IIS APPPOOL\hdtsdb.net ((!))  10/29/2019 13:58:02 ((!)) ResultInsuranceContractDetailService => GetInsuranceContractDetail
Newtonsoft.Json.JsonSerializationException: Unexpected end when reading JSON. Path '', line 1, position 2.
   at Newtonsoft.Json.JsonReader.ReadAndAssert()
   at Newtonsoft.Json.Serialization.JsonSerializerInternalReader.CreateObject(JsonReader reader, Type objectType, JsonContract contract, JsonProperty member, JsonContainerContract containerContract, JsonProperty containerMember, Object existingValue)
   at Newtonsoft.Json.Serialization.JsonSerializerInternalReader.CreateValueInternal(JsonReader reader, Type objectType, JsonContract contract, JsonProperty member, JsonContainerContract containerContract, JsonProperty containerMember, Object existingValue)
   at Newtonsoft.Json.Serialization.JsonSerializerInternalReader.Deserialize(JsonReader reader, Type objectType, Boolean checkAdditionalContent)
   at Newtonsoft.Json.JsonSerializer.DeserializeInternal(JsonReader reader, Type objectType)
   at Newtonsoft.Json.JsonConvert.DeserializeObject(String value, Type type, JsonSerializerSettings settings)
   at Newtonsoft.Json.JsonConvert.DeserializeObject[T](String value, JsonSerializerSettings settings)
   at Newtonsoft.Json.JsonConvert.DeserializeObject[T](String value)
   at HDBH.Services.Services.InsuranceContract.ResultInsuranceContractDetailService.GetInsuranceContractDetail(String p_insuranceContractNo) in D:\WorkSpace\HopDongBaoHiem\SourceCode\dotNET\HDBH_New\HDBH.Services\Services\InsuranceContract\ResultInsuranceContractDetailService.cs:line 50
ERROR ((!)) IIS APPPOOL\hdtsdb.net ((!))  10/29/2019 14:02:47 ((!)) ResultInsuranceContractDetailService => GetInsuranceContractDetail
Newtonsoft.Json.JsonSerializationException: Unexpected end when reading JSON. Path '', line 1, position 2.
   at Newtonsoft.Json.JsonReader.ReadAndAssert()
   at Newtonsoft.Json.Serialization.JsonSerializerInternalReader.CreateObject(JsonReader reader, Type objectType, JsonContract contract, JsonProperty member, JsonContainerContract containerContract, JsonProperty containerMember, Object existingValue)
   at Newtonsoft.Json.Serialization.JsonSerializerInternalReader.CreateValueInternal(JsonReader reader, Type objectType, JsonContract contract, JsonProperty member, JsonContainerContract containerContract, JsonProperty containerMember, Object existingValue)
   at Newtonsoft.Json.Serialization.JsonSerializerInternalReader.Deserialize(JsonReader reader, Type objectType, Boolean checkAdditionalContent)
   at Newtonsoft.Json.JsonSerializer.DeserializeInternal(JsonReader reader, Type objectType)
   at Newtonsoft.Json.JsonConvert.DeserializeObject(String value, Type type, JsonSerializerSettings settings)
   at Newtonsoft.Json.JsonConvert.DeserializeObject[T](String value, JsonSerializerSettings settings)
   at Newtonsoft.Json.JsonConvert.DeserializeObject[T](String value)
   at HDBH.Services.Services.InsuranceContract.ResultInsuranceContractDetailService.GetInsuranceContractDetail(String p_insuranceContractNo) in D:\WorkSpace\HopDongBaoHiem\SourceCode\dotNET\HDBH_New\HDBH.Services\Services\InsuranceContract\ResultInsuranceContractDetailService.cs:line 50
ERROR ((!)) IIS APPPOOL\hdtsdb.net ((!))  10/29/2019 14:06:55 ((!)) step1
ERROR ((!)) IIS APPPOOL\hdtsdb.net ((!))  10/29/2019 14:06:55 ((!)) isValid: True
ERROR ((!)) IIS APPPOOL\hdtsdb.net ((!))  10/29/2019 14:06:55 ((!)) isValid: True isExist: True ActiveDomain: ocb.vnContextType.Domain: Domain
ERROR ((!)) IIS APPPOOL\hdtsdb.net ((!))  10/29/2019 14:21:51 ((!)) CounterPartyService => ApproveCounterParty
Oracle.ManagedDataAccess.Client.OracleException (0x80004005): ORA-30926: unable to get a stable set of rows in the source tables
ORA-06512: at "CONTRACTMAN.PKG_HDBH", line 1071
ORA-06512: at line 1
   at OracleInternal.ServiceObjects.OracleConnectionImpl.VerifyExecution(Int32& cursorId, Boolean bThrowArrayBindRelatedErrors, SqlStatementType sqlStatementType, Int32 arrayBindCount, OracleException& exceptionForArrayBindDML, Boolean& hasMoreRowsInDB, Boolean bFirstIterationDone)
   at OracleInternal.ServiceObjects.OracleCommandImpl.ExecuteNonQuery(String commandText, OracleParameterCollection paramColl, CommandType commandType, OracleConnectionImpl connectionImpl, Int32 longFetchSize, Int64 clientInitialLOBFS, OracleDependencyImpl orclDependencyImpl, Int64[]& scnFromExecution, OracleParameterCollection& bindByPositionParamColl, Boolean& bBindParamPresent, OracleException& exceptionForArrayBindDML, OracleConnection connection, OracleLogicalTransaction& oracleLogicalTransaction, Boolean isFromEF)
   at Oracle.ManagedDataAccess.Client.OracleCommand.ExecuteNonQuery()
   at Oracle.EntityFrameworkCore.Storage.Internal.OracleRelationalCommandBuilderFactory.OracleRelationalCommandBuilder.OracleRelationalCommand.Execute(IRelationalConnection connection, DbCommandMethod executeMethod, IReadOnlyDictionary`2 parameterValues)
   at Microsoft.EntityFrameworkCore.Storage.Internal.RelationalCommand.ExecuteNonQuery(IRelationalConnection connection, IReadOnlyDictionary`2 parameterValues)
   at Microsoft.EntityFrameworkCore.RelationalDatabaseFacadeExtensions.ExecuteSqlCommand(DatabaseFacade databaseFacade, RawSqlString sql, IEnumerable`1 parameters)
   at HDBH.Data.Infrastructure.BaseRepository`1.ExecuteReturnAction(String query, OracleParameter[] param) in D:\WorkSpace\HopDongBaoHiem\SourceCode\dotNET\HDBH_New\HDBH.Data\Infrastructure\BaseRepository.cs:line 208
   at HDBH.Services.CounterPartyService.ApproveCounterParty(Int32 counterPartyId, String cifCounterParty, String approvedStatus, String contentApproved, String userId) in D:\WorkSpace\HopDongBaoHiem\SourceCode\dotNET\HDBH_New\HDBH.Services\Services\CounterParty\CounterPartyService.cs:line 40
ERROR ((!)) IIS APPPOOL\hdtsdb.net ((!))  10/29/2019 14:23:08 ((!)) step1
ERROR ((!)) IIS APPPOOL\hdtsdb.net ((!))  10/29/2019 14:23:08 ((!)) isValid: True
ERROR ((!)) IIS APPPOOL\hdtsdb.net ((!))  10/29/2019 14:23:08 ((!)) isValid: True isExist: True ActiveDomain: ocb.vnContextType.Domain: Domain
ERROR ((!)) IIS APPPOOL\hdtsdb.net ((!))  10/29/2019 14:33:37 ((!)) CounterPartyListService => searchCounterPartyList
System.InvalidCastException: Column contains NULL data
   at Oracle.ManagedDataAccess.Client.OracleDataReader.GetInt32(Int32 i)
   at lambda_method(Closure , DbDataReader )
   at Microsoft.EntityFrameworkCore.Storage.Internal.TypedRelationalValueBufferFactory.Create(DbDataReader dataReader)
   at Microsoft.EntityFrameworkCore.Query.Internal.QueryingEnumerable`1.Enumerator.BufferlessMoveNext(DbContext _, Boolean buffer)
   at Oracle.EntityFrameworkCore.Storage.Internal.OracleExecutionStrategy.Execute[TState,TResult](TState state, Func`3 operation, Func`3 verifySucceeded)
   at Microsoft.EntityFrameworkCore.Query.Internal.QueryingEnumerable`1.Enumerator.MoveNext()
   at Microsoft.EntityFrameworkCore.Query.Internal.LinqOperatorProvider.<_TrackEntities>d__17`2.MoveNext()
   at Microsoft.EntityFrameworkCore.Query.Internal.LinqOperatorProvider.ExceptionInterceptor`1.EnumeratorExceptionInterceptor.MoveNext()
   at System.Collections.Generic.List`1..ctor(IEnumerable`1 collection)
   at System.Linq.Enumerable.ToList[TSource](IEnumerable`1 source)
   at HDBH.Data.Infrastructure.BaseRepository`1.ExecWithStoreProcedure(String query, OracleParameter[] param) in D:\WorkSpace\HopDongBaoHiem\SourceCode\dotNET\HDBH_New\HDBH.Data\Infrastructure\BaseRepository.cs:line 136
   at HDBH.Services.CounterPartyListService.searchCounterPartyList(DateTime fromDate, DateTime toDate, Nullable`1 isInau, String counterPartyType, String cifCounterParty, String counterPartyName, String bancasRepresentative, String status, Int32 pageNumber, Int32 pageSize, Int32& totalNumber) in D:\WorkSpace\HopDongBaoHiem\SourceCode\dotNET\HDBH_New\HDBH.Services\Services\CounterParty\CounterPartyListService.cs:line 80
ERROR ((!)) IIS APPPOOL\hdtsdb.net ((!))  10/29/2019 15:00:31 ((!)) step1
ERROR ((!)) IIS APPPOOL\hdtsdb.net ((!))  10/29/2019 15:00:31 ((!)) isValid: True
ERROR ((!)) IIS APPPOOL\hdtsdb.net ((!))  10/29/2019 15:00:31 ((!)) isValid: True isExist: True ActiveDomain: ocb.vnContextType.Domain: Domain
ERROR ((!)) IIS APPPOOL\hdtsdb.net ((!))  10/29/2019 15:09:54 ((!)) step1
ERROR ((!)) IIS APPPOOL\hdtsdb.net ((!))  10/29/2019 15:09:54 ((!)) isValid: True
ERROR ((!)) IIS APPPOOL\hdtsdb.net ((!))  10/29/2019 15:09:54 ((!)) isValid: True isExist: True ActiveDomain: ocb.vnContextType.Domain: Domain
ERROR ((!)) IIS APPPOOL\hdtsdb.net ((!))  10/29/2019 15:10:04 ((!)) CounterPartyCifService => getCounterPartyByCif
System.FormatException: Input string was not in a correct format.
   at System.Number.StringToNumber(String str, NumberStyles options, NumberBuffer& number, NumberFormatInfo info, Boolean parseDecimal)
   at System.Number.ParseInt64(String value, NumberStyles options, NumberFormatInfo numfmt)
   at System.String.System.IConvertible.ToInt64(IFormatProvider provider)
   at System.Convert.ToInt64(Object value)
   at OracleInternal.ServiceObjects.OracleParameterImpl.SetInt32DataInBytes(Object paramValue, Byte[]& int32ByteArray)
   at OracleInternal.ServiceObjects.OracleParameterImpl.SetInt32DataInBytes(Object paramValue)
   at Oracle.ManagedDataAccess.Client.OracleParameter.PreBind_Int32()
   at Oracle.ManagedDataAccess.Client.OracleParameter.PreBind(OracleConnectionImpl connImpl, ColumnDescribeInfo cachedParamMetadata, Boolean& bMetadataModified, Int32 arrayBindCount, ColumnDescribeInfo& paramMetaData, Object& paramValue, Boolean isEFSelectStatement, SqlStatementType stmtType)
   at OracleInternal.ServiceObjects.OracleCommandImpl.InitializeParamInfo(ICollection paramColl, OracleConnectionImpl connectionImpl, ColumnDescribeInfo[] cachedParamMetadata, Boolean& bMetadataModified, Boolean isEFSelectStatement, MarshalBindParameterValueHelper& marshalBindValuesHelper)
   at OracleInternal.ServiceObjects.OracleCommandImpl.ProcessParameters(OracleParameterCollection paramColl, OracleConnectionImpl connectionImpl, ColumnDescribeInfo[] cachedParamMetadata, Boolean& bBindMetadataModified, Boolean isEFSelectStatement, MarshalBindParameterValueHelper& marshalBindValuesHelper)
   at OracleInternal.ServiceObjects.OracleCommandImpl.ExecuteReader(String commandText, OracleParameterCollection paramColl, CommandType commandType, OracleConnectionImpl connectionImpl, OracleDataReaderImpl& rdrImpl, Int32 longFetchSize, Int64 clientInitialLOBFS, OracleDependencyImpl orclDependencyImpl, Int64[] scnForExecution, Int64[]& scnFromExecution, OracleParameterCollection& bindByPositionParamColl, Boolean& bBindParamPresent, Int64& internalInitialLOBFS, OracleException& exceptionForArrayBindDML, OracleConnection connection, OracleLogicalTransaction& oracleLogicalTransaction, IEnumerable`1 adrianParsedStmt, Boolean isDescribeOnly, Boolean isFromEF)
   at Oracle.ManagedDataAccess.Client.OracleCommand.ExecuteReader(Boolean requery, Boolean fillRequest, CommandBehavior behavior)
   at Oracle.ManagedDataAccess.Client.OracleCommand.ExecuteDbDataReader(CommandBehavior behavior)
   at System.Data.Common.DbCommand.ExecuteReader()
   at Oracle.EntityFrameworkCore.Storage.Internal.OracleRelationalCommandBuilderFactory.OracleRelationalCommandBuilder.OracleRelationalCommand.Execute(IRelationalConnection connection, DbCommandMethod executeMethod, IReadOnlyDictionary`2 parameterValues)
   at Microsoft.EntityFrameworkCore.Storage.Internal.RelationalCommand.ExecuteReader(IRelationalConnection connection, IReadOnlyDictionary`2 parameterValues)
   at Microsoft.EntityFrameworkCore.Query.Internal.QueryingEnumerable`1.Enumerator.BufferlessMoveNext(DbContext _, Boolean buffer)
   at Oracle.EntityFrameworkCore.Storage.Internal.OracleExecutionStrategy.Execute[TState,TResult](TState state, Func`3 operation, Func`3 verifySucceeded)
   at Microsoft.EntityFrameworkCore.Query.Internal.QueryingEnumerable`1.Enumerator.MoveNext()
   at Microsoft.EntityFrameworkCore.Query.Internal.LinqOperatorProvider.<_TrackEntities>d__17`2.MoveNext()
   at Microsoft.EntityFrameworkCore.Query.Internal.LinqOperatorProvider.ExceptionInterceptor`1.EnumeratorExceptionInterceptor.MoveNext()
   at System.Collections.Generic.List`1..ctor(IEnumerable`1 collection)
   at System.Linq.Enumerable.ToList[TSource](IEnumerable`1 source)
   at HDBH.Data.Infrastructure.BaseRepository`1.ExecWithStoreProcedure(String query, OracleParameter[] param) in D:\WorkSpace\HopDongBaoHiem\SourceCode\dotNET\HDBH_New\HDBH.Data\Infrastructure\BaseRepository.cs:line 136
   at HDBH.Services.CounterPartyCifService.getCounterPartyByCif(String cif) in D:\WorkSpace\HopDongBaoHiem\SourceCode\dotNET\HDBH_New\HDBH.Services\Services\CounterParty\CounterPartyCifService.cs:line 34
ERROR ((!)) IIS APPPOOL\hdtsdb.net ((!))  10/29/2019 15:10:43 ((!)) CounterPartyListService => searchCounterPartyList
System.InvalidCastException: Column contains NULL data
   at Oracle.ManagedDataAccess.Client.OracleDataReader.GetInt32(Int32 i)
   at lambda_method(Closure , DbDataReader )
   at Microsoft.EntityFrameworkCore.Storage.Internal.TypedRelationalValueBufferFactory.Create(DbDataReader dataReader)
   at Microsoft.EntityFrameworkCore.Query.Internal.QueryingEnumerable`1.Enumerator.BufferlessMoveNext(DbContext _, Boolean buffer)
   at Oracle.EntityFrameworkCore.Storage.Internal.OracleExecutionStrategy.Execute[TState,TResult](TState state, Func`3 operation, Func`3 verifySucceeded)
   at Microsoft.EntityFrameworkCore.Query.Internal.QueryingEnumerable`1.Enumerator.MoveNext()
   at Microsoft.EntityFrameworkCore.Query.Internal.LinqOperatorProvider.<_TrackEntities>d__17`2.MoveNext()
   at Microsoft.EntityFrameworkCore.Query.Internal.LinqOperatorProvider.ExceptionInterceptor`1.EnumeratorExceptionInterceptor.MoveNext()
   at System.Collections.Generic.List`1..ctor(IEnumerable`1 collection)
   at System.Linq.Enumerable.ToList[TSource](IEnumerable`1 source)
   at HDBH.Data.Infrastructure.BaseRepository`1.ExecWithStoreProcedure(String query, OracleParameter[] param) in D:\WorkSpace\HopDongBaoHiem\SourceCode\dotNET\HDBH_New\HDBH.Data\Infrastructure\BaseRepository.cs:line 136
   at HDBH.Services.CounterPartyListService.searchCounterPartyList(DateTime fromDate, DateTime toDate, Nullable`1 isInau, String counterPartyType, String cifCounterParty, String counterPartyName, String bancasRepresentative, String status, Int32 pageNumber, Int32 pageSize, Int32& totalNumber) in D:\WorkSpace\HopDongBaoHiem\SourceCode\dotNET\HDBH_New\HDBH.Services\Services\CounterParty\CounterPartyListService.cs:line 80
ERROR ((!)) IIS APPPOOL\hdtsdb.net ((!))  10/29/2019 15:11:22 ((!)) CounterPartyListService => searchCounterPartyList
System.InvalidCastException: Column contains NULL data
   at Oracle.ManagedDataAccess.Client.OracleDataReader.GetInt32(Int32 i)
   at lambda_method(Closure , DbDataReader )
   at Microsoft.EntityFrameworkCore.Storage.Internal.TypedRelationalValueBufferFactory.Create(DbDataReader dataReader)
   at Microsoft.EntityFrameworkCore.Query.Internal.QueryingEnumerable`1.Enumerator.BufferlessMoveNext(DbContext _, Boolean buffer)
   at Oracle.EntityFrameworkCore.Storage.Internal.OracleExecutionStrategy.Execute[TState,TResult](TState state, Func`3 operation, Func`3 verifySucceeded)
   at Microsoft.EntityFrameworkCore.Query.Internal.QueryingEnumerable`1.Enumerator.MoveNext()
   at Microsoft.EntityFrameworkCore.Query.Internal.LinqOperatorProvider.<_TrackEntities>d__17`2.MoveNext()
   at Microsoft.EntityFrameworkCore.Query.Internal.LinqOperatorProvider.ExceptionInterceptor`1.EnumeratorExceptionInterceptor.MoveNext()
   at System.Collections.Generic.List`1..ctor(IEnumerable`1 collection)
   at System.Linq.Enumerable.ToList[TSource](IEnumerable`1 source)
   at HDBH.Data.Infrastructure.BaseRepository`1.ExecWithStoreProcedure(String query, OracleParameter[] param) in D:\WorkSpace\HopDongBaoHiem\SourceCode\dotNET\HDBH_New\HDBH.Data\Infrastructure\BaseRepository.cs:line 136
   at HDBH.Services.CounterPartyListService.searchCounterPartyList(DateTime fromDate, DateTime toDate, Nullable`1 isInau, String counterPartyType, String cifCounterParty, String counterPartyName, String bancasRepresentative, String status, Int32 pageNumber, Int32 pageSize, Int32& totalNumber) in D:\WorkSpace\HopDongBaoHiem\SourceCode\dotNET\HDBH_New\HDBH.Services\Services\CounterParty\CounterPartyListService.cs:line 80
ERROR ((!)) IIS APPPOOL\hdtsdb.net ((!))  10/29/2019 15:12:09 ((!)) CounterPartyListService => searchCounterPartyList
System.InvalidCastException: Column contains NULL data
   at Oracle.ManagedDataAccess.Client.OracleDataReader.GetInt32(Int32 i)
   at lambda_method(Closure , DbDataReader )
   at Microsoft.EntityFrameworkCore.Storage.Internal.TypedRelationalValueBufferFactory.Create(DbDataReader dataReader)
   at Microsoft.EntityFrameworkCore.Query.Internal.QueryingEnumerable`1.Enumerator.BufferlessMoveNext(DbContext _, Boolean buffer)
   at Oracle.EntityFrameworkCore.Storage.Internal.OracleExecutionStrategy.Execute[TState,TResult](TState state, Func`3 operation, Func`3 verifySucceeded)
   at Microsoft.EntityFrameworkCore.Query.Internal.QueryingEnumerable`1.Enumerator.MoveNext()
   at Microsoft.EntityFrameworkCore.Query.Internal.LinqOperatorProvider.<_TrackEntities>d__17`2.MoveNext()
   at Microsoft.EntityFrameworkCore.Query.Internal.LinqOperatorProvider.ExceptionInterceptor`1.EnumeratorExceptionInterceptor.MoveNext()
   at System.Collections.Generic.List`1..ctor(IEnumerable`1 collection)
   at System.Linq.Enumerable.ToList[TSource](IEnumerable`1 source)
   at HDBH.Data.Infrastructure.BaseRepository`1.ExecWithStoreProcedure(String query, OracleParameter[] param) in D:\WorkSpace\HopDongBaoHiem\SourceCode\dotNET\HDBH_New\HDBH.Data\Infrastructure\BaseRepository.cs:line 136
   at HDBH.Services.CounterPartyListService.searchCounterPartyList(DateTime fromDate, DateTime toDate, Nullable`1 isInau, String counterPartyType, String cifCounterParty, String counterPartyName, String bancasRepresentative, String status, Int32 pageNumber, Int32 pageSize, Int32& totalNumber) in D:\WorkSpace\HopDongBaoHiem\SourceCode\dotNET\HDBH_New\HDBH.Services\Services\CounterParty\CounterPartyListService.cs:line 80
ERROR ((!)) IIS APPPOOL\hdtsdb.net ((!))  10/29/2019 15:13:02 ((!)) CounterPartyListService => searchCounterPartyList
System.InvalidCastException: Column contains NULL data
   at Oracle.ManagedDataAccess.Client.OracleDataReader.GetInt32(Int32 i)
   at lambda_method(Closure , DbDataReader )
   at Microsoft.EntityFrameworkCore.Storage.Internal.TypedRelationalValueBufferFactory.Create(DbDataReader dataReader)
   at Microsoft.EntityFrameworkCore.Query.Internal.QueryingEnumerable`1.Enumerator.BufferlessMoveNext(DbContext _, Boolean buffer)
   at Oracle.EntityFrameworkCore.Storage.Internal.OracleExecutionStrategy.Execute[TState,TResult](TState state, Func`3 operation, Func`3 verifySucceeded)
   at Microsoft.EntityFrameworkCore.Query.Internal.QueryingEnumerable`1.Enumerator.MoveNext()
   at Microsoft.EntityFrameworkCore.Query.Internal.LinqOperatorProvider.<_TrackEntities>d__17`2.MoveNext()
   at Microsoft.EntityFrameworkCore.Query.Internal.LinqOperatorProvider.ExceptionInterceptor`1.EnumeratorExceptionInterceptor.MoveNext()
   at System.Collections.Generic.List`1..ctor(IEnumerable`1 collection)
   at System.Linq.Enumerable.ToList[TSource](IEnumerable`1 source)
   at HDBH.Data.Infrastructure.BaseRepository`1.ExecWithStoreProcedure(String query, OracleParameter[] param) in D:\WorkSpace\HopDongBaoHiem\SourceCode\dotNET\HDBH_New\HDBH.Data\Infrastructure\BaseRepository.cs:line 136
   at HDBH.Services.CounterPartyListService.searchCounterPartyList(DateTime fromDate, DateTime toDate, Nullable`1 isInau, String counterPartyType, String cifCounterParty, String counterPartyName, String bancasRepresentative, String status, Int32 pageNumber, Int32 pageSize, Int32& totalNumber) in D:\WorkSpace\HopDongBaoHiem\SourceCode\dotNET\HDBH_New\HDBH.Services\Services\CounterParty\CounterPartyListService.cs:line 80
ERROR ((!)) IIS APPPOOL\hdtsdb.net ((!))  10/29/2019 15:13:24 ((!)) CounterPartyListService => searchCounterPartyList
System.InvalidCastException: Column contains NULL data
   at Oracle.ManagedDataAccess.Client.OracleDataReader.GetInt32(Int32 i)
   at lambda_method(Closure , DbDataReader )
   at Microsoft.EntityFrameworkCore.Storage.Internal.TypedRelationalValueBufferFactory.Create(DbDataReader dataReader)
   at Microsoft.EntityFrameworkCore.Query.Internal.QueryingEnumerable`1.Enumerator.BufferlessMoveNext(DbContext _, Boolean buffer)
   at Oracle.EntityFrameworkCore.Storage.Internal.OracleExecutionStrategy.Execute[TState,TResult](TState state, Func`3 operation, Func`3 verifySucceeded)
   at Microsoft.EntityFrameworkCore.Query.Internal.QueryingEnumerable`1.Enumerator.MoveNext()
   at Microsoft.EntityFrameworkCore.Query.Internal.LinqOperatorProvider.<_TrackEntities>d__17`2.MoveNext()
   at Microsoft.EntityFrameworkCore.Query.Internal.LinqOperatorProvider.ExceptionInterceptor`1.EnumeratorExceptionInterceptor.MoveNext()
   at System.Collections.Generic.List`1..ctor(IEnumerable`1 collection)
   at System.Linq.Enumerable.ToList[TSource](IEnumerable`1 source)
   at HDBH.Data.Infrastructure.BaseRepository`1.ExecWithStoreProcedure(String query, OracleParameter[] param) in D:\WorkSpace\HopDongBaoHiem\SourceCode\dotNET\HDBH_New\HDBH.Data\Infrastructure\BaseRepository.cs:line 136
   at HDBH.Services.CounterPartyListService.searchCounterPartyList(DateTime fromDate, DateTime toDate, Nullable`1 isInau, String counterPartyType, String cifCounterParty, String counterPartyName, String bancasRepresentative, String status, Int32 pageNumber, Int32 pageSize, Int32& totalNumber) in D:\WorkSpace\HopDongBaoHiem\SourceCode\dotNET\HDBH_New\HDBH.Services\Services\CounterParty\CounterPartyListService.cs:line 80
ERROR ((!)) IIS APPPOOL\hdtsdb.net ((!))  10/29/2019 15:21:36 ((!)) CounterPartyListService => searchCounterPartyList
System.InvalidCastException: Column contains NULL data
   at Oracle.ManagedDataAccess.Client.OracleDataReader.GetInt32(Int32 i)
   at lambda_method(Closure , DbDataReader )
   at Microsoft.EntityFrameworkCore.Storage.Internal.TypedRelationalValueBufferFactory.Create(DbDataReader dataReader)
   at Microsoft.EntityFrameworkCore.Query.Internal.QueryingEnumerable`1.Enumerator.BufferlessMoveNext(DbContext _, Boolean buffer)
   at Oracle.EntityFrameworkCore.Storage.Internal.OracleExecutionStrategy.Execute[TState,TResult](TState state, Func`3 operation, Func`3 verifySucceeded)
   at Microsoft.EntityFrameworkCore.Query.Internal.QueryingEnumerable`1.Enumerator.MoveNext()
   at Microsoft.EntityFrameworkCore.Query.Internal.LinqOperatorProvider.<_TrackEntities>d__17`2.MoveNext()
   at Microsoft.EntityFrameworkCore.Query.Internal.LinqOperatorProvider.ExceptionInterceptor`1.EnumeratorExceptionInterceptor.MoveNext()
   at System.Collections.Generic.List`1..ctor(IEnumerable`1 collection)
   at System.Linq.Enumerable.ToList[TSource](IEnumerable`1 source)
   at HDBH.Data.Infrastructure.BaseRepository`1.ExecWithStoreProcedure(String query, OracleParameter[] param) in D:\WorkSpace\HopDongBaoHiem\SourceCode\dotNET\HDBH_New\HDBH.Data\Infrastructure\BaseRepository.cs:line 136
   at HDBH.Services.CounterPartyListService.searchCounterPartyList(DateTime fromDate, DateTime toDate, Nullable`1 isInau, String counterPartyType, String cifCounterParty, String counterPartyName, String bancasRepresentative, String status, Int32 pageNumber, Int32 pageSize, Int32& totalNumber) in D:\WorkSpace\HopDongBaoHiem\SourceCode\dotNET\HDBH_New\HDBH.Services\Services\CounterParty\CounterPartyListService.cs:line 80
ERROR ((!)) IIS APPPOOL\hdtsdb.net ((!))  10/29/2019 15:50:31 ((!)) step1
ERROR ((!)) IIS APPPOOL\hdtsdb.net ((!))  10/29/2019 15:50:31 ((!)) isValid: True
ERROR ((!)) IIS APPPOOL\hdtsdb.net ((!))  10/29/2019 15:50:31 ((!)) isValid: True isExist: True ActiveDomain: ocb.vnContextType.Domain: Domain
ERROR ((!)) IIS APPPOOL\hdtsdb.net ((!))  10/29/2019 15:51:31 ((!)) CounterPartyListService => searchCounterPartyList
System.InvalidCastException: Column contains NULL data
   at Oracle.ManagedDataAccess.Client.OracleDataReader.GetInt32(Int32 i)
   at lambda_method(Closure , DbDataReader )
   at Microsoft.EntityFrameworkCore.Storage.Internal.TypedRelationalValueBufferFactory.Create(DbDataReader dataReader)
   at Microsoft.EntityFrameworkCore.Query.Internal.QueryingEnumerable`1.Enumerator.BufferlessMoveNext(DbContext _, Boolean buffer)
   at Oracle.EntityFrameworkCore.Storage.Internal.OracleExecutionStrategy.Execute[TState,TResult](TState state, Func`3 operation, Func`3 verifySucceeded)
   at Microsoft.EntityFrameworkCore.Query.Internal.QueryingEnumerable`1.Enumerator.MoveNext()
   at Microsoft.EntityFrameworkCore.Query.Internal.LinqOperatorProvider.<_TrackEntities>d__17`2.MoveNext()
   at Microsoft.EntityFrameworkCore.Query.Internal.LinqOperatorProvider.ExceptionInterceptor`1.EnumeratorExceptionInterceptor.MoveNext()
   at System.Collections.Generic.List`1..ctor(IEnumerable`1 collection)
   at System.Linq.Enumerable.ToList[TSource](IEnumerable`1 source)
   at HDBH.Data.Infrastructure.BaseRepository`1.ExecWithStoreProcedure(String query, OracleParameter[] param) in D:\WorkSpace\HopDongBaoHiem\SourceCode\dotNET\HDBH_New\HDBH.Data\Infrastructure\BaseRepository.cs:line 136
   at HDBH.Services.CounterPartyListService.searchCounterPartyList(DateTime fromDate, DateTime toDate, Nullable`1 isInau, String counterPartyType, String cifCounterParty, String counterPartyName, String bancasRepresentative, String status, Int32 pageNumber, Int32 pageSize, Int32& totalNumber) in D:\WorkSpace\HopDongBaoHiem\SourceCode\dotNET\HDBH_New\HDBH.Services\Services\CounterParty\CounterPartyListService.cs:line 80
ERROR ((!)) IIS APPPOOL\hdtsdb.net ((!))  10/29/2019 15:52:05 ((!)) CounterPartyListService => searchCounterPartyList
System.InvalidCastException: Column contains NULL data
   at Oracle.ManagedDataAccess.Client.OracleDataReader.GetInt32(Int32 i)
   at lambda_method(Closure , DbDataReader )
   at Microsoft.EntityFrameworkCore.Storage.Internal.TypedRelationalValueBufferFactory.Create(DbDataReader dataReader)
   at Microsoft.EntityFrameworkCore.Query.Internal.QueryingEnumerable`1.Enumerator.BufferlessMoveNext(DbContext _, Boolean buffer)
   at Oracle.EntityFrameworkCore.Storage.Internal.OracleExecutionStrategy.Execute[TState,TResult](TState state, Func`3 operation, Func`3 verifySucceeded)
   at Microsoft.EntityFrameworkCore.Query.Internal.QueryingEnumerable`1.Enumerator.MoveNext()
   at Microsoft.EntityFrameworkCore.Query.Internal.LinqOperatorProvider.<_TrackEntities>d__17`2.MoveNext()
   at Microsoft.EntityFrameworkCore.Query.Internal.LinqOperatorProvider.ExceptionInterceptor`1.EnumeratorExceptionInterceptor.MoveNext()
   at System.Collections.Generic.List`1..ctor(IEnumerable`1 collection)
   at System.Linq.Enumerable.ToList[TSource](IEnumerable`1 source)
   at HDBH.Data.Infrastructure.BaseRepository`1.ExecWithStoreProcedure(String query, OracleParameter[] param) in D:\WorkSpace\HopDongBaoHiem\SourceCode\dotNET\HDBH_New\HDBH.Data\Infrastructure\BaseRepository.cs:line 136
   at HDBH.Services.CounterPartyListService.searchCounterPartyList(DateTime fromDate, DateTime toDate, Nullable`1 isInau, String counterPartyType, String cifCounterParty, String counterPartyName, String bancasRepresentative, String status, Int32 pageNumber, Int32 pageSize, Int32& totalNumber) in D:\WorkSpace\HopDongBaoHiem\SourceCode\dotNET\HDBH_New\HDBH.Services\Services\CounterParty\CounterPartyListService.cs:line 80
ERROR ((!)) IIS APPPOOL\hdtsdb.net ((!))  10/29/2019 15:52:38 ((!)) CounterPartyListService => searchCounterPartyList
System.InvalidCastException: Column contains NULL data
   at Oracle.ManagedDataAccess.Client.OracleDataReader.GetInt32(Int32 i)
   at lambda_method(Closure , DbDataReader )
   at Microsoft.EntityFrameworkCore.Storage.Internal.TypedRelationalValueBufferFactory.Create(DbDataReader dataReader)
   at Microsoft.EntityFrameworkCore.Query.Internal.QueryingEnumerable`1.Enumerator.BufferlessMoveNext(DbContext _, Boolean buffer)
   at Oracle.EntityFrameworkCore.Storage.Internal.OracleExecutionStrategy.Execute[TState,TResult](TState state, Func`3 operation, Func`3 verifySucceeded)
   at Microsoft.EntityFrameworkCore.Query.Internal.QueryingEnumerable`1.Enumerator.MoveNext()
   at Microsoft.EntityFrameworkCore.Query.Internal.LinqOperatorProvider.<_TrackEntities>d__17`2.MoveNext()
   at Microsoft.EntityFrameworkCore.Query.Internal.LinqOperatorProvider.ExceptionInterceptor`1.EnumeratorExceptionInterceptor.MoveNext()
   at System.Collections.Generic.List`1..ctor(IEnumerable`1 collection)
   at System.Linq.Enumerable.ToList[TSource](IEnumerable`1 source)
   at HDBH.Data.Infrastructure.BaseRepository`1.ExecWithStoreProcedure(String query, OracleParameter[] param) in D:\WorkSpace\HopDongBaoHiem\SourceCode\dotNET\HDBH_New\HDBH.Data\Infrastructure\BaseRepository.cs:line 136
   at HDBH.Services.CounterPartyListService.searchCounterPartyList(DateTime fromDate, DateTime toDate, Nullable`1 isInau, String counterPartyType, String cifCounterParty, String counterPartyName, String bancasRepresentative, String status, Int32 pageNumber, Int32 pageSize, Int32& totalNumber) in D:\WorkSpace\HopDongBaoHiem\SourceCode\dotNET\HDBH_New\HDBH.Services\Services\CounterParty\CounterPartyListService.cs:line 80
ERROR ((!)) IIS APPPOOL\hdtsdb.net ((!))  10/29/2019 16:47:34 ((!)) step1
ERROR ((!)) IIS APPPOOL\hdtsdb.net ((!))  10/29/2019 16:47:34 ((!)) isValid: True
ERROR ((!)) IIS APPPOOL\hdtsdb.net ((!))  10/29/2019 16:47:34 ((!)) isValid: True isExist: True ActiveDomain: ocb.vnContextType.Domain: Domain
ERROR ((!)) IIS APPPOOL\hdtsdb.net ((!))  10/29/2019 16:48:27 ((!)) ResultInsuranceContractDetailService => GetInsuranceContractDetail
Newtonsoft.Json.JsonSerializationException: Unexpected end when reading JSON. Path '', line 1, position 2.
   at Newtonsoft.Json.JsonReader.ReadAndAssert()
   at Newtonsoft.Json.Serialization.JsonSerializerInternalReader.CreateObject(JsonReader reader, Type objectType, JsonContract contract, JsonProperty member, JsonContainerContract containerContract, JsonProperty containerMember, Object existingValue)
   at Newtonsoft.Json.Serialization.JsonSerializerInternalReader.CreateValueInternal(JsonReader reader, Type objectType, JsonContract contract, JsonProperty member, JsonContainerContract containerContract, JsonProperty containerMember, Object existingValue)
   at Newtonsoft.Json.Serialization.JsonSerializerInternalReader.Deserialize(JsonReader reader, Type objectType, Boolean checkAdditionalContent)
   at Newtonsoft.Json.JsonSerializer.DeserializeInternal(JsonReader reader, Type objectType)
   at Newtonsoft.Json.JsonConvert.DeserializeObject(String value, Type type, JsonSerializerSettings settings)
   at Newtonsoft.Json.JsonConvert.DeserializeObject[T](String value, JsonSerializerSettings settings)
   at Newtonsoft.Json.JsonConvert.DeserializeObject[T](String value)
   at HDBH.Services.Services.InsuranceContract.ResultInsuranceContractDetailService.GetInsuranceContractDetail(String p_insuranceContractNo) in D:\WorkSpace\HopDongBaoHiem\SourceCode\dotNET\HDBH_New\HDBH.Services\Services\InsuranceContract\ResultInsuranceContractDetailService.cs:line 50
ERROR ((!)) IIS APPPOOL\hdtsdb.net ((!))  10/29/2019 16:48:27 ((!)) ResultInsuranceContractDetailService => GetInsuranceContractDetail
Newtonsoft.Json.JsonSerializationException: Unexpected end when reading JSON. Path '', line 1, position 2.
   at Newtonsoft.Json.JsonReader.ReadAndAssert()
   at Newtonsoft.Json.Serialization.JsonSerializerInternalReader.CreateObject(JsonReader reader, Type objectType, JsonContract contract, JsonProperty member, JsonContainerContract containerContract, JsonProperty containerMember, Object existingValue)
   at Newtonsoft.Json.Serialization.JsonSerializerInternalReader.CreateValueInternal(JsonReader reader, Type objectType, JsonContract contract, JsonProperty member, JsonContainerContract containerContract, JsonProperty containerMember, Object existingValue)
   at Newtonsoft.Json.Serialization.JsonSerializerInternalReader.Deserialize(JsonReader reader, Type objectType, Boolean checkAdditionalContent)
   at Newtonsoft.Json.JsonSerializer.DeserializeInternal(JsonReader reader, Type objectType)
   at Newtonsoft.Json.JsonConvert.DeserializeObject(String value, Type type, JsonSerializerSettings settings)
   at Newtonsoft.Json.JsonConvert.DeserializeObject[T](String value, JsonSerializerSettings settings)
   at Newtonsoft.Json.JsonConvert.DeserializeObject[T](String value)
   at HDBH.Services.Services.InsuranceContract.ResultInsuranceContractDetailService.GetInsuranceContractDetail(String p_insuranceContractNo) in D:\WorkSpace\HopDongBaoHiem\SourceCode\dotNET\HDBH_New\HDBH.Services\Services\InsuranceContract\ResultInsuranceContractDetailService.cs:line 50
ERROR ((!)) IIS APPPOOL\hdtsdb.net ((!))  10/29/2019 16:48:46 ((!)) ResultInsuranceContractDetailService => GetInsuranceContractDetail
Newtonsoft.Json.JsonSerializationException: Unexpected end when reading JSON. Path '', line 1, position 2.
   at Newtonsoft.Json.JsonReader.ReadAndAssert()
   at Newtonsoft.Json.Serialization.JsonSerializerInternalReader.CreateObject(JsonReader reader, Type objectType, JsonContract contract, JsonProperty member, JsonContainerContract containerContract, JsonProperty containerMember, Object existingValue)
   at Newtonsoft.Json.Serialization.JsonSerializerInternalReader.CreateValueInternal(JsonReader reader, Type objectType, JsonContract contract, JsonProperty member, JsonContainerContract containerContract, JsonProperty containerMember, Object existingValue)
   at Newtonsoft.Json.Serialization.JsonSerializerInternalReader.Deserialize(JsonReader reader, Type objectType, Boolean checkAdditionalContent)
   at Newtonsoft.Json.JsonSerializer.DeserializeInternal(JsonReader reader, Type objectType)
   at Newtonsoft.Json.JsonConvert.DeserializeObject(String value, Type type, JsonSerializerSettings settings)
   at Newtonsoft.Json.JsonConvert.DeserializeObject[T](String value, JsonSerializerSettings settings)
   at Newtonsoft.Json.JsonConvert.DeserializeObject[T](String value)
   at HDBH.Services.Services.InsuranceContract.ResultInsuranceContractDetailService.GetInsuranceContractDetail(String p_insuranceContractNo) in D:\WorkSpace\HopDongBaoHiem\SourceCode\dotNET\HDBH_New\HDBH.Services\Services\InsuranceContract\ResultInsuranceContractDetailService.cs:line 50
ERROR ((!)) IIS APPPOOL\hdtsdb.net ((!))  10/29/2019 16:49:53 ((!)) ResultInsuranceContractDetailService => GetInsuranceContractDetail
Newtonsoft.Json.JsonSerializationException: Unexpected end when reading JSON. Path '', line 1, position 2.
   at Newtonsoft.Json.JsonReader.ReadAndAssert()
   at Newtonsoft.Json.Serialization.JsonSerializerInternalReader.CreateObject(JsonReader reader, Type objectType, JsonContract contract, JsonProperty member, JsonContainerContract containerContract, JsonProperty containerMember, Object existingValue)
   at Newtonsoft.Json.Serialization.JsonSerializerInternalReader.CreateValueInternal(JsonReader reader, Type objectType, JsonContract contract, JsonProperty member, JsonContainerContract containerContract, JsonProperty containerMember, Object existingValue)
   at Newtonsoft.Json.Serialization.JsonSerializerInternalReader.Deserialize(JsonReader reader, Type objectType, Boolean checkAdditionalContent)
   at Newtonsoft.Json.JsonSerializer.DeserializeInternal(JsonReader reader, Type objectType)
   at Newtonsoft.Json.JsonConvert.DeserializeObject(String value, Type type, JsonSerializerSettings settings)
   at Newtonsoft.Json.JsonConvert.DeserializeObject[T](String value, JsonSerializerSettings settings)
   at Newtonsoft.Json.JsonConvert.DeserializeObject[T](String value)
   at HDBH.Services.Services.InsuranceContract.ResultInsuranceContractDetailService.GetInsuranceContractDetail(String p_insuranceContractNo) in D:\WorkSpace\HopDongBaoHiem\SourceCode\dotNET\HDBH_New\HDBH.Services\Services\InsuranceContract\ResultInsuranceContractDetailService.cs:line 45
ERROR ((!)) IIS APPPOOL\hdtsdb.net ((!))  10/29/2019 16:49:58 ((!)) ResultInsuranceContractDetailService => GetInsuranceContractDetail
Newtonsoft.Json.JsonSerializationException: Unexpected end when reading JSON. Path '', line 1, position 2.
   at Newtonsoft.Json.JsonReader.ReadAndAssert()
   at Newtonsoft.Json.Serialization.JsonSerializerInternalReader.CreateObject(JsonReader reader, Type objectType, JsonContract contract, JsonProperty member, JsonContainerContract containerContract, JsonProperty containerMember, Object existingValue)
   at Newtonsoft.Json.Serialization.JsonSerializerInternalReader.CreateValueInternal(JsonReader reader, Type objectType, JsonContract contract, JsonProperty member, JsonContainerContract containerContract, JsonProperty containerMember, Object existingValue)
   at Newtonsoft.Json.Serialization.JsonSerializerInternalReader.Deserialize(JsonReader reader, Type objectType, Boolean checkAdditionalContent)
   at Newtonsoft.Json.JsonSerializer.DeserializeInternal(JsonReader reader, Type objectType)
   at Newtonsoft.Json.JsonConvert.DeserializeObject(String value, Type type, JsonSerializerSettings settings)
   at Newtonsoft.Json.JsonConvert.DeserializeObject[T](String value, JsonSerializerSettings settings)
   at Newtonsoft.Json.JsonConvert.DeserializeObject[T](String value)
   at HDBH.Services.Services.InsuranceContract.ResultInsuranceContractDetailService.GetInsuranceContractDetail(String p_insuranceContractNo) in D:\WorkSpace\HopDongBaoHiem\SourceCode\dotNET\HDBH_New\HDBH.Services\Services\InsuranceContract\ResultInsuranceContractDetailService.cs:line 45
ERROR ((!)) IIS APPPOOL\hdtsdb.net ((!))  10/29/2019 16:50:03 ((!)) ResultInsuranceContractDetailService => GetInsuranceContractDetail
Newtonsoft.Json.JsonSerializationException: Unexpected end when reading JSON. Path '', line 1, position 2.
   at Newtonsoft.Json.JsonReader.ReadAndAssert()
   at Newtonsoft.Json.Serialization.JsonSerializerInternalReader.CreateObject(JsonReader reader, Type objectType, JsonContract contract, JsonProperty member, JsonContainerContract containerContract, JsonProperty containerMember, Object existingValue)
   at Newtonsoft.Json.Serialization.JsonSerializerInternalReader.CreateValueInternal(JsonReader reader, Type objectType, JsonContract contract, JsonProperty member, JsonContainerContract containerContract, JsonProperty containerMember, Object existingValue)
   at Newtonsoft.Json.Serialization.JsonSerializerInternalReader.Deserialize(JsonReader reader, Type objectType, Boolean checkAdditionalContent)
   at Newtonsoft.Json.JsonSerializer.DeserializeInternal(JsonReader reader, Type objectType)
   at Newtonsoft.Json.JsonConvert.DeserializeObject(String value, Type type, JsonSerializerSettings settings)
   at Newtonsoft.Json.JsonConvert.DeserializeObject[T](String value, JsonSerializerSettings settings)
   at Newtonsoft.Json.JsonConvert.DeserializeObject[T](String value)
   at HDBH.Services.Services.InsuranceContract.ResultInsuranceContractDetailService.GetInsuranceContractDetail(String p_insuranceContractNo) in D:\WorkSpace\HopDongBaoHiem\SourceCode\dotNET\HDBH_New\HDBH.Services\Services\InsuranceContract\ResultInsuranceContractDetailService.cs:line 50
ERROR ((!)) IIS APPPOOL\hdtsdb.net ((!))  10/29/2019 16:50:11 ((!)) ResultInsuranceContractDetailService => GetInsuranceContractDetail
Newtonsoft.Json.JsonSerializationException: Unexpected end when reading JSON. Path '', line 1, position 2.
   at Newtonsoft.Json.JsonReader.ReadAndAssert()
   at Newtonsoft.Json.Serialization.JsonSerializerInternalReader.CreateObject(JsonReader reader, Type objectType, JsonContract contract, JsonProperty member, JsonContainerContract containerContract, JsonProperty containerMember, Object existingValue)
   at Newtonsoft.Json.Serialization.JsonSerializerInternalReader.CreateValueInternal(JsonReader reader, Type objectType, JsonContract contract, JsonProperty member, JsonContainerContract containerContract, JsonProperty containerMember, Object existingValue)
   at Newtonsoft.Json.Serialization.JsonSerializerInternalReader.Deserialize(JsonReader reader, Type objectType, Boolean checkAdditionalContent)
   at Newtonsoft.Json.JsonSerializer.DeserializeInternal(JsonReader reader, Type objectType)
   at Newtonsoft.Json.JsonConvert.DeserializeObject(String value, Type type, JsonSerializerSettings settings)
   at Newtonsoft.Json.JsonConvert.DeserializeObject[T](String value, JsonSerializerSettings settings)
   at Newtonsoft.Json.JsonConvert.DeserializeObject[T](String value)
   at HDBH.Services.Services.InsuranceContract.ResultInsuranceContractDetailService.GetInsuranceContractDetail(String p_insuranceContractNo) in D:\WorkSpace\HopDongBaoHiem\SourceCode\dotNET\HDBH_New\HDBH.Services\Services\InsuranceContract\ResultInsuranceContractDetailService.cs:line 50
ERROR ((!)) IIS APPPOOL\hdtsdb.net ((!))  10/29/2019 16:52:40 ((!)) ResultInsuranceContractDetailService => GetInsuranceContractDetail
Newtonsoft.Json.JsonSerializationException: Unexpected end when reading JSON. Path '', line 1, position 2.
   at Newtonsoft.Json.JsonReader.ReadAndAssert()
   at Newtonsoft.Json.Serialization.JsonSerializerInternalReader.CreateObject(JsonReader reader, Type objectType, JsonContract contract, JsonProperty member, JsonContainerContract containerContract, JsonProperty containerMember, Object existingValue)
   at Newtonsoft.Json.Serialization.JsonSerializerInternalReader.CreateValueInternal(JsonReader reader, Type objectType, JsonContract contract, JsonProperty member, JsonContainerContract containerContract, JsonProperty containerMember, Object existingValue)
   at Newtonsoft.Json.Serialization.JsonSerializerInternalReader.Deserialize(JsonReader reader, Type objectType, Boolean checkAdditionalContent)
   at Newtonsoft.Json.JsonSerializer.DeserializeInternal(JsonReader reader, Type objectType)
   at Newtonsoft.Json.JsonConvert.DeserializeObject(String value, Type type, JsonSerializerSettings settings)
   at Newtonsoft.Json.JsonConvert.DeserializeObject[T](String value, JsonSerializerSettings settings)
   at Newtonsoft.Json.JsonConvert.DeserializeObject[T](String value)
   at HDBH.Services.Services.InsuranceContract.ResultInsuranceContractDetailService.GetInsuranceContractDetail(String p_insuranceContractNo) in D:\WorkSpace\HopDongBaoHiem\SourceCode\dotNET\HDBH_New\HDBH.Services\Services\InsuranceContract\ResultInsuranceContractDetailService.cs:line 50
ERROR ((!)) IIS APPPOOL\hdtsdb.net ((!))  10/29/2019 16:52:41 ((!)) ResultInsuranceContractDetailService => GetInsuranceContractDetail
Newtonsoft.Json.JsonSerializationException: Unexpected end when reading JSON. Path '', line 1, position 2.
   at Newtonsoft.Json.JsonReader.ReadAndAssert()
   at Newtonsoft.Json.Serialization.JsonSerializerInternalReader.CreateObject(JsonReader reader, Type objectType, JsonContract contract, JsonProperty member, JsonContainerContract containerContract, JsonProperty containerMember, Object existingValue)
   at Newtonsoft.Json.Serialization.JsonSerializerInternalReader.CreateValueInternal(JsonReader reader, Type objectType, JsonContract contract, JsonProperty member, JsonContainerContract containerContract, JsonProperty containerMember, Object existingValue)
   at Newtonsoft.Json.Serialization.JsonSerializerInternalReader.Deserialize(JsonReader reader, Type objectType, Boolean checkAdditionalContent)
   at Newtonsoft.Json.JsonSerializer.DeserializeInternal(JsonReader reader, Type objectType)
   at Newtonsoft.Json.JsonConvert.DeserializeObject(String value, Type type, JsonSerializerSettings settings)
   at Newtonsoft.Json.JsonConvert.DeserializeObject[T](String value, JsonSerializerSettings settings)
   at Newtonsoft.Json.JsonConvert.DeserializeObject[T](String value)
   at HDBH.Services.Services.InsuranceContract.ResultInsuranceContractDetailService.GetInsuranceContractDetail(String p_insuranceContractNo) in D:\WorkSpace\HopDongBaoHiem\SourceCode\dotNET\HDBH_New\HDBH.Services\Services\InsuranceContract\ResultInsuranceContractDetailService.cs:line 50
ERROR ((!)) IIS APPPOOL\hdtsdb.net ((!))  10/29/2019 17:02:55 ((!)) ResultInsuranceContractDetailService => GetInsuranceContractDetail
Newtonsoft.Json.JsonSerializationException: Unexpected end when reading JSON. Path '', line 1, position 2.
   at Newtonsoft.Json.JsonReader.ReadAndAssert()
   at Newtonsoft.Json.Serialization.JsonSerializerInternalReader.CreateObject(JsonReader reader, Type objectType, JsonContract contract, JsonProperty member, JsonContainerContract containerContract, JsonProperty containerMember, Object existingValue)
   at Newtonsoft.Json.Serialization.JsonSerializerInternalReader.CreateValueInternal(JsonReader reader, Type objectType, JsonContract contract, JsonProperty member, JsonContainerContract containerContract, JsonProperty containerMember, Object existingValue)
   at Newtonsoft.Json.Serialization.JsonSerializerInternalReader.Deserialize(JsonReader reader, Type objectType, Boolean checkAdditionalContent)
   at Newtonsoft.Json.JsonSerializer.DeserializeInternal(JsonReader reader, Type objectType)
   at Newtonsoft.Json.JsonConvert.DeserializeObject(String value, Type type, JsonSerializerSettings settings)
   at Newtonsoft.Json.JsonConvert.DeserializeObject[T](String value, JsonSerializerSettings settings)
   at Newtonsoft.Json.JsonConvert.DeserializeObject[T](String value)
   at HDBH.Services.Services.InsuranceContract.ResultInsuranceContractDetailService.GetInsuranceContractDetail(String p_insuranceContractNo) in D:\WorkSpace\HopDongBaoHiem\SourceCode\dotNET\HDBH_New\HDBH.Services\Services\InsuranceContract\ResultInsuranceContractDetailService.cs:line 50
ERROR ((!)) IIS APPPOOL\hdtsdb.net ((!))  10/29/2019 17:02:55 ((!)) ResultInsuranceContractDetailService => GetInsuranceContractDetail
Newtonsoft.Json.JsonSerializationException: Unexpected end when reading JSON. Path '', line 1, position 2.
   at Newtonsoft.Json.JsonReader.ReadAndAssert()
   at Newtonsoft.Json.Serialization.JsonSerializerInternalReader.CreateObject(JsonReader reader, Type objectType, JsonContract contract, JsonProperty member, JsonContainerContract containerContract, JsonProperty containerMember, Object existingValue)
   at Newtonsoft.Json.Serialization.JsonSerializerInternalReader.CreateValueInternal(JsonReader reader, Type objectType, JsonContract contract, JsonProperty member, JsonContainerContract containerContract, JsonProperty containerMember, Object existingValue)
   at Newtonsoft.Json.Serialization.JsonSerializerInternalReader.Deserialize(JsonReader reader, Type objectType, Boolean checkAdditionalContent)
   at Newtonsoft.Json.JsonSerializer.DeserializeInternal(JsonReader reader, Type objectType)
   at Newtonsoft.Json.JsonConvert.DeserializeObject(String value, Type type, JsonSerializerSettings settings)
   at Newtonsoft.Json.JsonConvert.DeserializeObject[T](String value, JsonSerializerSettings settings)
   at Newtonsoft.Json.JsonConvert.DeserializeObject[T](String value)
   at HDBH.Services.Services.InsuranceContract.ResultInsuranceContractDetailService.GetInsuranceContractDetail(String p_insuranceContractNo) in D:\WorkSpace\HopDongBaoHiem\SourceCode\dotNET\HDBH_New\HDBH.Services\Services\InsuranceContract\ResultInsuranceContractDetailService.cs:line 50
ERROR ((!)) IIS APPPOOL\hdtsdb.net ((!))  10/29/2019 17:04:32 ((!)) ResultInsuranceContractDetailService => GetInsuranceContractDetail
Newtonsoft.Json.JsonSerializationException: Unexpected end when reading JSON. Path '', line 1, position 2.
   at Newtonsoft.Json.JsonReader.ReadAndAssert()
   at Newtonsoft.Json.Serialization.JsonSerializerInternalReader.CreateObject(JsonReader reader, Type objectType, JsonContract contract, JsonProperty member, JsonContainerContract containerContract, JsonProperty containerMember, Object existingValue)
   at Newtonsoft.Json.Serialization.JsonSerializerInternalReader.CreateValueInternal(JsonReader reader, Type objectType, JsonContract contract, JsonProperty member, JsonContainerContract containerContract, JsonProperty containerMember, Object existingValue)
   at Newtonsoft.Json.Serialization.JsonSerializerInternalReader.Deserialize(JsonReader reader, Type objectType, Boolean checkAdditionalContent)
   at Newtonsoft.Json.JsonSerializer.DeserializeInternal(JsonReader reader, Type objectType)
   at Newtonsoft.Json.JsonConvert.DeserializeObject(String value, Type type, JsonSerializerSettings settings)
   at Newtonsoft.Json.JsonConvert.DeserializeObject[T](String value, JsonSerializerSettings settings)
   at Newtonsoft.Json.JsonConvert.DeserializeObject[T](String value)
   at HDBH.Services.Services.InsuranceContract.ResultInsuranceContractDetailService.GetInsuranceContractDetail(String p_insuranceContractNo) in D:\WorkSpace\HopDongBaoHiem\SourceCode\dotNET\HDBH_New\HDBH.Services\Services\InsuranceContract\ResultInsuranceContractDetailService.cs:line 50
ERROR ((!)) IIS APPPOOL\hdtsdb.net ((!))  10/29/2019 17:04:32 ((!)) ResultInsuranceContractDetailService => GetInsuranceContractDetail
Newtonsoft.Json.JsonSerializationException: Unexpected end when reading JSON. Path '', line 1, position 2.
   at Newtonsoft.Json.JsonReader.ReadAndAssert()
   at Newtonsoft.Json.Serialization.JsonSerializerInternalReader.CreateObject(JsonReader reader, Type objectType, JsonContract contract, JsonProperty member, JsonContainerContract containerContract, JsonProperty containerMember, Object existingValue)
   at Newtonsoft.Json.Serialization.JsonSerializerInternalReader.CreateValueInternal(JsonReader reader, Type objectType, JsonContract contract, JsonProperty member, JsonContainerContract containerContract, JsonProperty containerMember, Object existingValue)
   at Newtonsoft.Json.Serialization.JsonSerializerInternalReader.Deserialize(JsonReader reader, Type objectType, Boolean checkAdditionalContent)
   at Newtonsoft.Json.JsonSerializer.DeserializeInternal(JsonReader reader, Type objectType)
   at Newtonsoft.Json.JsonConvert.DeserializeObject(String value, Type type, JsonSerializerSettings settings)
   at Newtonsoft.Json.JsonConvert.DeserializeObject[T](String value, JsonSerializerSettings settings)
   at Newtonsoft.Json.JsonConvert.DeserializeObject[T](String value)
   at HDBH.Services.Services.InsuranceContract.ResultInsuranceContractDetailService.GetInsuranceContractDetail(String p_insuranceContractNo) in D:\WorkSpace\HopDongBaoHiem\SourceCode\dotNET\HDBH_New\HDBH.Services\Services\InsuranceContract\ResultInsuranceContractDetailService.cs:line 50
ERROR ((!)) IIS APPPOOL\hdtsdb.net ((!))  10/29/2019 17:12:16 ((!)) CounterPartyListService => searchCounterPartyList
System.InvalidCastException: Column contains NULL data
   at Oracle.ManagedDataAccess.Client.OracleDataReader.GetInt32(Int32 i)
   at lambda_method(Closure , DbDataReader )
   at Microsoft.EntityFrameworkCore.Storage.Internal.TypedRelationalValueBufferFactory.Create(DbDataReader dataReader)
   at Microsoft.EntityFrameworkCore.Query.Internal.QueryingEnumerable`1.Enumerator.BufferlessMoveNext(DbContext _, Boolean buffer)
   at Oracle.EntityFrameworkCore.Storage.Internal.OracleExecutionStrategy.Execute[TState,TResult](TState state, Func`3 operation, Func`3 verifySucceeded)
   at Microsoft.EntityFrameworkCore.Query.Internal.QueryingEnumerable`1.Enumerator.MoveNext()
   at Microsoft.EntityFrameworkCore.Query.Internal.LinqOperatorProvider.<_TrackEntities>d__17`2.MoveNext()
   at Microsoft.EntityFrameworkCore.Query.Internal.LinqOperatorProvider.ExceptionInterceptor`1.EnumeratorExceptionInterceptor.MoveNext()
   at System.Collections.Generic.List`1..ctor(IEnumerable`1 collection)
   at System.Linq.Enumerable.ToList[TSource](IEnumerable`1 source)
   at HDBH.Data.Infrastructure.BaseRepository`1.ExecWithStoreProcedure(String query, OracleParameter[] param) in D:\WorkSpace\HopDongBaoHiem\SourceCode\dotNET\HDBH_New\HDBH.Data\Infrastructure\BaseRepository.cs:line 136
   at HDBH.Services.CounterPartyListService.searchCounterPartyList(DateTime fromDate, DateTime toDate, Nullable`1 isInau, String counterPartyType, String cifCounterParty, String counterPartyName, String bancasRepresentative, String status, Int32 pageNumber, Int32 pageSize, Int32& totalNumber) in D:\WorkSpace\HopDongBaoHiem\SourceCode\dotNET\HDBH_New\HDBH.Services\Services\CounterParty\CounterPartyListService.cs:line 80
ERROR ((!)) IIS APPPOOL\hdtsdb.net ((!))  10/29/2019 17:18:49 ((!)) step1
ERROR ((!)) IIS APPPOOL\hdtsdb.net ((!))  10/29/2019 17:18:49 ((!)) isValid: True
ERROR ((!)) IIS APPPOOL\hdtsdb.net ((!))  10/29/2019 17:18:49 ((!)) isValid: True isExist: True ActiveDomain: ocb.vnContextType.Domain: Domain
ERROR ((!)) IIS APPPOOL\hdtsdb.net ((!))  10/29/2019 17:26:22 ((!)) step1
ERROR ((!)) IIS APPPOOL\hdtsdb.net ((!))  10/29/2019 17:26:22 ((!)) isValid: True
ERROR ((!)) IIS APPPOOL\hdtsdb.net ((!))  10/29/2019 17:26:22 ((!)) isValid: True isExist: True ActiveDomain: ocb.vnContextType.Domain: Domain
